

Microchip Technology PIC LITE Macro Assembler V1.33 build 59893 
                                                                                               Mon Jan 18 07:00:47 2021

Microchip Technology Omniscient Code Generator (Lite mode) build 59893
     1                           	processor	16F876A
     2                           	opt	pw 120
     3                           	opt	lm
     4                           	psect	text0,local,class=CODE,merge=1,delta=2
     5                           	psect	cinit,global,class=CODE,merge=1,delta=2
     6                           	psect	bssCOMMON,global,class=COMMON,space=1,delta=1
     7                           	psect	cstackCOMMON,global,class=COMMON,space=1,delta=1
     8                           	psect	maintext,global,class=CODE,split=1,delta=2
     9                           	psect	text1,local,class=CODE,merge=1,delta=2
    10                           	psect	intentry,global,class=CODE,delta=2
    11                           	dabs	1,0x7E,2
    12  0000                     	;# 
    13  0001                     	;# 
    14  0002                     	;# 
    15  0003                     	;# 
    16  0004                     	;# 
    17  0005                     	;# 
    18  0006                     	;# 
    19  0007                     	;# 
    20  000A                     	;# 
    21  000B                     	;# 
    22  000C                     	;# 
    23  000D                     	;# 
    24  000E                     	;# 
    25  000E                     	;# 
    26  000F                     	;# 
    27  0010                     	;# 
    28  0011                     	;# 
    29  0012                     	;# 
    30  0013                     	;# 
    31  0014                     	;# 
    32  0015                     	;# 
    33  0015                     	;# 
    34  0016                     	;# 
    35  0017                     	;# 
    36  0018                     	;# 
    37  0019                     	;# 
    38  001A                     	;# 
    39  001B                     	;# 
    40  001B                     	;# 
    41  001C                     	;# 
    42  001D                     	;# 
    43  001E                     	;# 
    44  001F                     	;# 
    45  0081                     	;# 
    46  0085                     	;# 
    47  0086                     	;# 
    48  0087                     	;# 
    49  008C                     	;# 
    50  008D                     	;# 
    51  008E                     	;# 
    52  0091                     	;# 
    53  0092                     	;# 
    54  0093                     	;# 
    55  0094                     	;# 
    56  0098                     	;# 
    57  0099                     	;# 
    58  009C                     	;# 
    59  009D                     	;# 
    60  009E                     	;# 
    61  009F                     	;# 
    62  010C                     	;# 
    63  010D                     	;# 
    64  010E                     	;# 
    65  010F                     	;# 
    66  018C                     	;# 
    67  018D                     	;# 
    68  000E                     _TMR1	set	14
    69  0006                     _PORTB	set	6
    70  0007                     _PORTC	set	7
    71  0010                     _T1CON	set	16
    72  0012                     _T2CON	set	18
    73  0011                     _TMR2	set	17
    74  005F                     _GIE	set	95
    75  005E                     _PEIE	set	94
    76  0060                     _TMR1IF	set	96
    77  0061                     _TMR2IF	set	97
    78  0086                     _TRISB	set	134
    79  0087                     _TRISC	set	135
    80  0460                     _TMR1IE	set	1120
    81  0461                     _TMR2IE	set	1121
    82                           
    83                           	psect	text0
    84  0000                     __ptext0:	
    85                           ; #config settings
    86                           
    87                           
    88                           ;psect for function _ISR
    89  0000                     
    90                           	psect	cinit
    91  0015                     start_initialization:	
    92  0015                     __initialization:	
    93                           
    94                           ; Clear objects allocated to COMMON
    95  0015  01F5               	clrf	__pbssCOMMON& (0+127)
    96  0016  01F6               	clrf	(__pbssCOMMON+1)& (0+127)
    97  0017  01F7               	clrf	(__pbssCOMMON+2)& (0+127)
    98  0018  01F8               	clrf	(__pbssCOMMON+3)& (0+127)
    99  0019                     end_of_initialization:	
   100                           ;End of C runtime variable initialization code
   101                           
   102  0019                     __end_of__initialization:	
   103  0019  0183               	clrf	3
   104  001A  120A  118A  281D   	ljmp	_main	;jump to C main() function
   105                           
   106                           	psect	bssCOMMON
   107  0075                     __pbssCOMMON:	
   108  0075                     _count1:	
   109  0075                     	ds	2
   110  0077                     _count2:	
   111  0077                     	ds	2
   112                           
   113                           	psect	cstackCOMMON
   114  0070                     __pcstackCOMMON:	
   115  0070                     ?_main:	
   116  0070                     ?_ISR:	
   117                           ; 0 bytes @ 0x0
   118                           
   119  0070                     ??_ISR:	
   120                           ; 0 bytes @ 0x0
   121                           
   122                           
   123                           ; 0 bytes @ 0x0
   124  0070                     	ds	4
   125  0074                     ??_main:	
   126                           
   127                           ; 0 bytes @ 0x4
   128  0074                     	ds	1
   129                           
   130                           	psect	maintext
   131  001D                     __pmaintext:	
   132 ;;
   133 ;;Main: autosize = 0, tempsize = 1, incstack = 0, save=0
   134 ;;
   135 ;; *************** function _main *****************
   136 ;; Defined at:
   137 ;;		line 19 in file "inter4.c"
   138 ;; Parameters:    Size  Location     Type
   139 ;;		None
   140 ;; Auto vars:     Size  Location     Type
   141 ;;		None
   142 ;; Return value:  Size  Location     Type
   143 ;;		None               void
   144 ;; Registers used:
   145 ;;		wreg, status,2, status,0
   146 ;; Tracked objects:
   147 ;;		On entry : 17F/0
   148 ;;		On exit  : 0/0
   149 ;;		Unchanged: 0/0
   150 ;; Data sizes:     COMMON   BANK0   BANK1   BANK3   BANK2
   151 ;;      Params:         0       0       0       0       0
   152 ;;      Locals:         0       0       0       0       0
   153 ;;      Temps:          1       0       0       0       0
   154 ;;      Totals:         1       0       0       0       0
   155 ;;Total ram usage:        1 bytes
   156 ;; Hardware stack levels required when called:    1
   157 ;; This function calls:
   158 ;;		Nothing
   159 ;; This function is called by:
   160 ;;		Startup code after reset
   161 ;; This function uses a non-reentrant model
   162 ;;
   163                           
   164                           
   165                           ;psect for function _main
   166  001D                     _main:	
   167                           
   168                           ;inter4.c: 22: TRISB=0x00;
   169                           
   170                           ;incstack = 0
   171                           ; Regs used in _main: [wreg+status,2+status,0]
   172  001D  1683               	bsf	3,5	;RP0=1, select bank1
   173  001E  1303               	bcf	3,6	;RP1=0, select bank1
   174  001F  0186               	clrf	6	;volatile
   175                           
   176                           ;inter4.c: 23: PORTB=0x00;
   177  0020  1283               	bcf	3,5	;RP0=0, select bank0
   178  0021  1303               	bcf	3,6	;RP1=0, select bank0
   179  0022  0186               	clrf	6	;volatile
   180                           
   181                           ;inter4.c: 24: TRISC=0x00;
   182  0023  1683               	bsf	3,5	;RP0=1, select bank1
   183  0024  1303               	bcf	3,6	;RP1=0, select bank1
   184  0025  0187               	clrf	7	;volatile
   185                           
   186                           ;inter4.c: 25: PORTC=0xFF;
   187  0026  30FF               	movlw	255
   188  0027  1283               	bcf	3,5	;RP0=0, select bank0
   189  0028  1303               	bcf	3,6	;RP1=0, select bank0
   190  0029  0087               	movwf	7	;volatile
   191                           
   192                           ;inter4.c: 26: GIE=1;
   193  002A  178B               	bsf	11,7	;volatile
   194                           
   195                           ;inter4.c: 27: TMR1IE=1;
   196  002B  1683               	bsf	3,5	;RP0=1, select bank1
   197  002C  1303               	bcf	3,6	;RP1=0, select bank1
   198  002D  140C               	bsf	12,0	;volatile
   199                           
   200                           ;inter4.c: 28: TMR2IE=1;
   201  002E  148C               	bsf	12,1	;volatile
   202                           
   203                           ;inter4.c: 29: T1CON=0x21;
   204  002F  3021               	movlw	33
   205  0030  1283               	bcf	3,5	;RP0=0, select bank0
   206  0031  1303               	bcf	3,6	;RP1=0, select bank0
   207  0032  0090               	movwf	16	;volatile
   208                           
   209                           ;inter4.c: 30: T2CON=0x05;
   210  0033  3005               	movlw	5
   211  0034  0092               	movwf	18	;volatile
   212                           
   213                           ;inter4.c: 31: PEIE=1;
   214  0035  170B               	bsf	11,6	;volatile
   215                           
   216                           ;inter4.c: 32: TMR2=5;
   217  0036  3005               	movlw	5
   218  0037  0091               	movwf	17	;volatile
   219                           
   220                           ;inter4.c: 33: TMR1=65286;
   221  0038  30FF               	movlw	255
   222  0039  008F               	movwf	15	;volatile
   223  003A  3006               	movlw	6
   224  003B  008E               	movwf	14	;volatile
   225  003C                     l522:	
   226                           ;inter4.c: 34: while(1)
   227                           
   228                           
   229                           ;inter4.c: 35: {
   230                           ;inter4.c: 36: if(count1==1000)
   231  003C  3003               	movlw	3
   232  003D  0676               	xorwf	_count1+1,w
   233  003E  1D03               	skipz
   234  003F  2842               	goto	u15
   235  0040  30E8               	movlw	232
   236  0041  0675               	xorwf	_count1,w
   237  0042                     u15:	
   238  0042  1D03               	skipz
   239  0043  284C               	goto	l528
   240                           
   241                           ;inter4.c: 37: {
   242                           ;inter4.c: 38: PORTB^=0xFF;
   243  0044  30FF               	movlw	255
   244  0045  00F4               	movwf	??_main
   245  0046  0874               	movf	??_main,w
   246  0047  1283               	bcf	3,5	;RP0=0, select bank0
   247  0048  1303               	bcf	3,6	;RP1=0, select bank0
   248  0049  0686               	xorwf	6,f	;volatile
   249                           
   250                           ;inter4.c: 39: count1=0;
   251  004A  01F5               	clrf	_count1
   252  004B  01F6               	clrf	_count1+1
   253  004C                     l528:	
   254                           
   255                           ;inter4.c: 40: }
   256                           ;inter4.c: 42: if(count2==1000)
   257  004C  3003               	movlw	3
   258  004D  0678               	xorwf	_count2+1,w
   259  004E  1D03               	skipz
   260  004F  2852               	goto	u25
   261  0050  30E8               	movlw	232
   262  0051  0677               	xorwf	_count2,w
   263  0052                     u25:	
   264  0052  1D03               	skipz
   265  0053  283C               	goto	l522
   266                           
   267                           ;inter4.c: 43: {
   268                           ;inter4.c: 44: PORTC^=0xFF;
   269  0054  30FF               	movlw	255
   270  0055  00F4               	movwf	??_main
   271  0056  0874               	movf	??_main,w
   272  0057  1283               	bcf	3,5	;RP0=0, select bank0
   273  0058  1303               	bcf	3,6	;RP1=0, select bank0
   274  0059  0687               	xorwf	7,f	;volatile
   275                           
   276                           ;inter4.c: 45: count2=0;
   277  005A  01F7               	clrf	_count2
   278  005B  01F8               	clrf	_count2+1
   279  005C  283C               	goto	l522
   280  005D                     __end_of_main:	
   281                           
   282                           	psect	text1
   283  005D                     __ptext1:	
   284 ;; *************** function _ISR *****************
   285 ;; Defined at:
   286 ;;		line 50 in file "inter4.c"
   287 ;; Parameters:    Size  Location     Type
   288 ;;		None
   289 ;; Auto vars:     Size  Location     Type
   290 ;;		None
   291 ;; Return value:  Size  Location     Type
   292 ;;		None               void
   293 ;; Registers used:
   294 ;;		wreg
   295 ;; Tracked objects:
   296 ;;		On entry : 0/0
   297 ;;		On exit  : 0/0
   298 ;;		Unchanged: 0/0
   299 ;; Data sizes:     COMMON   BANK0   BANK1   BANK3   BANK2
   300 ;;      Params:         0       0       0       0       0
   301 ;;      Locals:         0       0       0       0       0
   302 ;;      Temps:          4       0       0       0       0
   303 ;;      Totals:         4       0       0       0       0
   304 ;;Total ram usage:        4 bytes
   305 ;; Hardware stack levels used:    1
   306 ;; This function calls:
   307 ;;		Nothing
   308 ;; This function is called by:
   309 ;;		Interrupt level 1
   310 ;; This function uses a non-reentrant model
   311 ;;
   312                           
   313                           
   314                           ;psect for function _ISR
   315  005D                     _ISR:	
   316                           
   317                           ;inter4.c: 52: GIE=0;
   318  005D  138B               	bcf	11,7	;volatile
   319                           
   320                           ;inter4.c: 53: if(TMR1IF==1)
   321  005E  1C0C               	btfss	12,0	;volatile
   322  005F  286B               	goto	i1l542
   323                           
   324                           ;inter4.c: 54: {
   325                           ;inter4.c: 57: count1++;
   326  0060  3001               	movlw	1
   327  0061  07F5               	addwf	_count1,f
   328  0062  1803               	skipnc
   329  0063  0AF6               	incf	_count1+1,f
   330  0064  3000               	movlw	0
   331  0065  07F6               	addwf	_count1+1,f
   332                           
   333                           ;inter4.c: 58: TMR1=65286;
   334  0066  30FF               	movlw	255
   335  0067  008F               	movwf	15	;volatile
   336  0068  3006               	movlw	6
   337  0069  008E               	movwf	14	;volatile
   338                           
   339                           ;inter4.c: 59: TMR1IF=0;
   340  006A  100C               	bcf	12,0	;volatile
   341  006B                     i1l542:	
   342                           
   343                           ;inter4.c: 62: }
   344                           ;inter4.c: 63: if(TMR2IF==1)
   345  006B  1C8C               	btfss	12,1	;volatile
   346  006C  2876               	goto	i1l548
   347                           
   348                           ;inter4.c: 64: {
   349                           ;inter4.c: 66: count2++;
   350  006D  3001               	movlw	1
   351  006E  07F7               	addwf	_count2,f
   352  006F  1803               	skipnc
   353  0070  0AF8               	incf	_count2+1,f
   354  0071  3000               	movlw	0
   355  0072  07F8               	addwf	_count2+1,f
   356                           
   357                           ;inter4.c: 67: TMR2=5;
   358  0073  3005               	movlw	5
   359  0074  0091               	movwf	17	;volatile
   360                           
   361                           ;inter4.c: 68: TMR2IF=0;
   362  0075  108C               	bcf	12,1	;volatile
   363  0076                     i1l548:	
   364                           
   365                           ;inter4.c: 70: }
   366                           ;inter4.c: 71: GIE=1;
   367  0076  178B               	bsf	11,7	;volatile
   368  0077  0873               	movf	??_ISR+3,w
   369  0078  00FF               	movwf	127
   370  0079  0872               	movf	??_ISR+2,w
   371  007A  008A               	movwf	10
   372  007B  0871               	movf	??_ISR+1,w
   373  007C  0084               	movwf	4
   374  007D  0E70               	swapf	??_ISR^(0+-128),w
   375  007E  0083               	movwf	3
   376  007F  0EFE               	swapf	126,f
   377  0080  0E7E               	swapf	126,w
   378  0081  0009               	retfie
   379  0082                     __end_of_ISR:	
   380  007E                     btemp	set	126	;btemp
   381  007E                     wtemp	set	126
   382  007E                     wtemp0	set	126
   383  0080                     wtemp1	set	128
   384  0082                     wtemp2	set	130
   385  0084                     wtemp3	set	132
   386  0086                     wtemp4	set	134
   387  0088                     wtemp5	set	136
   388  007F                     wtemp6	set	127
   389  007E                     ttemp	set	126
   390  007E                     ttemp0	set	126
   391  0081                     ttemp1	set	129
   392  0084                     ttemp2	set	132
   393  0087                     ttemp3	set	135
   394  007F                     ttemp4	set	127
   395  007E                     ltemp	set	126
   396  007E                     ltemp0	set	126
   397  0082                     ltemp1	set	130
   398  0086                     ltemp2	set	134
   399  0080                     ltemp3	set	128
   400                           
   401                           	psect	intentry
   402  0004                     __pintentry:	
   403                           ;incstack = 0
   404                           ; Regs used in _ISR: [wreg]
   405                           
   406  0004                     interrupt_function:	
   407  007E                     saved_w	set	btemp
   408  0004  00FE               	movwf	btemp
   409  0005  0E03               	swapf	3,w
   410  0006  00F0               	movwf	??_ISR
   411  0007  0804               	movf	4,w
   412  0008  00F1               	movwf	??_ISR+1
   413  0009  080A               	movf	10,w
   414  000A  00F2               	movwf	??_ISR+2
   415  000B  1283               	bcf	3,5	;RP0=0, select bank0
   416  000C  1303               	bcf	3,6	;RP1=0, select bank0
   417  000D  087F               	movf	btemp+1,w
   418  000E  00F3               	movwf	??_ISR+3
   419  000F  120A  118A  285D   	ljmp	_ISR


Data Sizes:
    Strings     0
    Constant    0
    Data        0
    BSS         4
    Persistent  0
    Stack       0

Auto Spaces:
    Space          Size  Autos    Used
    COMMON           14      5       9
    BANK0            80      0       0
    BANK1            80      0       0
    BANK3            96      0       0
    BANK2            96      0       0

Pointer List with Targets:

    None.

Critical Paths under _main in COMMON

    None.

Critical Paths under _ISR in COMMON

    None.

Critical Paths under _main in BANK0

    None.

Critical Paths under _ISR in BANK0

    None.

Critical Paths under _main in BANK1

    None.

Critical Paths under _ISR in BANK1

    None.

Critical Paths under _main in BANK3

    None.

Critical Paths under _ISR in BANK3

    None.

Critical Paths under _main in BANK2

    None.

Critical Paths under _ISR in BANK2

    None.

Call Graph Tables:

 ---------------------------------------------------------------------------------
 (Depth) Function   	        Calls       Base Space   Used Autos Params    Refs
 ---------------------------------------------------------------------------------
 (0) _main                                                 1     1      0       0
                                              4 COMMON     1     1      0
 ---------------------------------------------------------------------------------
 Estimated maximum stack depth 0
 ---------------------------------------------------------------------------------
 (Depth) Function   	        Calls       Base Space   Used Autos Params    Refs
 ---------------------------------------------------------------------------------
 (1) _ISR                                                  4     4      0       0
                                              0 COMMON     4     4      0
 ---------------------------------------------------------------------------------
 Estimated maximum stack depth 1
 ---------------------------------------------------------------------------------

 Call Graph Graphs:

 _main (ROOT)

 _ISR (ROOT)

 Address spaces:
Name               Size   Autos  Total    Cost      Usage
BITCOMMON            E      0       0       0        0.0%
EEDATA             100      0       0       0        0.0%
NULL                 0      0       0       0        0.0%
CODE                 0      0       0       0        0.0%
COMMON               E      5       9       1       64.3%
BITSFR0              0      0       0       1        0.0%
SFR0                 0      0       0       1        0.0%
BITSFR1              0      0       0       2        0.0%
SFR1                 0      0       0       2        0.0%
STACK                0      0       0       2        0.0%
ABS                  0      0       9       3        0.0%
BITBANK0            50      0       0       4        0.0%
BITSFR3              0      0       0       4        0.0%
SFR3                 0      0       0       4        0.0%
BANK0               50      0       0       5        0.0%
BITSFR2              0      0       0       5        0.0%
SFR2                 0      0       0       5        0.0%
BITBANK1            50      0       0       6        0.0%
BANK1               50      0       0       7        0.0%
BITBANK3            60      0       0       8        0.0%
BANK3               60      0       0       9        0.0%
BITBANK2            60      0       0      10        0.0%
BANK2               60      0       0      11        0.0%
DATA                 0      0       9      12        0.0%


Microchip Technology PIC Macro Assembler V1.33 build 59893 
Symbol Table                                                                                   Mon Jan 18 07:00:47 2021

            __CFG_CP$OFF 0000                       u15 0042                       u25 0052  
                    l522 003C                      l528 004C                      _GIE 005F  
           __CFG_CPD$OFF 0000                      _ISR 005D                      fsr0 0004  
           __CFG_FOSC$XT 0000             __CFG_LVP$OFF 0000                     ?_ISR 0070  
                   _PEIE 005E                     _TMR1 000E                     _TMR2 0011  
           __CFG_WRT$OFF 0000                     _main 001D                     btemp 007E  
                   ltemp 007E                     start 0012                     ttemp 007E  
                   wtemp 007E                    ??_ISR 0070                    ?_main 0070  
          __CFG_WDTE$OFF 0000                    _T1CON 0010                    _T2CON 0012  
                  i1l542 006B                    i1l548 0076                    _PORTB 0006  
                  _PORTC 0007                    _TRISB 0086                    _TRISC 0087  
         __CFG_BOREN$OFF 0000                    pclath 000A                    ltemp0 007E  
                  ltemp1 0082                    ltemp2 0086                    ltemp3 0080  
                  ttemp0 007E                    ttemp1 0081                    ttemp2 0084  
                  ttemp3 0087                    ttemp4 007F                    status 0003  
                  wtemp0 007E                    wtemp1 0080                    wtemp2 0082  
                  wtemp3 0084                    wtemp4 0086                    wtemp5 0088  
                  wtemp6 007F          __initialization 0015             __end_of_main 005D  
                 ??_main 0074                   _TMR1IE 0460                   _TMR1IF 0060  
                 _TMR2IE 0461                   _TMR2IF 0061           __CFG_PWRTE$OFF 0000  
                 _count1 0075                   _count2 0077                   saved_w 007E  
__end_of__initialization 0019           __pcstackCOMMON 0070               __pmaintext 001D  
             __pintentry 0004                  __ptext0 0000                  __ptext1 005D  
           __size_of_ISR 0025     end_of_initialization 0019      start_initialization 0015  
            __end_of_ISR 0082              __pbssCOMMON 0075                ___latbits 0002  
      interrupt_function 0004            __size_of_main 0040                 intlevel1 0000  
