

Microchip Technology PIC LITE Macro Assembler V1.33 build 59893 
                                                                                               Mon Jan 11 05:29:29 2021

Microchip Technology Omniscient Code Generator (Lite mode) build 59893
     1                           	processor	16F876A
     2                           	opt	pw 120
     3                           	opt	lm
     4                           	psect	maintext,global,class=CODE,split=1,delta=2
     5                           	psect	cinit,global,class=CODE,merge=1,delta=2
     6                           	psect	cstackCOMMON,global,class=COMMON,space=1,delta=1
     7                           	dabs	1,0x7E,2
     8  0000                     	;# 
     9  0001                     	;# 
    10  0002                     	;# 
    11  0003                     	;# 
    12  0004                     	;# 
    13  0005                     	;# 
    14  0006                     	;# 
    15  0007                     	;# 
    16  000A                     	;# 
    17  000B                     	;# 
    18  000C                     	;# 
    19  000D                     	;# 
    20  000E                     	;# 
    21  000E                     	;# 
    22  000F                     	;# 
    23  0010                     	;# 
    24  0011                     	;# 
    25  0012                     	;# 
    26  0013                     	;# 
    27  0014                     	;# 
    28  0015                     	;# 
    29  0015                     	;# 
    30  0016                     	;# 
    31  0017                     	;# 
    32  0018                     	;# 
    33  0019                     	;# 
    34  001A                     	;# 
    35  001B                     	;# 
    36  001B                     	;# 
    37  001C                     	;# 
    38  001D                     	;# 
    39  001E                     	;# 
    40  001F                     	;# 
    41  0081                     	;# 
    42  0085                     	;# 
    43  0086                     	;# 
    44  0087                     	;# 
    45  008C                     	;# 
    46  008D                     	;# 
    47  008E                     	;# 
    48  0091                     	;# 
    49  0092                     	;# 
    50  0093                     	;# 
    51  0094                     	;# 
    52  0098                     	;# 
    53  0099                     	;# 
    54  009C                     	;# 
    55  009D                     	;# 
    56  009E                     	;# 
    57  009F                     	;# 
    58  010C                     	;# 
    59  010D                     	;# 
    60  010E                     	;# 
    61  010F                     	;# 
    62  018C                     	;# 
    63  018D                     	;# 
    64  0017                     _CCP1CON	set	23
    65  0015                     _CCPR1L	set	21
    66  0012                     _T2CON	set	18
    67  0092                     _PR2	set	146
    68  043A                     _TRISC2	set	1082
    69                           
    70                           	psect	maintext
    71  07AA                     __pmaintext:	
    72                           ; #config settings
    73                           
    74                           
    75                           ;psect for function _main
    76  0000                     
    77 ;;
    78 ;;Main: autosize = 0, tempsize = 2, incstack = 0, save=0
    79 ;;
    80 ;; *************** function _main *****************
    81 ;; Defined at:
    82 ;;		line 16 in file "pwm1.c"
    83 ;; Parameters:    Size  Location     Type
    84 ;;		None
    85 ;; Auto vars:     Size  Location     Type
    86 ;;  i               2    2[COMMON] int 
    87 ;; Return value:  Size  Location     Type
    88 ;;		None               void
    89 ;; Registers used:
    90 ;;		wreg, status,2, btemp+1
    91 ;; Tracked objects:
    92 ;;		On entry : 17F/0
    93 ;;		On exit  : 0/0
    94 ;;		Unchanged: 0/0
    95 ;; Data sizes:     COMMON   BANK0   BANK1   BANK3   BANK2
    96 ;;      Params:         0       0       0       0       0
    97 ;;      Locals:         2       0       0       0       0
    98 ;;      Temps:          2       0       0       0       0
    99 ;;      Totals:         4       0       0       0       0
   100 ;;Total ram usage:        4 bytes
   101 ;; This function calls:
   102 ;;		Nothing
   103 ;; This function is called by:
   104 ;;		Startup code after reset
   105 ;; This function uses a non-reentrant model
   106 ;;
   107  07AA                     _main:	
   108                           
   109                           ;pwm1.c: 18: TRISC2=0;
   110                           
   111                           ;incstack = 0
   112                           ; Regs used in _main: [wreg+status,2+btemp+1]
   113  07AA  1683               	bsf	3,5	;RP0=1, select bank1
   114  07AB  1303               	bcf	3,6	;RP1=0, select bank1
   115  07AC  1107               	bcf	7,2	;volatile
   116                           
   117                           ;pwm1.c: 19: T2CON=0x05;
   118  07AD  3005               	movlw	5
   119  07AE  1283               	bcf	3,5	;RP0=0, select bank0
   120  07AF  1303               	bcf	3,6	;RP1=0, select bank0
   121  07B0  0092               	movwf	18	;volatile
   122                           
   123                           ;pwm1.c: 20: CCP1CON=0x0F;
   124  07B1  300F               	movlw	15
   125  07B2  0097               	movwf	23	;volatile
   126                           
   127                           ;pwm1.c: 21: PR2=249;
   128  07B3  30F9               	movlw	249
   129  07B4  1683               	bsf	3,5	;RP0=1, select bank1
   130  07B5  1303               	bcf	3,6	;RP1=0, select bank1
   131  07B6  0092               	movwf	18	;volatile
   132  07B7                     l483:	
   133                           ;pwm1.c: 22: int i;
   134                           ;pwm1.c: 23: while(1)
   135                           
   136                           
   137                           ;pwm1.c: 24: {
   138                           ;pwm1.c: 25: for(i=0;i<=255;i++)
   139  07B7  01F2               	clrf	main@i
   140  07B8  01F3               	clrf	main@i+1
   141  07B9  0873               	movf	main@i+1,w
   142  07BA  3A80               	xorlw	128
   143  07BB  00FF               	movwf	127
   144  07BC  3081               	movlw	129
   145  07BD  027F               	subwf	127,w
   146  07BE  1D03               	skipz
   147  07BF  2FC2               	goto	u15
   148  07C0  3000               	movlw	0
   149  07C1  0272               	subwf	main@i,w
   150  07C2                     u15:	
   151  07C2  1803               	btfsc	3,0
   152  07C3  2FE2               	goto	l493
   153  07C4                     l489:	
   154                           
   155                           ;pwm1.c: 26: {
   156                           ;pwm1.c: 27: CCPR1L=i;
   157  07C4  0872               	movf	main@i,w
   158  07C5  1283               	bcf	3,5	;RP0=0, select bank0
   159  07C6  1303               	bcf	3,6	;RP1=0, select bank0
   160  07C7  0095               	movwf	21	;volatile
   161                           
   162                           ;pwm1.c: 28: _delay((unsigned long)((20)*(4000000/4000.0)));
   163  07C8  301A               	movlw	26
   164  07C9  00F1               	movwf	??_main+1
   165  07CA  30F8               	movlw	248
   166  07CB  00F0               	movwf	??_main
   167  07CC                     u57:	
   168  07CC  0BF0               	decfsz	??_main,f
   169  07CD  2FCC               	goto	u57
   170  07CE  0BF1               	decfsz	??_main+1,f
   171  07CF  2FCC               	goto	u57
   172  07D0  0000               	nop
   173  07D1  3001               	movlw	1
   174  07D2  07F2               	addwf	main@i,f
   175  07D3  1803               	skipnc
   176  07D4  0AF3               	incf	main@i+1,f
   177  07D5  3000               	movlw	0
   178  07D6  07F3               	addwf	main@i+1,f
   179  07D7  0873               	movf	main@i+1,w
   180  07D8  3A80               	xorlw	128
   181  07D9  00FF               	movwf	127
   182  07DA  3081               	movlw	129
   183  07DB  027F               	subwf	127,w
   184  07DC  1D03               	skipz
   185  07DD  2FE0               	goto	u25
   186  07DE  3000               	movlw	0
   187  07DF  0272               	subwf	main@i,w
   188  07E0                     u25:	
   189  07E0  1C03               	skipc
   190  07E1  2FC4               	goto	l489
   191  07E2                     l493:	
   192                           
   193                           ;pwm1.c: 29: }
   194                           ;pwm1.c: 30: for(i=255;i>=0;i--)
   195  07E2  30FF               	movlw	255
   196  07E3  00F2               	movwf	main@i
   197  07E4  3000               	movlw	0
   198  07E5  00F3               	movwf	main@i+1
   199  07E6                     L1:	
   200  07E6  1BF3               	btfsc	main@i+1,7
   201  07E7  2FB7               	goto	l483
   202                           
   203                           ;pwm1.c: 31: {
   204                           ;pwm1.c: 32: CCPR1L=i;
   205  07E8  0872               	movf	main@i,w
   206  07E9  1283               	bcf	3,5	;RP0=0, select bank0
   207  07EA  1303               	bcf	3,6	;RP1=0, select bank0
   208  07EB  0095               	movwf	21	;volatile
   209                           
   210                           ;pwm1.c: 33: _delay((unsigned long)((20)*(4000000/4000.0)));
   211  07EC  301A               	movlw	26
   212  07ED  00F1               	movwf	??_main+1
   213  07EE  30F8               	movlw	248
   214  07EF  00F0               	movwf	??_main
   215  07F0                     u67:	
   216  07F0  0BF0               	decfsz	??_main,f
   217  07F1  2FF0               	goto	u67
   218  07F2  0BF1               	decfsz	??_main+1,f
   219  07F3  2FF0               	goto	u67
   220  07F4  0000               	nop
   221  07F5  30FF               	movlw	255
   222  07F6  07F2               	addwf	main@i,f
   223  07F7  1803               	skipnc
   224  07F8  0AF3               	incf	main@i+1,f
   225  07F9  30FF               	movlw	255
   226  07FA  07F3               	addwf	main@i+1,f
   227  07FB  2FE6               	goto	L1
   228  07FC                     __end_of_main:	
   229  007E                     btemp	set	126	;btemp
   230  007E                     wtemp	set	126
   231  007E                     wtemp0	set	126
   232  0080                     wtemp1	set	128
   233  0082                     wtemp2	set	130
   234  0084                     wtemp3	set	132
   235  0086                     wtemp4	set	134
   236  0088                     wtemp5	set	136
   237  007F                     wtemp6	set	127
   238  007E                     ttemp	set	126
   239  007E                     ttemp0	set	126
   240  0081                     ttemp1	set	129
   241  0084                     ttemp2	set	132
   242  0087                     ttemp3	set	135
   243  007F                     ttemp4	set	127
   244  007E                     ltemp	set	126
   245  007E                     ltemp0	set	126
   246  0082                     ltemp1	set	130
   247  0086                     ltemp2	set	134
   248  0080                     ltemp3	set	128
   249                           
   250                           	psect	cinit
   251  07FC                     start_initialization:	
   252  07FC                     __initialization:	
   253  07FC                     end_of_initialization:	
   254                           ;End of C runtime variable initialization code
   255                           
   256  07FC                     __end_of__initialization:	
   257  07FC  0183               	clrf	3
   258  07FD  120A  118A  2FAA   	ljmp	_main	;jump to C main() function
   259                           
   260                           	psect	cstackCOMMON
   261  0070                     __pcstackCOMMON:	
   262  0070                     ?_main:	
   263  0070                     ??_main:	
   264                           ; 0 bytes @ 0x0
   265                           
   266                           
   267                           ; 0 bytes @ 0x0
   268  0070                     	ds	2
   269  0072                     main@i:	
   270                           
   271                           ; 2 bytes @ 0x2
   272  0072                     	ds	2


Data Sizes:
    Strings     0
    Constant    0
    Data        0
    BSS         0
    Persistent  0
    Stack       0

Auto Spaces:
    Space          Size  Autos    Used
    COMMON           14      4       4
    BANK0            80      0       0
    BANK1            80      0       0
    BANK3            96      0       0
    BANK2            96      0       0

Pointer List with Targets:

    None.

Critical Paths under _main in COMMON

    None.

Critical Paths under _main in BANK0

    None.

Critical Paths under _main in BANK1

    None.

Critical Paths under _main in BANK3

    None.

Critical Paths under _main in BANK2

    None.

Call Graph Tables:

 ---------------------------------------------------------------------------------
 (Depth) Function   	        Calls       Base Space   Used Autos Params    Refs
 ---------------------------------------------------------------------------------
 (0) _main                                                 4     4      0      90
                                              0 COMMON     4     4      0
 ---------------------------------------------------------------------------------
 Estimated maximum stack depth 0
 ---------------------------------------------------------------------------------

 Call Graph Graphs:

 _main (ROOT)

 Address spaces:
Name               Size   Autos  Total    Cost      Usage
BITCOMMON            E      0       0       0        0.0%
EEDATA             100      0       0       0        0.0%
NULL                 0      0       0       0        0.0%
CODE                 0      0       0       0        0.0%
COMMON               E      4       4       1       28.6%
BITSFR0              0      0       0       1        0.0%
SFR0                 0      0       0       1        0.0%
BITSFR1              0      0       0       2        0.0%
SFR1                 0      0       0       2        0.0%
STACK                0      0       0       2        0.0%
ABS                  0      0       0       3        0.0%
BITBANK0            50      0       0       4        0.0%
BITSFR3              0      0       0       4        0.0%
SFR3                 0      0       0       4        0.0%
BANK0               50      0       0       5        0.0%
BITSFR2              0      0       0       5        0.0%
SFR2                 0      0       0       5        0.0%
BITBANK1            50      0       0       6        0.0%
BANK1               50      0       0       7        0.0%
BITBANK3            60      0       0       8        0.0%
BANK3               60      0       0       9        0.0%
BITBANK2            60      0       0      10        0.0%
BANK2               60      0       0      11        0.0%
DATA                 0      0       0      12        0.0%


Microchip Technology PIC Macro Assembler V1.33 build 59893 
Symbol Table                                                                                   Mon Jan 11 05:29:29 2021

            __CFG_CP$OFF 0000                       u15 07C2                       u25 07E0  
                     u57 07CC                       u67 07F0                      l483 07B7  
                    l493 07E2                      l489 07C4                      _PR2 0092  
           __CFG_CPD$OFF 0000             __CFG_FOSC$XT 0000             __CFG_LVP$OFF 0000  
           __CFG_WRT$OFF 0000                     _main 07AA                     btemp 007E  
                   ltemp 007E                     start 0000                     ttemp 007E  
                   wtemp 007E                    ?_main 0070            __CFG_WDTE$OFF 0000  
                  _T2CON 0012                    main@i 0072           __CFG_BOREN$OFF 0000  
                  ltemp0 007E                    ltemp1 0082                    ltemp2 0086  
                  ltemp3 0080                    ttemp0 007E                    ttemp1 0081  
                  ttemp2 0084                    ttemp3 0087                    ttemp4 007F  
                  status 0003                    wtemp0 007E                    wtemp1 0080  
                  wtemp2 0082                    wtemp3 0084                    wtemp4 0086  
                  wtemp5 0088                    wtemp6 007F          __initialization 07FC  
           __end_of_main 07FC                   ??_main 0070                   _CCPR1L 0015  
                 _TRISC2 043A           __CFG_PWRTE$OFF 0000  __end_of__initialization 07FC  
         __pcstackCOMMON 0070               __pmaintext 07AA                  _CCP1CON 0017  
   end_of_initialization 07FC      start_initialization 07FC                ___latbits 0002  
          __size_of_main 0052  
