

Microchip Technology PIC LITE Macro Assembler V1.33 build 59893 
                                                                                               Mon Jan  4 04:51:51 2021

Microchip Technology Omniscient Code Generator (Lite mode) build 59893
     1                           	processor	16F876A
     2                           	opt	pw 120
     3                           	opt	lm
     4                           	psect	idataBANK0,global,class=CODE,delta=2
     5                           	psect	idataBANK1,global,class=CODE,delta=2
     6                           	psect	cinit,global,class=CODE,merge=1,delta=2
     7                           	psect	dataBANK0,global,class=BANK0,space=1,delta=1
     8                           	psect	dataBANK1,global,class=BANK1,space=1,delta=1
     9                           	psect	inittext,global,class=CODE,delta=2
    10                           	psect	cstackCOMMON,global,class=COMMON,space=1,delta=1
    11                           	psect	cstackBANK0,global,class=BANK0,space=1,delta=1
    12                           	psect	maintext,global,class=CODE,split=1,delta=2
    13                           	psect	text1,local,class=CODE,merge=1,delta=2
    14                           	dabs	1,0x7E,2
    15  0000                     	;# 
    16  0001                     	;# 
    17  0002                     	;# 
    18  0003                     	;# 
    19  0004                     	;# 
    20  0005                     	;# 
    21  0006                     	;# 
    22  0007                     	;# 
    23  000A                     	;# 
    24  000B                     	;# 
    25  000C                     	;# 
    26  000D                     	;# 
    27  000E                     	;# 
    28  000E                     	;# 
    29  000F                     	;# 
    30  0010                     	;# 
    31  0011                     	;# 
    32  0012                     	;# 
    33  0013                     	;# 
    34  0014                     	;# 
    35  0015                     	;# 
    36  0015                     	;# 
    37  0016                     	;# 
    38  0017                     	;# 
    39  0018                     	;# 
    40  0019                     	;# 
    41  001A                     	;# 
    42  001B                     	;# 
    43  001B                     	;# 
    44  001C                     	;# 
    45  001D                     	;# 
    46  001E                     	;# 
    47  001F                     	;# 
    48  0081                     	;# 
    49  0085                     	;# 
    50  0086                     	;# 
    51  0087                     	;# 
    52  008C                     	;# 
    53  008D                     	;# 
    54  008E                     	;# 
    55  0091                     	;# 
    56  0092                     	;# 
    57  0093                     	;# 
    58  0094                     	;# 
    59  0098                     	;# 
    60  0099                     	;# 
    61  009C                     	;# 
    62  009D                     	;# 
    63  009E                     	;# 
    64  009F                     	;# 
    65  010C                     	;# 
    66  010D                     	;# 
    67  010E                     	;# 
    68  010F                     	;# 
    69  018C                     	;# 
    70  018D                     	;# 
    71                           
    72                           	psect	idataBANK0
    73  0656                     __pidataBANK0:	
    74                           
    75                           ;initializer for main@F1134
    76  0656  3470               	retlw	112
    77  0657  3461               	retlw	97
    78  0658  3473               	retlw	115
    79  0659  3473               	retlw	115
    80  065A  3477               	retlw	119
    81  065B  346F               	retlw	111
    82  065C  3472               	retlw	114
    83  065D  3464               	retlw	100
    84  065E  3400               	retlw	0
    85                           
    86                           	psect	idataBANK1
    87  069B                     __pidataBANK1:	
    88                           
    89                           ;initializer for main@F1132
    90  069B  3445               	retlw	69
    91  069C  344E               	retlw	78
    92  069D  3454               	retlw	84
    93  069E  3445               	retlw	69
    94  069F  3452               	retlw	82
    95  06A0  3420               	retlw	32
    96  06A1  3454               	retlw	84
    97  06A2  3448               	retlw	72
    98  06A3  3445               	retlw	69
    99  06A4  3420               	retlw	32
   100  06A5  3450               	retlw	80
   101  06A6  3441               	retlw	65
   102  06A7  3453               	retlw	83
   103  06A8  3453               	retlw	83
   104  06A9  3457               	retlw	87
   105  06AA  344F               	retlw	79
   106  06AB  3452               	retlw	82
   107  06AC  3444               	retlw	68
   108  06AD  340D               	retlw	13
   109  06AE  340A               	retlw	10
   110  06AF  3400               	retlw	0
   111                           
   112                           ;initializer for main@F1137
   113  06B0  340D               	retlw	13
   114  06B1  340A               	retlw	10
   115  06B2  3441               	retlw	65
   116  06B3  3443               	retlw	67
   117  06B4  3443               	retlw	67
   118  06B5  3445               	retlw	69
   119  06B6  3453               	retlw	83
   120  06B7  3453               	retlw	83
   121  06B8  3420               	retlw	32
   122  06B9  3447               	retlw	71
   123  06BA  3452               	retlw	82
   124  06BB  3441               	retlw	65
   125  06BC  344E               	retlw	78
   126  06BD  3454               	retlw	84
   127  06BE  3445               	retlw	69
   128  06BF  3444               	retlw	68
   129  06C0  340D               	retlw	13
   130  06C1  340A               	retlw	10
   131  06C2  3400               	retlw	0
   132                           
   133                           ;initializer for main@F1139
   134  06C3  340D               	retlw	13
   135  06C4  340A               	retlw	10
   136  06C5  3454               	retlw	84
   137  06C6  3452               	retlw	82
   138  06C7  3459               	retlw	89
   139  06C8  3420               	retlw	32
   140  06C9  3441               	retlw	65
   141  06CA  3447               	retlw	71
   142  06CB  3441               	retlw	65
   143  06CC  3449               	retlw	73
   144  06CD  344E               	retlw	78
   145  06CE  340D               	retlw	13
   146  06CF  340A               	retlw	10
   147  06D0  3400               	retlw	0
   148  001A                     _RCREG	set	26
   149  0018                     _RCSTA	set	24
   150  0019                     _TXREG	set	25
   151  0065                     _RCIF	set	101
   152  0099                     _SPBRG	set	153
   153  0098                     _TXSTA	set	152
   154  04C1                     _TRMT	set	1217
   155                           
   156                           ; #config settings
   157  0000                     
   158                           	psect	cinit
   159  07E3                     start_initialization:	
   160  07E3                     __initialization:	
   161                           
   162                           ; Initialize objects allocated to BANK1
   163  07E3  1383               	bcf	3,7	;select IRP bank0
   164  07E4  30D6               	movlw	low (__pdataBANK1+54)
   165  07E5  00FD               	movwf	btemp+-1
   166  07E6  3006               	movlw	high __pidataBANK1
   167  07E7  00FE               	movwf	btemp
   168  07E8  309B               	movlw	low __pidataBANK1
   169  07E9  00FF               	movwf	btemp+1
   170  07EA  30A0               	movlw	low __pdataBANK1
   171  07EB  0084               	movwf	4
   172  07EC  120A  118A  2663  120A  118A  	fcall	init_ram0
   173                           
   174                           ; Initialize objects allocated to BANK0
   175  07F1  306A               	movlw	low (__pdataBANK0+9)
   176  07F2  00FD               	movwf	btemp+-1
   177  07F3  3006               	movlw	high __pidataBANK0
   178  07F4  00FE               	movwf	btemp
   179  07F5  3056               	movlw	low __pidataBANK0
   180  07F6  00FF               	movwf	btemp+1
   181  07F7  3061               	movlw	low __pdataBANK0
   182  07F8  0084               	movwf	4
   183  07F9  120A  118A  2663   	fcall	init_ram0
   184  07FC                     end_of_initialization:	
   185                           ;End of C runtime variable initialization code
   186                           
   187  07FC                     __end_of__initialization:	
   188  07FC  0183               	clrf	3
   189  07FD  120A  118A  2ED1   	ljmp	_main	;jump to C main() function
   190                           
   191                           	psect	dataBANK0
   192  0061                     __pdataBANK0:	
   193  0061                     main@F1134:	
   194  0061                     	ds	9
   195                           
   196                           	psect	dataBANK1
   197  00A0                     __pdataBANK1:	
   198  00A0                     main@F1132:	
   199  00A0                     	ds	21
   200  00B5                     main@F1137:	
   201  00B5                     	ds	19
   202  00C8                     main@F1139:	
   203  00C8                     	ds	14
   204                           
   205                           	psect	inittext
   206  065F                     init_fetch0:	
   207                           ;	Called with low address in FSR and high address in W
   208                           
   209  065F  087E               	movf	126,w
   210  0660  008A               	movwf	10
   211  0661  087F               	movf	127,w
   212  0662  0082               	movwf	2
   213  0663                     init_ram0:	
   214                           ;Called with:
   215                           ;	high address of idata address in btemp 
   216                           ;	low address of idata address in btemp+1 
   217                           ;	low address of data in FSR
   218                           ;	high address + 1 of data in btemp-1
   219                           
   220  0663  265F  120A  118A   	fcall	init_fetch0
   221  0666  0080               	movwf	0
   222  0667  0A84               	incf	4,f
   223  0668  0804               	movf	4,w
   224  0669  067D               	xorwf	125,w
   225  066A  1903               	btfsc	3,2
   226  066B  3400               	retlw	0
   227  066C  0AFF               	incf	127,f
   228  066D  1903               	btfsc	3,2
   229  066E  0AFE               	incf	126,f
   230  066F  2E63               	goto	init_ram0
   231                           
   232                           	psect	cstackCOMMON
   233  0070                     __pcstackCOMMON:	
   234  0070                     ?_main:	
   235  0070                     ?_strcmp:	
   236                           ; 0 bytes @ 0x0
   237                           
   238  0070                     strcmp@s2:	
   239                           ; 2 bytes @ 0x0
   240                           
   241                           
   242                           ; 2 bytes @ 0x0
   243  0070                     	ds	2
   244  0072                     ??_strcmp:	
   245                           
   246                           ; 0 bytes @ 0x2
   247  0072                     	ds	2
   248  0074                     strcmp@r:	
   249                           
   250                           ; 1 bytes @ 0x4
   251  0074                     	ds	1
   252  0075                     strcmp@s1:	
   253                           
   254                           ; 1 bytes @ 0x5
   255  0075                     	ds	1
   256  0076                     ??_main:	
   257                           
   258                           ; 0 bytes @ 0x6
   259  0076                     	ds	4
   260                           
   261                           	psect	cstackBANK0
   262  0020                     __pcstackBANK0:	
   263  0020                     main@c:	
   264  0020                     main@a:	
   265                           ; 0 bytes @ 0x0
   266                           
   267                           
   268                           ; 21 bytes @ 0x0
   269  0020                     	ds	21
   270  0035                     main@d:	
   271                           
   272                           ; 19 bytes @ 0x15
   273  0035                     	ds	19
   274  0048                     main@e:	
   275                           
   276                           ; 14 bytes @ 0x28
   277  0048                     	ds	14
   278  0056                     main@b:	
   279                           
   280                           ; 9 bytes @ 0x36
   281  0056                     	ds	9
   282  005F                     main@i:	
   283                           
   284                           ; 2 bytes @ 0x3F
   285  005F                     	ds	2
   286                           
   287                           	psect	maintext
   288  06D1                     __pmaintext:	
   289 ;;
   290 ;;Main: autosize = 0, tempsize = 4, incstack = 0, save=0
   291 ;;
   292 ;; *************** function _main *****************
   293 ;; Defined at:
   294 ;;		line 19 in file "password.c"
   295 ;; Parameters:    Size  Location     Type
   296 ;;		None
   297 ;; Auto vars:     Size  Location     Type
   298 ;;  a              21    0[BANK0 ] unsigned char [21]
   299 ;;  d              19   21[BANK0 ] unsigned char [19]
   300 ;;  e              14   40[BANK0 ] unsigned char [14]
   301 ;;  b               9   54[BANK0 ] unsigned char [9]
   302 ;;  i               2   63[BANK0 ] int 
   303 ;;  c               0    0[BANK0 ] unsigned char [0]
   304 ;; Return value:  Size  Location     Type
   305 ;;		None               void
   306 ;; Registers used:
   307 ;;		wreg, fsr0l, fsr0h, status,2, status,0, pclath, cstack
   308 ;; Tracked objects:
   309 ;;		On entry : 17F/0
   310 ;;		On exit  : 0/0
   311 ;;		Unchanged: 0/0
   312 ;; Data sizes:     COMMON   BANK0   BANK1   BANK3   BANK2
   313 ;;      Params:         0       0       0       0       0
   314 ;;      Locals:         0      65       0       0       0
   315 ;;      Temps:          4       0       0       0       0
   316 ;;      Totals:         4      65       0       0       0
   317 ;;Total ram usage:       69 bytes
   318 ;; Hardware stack levels required when called:    1
   319 ;; This function calls:
   320 ;;		_strcmp
   321 ;; This function is called by:
   322 ;;		Startup code after reset
   323 ;; This function uses a non-reentrant model
   324 ;;
   325                           
   326                           
   327                           ;psect for function _main
   328  06D1                     _main:	
   329                           
   330                           ;password.c: 21: TXSTA=0x24;
   331                           
   332                           ;incstack = 0
   333                           ; Regs used in _main: [wreg-fsr0h+status,2+status,0+pclath+cstack]
   334  06D1  3024               	movlw	36
   335  06D2  1683               	bsf	3,5	;RP0=1, select bank1
   336  06D3  1303               	bcf	3,6	;RP1=0, select bank1
   337  06D4  0098               	movwf	24	;volatile
   338                           
   339                           ;password.c: 22: RCSTA=0x90;
   340  06D5  3090               	movlw	144
   341  06D6  1283               	bcf	3,5	;RP0=0, select bank0
   342  06D7  1303               	bcf	3,6	;RP1=0, select bank0
   343  06D8  0098               	movwf	24	;volatile
   344                           
   345                           ;password.c: 23: SPBRG=25;
   346  06D9  3019               	movlw	25
   347  06DA  1683               	bsf	3,5	;RP0=1, select bank1
   348  06DB  1303               	bcf	3,6	;RP1=0, select bank1
   349  06DC  0099               	movwf	25	;volatile
   350                           
   351                           ;password.c: 24: int i;
   352                           ;password.c: 25: char a[]="ENTER THE PASSWORD\r\n",b[]="password",c[],d[]="\r\nACCESS GR
      +                          ANTED\r\n",e[]="\r\nTRY AGAIN\r\n";
   353  06DD  3020               	movlw	main@a& (0+255)
   354  06DE  0084               	movwf	4
   355  06DF  30A0               	movlw	low main@F1132
   356  06E0  00F6               	movwf	??_main
   357  06E1  0804               	movf	4,w
   358  06E2  00F7               	movwf	??_main+1
   359  06E3  3015               	movlw	21
   360  06E4  00F8               	movwf	??_main+2
   361  06E5                     u190:	
   362  06E5  0876               	movf	??_main,w
   363  06E6  0084               	movwf	4
   364  06E7  1383               	bcf	3,7	;select IRP bank1
   365  06E8  0800               	movf	0,w
   366  06E9  00F9               	movwf	??_main+3
   367  06EA  0AF6               	incf	??_main,f
   368  06EB  0877               	movf	??_main+1,w
   369  06EC  0084               	movwf	4
   370  06ED  0879               	movf	??_main+3,w
   371  06EE  0080               	movwf	0
   372  06EF  0AF7               	incf	??_main+1,f
   373  06F0  0BF8               	decfsz	??_main+2,f
   374  06F1  2EE5               	goto	u190
   375  06F2  3056               	movlw	main@b& (0+255)
   376  06F3  0084               	movwf	4
   377  06F4  3061               	movlw	low main@F1134
   378  06F5  00F6               	movwf	??_main
   379  06F6  0804               	movf	4,w
   380  06F7  00F7               	movwf	??_main+1
   381  06F8  3009               	movlw	9
   382  06F9  00F8               	movwf	??_main+2
   383  06FA                     u200:	
   384  06FA  0876               	movf	??_main,w
   385  06FB  0084               	movwf	4
   386  06FC  1383               	bcf	3,7	;select IRP bank0
   387  06FD  0800               	movf	0,w
   388  06FE  00F9               	movwf	??_main+3
   389  06FF  0AF6               	incf	??_main,f
   390  0700  0877               	movf	??_main+1,w
   391  0701  0084               	movwf	4
   392  0702  0879               	movf	??_main+3,w
   393  0703  0080               	movwf	0
   394  0704  0AF7               	incf	??_main+1,f
   395  0705  0BF8               	decfsz	??_main+2,f
   396  0706  2EFA               	goto	u200
   397  0707  3035               	movlw	main@d& (0+255)
   398  0708  0084               	movwf	4
   399  0709  30B5               	movlw	low main@F1137
   400  070A  00F6               	movwf	??_main
   401  070B  0804               	movf	4,w
   402  070C  00F7               	movwf	??_main+1
   403  070D  3013               	movlw	19
   404  070E  00F8               	movwf	??_main+2
   405  070F                     u210:	
   406  070F  0876               	movf	??_main,w
   407  0710  0084               	movwf	4
   408  0711  1383               	bcf	3,7	;select IRP bank1
   409  0712  0800               	movf	0,w
   410  0713  00F9               	movwf	??_main+3
   411  0714  0AF6               	incf	??_main,f
   412  0715  0877               	movf	??_main+1,w
   413  0716  0084               	movwf	4
   414  0717  0879               	movf	??_main+3,w
   415  0718  0080               	movwf	0
   416  0719  0AF7               	incf	??_main+1,f
   417  071A  0BF8               	decfsz	??_main+2,f
   418  071B  2F0F               	goto	u210
   419  071C  3048               	movlw	main@e& (0+255)
   420  071D  0084               	movwf	4
   421  071E  30C8               	movlw	low main@F1139
   422  071F  00F6               	movwf	??_main
   423  0720  0804               	movf	4,w
   424  0721  00F7               	movwf	??_main+1
   425  0722  300E               	movlw	14
   426  0723  00F8               	movwf	??_main+2
   427  0724                     u220:	
   428  0724  0876               	movf	??_main,w
   429  0725  0084               	movwf	4
   430  0726  1383               	bcf	3,7	;select IRP bank1
   431  0727  0800               	movf	0,w
   432  0728  00F9               	movwf	??_main+3
   433  0729  0AF6               	incf	??_main,f
   434  072A  0877               	movf	??_main+1,w
   435  072B  0084               	movwf	4
   436  072C  0879               	movf	??_main+3,w
   437  072D  0080               	movwf	0
   438  072E  0AF7               	incf	??_main+1,f
   439  072F  0BF8               	decfsz	??_main+2,f
   440  0730  2F24               	goto	u220
   441  0731                     l607:	
   442                           ;password.c: 26: while(1)
   443                           
   444                           
   445                           ;password.c: 27: {
   446                           ;password.c: 28: for(i=0;a[i]!='\0';i++)
   447  0731  1283               	bcf	3,5	;RP0=0, select bank0
   448  0732  01DF               	clrf	main@i
   449  0733  01E0               	clrf	main@i+1
   450  0734                     l613:	
   451  0734  085F               	movf	main@i,w
   452  0735  3E20               	addlw	main@a& (0+255)
   453  0736  0084               	movwf	4
   454  0737  1383               	bcf	3,7	;select IRP bank0
   455  0738  0880               	movf	0,f
   456  0739  1903               	btfsc	3,2
   457  073A  2F4D               	goto	l615
   458                           
   459                           ;password.c: 29: {
   460                           ;password.c: 30: TXREG=a[i];
   461  073B  085F               	movf	main@i,w
   462  073C  3E20               	addlw	main@a& (0+255)
   463  073D  0084               	movwf	4
   464  073E  0800               	movf	0,w
   465  073F  0099               	movwf	25	;volatile
   466  0740                     l30:	
   467                           ;password.c: 31: while(TRMT==0);
   468                           
   469  0740  1683               	bsf	3,5	;RP0=1, select bank1
   470  0741  1303               	bcf	3,6	;RP1=0, select bank1
   471  0742  1C98               	btfss	24,1	;volatile
   472  0743  2F40               	goto	l30
   473  0744  3001               	movlw	1
   474  0745  1283               	bcf	3,5	;RP0=0, select bank0
   475  0746  1303               	bcf	3,6	;RP1=0, select bank0
   476  0747  07DF               	addwf	main@i,f
   477  0748  1803               	skipnc
   478  0749  0AE0               	incf	main@i+1,f
   479  074A  3000               	movlw	0
   480  074B  07E0               	addwf	main@i+1,f
   481  074C  2F34               	goto	l613
   482  074D                     l615:	
   483                           
   484                           ;password.c: 32: }
   485                           ;password.c: 33: for(i=0;;i++)
   486  074D  01DF               	clrf	main@i
   487  074E  01E0               	clrf	main@i+1
   488                           
   489                           ;password.c: 40: break;
   490  074F  2F5D               	goto	l35
   491  0750                     l623:	
   492                           ;password.c: 41: }
   493                           
   494                           
   495                           ;password.c: 42: else
   496                           ;password.c: 43: {
   497                           ;password.c: 44: TXREG='*';
   498  0750  302A               	movlw	42
   499  0751  0099               	movwf	25	;volatile
   500  0752                     l41:	
   501                           ;password.c: 45: while(TRMT==0);
   502                           
   503  0752  1683               	bsf	3,5	;RP0=1, select bank1
   504  0753  1303               	bcf	3,6	;RP1=0, select bank1
   505  0754  1C98               	btfss	24,1	;volatile
   506  0755  2F52               	goto	l41
   507  0756  3001               	movlw	1
   508  0757  1283               	bcf	3,5	;RP0=0, select bank0
   509  0758  07DF               	addwf	main@i,f
   510  0759  1803               	skipnc
   511  075A  0AE0               	incf	main@i+1,f
   512  075B  3000               	movlw	0
   513  075C  07E0               	addwf	main@i+1,f
   514  075D                     l35:	
   515                           ;password.c: 34: {
   516                           ;password.c: 35: while(RCIF==0);
   517                           
   518  075D  1E8C               	btfss	12,5	;volatile
   519  075E  2F5D               	goto	l35
   520                           
   521                           ;password.c: 36: c[i]=RCREG;
   522  075F  3020               	movlw	low main@c
   523  0760  00F6               	movwf	??_main
   524  0761  3000               	movlw	high main@c
   525  0762  00F7               	movwf	??_main+1
   526  0763  085F               	movf	main@i,w
   527  0764  0776               	addwf	??_main,w
   528  0765  00F8               	movwf	??_main+2
   529  0766  0860               	movf	main@i+1,w
   530  0767  1803               	skipnc
   531  0768  0A60               	incf	main@i+1,w
   532  0769  0777               	addwf	??_main+1,w
   533  076A  00F9               	movwf	??_main+3
   534  076B  0878               	movf	??_main+2,w
   535  076C  0084               	movwf	4
   536  076D  1383               	bcf	3,7
   537  076E  1879               	btfsc	??_main+3,0
   538  076F  1783               	bsf	3,7
   539  0770  081A               	movf	26,w	;volatile
   540  0771  0080               	movwf	0
   541                           
   542                           ;password.c: 37: if(c[i]=='\r')
   543  0772  3020               	movlw	low main@c
   544  0773  00F6               	movwf	??_main
   545  0774  3000               	movlw	high main@c
   546  0775  00F7               	movwf	??_main+1
   547  0776  085F               	movf	main@i,w
   548  0777  0776               	addwf	??_main,w
   549  0778  00F8               	movwf	??_main+2
   550  0779  0860               	movf	main@i+1,w
   551  077A  1803               	skipnc
   552  077B  0A60               	incf	main@i+1,w
   553  077C  0777               	addwf	??_main+1,w
   554  077D  00F9               	movwf	??_main+3
   555  077E  0878               	movf	??_main+2,w
   556  077F  0084               	movwf	4
   557  0780  1783               	bsf	3,7
   558  0781  1C79               	btfss	??_main+3,0
   559  0782  1383               	bcf	3,7
   560  0783  0800               	movf	0,w
   561  0784  3A0D               	xorlw	13
   562  0785  1D03               	skipz
   563  0786  2F50               	goto	l623
   564                           
   565                           ;password.c: 38: {
   566                           ;password.c: 39: c[i]='\0';
   567  0787  3020               	movlw	low main@c
   568  0788  00F6               	movwf	??_main
   569  0789  3000               	movlw	high main@c
   570  078A  00F7               	movwf	??_main+1
   571  078B  085F               	movf	main@i,w
   572  078C  0776               	addwf	??_main,w
   573  078D  00F8               	movwf	??_main+2
   574  078E  0860               	movf	main@i+1,w
   575  078F  1803               	skipnc
   576  0790  0A60               	incf	main@i+1,w
   577  0791  0777               	addwf	??_main+1,w
   578  0792  00F9               	movwf	??_main+3
   579  0793  0878               	movf	??_main+2,w
   580  0794  0084               	movwf	4
   581  0795  1783               	bsf	3,7
   582  0796  1C79               	btfss	??_main+3,0
   583  0797  1383               	bcf	3,7
   584  0798  0180               	clrf	0
   585                           
   586                           ;password.c: 46: }
   587                           ;password.c: 47: }
   588                           ;password.c: 48: if(strcmp(b,c)==0)
   589  0799  3020               	movlw	low main@c
   590  079A  00F0               	movwf	strcmp@s2
   591  079B  3000               	movlw	high main@c
   592  079C  00F1               	movwf	strcmp@s2+1
   593  079D  3056               	movlw	main@b& (0+255)
   594  079E  120A  118A  2670  120A  118A  	fcall	_strcmp
   595  07A3  0871               	movf	?_strcmp+1,w
   596  07A4  0470               	iorwf	?_strcmp,w
   597  07A5  1D03               	skipz
   598  07A6  2FC5               	goto	l637
   599                           
   600                           ;password.c: 49: {
   601                           ;password.c: 50: for(i=0;d[i]!='\0';i++)
   602  07A7  1283               	bcf	3,5	;RP0=0, select bank0
   603  07A8  1303               	bcf	3,6	;RP1=0, select bank0
   604  07A9  01DF               	clrf	main@i
   605  07AA  01E0               	clrf	main@i+1
   606  07AB                     l635:	
   607  07AB  085F               	movf	main@i,w
   608  07AC  3E35               	addlw	main@d& (0+255)
   609  07AD  0084               	movwf	4
   610  07AE  1383               	bcf	3,7	;select IRP bank0
   611  07AF  0880               	movf	0,f
   612  07B0  1903               	btfsc	3,2
   613  07B1  2F31               	goto	l607
   614                           
   615                           ;password.c: 51: {
   616                           ;password.c: 52: TXREG=d[i];
   617  07B2  085F               	movf	main@i,w
   618  07B3  3E35               	addlw	main@d& (0+255)
   619  07B4  0084               	movwf	4
   620  07B5  1383               	bcf	3,7	;select IRP bank0
   621  07B6  0800               	movf	0,w
   622  07B7  0099               	movwf	25	;volatile
   623  07B8                     l47:	
   624                           ;password.c: 53: while(TRMT==0);
   625                           
   626  07B8  1683               	bsf	3,5	;RP0=1, select bank1
   627  07B9  1303               	bcf	3,6	;RP1=0, select bank1
   628  07BA  1C98               	btfss	24,1	;volatile
   629  07BB  2FB8               	goto	l47
   630  07BC  3001               	movlw	1
   631  07BD  1283               	bcf	3,5	;RP0=0, select bank0
   632  07BE  1303               	bcf	3,6	;RP1=0, select bank0
   633  07BF  07DF               	addwf	main@i,f
   634  07C0  1803               	skipnc
   635  07C1  0AE0               	incf	main@i+1,f
   636  07C2  3000               	movlw	0
   637  07C3  07E0               	addwf	main@i+1,f
   638  07C4  2FAB               	goto	l635
   639  07C5                     l637:	
   640                           ;password.c: 54: }
   641                           ;password.c: 56: }
   642                           
   643                           
   644                           ;password.c: 57: else
   645                           ;password.c: 58: {
   646                           ;password.c: 59: for(i=0;e[i]!='\0';i++)
   647  07C5  1283               	bcf	3,5	;RP0=0, select bank0
   648  07C6  1303               	bcf	3,6	;RP1=0, select bank0
   649  07C7  01DF               	clrf	main@i
   650  07C8  01E0               	clrf	main@i+1
   651  07C9                     l643:	
   652  07C9  085F               	movf	main@i,w
   653  07CA  3E48               	addlw	main@e& (0+255)
   654  07CB  0084               	movwf	4
   655  07CC  1383               	bcf	3,7	;select IRP bank0
   656  07CD  0880               	movf	0,f
   657  07CE  1903               	btfsc	3,2
   658  07CF  2F31               	goto	l607
   659                           
   660                           ;password.c: 60: {
   661                           ;password.c: 61: TXREG=e[i];
   662  07D0  085F               	movf	main@i,w
   663  07D1  3E48               	addlw	main@e& (0+255)
   664  07D2  0084               	movwf	4
   665  07D3  1383               	bcf	3,7	;select IRP bank0
   666  07D4  0800               	movf	0,w
   667  07D5  0099               	movwf	25	;volatile
   668  07D6                     l54:	
   669                           ;password.c: 62: while(TRMT==0);
   670                           
   671  07D6  1683               	bsf	3,5	;RP0=1, select bank1
   672  07D7  1303               	bcf	3,6	;RP1=0, select bank1
   673  07D8  1C98               	btfss	24,1	;volatile
   674  07D9  2FD6               	goto	l54
   675  07DA  3001               	movlw	1
   676  07DB  1283               	bcf	3,5	;RP0=0, select bank0
   677  07DC  1303               	bcf	3,6	;RP1=0, select bank0
   678  07DD  07DF               	addwf	main@i,f
   679  07DE  1803               	skipnc
   680  07DF  0AE0               	incf	main@i+1,f
   681  07E0  3000               	movlw	0
   682  07E1  07E0               	addwf	main@i+1,f
   683  07E2  2FC9               	goto	l643
   684  07E3                     __end_of_main:	
   685                           
   686                           	psect	text1
   687  0670                     __ptext1:	
   688 ;; *************** function _strcmp *****************
   689 ;; Defined at:
   690 ;;		line 33 in file "/opt/microchip/xc8/v1.33/sources/common/strcmp.c"
   691 ;; Parameters:    Size  Location     Type
   692 ;;  s1              1    wreg     PTR const unsigned char 
   693 ;;		 -> main@b(9), 
   694 ;;  s2              2    0[COMMON] PTR const unsigned char 
   695 ;;		 -> main@c(0), 
   696 ;; Auto vars:     Size  Location     Type
   697 ;;  s1              1    5[COMMON] PTR const unsigned char 
   698 ;;		 -> main@b(9), 
   699 ;;  r               1    4[COMMON] char 
   700 ;; Return value:  Size  Location     Type
   701 ;;                  2    0[COMMON] int 
   702 ;; Registers used:
   703 ;;		wreg, fsr0l, fsr0h, status,2, status,0
   704 ;; Tracked objects:
   705 ;;		On entry : 0/0
   706 ;;		On exit  : 0/0
   707 ;;		Unchanged: 0/0
   708 ;; Data sizes:     COMMON   BANK0   BANK1   BANK3   BANK2
   709 ;;      Params:         2       0       0       0       0
   710 ;;      Locals:         2       0       0       0       0
   711 ;;      Temps:          2       0       0       0       0
   712 ;;      Totals:         6       0       0       0       0
   713 ;;Total ram usage:        6 bytes
   714 ;; Hardware stack levels used:    1
   715 ;; This function calls:
   716 ;;		Nothing
   717 ;; This function is called by:
   718 ;;		_main
   719 ;; This function uses a non-reentrant model
   720 ;;
   721                           
   722                           
   723                           ;psect for function _strcmp
   724  0670                     _strcmp:	
   725                           
   726                           ;incstack = 0
   727                           ; Regs used in _strcmp: [wreg-fsr0h+status,2+status,0]
   728                           ;strcmp@s1 stored from wreg
   729  0670  00F5               	movwf	strcmp@s1
   730  0671  2E7C               	goto	l589
   731  0672                     l587:	
   732  0672  3001               	movlw	1
   733  0673  00F2               	movwf	??_strcmp
   734  0674  0872               	movf	??_strcmp,w
   735  0675  07F5               	addwf	strcmp@s1,f
   736  0676  3001               	movlw	1
   737  0677  07F0               	addwf	strcmp@s2,f
   738  0678  1803               	skipnc
   739  0679  0AF1               	incf	strcmp@s2+1,f
   740  067A  3000               	movlw	0
   741  067B  07F1               	addwf	strcmp@s2+1,f
   742  067C                     l589:	
   743  067C  0875               	movf	strcmp@s1,w
   744  067D  0084               	movwf	4
   745  067E  1383               	bcf	3,7	;select IRP bank0
   746  067F  0800               	movf	0,w
   747  0680  00F2               	movwf	??_strcmp
   748  0681  0870               	movf	strcmp@s2,w
   749  0682  0084               	movwf	4
   750  0683  1783               	bsf	3,7
   751  0684  1C71               	btfss	strcmp@s2+1,0
   752  0685  1383               	bcf	3,7
   753  0686  0300               	decf	0,w
   754  0687  3AFF               	xorlw	255
   755  0688  0772               	addwf	??_strcmp,w
   756  0689  00F3               	movwf	??_strcmp+1
   757  068A  0873               	movf	??_strcmp+1,w
   758  068B  00F4               	movwf	strcmp@r
   759  068C  08F4               	movf	strcmp@r,f
   760  068D  1D03               	skipz
   761  068E  2E95               	goto	l593
   762  068F  0875               	movf	strcmp@s1,w
   763  0690  0084               	movwf	4
   764  0691  1383               	bcf	3,7	;select IRP bank0
   765  0692  0880               	movf	0,f
   766  0693  1D03               	skipz
   767  0694  2E72               	goto	l587
   768  0695                     l593:	
   769  0695  0874               	movf	strcmp@r,w
   770  0696  00F0               	movwf	?_strcmp
   771  0697  01F1               	clrf	?_strcmp+1
   772  0698  1BF0               	btfsc	?_strcmp,7
   773  0699  03F1               	decf	?_strcmp+1,f
   774  069A  0008               	return
   775  069B                     __end_of_strcmp:	
   776  007E                     btemp	set	126	;btemp
   777  007E                     wtemp	set	126
   778  007E                     wtemp0	set	126
   779  0080                     wtemp1	set	128
   780  0082                     wtemp2	set	130
   781  0084                     wtemp3	set	132
   782  0086                     wtemp4	set	134
   783  0088                     wtemp5	set	136
   784  007F                     wtemp6	set	127
   785  007E                     ttemp	set	126
   786  007E                     ttemp0	set	126
   787  0081                     ttemp1	set	129
   788  0084                     ttemp2	set	132
   789  0087                     ttemp3	set	135
   790  007F                     ttemp4	set	127
   791  007E                     ltemp	set	126
   792  007E                     ltemp0	set	126
   793  0082                     ltemp1	set	130
   794  0086                     ltemp2	set	134
   795  0080                     ltemp3	set	128


Data Sizes:
    Strings     0
    Constant    0
    Data        63
    BSS         0
    Persistent  0
    Stack       0

Auto Spaces:
    Space          Size  Autos    Used
    COMMON           14     10      10
    BANK0            80     65      74
    BANK1            80      0      54
    BANK3            96      0       0
    BANK2            96      0       0

Pointer List with Targets:

    strcmp@s2	PTR const unsigned char  size(2) Largest target is 0
		 -> main@c(BANK0[0]), 

    strcmp@s1	PTR const unsigned char  size(1) Largest target is 9
		 -> main@b(BANK0[9]), 


Critical Paths under _main in COMMON

    _main->_strcmp

Critical Paths under _main in BANK0

    None.

Critical Paths under _main in BANK1

    None.

Critical Paths under _main in BANK3

    None.

Critical Paths under _main in BANK2

    None.

Call Graph Tables:

 ---------------------------------------------------------------------------------
 (Depth) Function   	        Calls       Base Space   Used Autos Params    Refs
 ---------------------------------------------------------------------------------
 (0) _main                                                69    69      0     637
                                              6 COMMON     4     4      0
                                              0 BANK0     65    65      0
                             _strcmp
 ---------------------------------------------------------------------------------
 (1) _strcmp                                               6     4      2     171
                                              0 COMMON     6     4      2
 ---------------------------------------------------------------------------------
 Estimated maximum stack depth 1
 ---------------------------------------------------------------------------------

 Call Graph Graphs:

 _main (ROOT)
   _strcmp

 Address spaces:
Name               Size   Autos  Total    Cost      Usage
BANK3               60      0       0       9        0.0%
BITBANK3            60      0       0       8        0.0%
SFR3                 0      0       0       4        0.0%
BITSFR3              0      0       0       4        0.0%
BANK2               60      0       0      11        0.0%
BITBANK2            60      0       0      10        0.0%
SFR2                 0      0       0       5        0.0%
BITSFR2              0      0       0       5        0.0%
BANK1               50      0      36       7       67.5%
BITBANK1            50      0       0       6        0.0%
SFR1                 0      0       0       2        0.0%
BITSFR1              0      0       0       2        0.0%
BANK0               50     41      4A       5       92.5%
BITBANK0            50      0       0       4        0.0%
SFR0                 0      0       0       1        0.0%
BITSFR0              0      0       0       1        0.0%
COMMON               E      A       A       1       71.4%
BITCOMMON            E      0       0       0        0.0%
CODE                 0      0       0       0        0.0%
DATA                 0      0      8A      12        0.0%
ABS                  0      0      8A       3        0.0%
NULL                 0      0       0       0        0.0%
STACK                0      0       0       2        0.0%
EEDATA             100      0       0       0        0.0%


Microchip Technology PIC Macro Assembler V1.33 build 59893 
Symbol Table                                                                                   Mon Jan  4 04:51:51 2021

                      pc 0002              __CFG_CP$OFF 0000                       l30 0740  
                     l41 0752                       l35 075D                       l54 07D6  
                     l47 07B8                       fsr 0004                      l613 0734  
                    l623 0750                      l615 074D                      l607 0731  
                    l643 07C9                      l635 07AB                      l637 07C5  
                    l593 0695                      l587 0672                      l589 067C  
                    u200 06FA                      u210 070F                      u220 0724  
                    u190 06E5             __CFG_CPD$OFF 0000                      fsr0 0004  
                    indf 0000             __CFG_FOSC$XT 0000             __CFG_LVP$OFF 0000  
                   _RCIF 0065                     _TRMT 04C1             __CFG_WRT$OFF 0000  
                   _main 06D1                     btemp 007E                     ltemp 007E  
                   start 0000                     ttemp 007E                     wtemp 007E  
                  ?_main 0070            __CFG_WDTE$OFF 0000                    _RCREG 001A  
                  _RCSTA 0018                    _SPBRG 0099                    _TXREG 0019  
                  _TXSTA 0098                    main@a 0020                    main@b 0056  
                  main@c 0020                    main@d 0035                    main@e 0048  
                  main@i 005F           __CFG_BOREN$OFF 0000                    pclath 000A  
                  ltemp0 007E                    ltemp1 0082                    ltemp2 0086  
                  ltemp3 0080                    ttemp0 007E                    ttemp1 0081  
                  ttemp2 0084                    ttemp3 0087                    ttemp4 007F  
                  status 0003                    wtemp0 007E                    wtemp1 0080  
                  wtemp2 0082                    wtemp3 0084                    wtemp4 0086  
                  wtemp5 0088                    wtemp6 007F          __initialization 07E3  
           __end_of_main 07E3                   ??_main 0076           __CFG_PWRTE$OFF 0000  
                 _strcmp 0670  __end_of__initialization 07FC           __pcstackCOMMON 0070  
           __pidataBANK0 0656             __pidataBANK1 069B               __pmaintext 06D1  
                ?_strcmp 0070                  __ptext1 0670          __size_of_strcmp 002B  
   end_of_initialization 07FC                  strcmp@r 0074           __end_of_strcmp 069B  
    start_initialization 07E3               init_fetch0 065F              __pdataBANK0 0061  
            __pdataBANK1 00A0                 ??_strcmp 0072                ___latbits 0002  
          __pcstackBANK0 0020                main@F1132 00A0                main@F1134 0061  
              main@F1137 00B5                main@F1139 00C8            __size_of_main 0112  
               init_ram0 0663                 strcmp@s1 0075                 strcmp@s2 0070  
