

Microchip Technology PIC LITE Macro Assembler V1.33 build 59893 
                                                                                               Mon Jan  4 07:18:20 2021

Microchip Technology Omniscient Code Generator (Lite mode) build 59893
     1                           	processor	16F876A
     2                           	opt	pw 120
     3                           	opt	lm
     4                           	psect	maintext,global,class=CODE,split=1,delta=2
     5                           	psect	cinit,global,class=CODE,merge=1,delta=2
     6                           	psect	cstackCOMMON,global,class=COMMON,space=1,delta=1
     7                           	dabs	1,0x7E,2
     8  0000                     	;# 
     9  0001                     	;# 
    10  0002                     	;# 
    11  0003                     	;# 
    12  0004                     	;# 
    13  0005                     	;# 
    14  0006                     	;# 
    15  0007                     	;# 
    16  000A                     	;# 
    17  000B                     	;# 
    18  000C                     	;# 
    19  000D                     	;# 
    20  000E                     	;# 
    21  000E                     	;# 
    22  000F                     	;# 
    23  0010                     	;# 
    24  0011                     	;# 
    25  0012                     	;# 
    26  0013                     	;# 
    27  0014                     	;# 
    28  0015                     	;# 
    29  0015                     	;# 
    30  0016                     	;# 
    31  0017                     	;# 
    32  0018                     	;# 
    33  0019                     	;# 
    34  001A                     	;# 
    35  001B                     	;# 
    36  001B                     	;# 
    37  001C                     	;# 
    38  001D                     	;# 
    39  001E                     	;# 
    40  001F                     	;# 
    41  0081                     	;# 
    42  0085                     	;# 
    43  0086                     	;# 
    44  0087                     	;# 
    45  008C                     	;# 
    46  008D                     	;# 
    47  008E                     	;# 
    48  0091                     	;# 
    49  0092                     	;# 
    50  0093                     	;# 
    51  0094                     	;# 
    52  0098                     	;# 
    53  0099                     	;# 
    54  009C                     	;# 
    55  009D                     	;# 
    56  009E                     	;# 
    57  009F                     	;# 
    58  010C                     	;# 
    59  010D                     	;# 
    60  010E                     	;# 
    61  010F                     	;# 
    62  018C                     	;# 
    63  018D                     	;# 
    64  0005                     _PORTA	set	5
    65  0006                     _PORTB	set	6
    66  0007                     _PORTC	set	7
    67  0085                     _TRISA	set	133
    68  0086                     _TRISB	set	134
    69  0087                     _TRISC	set	135
    70                           
    71                           	psect	maintext
    72  074E                     __pmaintext:	
    73                           ; #config settings
    74                           
    75                           
    76                           ;psect for function _main
    77  0000                     
    78 ;;
    79 ;;Main: autosize = 0, tempsize = 3, incstack = 0, save=0
    80 ;;
    81 ;; *************** function _main *****************
    82 ;; Defined at:
    83 ;;		line 22 in file "bling3.c"
    84 ;; Parameters:    Size  Location     Type
    85 ;;		None
    86 ;; Auto vars:     Size  Location     Type
    87 ;;  i               2    3[COMMON] int 
    88 ;; Return value:  Size  Location     Type
    89 ;;		None               void
    90 ;; Registers used:
    91 ;;		wreg, status,2, status,0, btemp+1
    92 ;; Tracked objects:
    93 ;;		On entry : 17F/0
    94 ;;		On exit  : 0/0
    95 ;;		Unchanged: 0/0
    96 ;; Data sizes:     COMMON   BANK0   BANK1   BANK3   BANK2
    97 ;;      Params:         0       0       0       0       0
    98 ;;      Locals:         2       0       0       0       0
    99 ;;      Temps:          3       0       0       0       0
   100 ;;      Totals:         5       0       0       0       0
   101 ;;Total ram usage:        5 bytes
   102 ;; This function calls:
   103 ;;		Nothing
   104 ;; This function is called by:
   105 ;;		Startup code after reset
   106 ;; This function uses a non-reentrant model
   107 ;;
   108  074E                     _main:	
   109                           
   110                           ;bling3.c: 24: int i;
   111                           ;bling3.c: 25: TRISA=0x00;
   112                           
   113                           ;incstack = 0
   114                           ; Regs used in _main: [wreg+status,2+status,0+btemp+1]
   115  074E  1683               	bsf	3,5	;RP0=1, select bank1
   116  074F  1303               	bcf	3,6	;RP1=0, select bank1
   117  0750  0185               	clrf	5	;volatile
   118                           
   119                           ;bling3.c: 26: TRISB=0x00;
   120  0751  0186               	clrf	6	;volatile
   121                           
   122                           ;bling3.c: 27: TRISC=0x00;
   123  0752  0187               	clrf	7	;volatile
   124                           
   125                           ;bling3.c: 28: PORTA=0x00;
   126  0753  1283               	bcf	3,5	;RP0=0, select bank0
   127  0754  1303               	bcf	3,6	;RP1=0, select bank0
   128  0755  0185               	clrf	5	;volatile
   129                           
   130                           ;bling3.c: 29: PORTB=0x00;
   131  0756  0186               	clrf	6	;volatile
   132                           
   133                           ;bling3.c: 30: PORTC=0x00;
   134  0757  0187               	clrf	7	;volatile
   135  0758                     l17:	
   136                           ;bling3.c: 31: while(1)
   137                           
   138                           
   139                           ;bling3.c: 32: {
   140                           ;bling3.c: 33: for(i=0;i<6;i++)
   141  0758  01F3               	clrf	main@i
   142  0759  01F4               	clrf	main@i+1
   143  075A  0874               	movf	main@i+1,w
   144  075B  3A80               	xorlw	128
   145  075C  00FF               	movwf	127
   146  075D  3080               	movlw	128
   147  075E  027F               	subwf	127,w
   148  075F  1D03               	skipz
   149  0760  2F63               	goto	u15
   150  0761  3006               	movlw	6
   151  0762  0273               	subwf	main@i,w
   152  0763                     u15:	
   153  0763  1803               	btfsc	3,0
   154  0764  2F92               	goto	l501
   155  0765                     l489:	
   156                           
   157                           ;bling3.c: 34: {
   158                           ;bling3.c: 35: PORTA=1<<i;
   159  0765  3001               	movlw	1
   160  0766  00F0               	movwf	??_main
   161  0767  0A73               	incf	main@i,w
   162  0768  2F6B               	goto	u24
   163  0769                     u25:	
   164  0769  1003               	clrc
   165  076A  0DF0               	rlf	??_main,f
   166  076B                     u24:	
   167  076B  3EFF               	addlw	-1
   168  076C  1D03               	skipz
   169  076D  2F69               	goto	u25
   170  076E  0870               	movf	??_main,w
   171  076F  1283               	bcf	3,5	;RP0=0, select bank0
   172  0770  1303               	bcf	3,6	;RP1=0, select bank0
   173  0771  0085               	movwf	5	;volatile
   174                           
   175                           ;bling3.c: 36: PORTB=0X00;
   176  0772  0186               	clrf	6	;volatile
   177                           
   178                           ;bling3.c: 37: PORTC=0X00;
   179  0773  0187               	clrf	7	;volatile
   180                           
   181                           ;bling3.c: 38: _delay((unsigned long)((500)*(4000000/4000.0)));
   182  0774  3003               	movlw	3
   183  0775  00F2               	movwf	??_main+2
   184  0776  308A               	movlw	138
   185  0777  00F1               	movwf	??_main+1
   186  0778  3056               	movlw	86
   187  0779  00F0               	movwf	??_main
   188  077A                     u107:	
   189  077A  0BF0               	decfsz	??_main,f
   190  077B  2F7A               	goto	u107
   191  077C  0BF1               	decfsz	??_main+1,f
   192  077D  2F7A               	goto	u107
   193  077E  0BF2               	decfsz	??_main+2,f
   194  077F  2F7A               	goto	u107
   195  0780  2F81               	nop2
   196  0781  3001               	movlw	1
   197  0782  07F3               	addwf	main@i,f
   198  0783  1803               	skipnc
   199  0784  0AF4               	incf	main@i+1,f
   200  0785  3000               	movlw	0
   201  0786  07F4               	addwf	main@i+1,f
   202  0787  0874               	movf	main@i+1,w
   203  0788  3A80               	xorlw	128
   204  0789  00FF               	movwf	127
   205  078A  3080               	movlw	128
   206  078B  027F               	subwf	127,w
   207  078C  1D03               	skipz
   208  078D  2F90               	goto	u35
   209  078E  3006               	movlw	6
   210  078F  0273               	subwf	main@i,w
   211  0790                     u35:	
   212  0790  1C03               	skipc
   213  0791  2F65               	goto	l489
   214  0792                     l501:	
   215                           
   216                           ;bling3.c: 39: }
   217                           ;bling3.c: 41: for(i=0;i<8;i++)
   218  0792  01F3               	clrf	main@i
   219  0793  01F4               	clrf	main@i+1
   220  0794  0874               	movf	main@i+1,w
   221  0795  3A80               	xorlw	128
   222  0796  00FF               	movwf	127
   223  0797  3080               	movlw	128
   224  0798  027F               	subwf	127,w
   225  0799  1D03               	skipz
   226  079A  2F9D               	goto	u45
   227  079B  3008               	movlw	8
   228  079C  0273               	subwf	main@i,w
   229  079D                     u45:	
   230  079D  1803               	btfsc	3,0
   231  079E  2FCC               	goto	l519
   232  079F                     l507:	
   233                           
   234                           ;bling3.c: 42: {
   235                           ;bling3.c: 43: PORTA=0x00;
   236  079F  1283               	bcf	3,5	;RP0=0, select bank0
   237  07A0  1303               	bcf	3,6	;RP1=0, select bank0
   238  07A1  0185               	clrf	5	;volatile
   239                           
   240                           ;bling3.c: 44: PORTB=1<<i;
   241  07A2  3001               	movlw	1
   242  07A3  00F0               	movwf	??_main
   243  07A4  0A73               	incf	main@i,w
   244  07A5  2FA8               	goto	u54
   245  07A6                     u55:	
   246  07A6  1003               	clrc
   247  07A7  0DF0               	rlf	??_main,f
   248  07A8                     u54:	
   249  07A8  3EFF               	addlw	-1
   250  07A9  1D03               	skipz
   251  07AA  2FA6               	goto	u55
   252  07AB  0870               	movf	??_main,w
   253  07AC  0086               	movwf	6	;volatile
   254                           
   255                           ;bling3.c: 45: PORTC=0x00;
   256  07AD  0187               	clrf	7	;volatile
   257                           
   258                           ;bling3.c: 46: _delay((unsigned long)((500)*(4000000/4000.0)));
   259  07AE  3003               	movlw	3
   260  07AF  00F2               	movwf	??_main+2
   261  07B0  308A               	movlw	138
   262  07B1  00F1               	movwf	??_main+1
   263  07B2  3056               	movlw	86
   264  07B3  00F0               	movwf	??_main
   265  07B4                     u117:	
   266  07B4  0BF0               	decfsz	??_main,f
   267  07B5  2FB4               	goto	u117
   268  07B6  0BF1               	decfsz	??_main+1,f
   269  07B7  2FB4               	goto	u117
   270  07B8  0BF2               	decfsz	??_main+2,f
   271  07B9  2FB4               	goto	u117
   272  07BA  2FBB               	nop2
   273  07BB  3001               	movlw	1
   274  07BC  07F3               	addwf	main@i,f
   275  07BD  1803               	skipnc
   276  07BE  0AF4               	incf	main@i+1,f
   277  07BF  3000               	movlw	0
   278  07C0  07F4               	addwf	main@i+1,f
   279  07C1  0874               	movf	main@i+1,w
   280  07C2  3A80               	xorlw	128
   281  07C3  00FF               	movwf	127
   282  07C4  3080               	movlw	128
   283  07C5  027F               	subwf	127,w
   284  07C6  1D03               	skipz
   285  07C7  2FCA               	goto	u65
   286  07C8  3008               	movlw	8
   287  07C9  0273               	subwf	main@i,w
   288  07CA                     u65:	
   289  07CA  1C03               	skipc
   290  07CB  2F9F               	goto	l507
   291  07CC                     l519:	
   292                           
   293                           ;bling3.c: 47: }
   294                           ;bling3.c: 49: for(i=0;i<8;i++)
   295  07CC  01F3               	clrf	main@i
   296  07CD  01F4               	clrf	main@i+1
   297  07CE                     L1:	
   298  07CE  0874               	movf	main@i+1,w
   299  07CF  3A80               	xorlw	128
   300  07D0  00FF               	movwf	127
   301  07D1  3080               	movlw	128
   302  07D2  027F               	subwf	127,w
   303  07D3  1D03               	skipz
   304  07D4  2FD7               	goto	u75
   305  07D5  3008               	movlw	8
   306  07D6  0273               	subwf	main@i,w
   307  07D7                     u75:	
   308  07D7  1803               	btfsc	3,0
   309  07D8  2F58               	goto	l17
   310                           
   311                           ;bling3.c: 50: {
   312                           ;bling3.c: 51: PORTA=0x00;
   313  07D9  1283               	bcf	3,5	;RP0=0, select bank0
   314  07DA  1303               	bcf	3,6	;RP1=0, select bank0
   315  07DB  0185               	clrf	5	;volatile
   316                           
   317                           ;bling3.c: 52: PORTB=0x00;
   318  07DC  0186               	clrf	6	;volatile
   319                           
   320                           ;bling3.c: 53: PORTC=1<<i;
   321  07DD  3001               	movlw	1
   322  07DE  00F0               	movwf	??_main
   323  07DF  0A73               	incf	main@i,w
   324  07E0  2FE3               	goto	u84
   325  07E1                     u85:	
   326  07E1  1003               	clrc
   327  07E2  0DF0               	rlf	??_main,f
   328  07E3                     u84:	
   329  07E3  3EFF               	addlw	-1
   330  07E4  1D03               	skipz
   331  07E5  2FE1               	goto	u85
   332  07E6  0870               	movf	??_main,w
   333  07E7  0087               	movwf	7	;volatile
   334                           
   335                           ;bling3.c: 54: _delay((unsigned long)((500)*(4000000/4000.0)));
   336  07E8  3003               	movlw	3
   337  07E9  00F2               	movwf	??_main+2
   338  07EA  308A               	movlw	138
   339  07EB  00F1               	movwf	??_main+1
   340  07EC  3056               	movlw	86
   341  07ED  00F0               	movwf	??_main
   342  07EE                     u127:	
   343  07EE  0BF0               	decfsz	??_main,f
   344  07EF  2FEE               	goto	u127
   345  07F0  0BF1               	decfsz	??_main+1,f
   346  07F1  2FEE               	goto	u127
   347  07F2  0BF2               	decfsz	??_main+2,f
   348  07F3  2FEE               	goto	u127
   349  07F4  2FF5               	nop2
   350  07F5  3001               	movlw	1
   351  07F6  07F3               	addwf	main@i,f
   352  07F7  1803               	skipnc
   353  07F8  0AF4               	incf	main@i+1,f
   354  07F9  3000               	movlw	0
   355  07FA  07F4               	addwf	main@i+1,f
   356  07FB  2FCE               	goto	L1
   357  07FC                     __end_of_main:	
   358  007E                     btemp	set	126	;btemp
   359  007E                     wtemp	set	126
   360  007E                     wtemp0	set	126
   361  0080                     wtemp1	set	128
   362  0082                     wtemp2	set	130
   363  0084                     wtemp3	set	132
   364  0086                     wtemp4	set	134
   365  0088                     wtemp5	set	136
   366  007F                     wtemp6	set	127
   367  007E                     ttemp	set	126
   368  007E                     ttemp0	set	126
   369  0081                     ttemp1	set	129
   370  0084                     ttemp2	set	132
   371  0087                     ttemp3	set	135
   372  007F                     ttemp4	set	127
   373  007E                     ltemp	set	126
   374  007E                     ltemp0	set	126
   375  0082                     ltemp1	set	130
   376  0086                     ltemp2	set	134
   377  0080                     ltemp3	set	128
   378                           
   379                           	psect	cinit
   380  07FC                     start_initialization:	
   381  07FC                     __initialization:	
   382  07FC                     end_of_initialization:	
   383                           ;End of C runtime variable initialization code
   384                           
   385  07FC                     __end_of__initialization:	
   386  07FC  0183               	clrf	3
   387  07FD  120A  118A  2F4E   	ljmp	_main	;jump to C main() function
   388                           
   389                           	psect	cstackCOMMON
   390  0070                     __pcstackCOMMON:	
   391  0070                     ?_main:	
   392  0070                     ??_main:	
   393                           ; 0 bytes @ 0x0
   394                           
   395                           
   396                           ; 0 bytes @ 0x0
   397  0070                     	ds	3
   398  0073                     main@i:	
   399                           
   400                           ; 2 bytes @ 0x3
   401  0073                     	ds	2


Data Sizes:
    Strings     0
    Constant    0
    Data        0
    BSS         0
    Persistent  0
    Stack       0

Auto Spaces:
    Space          Size  Autos    Used
    COMMON           14      5       5
    BANK0            80      0       0
    BANK1            80      0       0
    BANK3            96      0       0
    BANK2            96      0       0

Pointer List with Targets:

    None.

Critical Paths under _main in COMMON

    None.

Critical Paths under _main in BANK0

    None.

Critical Paths under _main in BANK1

    None.

Critical Paths under _main in BANK3

    None.

Critical Paths under _main in BANK2

    None.

Call Graph Tables:

 ---------------------------------------------------------------------------------
 (Depth) Function   	        Calls       Base Space   Used Autos Params    Refs
 ---------------------------------------------------------------------------------
 (0) _main                                                 5     5      0     135
                                              0 COMMON     5     5      0
 ---------------------------------------------------------------------------------
 Estimated maximum stack depth 0
 ---------------------------------------------------------------------------------

 Call Graph Graphs:

 _main (ROOT)

 Address spaces:
Name               Size   Autos  Total    Cost      Usage
BITCOMMON            E      0       0       0        0.0%
EEDATA             100      0       0       0        0.0%
NULL                 0      0       0       0        0.0%
CODE                 0      0       0       0        0.0%
COMMON               E      5       5       1       35.7%
BITSFR0              0      0       0       1        0.0%
SFR0                 0      0       0       1        0.0%
BITSFR1              0      0       0       2        0.0%
SFR1                 0      0       0       2        0.0%
STACK                0      0       0       2        0.0%
ABS                  0      0       0       3        0.0%
BITBANK0            50      0       0       4        0.0%
BITSFR3              0      0       0       4        0.0%
SFR3                 0      0       0       4        0.0%
BANK0               50      0       0       5        0.0%
BITSFR2              0      0       0       5        0.0%
SFR2                 0      0       0       5        0.0%
BITBANK1            50      0       0       6        0.0%
BANK1               50      0       0       7        0.0%
BITBANK3            60      0       0       8        0.0%
BANK3               60      0       0       9        0.0%
BITBANK2            60      0       0      10        0.0%
BANK2               60      0       0      11        0.0%
DATA                 0      0       0      12        0.0%


Microchip Technology PIC Macro Assembler V1.33 build 59893 
Symbol Table                                                                                   Mon Jan  4 07:18:20 2021

            __CFG_CP$OFF 0000                       l17 0758                       u15 0763  
                     u24 076B                       u25 0769                       u35 0790  
                     u45 079D                       u54 07A8                       u55 07A6  
                     u65 07CA                       u75 07D7                       u84 07E3  
                     u85 07E1                      l501 0792                      l507 079F  
                    l519 07CC                      l489 0765                      u107 077A  
                    u117 07B4                      u127 07EE             __CFG_CPD$OFF 0000  
           __CFG_FOSC$XT 0000             __CFG_LVP$OFF 0000             __CFG_WRT$OFF 0000  
                   _main 074E                     btemp 007E                     ltemp 007E  
                   start 0000                     ttemp 007E                     wtemp 007E  
                  ?_main 0070            __CFG_WDTE$OFF 0000                    _PORTA 0005  
                  _PORTB 0006                    _PORTC 0007                    _TRISA 0085  
                  _TRISB 0086                    _TRISC 0087                    main@i 0073  
         __CFG_BOREN$OFF 0000                    ltemp0 007E                    ltemp1 0082  
                  ltemp2 0086                    ltemp3 0080                    ttemp0 007E  
                  ttemp1 0081                    ttemp2 0084                    ttemp3 0087  
                  ttemp4 007F                    status 0003                    wtemp0 007E  
                  wtemp1 0080                    wtemp2 0082                    wtemp3 0084  
                  wtemp4 0086                    wtemp5 0088                    wtemp6 007F  
        __initialization 07FC             __end_of_main 07FC                   ??_main 0070  
         __CFG_PWRTE$OFF 0000  __end_of__initialization 07FC           __pcstackCOMMON 0070  
             __pmaintext 074E     end_of_initialization 07FC      start_initialization 07FC  
              ___latbits 0002            __size_of_main 00AE  
