

Microchip Technology PIC LITE Macro Assembler V1.33 build 59893 
                                                                                               Fri Jan 15 06:40:21 2021

Microchip Technology Omniscient Code Generator (Lite mode) build 59893
     1                           	processor	16F876A
     2                           	opt	pw 120
     3                           	opt	lm
     4                           	psect	idataBANK0,global,class=CODE,delta=2
     5                           	psect	cinit,global,class=CODE,merge=1,delta=2
     6                           	psect	dataBANK0,global,class=BANK0,space=1,delta=1
     7                           	psect	inittext,global,class=CODE,delta=2
     8                           	psect	cstackCOMMON,global,class=COMMON,space=1,delta=1
     9                           	psect	cstackBANK0,global,class=BANK0,space=1,delta=1
    10                           	psect	maintext,global,class=CODE,split=1,delta=2
    11                           	dabs	1,0x7E,2
    12  0000                     	;# 
    13  0001                     	;# 
    14  0002                     	;# 
    15  0003                     	;# 
    16  0004                     	;# 
    17  0005                     	;# 
    18  0006                     	;# 
    19  0007                     	;# 
    20  000A                     	;# 
    21  000B                     	;# 
    22  000C                     	;# 
    23  000D                     	;# 
    24  000E                     	;# 
    25  000E                     	;# 
    26  000F                     	;# 
    27  0010                     	;# 
    28  0011                     	;# 
    29  0012                     	;# 
    30  0013                     	;# 
    31  0014                     	;# 
    32  0015                     	;# 
    33  0015                     	;# 
    34  0016                     	;# 
    35  0017                     	;# 
    36  0018                     	;# 
    37  0019                     	;# 
    38  001A                     	;# 
    39  001B                     	;# 
    40  001B                     	;# 
    41  001C                     	;# 
    42  001D                     	;# 
    43  001E                     	;# 
    44  001F                     	;# 
    45  0081                     	;# 
    46  0085                     	;# 
    47  0086                     	;# 
    48  0087                     	;# 
    49  008C                     	;# 
    50  008D                     	;# 
    51  008E                     	;# 
    52  0091                     	;# 
    53  0092                     	;# 
    54  0093                     	;# 
    55  0094                     	;# 
    56  0098                     	;# 
    57  0099                     	;# 
    58  009C                     	;# 
    59  009D                     	;# 
    60  009E                     	;# 
    61  009F                     	;# 
    62  010C                     	;# 
    63  010D                     	;# 
    64  010E                     	;# 
    65  010F                     	;# 
    66  018C                     	;# 
    67  018D                     	;# 
    68                           
    69                           	psect	idataBANK0
    70  079E                     __pidataBANK0:	
    71                           
    72                           ;initializer for main@F983
    73  079E  3431               	retlw	49
    74  079F  3432               	retlw	50
    75  07A0  3433               	retlw	51
    76  07A1  3434               	retlw	52
    77  07A2  3435               	retlw	53
    78  07A3  3436               	retlw	54
    79  07A4  340D               	retlw	13
    80  07A5  3400               	retlw	0
    81  07A6  3400               	retlw	0
    82  07A7  3400               	retlw	0
    83  0013                     _SSPBUF	set	19
    84  0014                     _SSPCON	set	20
    85  0063                     _SSPIF	set	99
    86  0094                     _SSPSTAT	set	148
    87  043B                     _TRISC3	set	1083
    88  043C                     _TRISC4	set	1084
    89  043D                     _TRISC5	set	1085
    90                           
    91                           ; #config settings
    92  0000                     
    93                           	psect	cinit
    94  07F1                     start_initialization:	
    95  07F1                     __initialization:	
    96                           
    97                           ; Initialize objects allocated to BANK0
    98  07F1  3036               	movlw	low (__pdataBANK0+10)
    99  07F2  00FD               	movwf	btemp+-1
   100  07F3  3007               	movlw	high __pidataBANK0
   101  07F4  00FE               	movwf	btemp
   102  07F5  309E               	movlw	low __pidataBANK0
   103  07F6  00FF               	movwf	btemp+1
   104  07F7  302C               	movlw	low __pdataBANK0
   105  07F8  0084               	movwf	4
   106  07F9  120A  118A  27AC   	fcall	init_ram0
   107  07FC                     end_of_initialization:	
   108                           ;End of C runtime variable initialization code
   109                           
   110  07FC                     __end_of__initialization:	
   111  07FC  0183               	clrf	3
   112  07FD  120A  118A  2FB9   	ljmp	_main	;jump to C main() function
   113                           
   114                           	psect	dataBANK0
   115  002C                     __pdataBANK0:	
   116  002C                     main@F983:	
   117  002C                     	ds	10
   118                           
   119                           	psect	inittext
   120  07A8                     init_fetch0:	
   121                           ;	Called with low address in FSR and high address in W
   122                           
   123  07A8  087E               	movf	126,w
   124  07A9  008A               	movwf	10
   125  07AA  087F               	movf	127,w
   126  07AB  0082               	movwf	2
   127  07AC                     init_ram0:	
   128                           ;Called with:
   129                           ;	high address of idata address in btemp 
   130                           ;	low address of idata address in btemp+1 
   131                           ;	low address of data in FSR
   132                           ;	high address + 1 of data in btemp-1
   133                           
   134  07AC  27A8  120A  118A   	fcall	init_fetch0
   135  07AF  0080               	movwf	0
   136  07B0  0A84               	incf	4,f
   137  07B1  0804               	movf	4,w
   138  07B2  067D               	xorwf	125,w
   139  07B3  1903               	btfsc	3,2
   140  07B4  3400               	retlw	0
   141  07B5  0AFF               	incf	127,f
   142  07B6  1903               	btfsc	3,2
   143  07B7  0AFE               	incf	126,f
   144  07B8  2FAC               	goto	init_ram0
   145                           
   146                           	psect	cstackCOMMON
   147  0070                     __pcstackCOMMON:	
   148  0070                     ?_main:	
   149  0070                     ??_main:	
   150                           ; 0 bytes @ 0x0
   151                           
   152                           
   153                           ; 0 bytes @ 0x0
   154  0070                     	ds	4
   155                           
   156                           	psect	cstackBANK0
   157  0020                     __pcstackBANK0:	
   158  0020                     main@c:	
   159                           
   160                           ; 10 bytes @ 0x0
   161  0020                     	ds	10
   162  002A                     main@i:	
   163                           
   164                           ; 2 bytes @ 0xA
   165  002A                     	ds	2
   166                           
   167                           	psect	maintext
   168  07B9                     __pmaintext:	
   169 ;;
   170 ;;Main: autosize = 0, tempsize = 4, incstack = 0, save=0
   171 ;;
   172 ;; *************** function _main *****************
   173 ;; Defined at:
   174 ;;		line 16 in file "spi-sla2.c"
   175 ;; Parameters:    Size  Location     Type
   176 ;;		None
   177 ;; Auto vars:     Size  Location     Type
   178 ;;  c              10    0[BANK0 ] unsigned char [10]
   179 ;;  i               2   10[BANK0 ] int 
   180 ;; Return value:  Size  Location     Type
   181 ;;		None               void
   182 ;; Registers used:
   183 ;;		wreg, fsr0l, fsr0h, status,2, status,0
   184 ;; Tracked objects:
   185 ;;		On entry : 17F/0
   186 ;;		On exit  : 0/0
   187 ;;		Unchanged: 0/0
   188 ;; Data sizes:     COMMON   BANK0   BANK1   BANK3   BANK2
   189 ;;      Params:         0       0       0       0       0
   190 ;;      Locals:         0      12       0       0       0
   191 ;;      Temps:          4       0       0       0       0
   192 ;;      Totals:         4      12       0       0       0
   193 ;;Total ram usage:       16 bytes
   194 ;; This function calls:
   195 ;;		Nothing
   196 ;; This function is called by:
   197 ;;		Startup code after reset
   198 ;; This function uses a non-reentrant model
   199 ;;
   200                           
   201                           
   202                           ;psect for function _main
   203  07B9                     _main:	
   204                           
   205                           ;spi-sla2.c: 18: SSPCON=0x25;
   206                           
   207                           ;incstack = 0
   208                           ; Regs used in _main: [wreg-fsr0h+status,2+status,0]
   209  07B9  3025               	movlw	37
   210  07BA  1283               	bcf	3,5	;RP0=0, select bank0
   211  07BB  1303               	bcf	3,6	;RP1=0, select bank0
   212  07BC  0094               	movwf	20	;volatile
   213                           
   214                           ;spi-sla2.c: 19: SSPSTAT=0x00;
   215  07BD  1683               	bsf	3,5	;RP0=1, select bank1
   216  07BE  1303               	bcf	3,6	;RP1=0, select bank1
   217  07BF  0194               	clrf	20	;volatile
   218                           
   219                           ;spi-sla2.c: 20: char c[10]="123456\r";
   220  07C0  3020               	movlw	main@c& (0+255)
   221  07C1  0084               	movwf	4
   222  07C2  302C               	movlw	low main@F983
   223  07C3  00F0               	movwf	??_main
   224  07C4  0804               	movf	4,w
   225  07C5  00F1               	movwf	??_main+1
   226  07C6  300A               	movlw	10
   227  07C7  00F2               	movwf	??_main+2
   228  07C8                     u40:	
   229  07C8  0870               	movf	??_main,w
   230  07C9  0084               	movwf	4
   231  07CA  1383               	bcf	3,7	;select IRP bank0
   232  07CB  0800               	movf	0,w
   233  07CC  00F3               	movwf	??_main+3
   234  07CD  0AF0               	incf	??_main,f
   235  07CE  0871               	movf	??_main+1,w
   236  07CF  0084               	movwf	4
   237  07D0  0873               	movf	??_main+3,w
   238  07D1  0080               	movwf	0
   239  07D2  0AF1               	incf	??_main+1,f
   240  07D3  0BF2               	decfsz	??_main+2,f
   241  07D4  2FC8               	goto	u40
   242                           
   243                           ;spi-sla2.c: 21: TRISC5=0;
   244  07D5  1287               	bcf	7,5	;volatile
   245                           
   246                           ;spi-sla2.c: 22: TRISC4=1;
   247  07D6  1607               	bsf	7,4	;volatile
   248                           
   249                           ;spi-sla2.c: 23: TRISC3=1;
   250  07D7  1587               	bsf	7,3	;volatile
   251  07D8                     l517:	
   252                           ;spi-sla2.c: 24: int i;
   253                           ;spi-sla2.c: 25: while(1)
   254                           
   255                           
   256                           ;spi-sla2.c: 26: {
   257                           ;spi-sla2.c: 27: for(i=0;c[i]!='\0';i++)
   258  07D8  1283               	bcf	3,5	;RP0=0, select bank0
   259  07D9  01AA               	clrf	main@i
   260  07DA  01AB               	clrf	main@i+1
   261  07DB                     l523:	
   262  07DB  082A               	movf	main@i,w
   263  07DC  3E20               	addlw	main@c& (0+255)
   264  07DD  0084               	movwf	4
   265  07DE  1383               	bcf	3,7	;select IRP bank0
   266  07DF  0880               	movf	0,f
   267  07E0  1903               	btfsc	3,2
   268  07E1  2FD8               	goto	l517
   269                           
   270                           ;spi-sla2.c: 28: {
   271                           ;spi-sla2.c: 29: SSPBUF=c[i];
   272  07E2  082A               	movf	main@i,w
   273  07E3  3E20               	addlw	main@c& (0+255)
   274  07E4  0084               	movwf	4
   275  07E5  0800               	movf	0,w
   276  07E6  0093               	movwf	19	;volatile
   277  07E7                     l22:	
   278                           ;spi-sla2.c: 30: while(SSPIF==0);
   279                           
   280  07E7  1D8C               	btfss	12,3	;volatile
   281  07E8  2FE7               	goto	l22
   282                           
   283                           ;spi-sla2.c: 31: SSPIF=0;
   284  07E9  118C               	bcf	12,3	;volatile
   285  07EA  3001               	movlw	1
   286  07EB  07AA               	addwf	main@i,f
   287  07EC  1803               	skipnc
   288  07ED  0AAB               	incf	main@i+1,f
   289  07EE  3000               	movlw	0
   290  07EF  07AB               	addwf	main@i+1,f
   291  07F0  2FDB               	goto	l523
   292  07F1                     __end_of_main:	
   293  007E                     btemp	set	126	;btemp
   294  007E                     wtemp	set	126
   295  007E                     wtemp0	set	126
   296  0080                     wtemp1	set	128
   297  0082                     wtemp2	set	130
   298  0084                     wtemp3	set	132
   299  0086                     wtemp4	set	134
   300  0088                     wtemp5	set	136
   301  007F                     wtemp6	set	127
   302  007E                     ttemp	set	126
   303  007E                     ttemp0	set	126
   304  0081                     ttemp1	set	129
   305  0084                     ttemp2	set	132
   306  0087                     ttemp3	set	135
   307  007F                     ttemp4	set	127
   308  007E                     ltemp	set	126
   309  007E                     ltemp0	set	126
   310  0082                     ltemp1	set	130
   311  0086                     ltemp2	set	134
   312  0080                     ltemp3	set	128


Data Sizes:
    Strings     0
    Constant    0
    Data        10
    BSS         0
    Persistent  0
    Stack       0

Auto Spaces:
    Space          Size  Autos    Used
    COMMON           14      4       4
    BANK0            80     12      22
    BANK1            80      0       0
    BANK3            96      0       0
    BANK2            96      0       0

Pointer List with Targets:

    None.

Critical Paths under _main in COMMON

    None.

Critical Paths under _main in BANK0

    None.

Critical Paths under _main in BANK1

    None.

Critical Paths under _main in BANK3

    None.

Critical Paths under _main in BANK2

    None.

Call Graph Tables:

 ---------------------------------------------------------------------------------
 (Depth) Function   	        Calls       Base Space   Used Autos Params    Refs
 ---------------------------------------------------------------------------------
 (0) _main                                                16    16      0      93
                                              0 COMMON     4     4      0
                                              0 BANK0     12    12      0
 ---------------------------------------------------------------------------------
 Estimated maximum stack depth 0
 ---------------------------------------------------------------------------------

 Call Graph Graphs:

 _main (ROOT)

 Address spaces:
Name               Size   Autos  Total    Cost      Usage
BANK3               60      0       0       9        0.0%
BITBANK3            60      0       0       8        0.0%
SFR3                 0      0       0       4        0.0%
BITSFR3              0      0       0       4        0.0%
BANK2               60      0       0      11        0.0%
BITBANK2            60      0       0      10        0.0%
SFR2                 0      0       0       5        0.0%
BITSFR2              0      0       0       5        0.0%
BANK1               50      0       0       7        0.0%
BITBANK1            50      0       0       6        0.0%
SFR1                 0      0       0       2        0.0%
BITSFR1              0      0       0       2        0.0%
BANK0               50      C      16       5       27.5%
BITBANK0            50      0       0       4        0.0%
SFR0                 0      0       0       1        0.0%
BITSFR0              0      0       0       1        0.0%
COMMON               E      4       4       1       28.6%
BITCOMMON            E      0       0       0        0.0%
CODE                 0      0       0       0        0.0%
DATA                 0      0      1A      12        0.0%
ABS                  0      0      1A       3        0.0%
NULL                 0      0       0       0        0.0%
STACK                0      0       0       2        0.0%
EEDATA             100      0       0       0        0.0%


Microchip Technology PIC Macro Assembler V1.33 build 59893 
Symbol Table                                                                                   Fri Jan 15 06:40:21 2021

                      pc 0002              __CFG_CP$OFF 0000                       l22 07E7  
                     u40 07C8                       fsr 0004                      l523 07DB  
                    l517 07D8             __CFG_CPD$OFF 0000                      fsr0 0004  
                    indf 0000             __CFG_FOSC$XT 0000             __CFG_LVP$OFF 0000  
           __CFG_WRT$OFF 0000                     _main 07B9                     btemp 007E  
                   ltemp 007E                     start 0000                     ttemp 007E  
                   wtemp 007E                    ?_main 0070            __CFG_WDTE$OFF 0000  
                  _SSPIF 0063                    main@c 0020                    main@i 002A  
         __CFG_BOREN$OFF 0000                    pclath 000A                    ltemp0 007E  
                  ltemp1 0082                    ltemp2 0086                    ltemp3 0080  
                  ttemp0 007E                    ttemp1 0081                    ttemp2 0084  
                  ttemp3 0087                    ttemp4 007F                    status 0003  
                  wtemp0 007E                    wtemp1 0080                    wtemp2 0082  
                  wtemp3 0084                    wtemp4 0086                    wtemp5 0088  
                  wtemp6 007F          __initialization 07F1             __end_of_main 07F1  
                 ??_main 0070                   _TRISC3 043B                   _TRISC4 043C  
                 _TRISC5 043D                   _SSPCON 0014                   _SSPBUF 0013  
         __CFG_PWRTE$OFF 0000  __end_of__initialization 07FC           __pcstackCOMMON 0070  
           __pidataBANK0 079E               __pmaintext 07B9                  _SSPSTAT 0094  
   end_of_initialization 07FC      start_initialization 07F1               init_fetch0 07A8  
            __pdataBANK0 002C                ___latbits 0002            __pcstackBANK0 0020  
          __size_of_main 0038                 main@F983 002C                 init_ram0 07AC  
