

Microchip Technology PIC LITE Macro Assembler V1.33 build 59893 
                                                                                               Sat Jan  2 04:56:31 2021

Microchip Technology Omniscient Code Generator (Lite mode) build 59893
     1                           	processor	16F876A
     2                           	opt	pw 120
     3                           	opt	lm
     4                           	psect	maintext,global,class=CODE,split=1,delta=2
     5                           	psect	cinit,global,class=CODE,merge=1,delta=2
     6                           	psect	cstackCOMMON,global,class=COMMON,space=1,delta=1
     7                           	dabs	1,0x7E,2
     8  0000                     	;# 
     9  0001                     	;# 
    10  0002                     	;# 
    11  0003                     	;# 
    12  0004                     	;# 
    13  0005                     	;# 
    14  0006                     	;# 
    15  0007                     	;# 
    16  000A                     	;# 
    17  000B                     	;# 
    18  000C                     	;# 
    19  000D                     	;# 
    20  000E                     	;# 
    21  000E                     	;# 
    22  000F                     	;# 
    23  0010                     	;# 
    24  0011                     	;# 
    25  0012                     	;# 
    26  0013                     	;# 
    27  0014                     	;# 
    28  0015                     	;# 
    29  0015                     	;# 
    30  0016                     	;# 
    31  0017                     	;# 
    32  0018                     	;# 
    33  0019                     	;# 
    34  001A                     	;# 
    35  001B                     	;# 
    36  001B                     	;# 
    37  001C                     	;# 
    38  001D                     	;# 
    39  001E                     	;# 
    40  001F                     	;# 
    41  0081                     	;# 
    42  0085                     	;# 
    43  0086                     	;# 
    44  0087                     	;# 
    45  008C                     	;# 
    46  008D                     	;# 
    47  008E                     	;# 
    48  0091                     	;# 
    49  0092                     	;# 
    50  0093                     	;# 
    51  0094                     	;# 
    52  0098                     	;# 
    53  0099                     	;# 
    54  009C                     	;# 
    55  009D                     	;# 
    56  009E                     	;# 
    57  009F                     	;# 
    58  010C                     	;# 
    59  010D                     	;# 
    60  010E                     	;# 
    61  010F                     	;# 
    62  018C                     	;# 
    63  018D                     	;# 
    64  0007                     _PORTC	set	7
    65  0030                     _RB0	set	48
    66  0087                     _TRISC	set	135
    67  0430                     _TRISB0	set	1072
    68                           
    69                           	psect	maintext
    70  0779                     __pmaintext:	
    71                           ; #config settings
    72                           
    73                           
    74                           ;psect for function _main
    75  0000                     
    76 ;;
    77 ;;Main: autosize = 0, tempsize = 3, incstack = 0, save=0
    78 ;;
    79 ;; *************** function _main *****************
    80 ;; Defined at:
    81 ;;		line 17 in file "led1.c"
    82 ;; Parameters:    Size  Location     Type
    83 ;;		None
    84 ;; Auto vars:     Size  Location     Type
    85 ;;  i               2    5[COMMON] int 
    86 ;;  j               2    3[COMMON] int 
    87 ;; Return value:  Size  Location     Type
    88 ;;		None               void
    89 ;; Registers used:
    90 ;;		wreg, status,2, status,0
    91 ;; Tracked objects:
    92 ;;		On entry : 17F/0
    93 ;;		On exit  : 0/0
    94 ;;		Unchanged: 0/0
    95 ;; Data sizes:     COMMON   BANK0   BANK1   BANK3   BANK2
    96 ;;      Params:         0       0       0       0       0
    97 ;;      Locals:         4       0       0       0       0
    98 ;;      Temps:          3       0       0       0       0
    99 ;;      Totals:         7       0       0       0       0
   100 ;;Total ram usage:        7 bytes
   101 ;; This function calls:
   102 ;;		Nothing
   103 ;; This function is called by:
   104 ;;		Startup code after reset
   105 ;; This function uses a non-reentrant model
   106 ;;
   107  0779                     _main:	
   108                           
   109                           ;led1.c: 19: int i,j;
   110                           ;led1.c: 20: TRISB0=1;
   111                           
   112                           ;incstack = 0
   113                           ; Regs used in _main: [wreg+status,2+status,0]
   114  0779  1683               	bsf	3,5	;RP0=1, select bank1
   115  077A  1303               	bcf	3,6	;RP1=0, select bank1
   116  077B  1406               	bsf	6,0	;volatile
   117                           
   118                           ;led1.c: 21: TRISC=0x00;
   119  077C  0187               	clrf	7	;volatile
   120                           
   121                           ;led1.c: 22: PORTC=0x00;
   122  077D  1283               	bcf	3,5	;RP0=0, select bank0
   123  077E  1303               	bcf	3,6	;RP1=0, select bank0
   124  077F  0187               	clrf	7	;volatile
   125  0780                     l495:	
   126                           ;led1.c: 23: while(1)
   127                           
   128                           
   129                           ;led1.c: 24: {
   130                           ;led1.c: 25: PORTC=1<<0;
   131  0780  3001               	movlw	1
   132  0781  0087               	movwf	7	;volatile
   133                           
   134                           ;led1.c: 26: _delay((unsigned long)((300)*(4000000/4000.0)));
   135  0782  3002               	movlw	2
   136  0783  00F2               	movwf	??_main+2
   137  0784  3086               	movlw	134
   138  0785  00F1               	movwf	??_main+1
   139  0786  3099               	movlw	153
   140  0787  00F0               	movwf	??_main
   141  0788                     u117:	
   142  0788  0BF0               	decfsz	??_main,f
   143  0789  2F88               	goto	u117
   144  078A  0BF1               	decfsz	??_main+1,f
   145  078B  2F88               	goto	u117
   146  078C  0BF2               	decfsz	??_main+2,f
   147  078D  2F88               	goto	u117
   148                           
   149                           ;led1.c: 27: if(RB0==0)
   150  078E  1283               	bcf	3,5	;RP0=0, select bank0
   151  078F  1303               	bcf	3,6	;RP1=0, select bank0
   152  0790  1806               	btfsc	6,0	;volatile
   153  0791  2F80               	goto	l495
   154  0792                     l15:	
   155                           ;led1.c: 28: {
   156                           ;led1.c: 29: while(RB0==0);
   157                           
   158  0792  1C06               	btfss	6,0	;volatile
   159  0793  2F92               	goto	l15
   160                           
   161                           ;led1.c: 30: for(i=0;;i++)
   162  0794  01F5               	clrf	main@i
   163  0795  01F6               	clrf	main@i+1
   164                           
   165                           ;led1.c: 31: {
   166                           ;led1.c: 32: PORTC=1<<i;
   167  0796  3001               	movlw	1
   168  0797  00F0               	movwf	??_main
   169  0798  0A75               	incf	main@i,w
   170  0799  2F9C               	goto	u34
   171  079A                     u35:	
   172  079A  1003               	clrc
   173  079B  0DF0               	rlf	??_main,f
   174  079C                     u34:	
   175  079C  3EFF               	addlw	-1
   176  079D  1D03               	skipz
   177  079E  2F9A               	goto	u35
   178  079F  0870               	movf	??_main,w
   179  07A0  0087               	movwf	7	;volatile
   180                           
   181                           ;led1.c: 33: _delay((unsigned long)((200)*(4000000/4000.0)));
   182  07A1  3002               	movlw	2
   183  07A2  00F2               	movwf	??_main+2
   184  07A3  3004               	movlw	4
   185  07A4  00F1               	movwf	??_main+1
   186  07A5  30BA               	movlw	186
   187  07A6  00F0               	movwf	??_main
   188  07A7                     u127:	
   189  07A7  0BF0               	decfsz	??_main,f
   190  07A8  2FA7               	goto	u127
   191  07A9  0BF1               	decfsz	??_main+1,f
   192  07AA  2FA7               	goto	u127
   193  07AB  0BF2               	decfsz	??_main+2,f
   194  07AC  2FA7               	goto	u127
   195  07AD  0000               	nop
   196                           
   197                           ;led1.c: 34: if(RB0==0)
   198  07AE  1283               	bcf	3,5	;RP0=0, select bank0
   199  07AF  1303               	bcf	3,6	;RP1=0, select bank0
   200  07B0  1806               	btfsc	6,0	;volatile
   201  07B1  2FF0               	goto	l527
   202  07B2                     l20:	
   203                           ;led1.c: 35: {
   204                           ;led1.c: 36: while(RB0==0);
   205                           
   206  07B2  1C06               	btfss	6,0	;volatile
   207  07B3  2FB2               	goto	l20
   208                           
   209                           ;led1.c: 37: for(j=i-1;;j--)
   210  07B4  0875               	movf	main@i,w
   211  07B5  3EFF               	addlw	255
   212  07B6  00F3               	movwf	main@j
   213  07B7  0876               	movf	main@i+1,w
   214  07B8  1803               	skipnc
   215  07B9  3E01               	addlw	1
   216  07BA  3EFF               	addlw	255
   217  07BB  00F4               	movwf	main@j+1
   218  07BC                     l23:	
   219                           
   220                           ;led1.c: 38: {
   221                           ;led1.c: 39: PORTC=1<<j;
   222  07BC  3001               	movlw	1
   223  07BD  00F0               	movwf	??_main
   224  07BE  0A73               	incf	main@j,w
   225  07BF  2FC2               	goto	u64
   226  07C0                     u65:	
   227  07C0  1003               	clrc
   228  07C1  0DF0               	rlf	??_main,f
   229  07C2                     u64:	
   230  07C2  3EFF               	addlw	-1
   231  07C3  1D03               	skipz
   232  07C4  2FC0               	goto	u65
   233  07C5  0870               	movf	??_main,w
   234  07C6  0087               	movwf	7	;volatile
   235                           
   236                           ;led1.c: 40: _delay((unsigned long)((200)*(4000000/4000.0)));
   237  07C7  3002               	movlw	2
   238  07C8  00F2               	movwf	??_main+2
   239  07C9  3004               	movlw	4
   240  07CA  00F1               	movwf	??_main+1
   241  07CB  30BA               	movlw	186
   242  07CC  00F0               	movwf	??_main
   243  07CD                     u137:	
   244  07CD  0BF0               	decfsz	??_main,f
   245  07CE  2FCD               	goto	u137
   246  07CF  0BF1               	decfsz	??_main+1,f
   247  07D0  2FCD               	goto	u137
   248  07D1  0BF2               	decfsz	??_main+2,f
   249  07D2  2FCD               	goto	u137
   250  07D3  0000               	nop
   251                           
   252                           ;led1.c: 41: if(RB0==0)
   253  07D4  1283               	bcf	3,5	;RP0=0, select bank0
   254  07D5  1303               	bcf	3,6	;RP1=0, select bank0
   255  07D6  1806               	btfsc	6,0	;volatile
   256  07D7  2FE1               	goto	l523
   257  07D8                     l25:	
   258                           ;led1.c: 42: {
   259                           ;led1.c: 43: while(RB0==0);
   260                           
   261  07D8  1C06               	btfss	6,0	;volatile
   262  07D9  2FD8               	goto	l25
   263                           
   264                           ;led1.c: 44: i=j;
   265  07DA  0874               	movf	main@j+1,w
   266  07DB  01F6               	clrf	main@i+1
   267  07DC  07F6               	addwf	main@i+1,f
   268  07DD  0873               	movf	main@j,w
   269  07DE  01F5               	clrf	main@i
   270  07DF  07F5               	addwf	main@i,f
   271                           
   272                           ;led1.c: 45: break;
   273  07E0  2FF0               	goto	l527
   274  07E1                     l523:	
   275                           
   276                           ;led1.c: 46: }
   277                           ;led1.c: 47: if(j==0)
   278  07E1  0874               	movf	main@j+1,w
   279  07E2  0473               	iorwf	main@j,w
   280  07E3  1D03               	skipz
   281  07E4  2FE9               	goto	l29
   282                           
   283                           ;led1.c: 48: {
   284                           ;led1.c: 49: j=8;
   285  07E5  3008               	movlw	8
   286  07E6  00F3               	movwf	main@j
   287  07E7  3000               	movlw	0
   288  07E8  00F4               	movwf	main@j+1
   289  07E9                     l29:	
   290  07E9  30FF               	movlw	255
   291  07EA  07F3               	addwf	main@j,f
   292  07EB  1803               	skipnc
   293  07EC  0AF4               	incf	main@j+1,f
   294  07ED  30FF               	movlw	255
   295  07EE  07F4               	addwf	main@j+1,f
   296  07EF  2FBC               	goto	l23
   297  07F0                     l527:	
   298                           
   299                           ;led1.c: 50: }
   300                           ;led1.c: 52: }
   301                           ;led1.c: 53: }
   302                           ;led1.c: 54: if(i==7)
   303  07F0  3007               	movlw	7
   304  07F1  0675               	xorwf	main@i,w
   305  07F2  0476               	iorwf	main@i+1,w
   306  07F3  1D03               	skipz
   307  07F4  2FF9               	goto	l34
   308                           
   309                           ;led1.c: 55: {
   310                           ;led1.c: 56: i=-1;
   311  07F5  30FF               	movlw	255
   312  07F6  00F5               	movwf	main@i
   313  07F7  30FF               	movlw	255
   314  07F8  00F6               	movwf	main@i+1
   315  07F9                     l34:	
   316                           ;led1.c: 63: }
   317                           ;led1.c: 64: break;
   318                           
   319                           ;led1.c: 57: }
   320                           ;led1.c: 61: break;
   321                           
   322  07F9  120A  118A  2800   	ljmp	start
   323  07FC                     __end_of_main:	
   324  007E                     btemp	set	126	;btemp
   325  007E                     wtemp	set	126
   326  007E                     wtemp0	set	126
   327  0080                     wtemp1	set	128
   328  0082                     wtemp2	set	130
   329  0084                     wtemp3	set	132
   330  0086                     wtemp4	set	134
   331  0088                     wtemp5	set	136
   332  007F                     wtemp6	set	127
   333  007E                     ttemp	set	126
   334  007E                     ttemp0	set	126
   335  0081                     ttemp1	set	129
   336  0084                     ttemp2	set	132
   337  0087                     ttemp3	set	135
   338  007F                     ttemp4	set	127
   339  007E                     ltemp	set	126
   340  007E                     ltemp0	set	126
   341  0082                     ltemp1	set	130
   342  0086                     ltemp2	set	134
   343  0080                     ltemp3	set	128
   344                           
   345                           	psect	cinit
   346  07FC                     start_initialization:	
   347  07FC                     __initialization:	
   348  07FC                     end_of_initialization:	
   349                           ;End of C runtime variable initialization code
   350                           
   351  07FC                     __end_of__initialization:	
   352  07FC  0183               	clrf	3
   353  07FD  120A  118A  2F79   	ljmp	_main	;jump to C main() function
   354                           
   355                           	psect	cstackCOMMON
   356  0070                     __pcstackCOMMON:	
   357  0070                     ?_main:	
   358  0070                     ??_main:	
   359                           ; 0 bytes @ 0x0
   360                           
   361                           
   362                           ; 0 bytes @ 0x0
   363  0070                     	ds	3
   364  0073                     main@j:	
   365                           
   366                           ; 2 bytes @ 0x3
   367  0073                     	ds	2
   368  0075                     main@i:	
   369                           
   370                           ; 2 bytes @ 0x5
   371  0075                     	ds	2


Data Sizes:
    Strings     0
    Constant    0
    Data        0
    BSS         0
    Persistent  0
    Stack       0

Auto Spaces:
    Space          Size  Autos    Used
    COMMON           14      7       7
    BANK0            80      0       0
    BANK1            80      0       0
    BANK3            96      0       0
    BANK2            96      0       0

Pointer List with Targets:

    None.

Critical Paths under _main in COMMON

    None.

Critical Paths under _main in BANK0

    None.

Critical Paths under _main in BANK1

    None.

Critical Paths under _main in BANK3

    None.

Critical Paths under _main in BANK2

    None.

Call Graph Tables:

 ---------------------------------------------------------------------------------
 (Depth) Function   	        Calls       Base Space   Used Autos Params    Refs
 ---------------------------------------------------------------------------------
 (0) _main                                                 7     7      0      90
                                              0 COMMON     7     7      0
 ---------------------------------------------------------------------------------
 Estimated maximum stack depth 0
 ---------------------------------------------------------------------------------

 Call Graph Graphs:

 _main (ROOT)

 Address spaces:
Name               Size   Autos  Total    Cost      Usage
BITCOMMON            E      0       0       0        0.0%
EEDATA             100      0       0       0        0.0%
NULL                 0      0       0       0        0.0%
CODE                 0      0       0       0        0.0%
COMMON               E      7       7       1       50.0%
BITSFR0              0      0       0       1        0.0%
SFR0                 0      0       0       1        0.0%
BITSFR1              0      0       0       2        0.0%
SFR1                 0      0       0       2        0.0%
STACK                0      0       0       2        0.0%
ABS                  0      0       0       3        0.0%
BITBANK0            50      0       0       4        0.0%
BITSFR3              0      0       0       4        0.0%
SFR3                 0      0       0       4        0.0%
BANK0               50      0       0       5        0.0%
BITSFR2              0      0       0       5        0.0%
SFR2                 0      0       0       5        0.0%
BITBANK1            50      0       0       6        0.0%
BANK1               50      0       0       7        0.0%
BITBANK3            60      0       0       8        0.0%
BANK3               60      0       0       9        0.0%
BITBANK2            60      0       0      10        0.0%
BANK2               60      0       0      11        0.0%
DATA                 0      0       0      12        0.0%


Microchip Technology PIC Macro Assembler V1.33 build 59893 
Symbol Table                                                                                   Sat Jan  2 04:56:31 2021

            __CFG_CP$OFF 0000                       l20 07B2                       l23 07BC  
                     l15 0792                       l25 07D8                       l34 07F9  
                     l29 07E9                       u34 079C                       u35 079A  
                     u64 07C2                       u65 07C0                      l523 07E1  
                    l527 07F0                      l495 0780                      _RB0 0030  
                    u117 0788                      u127 07A7                      u137 07CD  
           __CFG_CPD$OFF 0000             __CFG_FOSC$XT 0000             __CFG_LVP$OFF 0000  
           __CFG_WRT$OFF 0000                     _main 0779                     btemp 007E  
                   ltemp 007E                     start 0000                     ttemp 007E  
                   wtemp 007E                    ?_main 0070            __CFG_WDTE$OFF 0000  
                  _PORTC 0007                    _TRISC 0087                    main@i 0075  
                  main@j 0073           __CFG_BOREN$OFF 0000                    ltemp0 007E  
                  ltemp1 0082                    ltemp2 0086                    ltemp3 0080  
                  ttemp0 007E                    ttemp1 0081                    ttemp2 0084  
                  ttemp3 0087                    ttemp4 007F                    status 0003  
                  wtemp0 007E                    wtemp1 0080                    wtemp2 0082  
                  wtemp3 0084                    wtemp4 0086                    wtemp5 0088  
                  wtemp6 007F          __initialization 07FC             __end_of_main 07FC  
                 ??_main 0070                   _TRISB0 0430           __CFG_PWRTE$OFF 0000  
__end_of__initialization 07FC           __pcstackCOMMON 0070               __pmaintext 0779  
   end_of_initialization 07FC      start_initialization 07FC                ___latbits 0002  
          __size_of_main 0083  
