

Microchip Technology PIC LITE Macro Assembler V1.33 build 59893 
                                                                                               Mon Jan  4 07:42:55 2021

Microchip Technology Omniscient Code Generator (Lite mode) build 59893
     1                           	processor	16F876A
     2                           	opt	pw 120
     3                           	opt	lm
     4                           	psect	maintext,global,class=CODE,split=1,delta=2
     5                           	psect	cinit,global,class=CODE,merge=1,delta=2
     6                           	psect	cstackCOMMON,global,class=COMMON,space=1,delta=1
     7                           	dabs	1,0x7E,2
     8  0000                     	;# 
     9  0001                     	;# 
    10  0002                     	;# 
    11  0003                     	;# 
    12  0004                     	;# 
    13  0005                     	;# 
    14  0006                     	;# 
    15  0007                     	;# 
    16  000A                     	;# 
    17  000B                     	;# 
    18  000C                     	;# 
    19  000D                     	;# 
    20  000E                     	;# 
    21  000E                     	;# 
    22  000F                     	;# 
    23  0010                     	;# 
    24  0011                     	;# 
    25  0012                     	;# 
    26  0013                     	;# 
    27  0014                     	;# 
    28  0015                     	;# 
    29  0015                     	;# 
    30  0016                     	;# 
    31  0017                     	;# 
    32  0018                     	;# 
    33  0019                     	;# 
    34  001A                     	;# 
    35  001B                     	;# 
    36  001B                     	;# 
    37  001C                     	;# 
    38  001D                     	;# 
    39  001E                     	;# 
    40  001F                     	;# 
    41  0081                     	;# 
    42  0085                     	;# 
    43  0086                     	;# 
    44  0087                     	;# 
    45  008C                     	;# 
    46  008D                     	;# 
    47  008E                     	;# 
    48  0091                     	;# 
    49  0092                     	;# 
    50  0093                     	;# 
    51  0094                     	;# 
    52  0098                     	;# 
    53  0099                     	;# 
    54  009C                     	;# 
    55  009D                     	;# 
    56  009E                     	;# 
    57  009F                     	;# 
    58  010C                     	;# 
    59  010D                     	;# 
    60  010E                     	;# 
    61  010F                     	;# 
    62  018C                     	;# 
    63  018D                     	;# 
    64  0007                     _PORTC	set	7
    65  0030                     _RB0	set	48
    66  0087                     _TRISC	set	135
    67  0430                     _TRISB0	set	1072
    68                           
    69                           	psect	maintext
    70  0789                     __pmaintext:	
    71                           ; #config settings
    72                           
    73                           
    74                           ;psect for function _main
    75  0000                     
    76 ;;
    77 ;;Main: autosize = 0, tempsize = 3, incstack = 0, save=0
    78 ;;
    79 ;; *************** function _main *****************
    80 ;; Defined at:
    81 ;;		line 16 in file "switch2.c"
    82 ;; Parameters:    Size  Location     Type
    83 ;;		None
    84 ;; Auto vars:     Size  Location     Type
    85 ;;  i               2    5[COMMON] int 
    86 ;;  j               2    3[COMMON] int 
    87 ;; Return value:  Size  Location     Type
    88 ;;		None               void
    89 ;; Registers used:
    90 ;;		wreg, status,2, status,0
    91 ;; Tracked objects:
    92 ;;		On entry : 17F/0
    93 ;;		On exit  : 0/0
    94 ;;		Unchanged: 0/0
    95 ;; Data sizes:     COMMON   BANK0   BANK1   BANK3   BANK2
    96 ;;      Params:         0       0       0       0       0
    97 ;;      Locals:         4       0       0       0       0
    98 ;;      Temps:          3       0       0       0       0
    99 ;;      Totals:         7       0       0       0       0
   100 ;;Total ram usage:        7 bytes
   101 ;; This function calls:
   102 ;;		Nothing
   103 ;; This function is called by:
   104 ;;		Startup code after reset
   105 ;; This function uses a non-reentrant model
   106 ;;
   107  0789                     _main:	
   108                           
   109                           ;switch2.c: 18: int i,j;
   110                           ;switch2.c: 20: TRISB0=1;
   111                           
   112                           ;incstack = 0
   113                           ; Regs used in _main: [wreg+status,2+status,0]
   114  0789  1683               	bsf	3,5	;RP0=1, select bank1
   115  078A  1303               	bcf	3,6	;RP1=0, select bank1
   116  078B  1406               	bsf	6,0	;volatile
   117                           
   118                           ;switch2.c: 21: TRISC=0x00;
   119  078C  0187               	clrf	7	;volatile
   120                           
   121                           ;switch2.c: 22: PORTC=0x00;
   122  078D  1283               	bcf	3,5	;RP0=0, select bank0
   123  078E  1303               	bcf	3,6	;RP1=0, select bank0
   124  078F  0187               	clrf	7	;volatile
   125                           
   126                           ;switch2.c: 24: {
   127                           ;switch2.c: 25: for(i=0;;i++)
   128                           
   129                           ;switch2.c: 23: while(1)
   130  0790  01F5               	clrf	main@i
   131  0791  01F6               	clrf	main@i+1
   132  0792                     l491:	
   133                           
   134                           ;switch2.c: 26: {
   135                           ;switch2.c: 27: PORTC=1<<i;
   136  0792  3001               	movlw	1
   137  0793  00F0               	movwf	??_main
   138  0794  0A75               	incf	main@i,w
   139  0795  2F98               	goto	u14
   140  0796                     u15:	
   141  0796  1003               	clrc
   142  0797  0DF0               	rlf	??_main,f
   143  0798                     u14:	
   144  0798  3EFF               	addlw	-1
   145  0799  1D03               	skipz
   146  079A  2F96               	goto	u15
   147  079B  0870               	movf	??_main,w
   148  079C  0087               	movwf	7	;volatile
   149                           
   150                           ;switch2.c: 28: _delay((unsigned long)((200)*(4000000/4000.0)));
   151  079D  3002               	movlw	2
   152  079E  00F2               	movwf	??_main+2
   153  079F  3004               	movlw	4
   154  07A0  00F1               	movwf	??_main+1
   155  07A1  30BA               	movlw	186
   156  07A2  00F0               	movwf	??_main
   157  07A3                     u97:	
   158  07A3  0BF0               	decfsz	??_main,f
   159  07A4  2FA3               	goto	u97
   160  07A5  0BF1               	decfsz	??_main+1,f
   161  07A6  2FA3               	goto	u97
   162  07A7  0BF2               	decfsz	??_main+2,f
   163  07A8  2FA3               	goto	u97
   164  07A9  0000               	nop
   165                           
   166                           ;switch2.c: 29: if(RB0==0)
   167  07AA  1283               	bcf	3,5	;RP0=0, select bank0
   168  07AB  1303               	bcf	3,6	;RP1=0, select bank0
   169  07AC  1806               	btfsc	6,0	;volatile
   170  07AD  2FEC               	goto	l513
   171  07AE                     l16:	
   172                           ;switch2.c: 30: {
   173                           ;switch2.c: 31: while(RB0==0);
   174                           
   175  07AE  1C06               	btfss	6,0	;volatile
   176  07AF  2FAE               	goto	l16
   177                           
   178                           ;switch2.c: 32: for(j=i-1;;j--)
   179  07B0  0875               	movf	main@i,w
   180  07B1  3EFF               	addlw	255
   181  07B2  00F3               	movwf	main@j
   182  07B3  0876               	movf	main@i+1,w
   183  07B4  1803               	skipnc
   184  07B5  3E01               	addlw	1
   185  07B6  3EFF               	addlw	255
   186  07B7  00F4               	movwf	main@j+1
   187  07B8                     l19:	
   188                           
   189                           ;switch2.c: 33: {
   190                           ;switch2.c: 34: PORTC=1<<j;
   191  07B8  3001               	movlw	1
   192  07B9  00F0               	movwf	??_main
   193  07BA  0A73               	incf	main@j,w
   194  07BB  2FBE               	goto	u44
   195  07BC                     u45:	
   196  07BC  1003               	clrc
   197  07BD  0DF0               	rlf	??_main,f
   198  07BE                     u44:	
   199  07BE  3EFF               	addlw	-1
   200  07BF  1D03               	skipz
   201  07C0  2FBC               	goto	u45
   202  07C1  0870               	movf	??_main,w
   203  07C2  0087               	movwf	7	;volatile
   204                           
   205                           ;switch2.c: 35: _delay((unsigned long)((200)*(4000000/4000.0)));
   206  07C3  3002               	movlw	2
   207  07C4  00F2               	movwf	??_main+2
   208  07C5  3004               	movlw	4
   209  07C6  00F1               	movwf	??_main+1
   210  07C7  30BA               	movlw	186
   211  07C8  00F0               	movwf	??_main
   212  07C9                     u107:	
   213  07C9  0BF0               	decfsz	??_main,f
   214  07CA  2FC9               	goto	u107
   215  07CB  0BF1               	decfsz	??_main+1,f
   216  07CC  2FC9               	goto	u107
   217  07CD  0BF2               	decfsz	??_main+2,f
   218  07CE  2FC9               	goto	u107
   219  07CF  0000               	nop
   220                           
   221                           ;switch2.c: 36: if(RB0==0)
   222  07D0  1283               	bcf	3,5	;RP0=0, select bank0
   223  07D1  1303               	bcf	3,6	;RP1=0, select bank0
   224  07D2  1806               	btfsc	6,0	;volatile
   225  07D3  2FDD               	goto	l509
   226  07D4                     l21:	
   227                           ;switch2.c: 37: {
   228                           ;switch2.c: 38: while(RB0==0);
   229                           
   230  07D4  1C06               	btfss	6,0	;volatile
   231  07D5  2FD4               	goto	l21
   232                           
   233                           ;switch2.c: 39: i=j;
   234  07D6  0874               	movf	main@j+1,w
   235  07D7  01F6               	clrf	main@i+1
   236  07D8  07F6               	addwf	main@i+1,f
   237  07D9  0873               	movf	main@j,w
   238  07DA  01F5               	clrf	main@i
   239  07DB  07F5               	addwf	main@i,f
   240                           
   241                           ;switch2.c: 40: break;
   242  07DC  2FEC               	goto	l513
   243  07DD                     l509:	
   244                           
   245                           ;switch2.c: 41: }
   246                           ;switch2.c: 42: if(j==0)
   247  07DD  0874               	movf	main@j+1,w
   248  07DE  0473               	iorwf	main@j,w
   249  07DF  1D03               	skipz
   250  07E0  2FE5               	goto	l25
   251                           
   252                           ;switch2.c: 43: {
   253                           ;switch2.c: 44: j=8;
   254  07E1  3008               	movlw	8
   255  07E2  00F3               	movwf	main@j
   256  07E3  3000               	movlw	0
   257  07E4  00F4               	movwf	main@j+1
   258  07E5                     l25:	
   259  07E5  30FF               	movlw	255
   260  07E6  07F3               	addwf	main@j,f
   261  07E7  1803               	skipnc
   262  07E8  0AF4               	incf	main@j+1,f
   263  07E9  30FF               	movlw	255
   264  07EA  07F4               	addwf	main@j+1,f
   265  07EB  2FB8               	goto	l19
   266  07EC                     l513:	
   267                           
   268                           ;switch2.c: 45: }
   269                           ;switch2.c: 47: }
   270                           ;switch2.c: 48: }
   271                           ;switch2.c: 49: if(i==7)
   272  07EC  3007               	movlw	7
   273  07ED  0675               	xorwf	main@i,w
   274  07EE  0476               	iorwf	main@i+1,w
   275  07EF  1D03               	skipz
   276  07F0  2FF5               	goto	l26
   277                           
   278                           ;switch2.c: 50: {
   279                           ;switch2.c: 51: i=-1;
   280  07F1  30FF               	movlw	255
   281  07F2  00F5               	movwf	main@i
   282  07F3  30FF               	movlw	255
   283  07F4  00F6               	movwf	main@i+1
   284  07F5                     l26:	
   285  07F5  3001               	movlw	1
   286  07F6  07F5               	addwf	main@i,f
   287  07F7  1803               	skipnc
   288  07F8  0AF6               	incf	main@i+1,f
   289  07F9  3000               	movlw	0
   290  07FA  07F6               	addwf	main@i+1,f
   291  07FB  2F92               	goto	l491
   292  07FC                     __end_of_main:	
   293  007E                     btemp	set	126	;btemp
   294  007E                     wtemp	set	126
   295  007E                     wtemp0	set	126
   296  0080                     wtemp1	set	128
   297  0082                     wtemp2	set	130
   298  0084                     wtemp3	set	132
   299  0086                     wtemp4	set	134
   300  0088                     wtemp5	set	136
   301  007F                     wtemp6	set	127
   302  007E                     ttemp	set	126
   303  007E                     ttemp0	set	126
   304  0081                     ttemp1	set	129
   305  0084                     ttemp2	set	132
   306  0087                     ttemp3	set	135
   307  007F                     ttemp4	set	127
   308  007E                     ltemp	set	126
   309  007E                     ltemp0	set	126
   310  0082                     ltemp1	set	130
   311  0086                     ltemp2	set	134
   312  0080                     ltemp3	set	128
   313                           
   314                           	psect	cinit
   315  07FC                     start_initialization:	
   316  07FC                     __initialization:	
   317  07FC                     end_of_initialization:	
   318                           ;End of C runtime variable initialization code
   319                           
   320  07FC                     __end_of__initialization:	
   321  07FC  0183               	clrf	3
   322  07FD  120A  118A  2F89   	ljmp	_main	;jump to C main() function
   323                           
   324                           	psect	cstackCOMMON
   325  0070                     __pcstackCOMMON:	
   326  0070                     ?_main:	
   327  0070                     ??_main:	
   328                           ; 0 bytes @ 0x0
   329                           
   330                           
   331                           ; 0 bytes @ 0x0
   332  0070                     	ds	3
   333  0073                     main@j:	
   334                           
   335                           ; 2 bytes @ 0x3
   336  0073                     	ds	2
   337  0075                     main@i:	
   338                           
   339                           ; 2 bytes @ 0x5
   340  0075                     	ds	2


Data Sizes:
    Strings     0
    Constant    0
    Data        0
    BSS         0
    Persistent  0
    Stack       0

Auto Spaces:
    Space          Size  Autos    Used
    COMMON           14      7       7
    BANK0            80      0       0
    BANK1            80      0       0
    BANK3            96      0       0
    BANK2            96      0       0

Pointer List with Targets:

    None.

Critical Paths under _main in COMMON

    None.

Critical Paths under _main in BANK0

    None.

Critical Paths under _main in BANK1

    None.

Critical Paths under _main in BANK3

    None.

Critical Paths under _main in BANK2

    None.

Call Graph Tables:

 ---------------------------------------------------------------------------------
 (Depth) Function   	        Calls       Base Space   Used Autos Params    Refs
 ---------------------------------------------------------------------------------
 (0) _main                                                 7     7      0      90
                                              0 COMMON     7     7      0
 ---------------------------------------------------------------------------------
 Estimated maximum stack depth 0
 ---------------------------------------------------------------------------------

 Call Graph Graphs:

 _main (ROOT)

 Address spaces:
Name               Size   Autos  Total    Cost      Usage
BITCOMMON            E      0       0       0        0.0%
EEDATA             100      0       0       0        0.0%
NULL                 0      0       0       0        0.0%
CODE                 0      0       0       0        0.0%
COMMON               E      7       7       1       50.0%
BITSFR0              0      0       0       1        0.0%
SFR0                 0      0       0       1        0.0%
BITSFR1              0      0       0       2        0.0%
SFR1                 0      0       0       2        0.0%
STACK                0      0       0       2        0.0%
ABS                  0      0       0       3        0.0%
BITBANK0            50      0       0       4        0.0%
BITSFR3              0      0       0       4        0.0%
SFR3                 0      0       0       4        0.0%
BANK0               50      0       0       5        0.0%
BITSFR2              0      0       0       5        0.0%
SFR2                 0      0       0       5        0.0%
BITBANK1            50      0       0       6        0.0%
BANK1               50      0       0       7        0.0%
BITBANK3            60      0       0       8        0.0%
BANK3               60      0       0       9        0.0%
BITBANK2            60      0       0      10        0.0%
BANK2               60      0       0      11        0.0%
DATA                 0      0       0      12        0.0%


Microchip Technology PIC Macro Assembler V1.33 build 59893 
Symbol Table                                                                                   Mon Jan  4 07:42:55 2021

            __CFG_CP$OFF 0000                       l21 07D4                       l16 07AE  
                     l25 07E5                       l26 07F5                       l19 07B8  
                     u14 0798                       u15 0796                       u44 07BE  
                     u45 07BC                       u97 07A3                      l513 07EC  
                    l509 07DD                      l491 0792                      _RB0 0030  
                    u107 07C9             __CFG_CPD$OFF 0000             __CFG_FOSC$XT 0000  
           __CFG_LVP$OFF 0000             __CFG_WRT$OFF 0000                     _main 0789  
                   btemp 007E                     ltemp 007E                     start 0000  
                   ttemp 007E                     wtemp 007E                    ?_main 0070  
          __CFG_WDTE$OFF 0000                    _PORTC 0007                    _TRISC 0087  
                  main@i 0075                    main@j 0073           __CFG_BOREN$OFF 0000  
                  ltemp0 007E                    ltemp1 0082                    ltemp2 0086  
                  ltemp3 0080                    ttemp0 007E                    ttemp1 0081  
                  ttemp2 0084                    ttemp3 0087                    ttemp4 007F  
                  status 0003                    wtemp0 007E                    wtemp1 0080  
                  wtemp2 0082                    wtemp3 0084                    wtemp4 0086  
                  wtemp5 0088                    wtemp6 007F          __initialization 07FC  
           __end_of_main 07FC                   ??_main 0070                   _TRISB0 0430  
         __CFG_PWRTE$OFF 0000  __end_of__initialization 07FC           __pcstackCOMMON 0070  
             __pmaintext 0789     end_of_initialization 07FC      start_initialization 07FC  
              ___latbits 0002            __size_of_main 0073  
