GAS LISTING C:\users\student\Temp/cccUGcfc.s 			page 1


   1               		.file	"mailbox.c"
   2               	__SREG__ = 0x3f
   3               	__SP_H__ = 0x3e
   4               	__SP_L__ = 0x3d
   5               	__tmp_reg__ = 0
   6               	__zero_reg__ = 1
   7               		.global __do_copy_data
   8               		.global __do_clear_bss
   9               		.text
  10               	.global	main
  11               		.type	main, @function
  12               	main:
  13               	/* prologue: frame size=0 */
  14 0000 CF93      		push r28
  15 0002 DF93      		push r29
  16 0004 CDB7      		in r28,__SP_L__
  17 0006 DEB7      		in r29,__SP_H__
  18               	/* prologue end (size=4) */
  19 0008 EBE2      		ldi r30,lo8(43)
  20 000a F0E0      		ldi r31,hi8(43)
  21 000c 1082      		st Z,__zero_reg__
  22 000e EAE2      		ldi r30,lo8(42)
  23 0010 F0E0      		ldi r31,hi8(42)
  24 0012 88E1      		ldi r24,lo8(24)
  25 0014 8083      		st Z,r24
  26 0016 E5E9      		ldi r30,lo8(149)
  27 0018 F0E0      		ldi r31,hi8(149)
  28 001a 86E0      		ldi r24,lo8(6)
  29 001c 8083      		st Z,r24
  30 001e E9E2      		ldi r30,lo8(41)
  31 0020 F0E0      		ldi r31,hi8(41)
  32 0022 87E6      		ldi r24,lo8(103)
  33 0024 8083      		st Z,r24
  34 0026 E6E2      		ldi r30,lo8(38)
  35 0028 F0E0      		ldi r31,hi8(38)
  36 002a 87E8      		ldi r24,lo8(-121)
  37 002c 8083      		st Z,r24
  38 002e E3E5      		ldi r30,lo8(83)
  39 0030 F0E0      		ldi r31,hi8(83)
  40 0032 87E0      		ldi r24,lo8(7)
  41 0034 8083      		st Z,r24
  42 0036 E7E5      		ldi r30,lo8(87)
  43 0038 F0E0      		ldi r31,hi8(87)
  44 003a 81E0      		ldi r24,lo8(1)
  45 003c 8083      		st Z,r24
  46 003e 0E94 0000 		call OSInit
  47 0042 80E0      		ldi r24,lo8(s1+127)
  48 0044 90E0      		ldi r25,hi8(s1+127)
  49 0046 E0E0      		ldi r30,lo8(gs(adc1))
  50 0048 F0E0      		ldi r31,hi8(gs(adc1))
  51 004a 24E0      		ldi r18,lo8(4)
  52 004c AC01      		movw r20,r24
  53 004e 6FEF      		ldi r22,lo8(255)
  54 0050 70E0      		ldi r23,hi8(255)
  55 0052 CF01      		movw r24,r30
  56 0054 0E94 0000 		call OSTaskCreate
  57 0058 80E0      		ldi r24,lo8(s2+127)
GAS LISTING C:\users\student\Temp/cccUGcfc.s 			page 2


  58 005a 90E0      		ldi r25,hi8(s2+127)
  59 005c E0E0      		ldi r30,lo8(gs(adc2))
  60 005e F0E0      		ldi r31,hi8(gs(adc2))
  61 0060 25E0      		ldi r18,lo8(5)
  62 0062 AC01      		movw r20,r24
  63 0064 6FEF      		ldi r22,lo8(255)
  64 0066 70E0      		ldi r23,hi8(255)
  65 0068 CF01      		movw r24,r30
  66 006a 0E94 0000 		call OSTaskCreate
  67 006e 80E0      		ldi r24,lo8(s3+127)
  68 0070 90E0      		ldi r25,hi8(s3+127)
  69 0072 E0E0      		ldi r30,lo8(gs(uart))
  70 0074 F0E0      		ldi r31,hi8(gs(uart))
  71 0076 26E0      		ldi r18,lo8(6)
  72 0078 AC01      		movw r20,r24
  73 007a 6FEF      		ldi r22,lo8(255)
  74 007c 70E0      		ldi r23,hi8(255)
  75 007e CF01      		movw r24,r30
  76 0080 0E94 0000 		call OSTaskCreate
  77 0084 81E0      		ldi r24,lo8(1)
  78 0086 90E0      		ldi r25,hi8(1)
  79 0088 0E94 0000 		call OSMboxCreate
  80 008c 9093 0000 		sts (maildata1)+1,r25
  81 0090 8093 0000 		sts maildata1,r24
  82 0094 81E0      		ldi r24,lo8(1)
  83 0096 90E0      		ldi r25,hi8(1)
  84 0098 0E94 0000 		call OSMboxCreate
  85 009c 9093 0000 		sts (maildata2)+1,r25
  86 00a0 8093 0000 		sts maildata2,r24
  87 00a4 0E94 0000 		call OSStart
  88               	/* epilogue: frame size=0 */
  89 00a8 DF91      		pop r29
  90 00aa CF91      		pop r28
  91 00ac 0895      		ret
  92               	/* epilogue end (size=3) */
  93               	/* function main size 87 (80) */
  94               		.size	main, .-main
  95               		.data
  96               	.LC0:
  97 0000 7265 7375 		.string	"result1=%d   \r"
  97      6C74 313D 
  97      2564 2020 
  97      200D 00
  98               		.text
  99               	.global	adc1
 100               		.type	adc1, @function
 101               	adc1:
 102               	/* prologue: frame size=22 */
 103 00ae CF93      		push r28
 104 00b0 DF93      		push r29
 105 00b2 CDB7      		in r28,__SP_L__
 106 00b4 DEB7      		in r29,__SP_H__
 107 00b6 6697      		sbiw r28,22
 108 00b8 0FB6      		in __tmp_reg__,__SREG__
 109 00ba F894      		cli
 110 00bc DEBF      		out __SP_H__,r29
 111 00be 0FBE      		out __SREG__,__tmp_reg__
GAS LISTING C:\users\student\Temp/cccUGcfc.s 			page 3


 112 00c0 CDBF      		out __SP_L__,r28
 113               	/* prologue end (size=10) */
 114               	.L4:
 115 00c2 E7E2      		ldi r30,lo8(39)
 116 00c4 F0E0      		ldi r31,hi8(39)
 117 00c6 1082      		st Z,__zero_reg__
 118 00c8 A6E2      		ldi r26,lo8(38)
 119 00ca B0E0      		ldi r27,hi8(38)
 120 00cc E6E2      		ldi r30,lo8(38)
 121 00ce F0E0      		ldi r31,hi8(38)
 122 00d0 8081      		ld r24,Z
 123 00d2 8064      		ori r24,lo8(64)
 124 00d4 8C93      		st X,r24
 125               	.L5:
 126 00d6 E6E2      		ldi r30,lo8(38)
 127 00d8 F0E0      		ldi r31,hi8(38)
 128 00da 8081      		ld r24,Z
 129 00dc 882F      		mov r24,r24
 130 00de 90E0      		ldi r25,lo8(0)
 131 00e0 8071      		andi r24,lo8(16)
 132 00e2 9070      		andi r25,hi8(16)
 133 00e4 0097      		sbiw r24,0
 134 00e6 01F0      		breq .L5
 135 00e8 E4E2      		ldi r30,lo8(36)
 136 00ea F0E0      		ldi r31,hi8(36)
 137 00ec 8081      		ld r24,Z
 138 00ee 282F      		mov r18,r24
 139 00f0 30E0      		ldi r19,lo8(0)
 140 00f2 E5E2      		ldi r30,lo8(37)
 141 00f4 F0E0      		ldi r31,hi8(37)
 142 00f6 8081      		ld r24,Z
 143 00f8 882F      		mov r24,r24
 144 00fa 90E0      		ldi r25,lo8(0)
 145 00fc 982F      		mov r25,r24
 146 00fe 8827      		clr r24
 147 0100 822B      		or r24,r18
 148 0102 932B      		or r25,r19
 149 0104 9A83      		std Y+2,r25
 150 0106 8983      		std Y+1,r24
 151 0108 8981      		ldd r24,Y+1
 152 010a 9A81      		ldd r25,Y+2
 153 010c 9F93      		push r25
 154 010e 8F93      		push r24
 155 0110 80E0      		ldi r24,lo8(.LC0)
 156 0112 90E0      		ldi r25,hi8(.LC0)
 157 0114 9F93      		push r25
 158 0116 8F93      		push r24
 159 0118 CE01      		movw r24,r28
 160 011a 0396      		adiw r24,3
 161 011c 9F93      		push r25
 162 011e 8F93      		push r24
 163 0120 0E94 0000 		call sprintf
 164 0124 8DB7      		in r24,__SP_L__
 165 0126 9EB7      		in r25,__SP_H__
 166 0128 0696      		adiw r24,6
 167 012a 0FB6      		in __tmp_reg__,__SREG__
 168 012c F894      		cli
GAS LISTING C:\users\student\Temp/cccUGcfc.s 			page 4


 169 012e 9EBF      		out __SP_H__,r25
 170 0130 0FBE      		out __SREG__,__tmp_reg__
 171 0132 8DBF      		out __SP_L__,r24
 172 0134 2091 0000 		lds r18,maildata1
 173 0138 3091 0000 		lds r19,(maildata1)+1
 174 013c CE01      		movw r24,r28
 175 013e 0396      		adiw r24,3
 176 0140 BC01      		movw r22,r24
 177 0142 C901      		movw r24,r18
 178 0144 0E94 0000 		call OSMboxPost
 179 0148 20E0      		ldi r18,lo8(0)
 180 014a 30E0      		ldi r19,hi8(0)
 181 014c 41E0      		ldi r20,lo8(1)
 182 014e 60E0      		ldi r22,lo8(0)
 183 0150 80E0      		ldi r24,lo8(0)
 184 0152 0E94 0000 		call OSTimeDlyHMSM
 185 0156 00C0      		rjmp .L4
 186               	/* epilogue: frame size=22 */
 187               	/* epilogue: noreturn */
 188               	/* epilogue end (size=0) */
 189               	/* function adc1 size 85 (75) */
 190               		.size	adc1, .-adc1
 191               		.data
 192               	.LC1:
 193 000f 7265 7375 		.string	"result2=%d    \r"
 193      6C74 323D 
 193      2564 2020 
 193      2020 0D00 
 194               		.text
 195               	.global	adc2
 196               		.type	adc2, @function
 197               	adc2:
 198               	/* prologue: frame size=22 */
 199 0158 CF93      		push r28
 200 015a DF93      		push r29
 201 015c CDB7      		in r28,__SP_L__
 202 015e DEB7      		in r29,__SP_H__
 203 0160 6697      		sbiw r28,22
 204 0162 0FB6      		in __tmp_reg__,__SREG__
 205 0164 F894      		cli
 206 0166 DEBF      		out __SP_H__,r29
 207 0168 0FBE      		out __SREG__,__tmp_reg__
 208 016a CDBF      		out __SP_L__,r28
 209               	/* prologue end (size=10) */
 210               	.L9:
 211 016c E7E2      		ldi r30,lo8(39)
 212 016e F0E0      		ldi r31,hi8(39)
 213 0170 81E0      		ldi r24,lo8(1)
 214 0172 8083      		st Z,r24
 215 0174 A6E2      		ldi r26,lo8(38)
 216 0176 B0E0      		ldi r27,hi8(38)
 217 0178 E6E2      		ldi r30,lo8(38)
 218 017a F0E0      		ldi r31,hi8(38)
 219 017c 8081      		ld r24,Z
 220 017e 8064      		ori r24,lo8(64)
 221 0180 8C93      		st X,r24
 222               	.L10:
GAS LISTING C:\users\student\Temp/cccUGcfc.s 			page 5


 223 0182 E6E2      		ldi r30,lo8(38)
 224 0184 F0E0      		ldi r31,hi8(38)
 225 0186 8081      		ld r24,Z
 226 0188 882F      		mov r24,r24
 227 018a 90E0      		ldi r25,lo8(0)
 228 018c 8071      		andi r24,lo8(16)
 229 018e 9070      		andi r25,hi8(16)
 230 0190 0097      		sbiw r24,0
 231 0192 01F0      		breq .L10
 232 0194 E4E2      		ldi r30,lo8(36)
 233 0196 F0E0      		ldi r31,hi8(36)
 234 0198 8081      		ld r24,Z
 235 019a 282F      		mov r18,r24
 236 019c 30E0      		ldi r19,lo8(0)
 237 019e E5E2      		ldi r30,lo8(37)
 238 01a0 F0E0      		ldi r31,hi8(37)
 239 01a2 8081      		ld r24,Z
 240 01a4 882F      		mov r24,r24
 241 01a6 90E0      		ldi r25,lo8(0)
 242 01a8 982F      		mov r25,r24
 243 01aa 8827      		clr r24
 244 01ac 822B      		or r24,r18
 245 01ae 932B      		or r25,r19
 246 01b0 9A83      		std Y+2,r25
 247 01b2 8983      		std Y+1,r24
 248 01b4 8981      		ldd r24,Y+1
 249 01b6 9A81      		ldd r25,Y+2
 250 01b8 9F93      		push r25
 251 01ba 8F93      		push r24
 252 01bc 80E0      		ldi r24,lo8(.LC1)
 253 01be 90E0      		ldi r25,hi8(.LC1)
 254 01c0 9F93      		push r25
 255 01c2 8F93      		push r24
 256 01c4 CE01      		movw r24,r28
 257 01c6 0396      		adiw r24,3
 258 01c8 9F93      		push r25
 259 01ca 8F93      		push r24
 260 01cc 0E94 0000 		call sprintf
 261 01d0 8DB7      		in r24,__SP_L__
 262 01d2 9EB7      		in r25,__SP_H__
 263 01d4 0696      		adiw r24,6
 264 01d6 0FB6      		in __tmp_reg__,__SREG__
 265 01d8 F894      		cli
 266 01da 9EBF      		out __SP_H__,r25
 267 01dc 0FBE      		out __SREG__,__tmp_reg__
 268 01de 8DBF      		out __SP_L__,r24
 269 01e0 2091 0000 		lds r18,maildata2
 270 01e4 3091 0000 		lds r19,(maildata2)+1
 271 01e8 CE01      		movw r24,r28
 272 01ea 0396      		adiw r24,3
 273 01ec BC01      		movw r22,r24
 274 01ee C901      		movw r24,r18
 275 01f0 0E94 0000 		call OSMboxPost
 276 01f4 20E0      		ldi r18,lo8(0)
 277 01f6 30E0      		ldi r19,hi8(0)
 278 01f8 41E0      		ldi r20,lo8(1)
 279 01fa 60E0      		ldi r22,lo8(0)
GAS LISTING C:\users\student\Temp/cccUGcfc.s 			page 6


 280 01fc 80E0      		ldi r24,lo8(0)
 281 01fe 0E94 0000 		call OSTimeDlyHMSM
 282 0202 00C0      		rjmp .L9
 283               	/* epilogue: frame size=22 */
 284               	/* epilogue: noreturn */
 285               	/* epilogue end (size=0) */
 286               	/* function adc2 size 86 (76) */
 287               		.size	adc2, .-adc2
 288               	.global	uart
 289               		.type	uart, @function
 290               	uart:
 291               	/* prologue: frame size=6 */
 292 0204 CF93      		push r28
 293 0206 DF93      		push r29
 294 0208 CDB7      		in r28,__SP_L__
 295 020a DEB7      		in r29,__SP_H__
 296 020c 2697      		sbiw r28,6
 297 020e 0FB6      		in __tmp_reg__,__SREG__
 298 0210 F894      		cli
 299 0212 DEBF      		out __SP_H__,r29
 300 0214 0FBE      		out __SREG__,__tmp_reg__
 301 0216 CDBF      		out __SP_L__,r28
 302               	/* prologue end (size=10) */
 303               	.L14:
 304 0218 8091 0000 		lds r24,err
 305 021c 9091 0000 		lds r25,(err)+1
 306 0220 2091 0000 		lds r18,maildata1
 307 0224 3091 0000 		lds r19,(maildata1)+1
 308 0228 AC01      		movw r20,r24
 309 022a 60E0      		ldi r22,lo8(0)
 310 022c 70E0      		ldi r23,hi8(0)
 311 022e C901      		movw r24,r18
 312 0230 0E94 0000 		call OSMboxPend
 313 0234 9C83      		std Y+4,r25
 314 0236 8B83      		std Y+3,r24
 315 0238 1E82      		std Y+6,__zero_reg__
 316 023a 1D82      		std Y+5,__zero_reg__
 317 023c 00C0      		rjmp .L15
 318               	.L16:
 319 023e ACE2      		ldi r26,lo8(44)
 320 0240 B0E0      		ldi r27,hi8(44)
 321 0242 8D81      		ldd r24,Y+5
 322 0244 9E81      		ldd r25,Y+6
 323 0246 9C01      		movw r18,r24
 324 0248 8B81      		ldd r24,Y+3
 325 024a 9C81      		ldd r25,Y+4
 326 024c F901      		movw r30,r18
 327 024e E80F      		add r30,r24
 328 0250 F91F      		adc r31,r25
 329 0252 8081      		ld r24,Z
 330 0254 8C93      		st X,r24
 331               	.L17:
 332 0256 EBE2      		ldi r30,lo8(43)
 333 0258 F0E0      		ldi r31,hi8(43)
 334 025a 8081      		ld r24,Z
 335 025c 882F      		mov r24,r24
 336 025e 90E0      		ldi r25,lo8(0)
GAS LISTING C:\users\student\Temp/cccUGcfc.s 			page 7


 337 0260 8072      		andi r24,lo8(32)
 338 0262 9070      		andi r25,hi8(32)
 339 0264 0097      		sbiw r24,0
 340 0266 01F0      		breq .L17
 341 0268 8D81      		ldd r24,Y+5
 342 026a 9E81      		ldd r25,Y+6
 343 026c 0196      		adiw r24,1
 344 026e 9E83      		std Y+6,r25
 345 0270 8D83      		std Y+5,r24
 346               	.L15:
 347 0272 8D81      		ldd r24,Y+5
 348 0274 9E81      		ldd r25,Y+6
 349 0276 9C01      		movw r18,r24
 350 0278 8B81      		ldd r24,Y+3
 351 027a 9C81      		ldd r25,Y+4
 352 027c F901      		movw r30,r18
 353 027e E80F      		add r30,r24
 354 0280 F91F      		adc r31,r25
 355 0282 8081      		ld r24,Z
 356 0284 8823      		tst r24
 357 0286 01F4      		brne .L16
 358 0288 8091 0000 		lds r24,err
 359 028c 9091 0000 		lds r25,(err)+1
 360 0290 2091 0000 		lds r18,maildata2
 361 0294 3091 0000 		lds r19,(maildata2)+1
 362 0298 AC01      		movw r20,r24
 363 029a 60E0      		ldi r22,lo8(0)
 364 029c 70E0      		ldi r23,hi8(0)
 365 029e C901      		movw r24,r18
 366 02a0 0E94 0000 		call OSMboxPend
 367 02a4 9A83      		std Y+2,r25
 368 02a6 8983      		std Y+1,r24
 369 02a8 1E82      		std Y+6,__zero_reg__
 370 02aa 1D82      		std Y+5,__zero_reg__
 371 02ac 00C0      		rjmp .L20
 372               	.L21:
 373 02ae ACE2      		ldi r26,lo8(44)
 374 02b0 B0E0      		ldi r27,hi8(44)
 375 02b2 8D81      		ldd r24,Y+5
 376 02b4 9E81      		ldd r25,Y+6
 377 02b6 9C01      		movw r18,r24
 378 02b8 8981      		ldd r24,Y+1
 379 02ba 9A81      		ldd r25,Y+2
 380 02bc F901      		movw r30,r18
 381 02be E80F      		add r30,r24
 382 02c0 F91F      		adc r31,r25
 383 02c2 8081      		ld r24,Z
 384 02c4 8C93      		st X,r24
 385               	.L22:
 386 02c6 EBE2      		ldi r30,lo8(43)
 387 02c8 F0E0      		ldi r31,hi8(43)
 388 02ca 8081      		ld r24,Z
 389 02cc 882F      		mov r24,r24
 390 02ce 90E0      		ldi r25,lo8(0)
 391 02d0 8072      		andi r24,lo8(32)
 392 02d2 9070      		andi r25,hi8(32)
 393 02d4 0097      		sbiw r24,0
GAS LISTING C:\users\student\Temp/cccUGcfc.s 			page 8


 394 02d6 01F0      		breq .L22
 395 02d8 8D81      		ldd r24,Y+5
 396 02da 9E81      		ldd r25,Y+6
 397 02dc 0196      		adiw r24,1
 398 02de 9E83      		std Y+6,r25
 399 02e0 8D83      		std Y+5,r24
 400               	.L20:
 401 02e2 8D81      		ldd r24,Y+5
 402 02e4 9E81      		ldd r25,Y+6
 403 02e6 9C01      		movw r18,r24
 404 02e8 8981      		ldd r24,Y+1
 405 02ea 9A81      		ldd r25,Y+2
 406 02ec F901      		movw r30,r18
 407 02ee E80F      		add r30,r24
 408 02f0 F91F      		adc r31,r25
 409 02f2 8081      		ld r24,Z
 410 02f4 8823      		tst r24
 411 02f6 01F4      		brne .L21
 412 02f8 20E0      		ldi r18,lo8(0)
 413 02fa 30E0      		ldi r19,hi8(0)
 414 02fc 41E0      		ldi r20,lo8(1)
 415 02fe 60E0      		ldi r22,lo8(0)
 416 0300 80E0      		ldi r24,lo8(0)
 417 0302 0E94 0000 		call OSTimeDlyHMSM
 418 0306 00C0      		rjmp .L14
 419               	/* epilogue: frame size=6 */
 420               	/* epilogue: noreturn */
 421               	/* epilogue end (size=0) */
 422               	/* function uart size 130 (120) */
 423               		.size	uart, .-uart
 424               		.comm s1,128,1
 425               		.comm s2,128,1
 426               		.comm s3,128,1
 427               		.comm maildata1,2,1
 428               		.comm maildata2,2,1
 429               		.comm err,2,1
 430               	/* File "mailbox.c": code  388 = 0x0184 ( 351), prologues  34, epilogues   3 */
GAS LISTING C:\users\student\Temp/cccUGcfc.s 			page 9


DEFINED SYMBOLS
                            *ABS*:00000000 mailbox.c
C:\users\student\Temp/cccUGcfc.s:2      *ABS*:0000003f __SREG__
C:\users\student\Temp/cccUGcfc.s:3      *ABS*:0000003e __SP_H__
C:\users\student\Temp/cccUGcfc.s:4      *ABS*:0000003d __SP_L__
C:\users\student\Temp/cccUGcfc.s:5      *ABS*:00000000 __tmp_reg__
C:\users\student\Temp/cccUGcfc.s:6      *ABS*:00000001 __zero_reg__
C:\users\student\Temp/cccUGcfc.s:12     .text:00000000 main
                            *COM*:00000080 s1
C:\users\student\Temp/cccUGcfc.s:101    .text:000000ae adc1
                            *COM*:00000080 s2
C:\users\student\Temp/cccUGcfc.s:197    .text:00000158 adc2
                            *COM*:00000080 s3
C:\users\student\Temp/cccUGcfc.s:290    .text:00000204 uart
                            *COM*:00000002 maildata1
                            *COM*:00000002 maildata2
                            *COM*:00000002 err

UNDEFINED SYMBOLS
__do_copy_data
__do_clear_bss
OSInit
OSTaskCreate
OSMboxCreate
OSStart
sprintf
OSMboxPost
OSTimeDlyHMSM
OSMboxPend
