

Microchip Technology PIC LITE Macro Assembler V1.33 build 59893 
                                                                                               Thu Dec 31 04:55:50 2020

Microchip Technology Omniscient Code Generator (Lite mode) build 59893
     1                           	processor	16F876A
     2                           	opt	pw 120
     3                           	opt	lm
     4                           	psect	maintext,global,class=CODE,split=1,delta=2
     5                           	psect	cinit,global,class=CODE,merge=1,delta=2
     6                           	psect	cstackCOMMON,global,class=COMMON,space=1,delta=1
     7                           	dabs	1,0x7E,2
     8  0000                     	;# 
     9  0001                     	;# 
    10  0002                     	;# 
    11  0003                     	;# 
    12  0004                     	;# 
    13  0005                     	;# 
    14  0006                     	;# 
    15  0007                     	;# 
    16  000A                     	;# 
    17  000B                     	;# 
    18  000C                     	;# 
    19  000D                     	;# 
    20  000E                     	;# 
    21  000E                     	;# 
    22  000F                     	;# 
    23  0010                     	;# 
    24  0011                     	;# 
    25  0012                     	;# 
    26  0013                     	;# 
    27  0014                     	;# 
    28  0015                     	;# 
    29  0015                     	;# 
    30  0016                     	;# 
    31  0017                     	;# 
    32  0018                     	;# 
    33  0019                     	;# 
    34  001A                     	;# 
    35  001B                     	;# 
    36  001B                     	;# 
    37  001C                     	;# 
    38  001D                     	;# 
    39  001E                     	;# 
    40  001F                     	;# 
    41  0081                     	;# 
    42  0085                     	;# 
    43  0086                     	;# 
    44  0087                     	;# 
    45  008C                     	;# 
    46  008D                     	;# 
    47  008E                     	;# 
    48  0091                     	;# 
    49  0092                     	;# 
    50  0093                     	;# 
    51  0094                     	;# 
    52  0098                     	;# 
    53  0099                     	;# 
    54  009C                     	;# 
    55  009D                     	;# 
    56  009E                     	;# 
    57  009F                     	;# 
    58  010C                     	;# 
    59  010D                     	;# 
    60  010E                     	;# 
    61  010F                     	;# 
    62  018C                     	;# 
    63  018D                     	;# 
    64  0005                     _PORTA	set	5
    65  0006                     _PORTB	set	6
    66  0007                     _PORTC	set	7
    67  0085                     _TRISA	set	133
    68  0086                     _TRISB	set	134
    69  0087                     _TRISC	set	135
    70                           
    71                           	psect	maintext
    72  07B8                     __pmaintext:	
    73                           ; #config settings
    74                           
    75                           
    76                           ;psect for function _main
    77  0000                     
    78 ;;
    79 ;;Main: autosize = 0, tempsize = 3, incstack = 0, save=0
    80 ;;
    81 ;; *************** function _main *****************
    82 ;; Defined at:
    83 ;;		line 20 in file "bling2.c"
    84 ;; Parameters:    Size  Location     Type
    85 ;;		None
    86 ;; Auto vars:     Size  Location     Type
    87 ;;		None
    88 ;; Return value:  Size  Location     Type
    89 ;;		None               void
    90 ;; Registers used:
    91 ;;		wreg, status,2
    92 ;; Tracked objects:
    93 ;;		On entry : 17F/0
    94 ;;		On exit  : 0/0
    95 ;;		Unchanged: 0/0
    96 ;; Data sizes:     COMMON   BANK0   BANK1   BANK3   BANK2
    97 ;;      Params:         0       0       0       0       0
    98 ;;      Locals:         0       0       0       0       0
    99 ;;      Temps:          3       0       0       0       0
   100 ;;      Totals:         3       0       0       0       0
   101 ;;Total ram usage:        3 bytes
   102 ;; This function calls:
   103 ;;		Nothing
   104 ;; This function is called by:
   105 ;;		Startup code after reset
   106 ;; This function uses a non-reentrant model
   107 ;;
   108  07B8                     _main:	
   109                           
   110                           ;bling2.c: 22: TRISA=0x00;
   111                           
   112                           ;incstack = 0
   113                           ; Regs used in _main: [wreg+status,2]
   114  07B8  1683               	bsf	3,5	;RP0=1, select bank1
   115  07B9  1303               	bcf	3,6	;RP1=0, select bank1
   116  07BA  0185               	clrf	5	;volatile
   117                           
   118                           ;bling2.c: 23: TRISB=0x00;
   119  07BB  0186               	clrf	6	;volatile
   120                           
   121                           ;bling2.c: 24: TRISC=0x00;
   122  07BC  0187               	clrf	7	;volatile
   123                           
   124                           ;bling2.c: 25: PORTA=0x00;
   125  07BD  1283               	bcf	3,5	;RP0=0, select bank0
   126  07BE  1303               	bcf	3,6	;RP1=0, select bank0
   127  07BF  0185               	clrf	5	;volatile
   128                           
   129                           ;bling2.c: 26: PORTB=0x00;
   130  07C0  0186               	clrf	6	;volatile
   131                           
   132                           ;bling2.c: 27: PORTC=0x00;
   133  07C1  0187               	clrf	7	;volatile
   134  07C2                     l479:	
   135                           ;bling2.c: 28: while(1)
   136                           
   137                           
   138                           ;bling2.c: 29: {
   139                           ;bling2.c: 30: PORTA=0xFF;
   140  07C2  30FF               	movlw	255
   141  07C3  1283               	bcf	3,5	;RP0=0, select bank0
   142  07C4  1303               	bcf	3,6	;RP1=0, select bank0
   143  07C5  0085               	movwf	5	;volatile
   144                           
   145                           ;bling2.c: 31: PORTB=0x00;
   146  07C6  0186               	clrf	6	;volatile
   147                           
   148                           ;bling2.c: 32: PORTC=0X00;
   149  07C7  0187               	clrf	7	;volatile
   150                           
   151                           ;bling2.c: 33: _delay((unsigned long)((200)*(4000000/4000.0)));
   152  07C8  3002               	movlw	2
   153  07C9  00F2               	movwf	??_main+2
   154  07CA  3004               	movlw	4
   155  07CB  00F1               	movwf	??_main+1
   156  07CC  30BA               	movlw	186
   157  07CD  00F0               	movwf	??_main
   158  07CE                     u17:	
   159  07CE  0BF0               	decfsz	??_main,f
   160  07CF  2FCE               	goto	u17
   161  07D0  0BF1               	decfsz	??_main+1,f
   162  07D1  2FCE               	goto	u17
   163  07D2  0BF2               	decfsz	??_main+2,f
   164  07D3  2FCE               	goto	u17
   165  07D4  0000               	nop
   166                           
   167                           ;bling2.c: 35: PORTA=0x00;
   168  07D5  1283               	bcf	3,5	;RP0=0, select bank0
   169  07D6  1303               	bcf	3,6	;RP1=0, select bank0
   170  07D7  0185               	clrf	5	;volatile
   171                           
   172                           ;bling2.c: 36: PORTB=0xFF;
   173  07D8  30FF               	movlw	255
   174  07D9  0086               	movwf	6	;volatile
   175                           
   176                           ;bling2.c: 37: PORTC=0X00;
   177  07DA  0187               	clrf	7	;volatile
   178                           
   179                           ;bling2.c: 38: _delay((unsigned long)((200)*(4000000/4000.0)));
   180  07DB  3002               	movlw	2
   181  07DC  00F2               	movwf	??_main+2
   182  07DD  3004               	movlw	4
   183  07DE  00F1               	movwf	??_main+1
   184  07DF  30BA               	movlw	186
   185  07E0  00F0               	movwf	??_main
   186  07E1                     u27:	
   187  07E1  0BF0               	decfsz	??_main,f
   188  07E2  2FE1               	goto	u27
   189  07E3  0BF1               	decfsz	??_main+1,f
   190  07E4  2FE1               	goto	u27
   191  07E5  0BF2               	decfsz	??_main+2,f
   192  07E6  2FE1               	goto	u27
   193  07E7  0000               	nop
   194                           
   195                           ;bling2.c: 40: PORTA=0x00;
   196  07E8  1283               	bcf	3,5	;RP0=0, select bank0
   197  07E9  1303               	bcf	3,6	;RP1=0, select bank0
   198  07EA  0185               	clrf	5	;volatile
   199                           
   200                           ;bling2.c: 41: PORTB=0x00;
   201  07EB  0186               	clrf	6	;volatile
   202                           
   203                           ;bling2.c: 42: PORTC=0XFF;
   204  07EC  30FF               	movlw	255
   205  07ED  0087               	movwf	7	;volatile
   206                           
   207                           ;bling2.c: 43: _delay((unsigned long)((200)*(4000000/4000.0)));
   208  07EE  3002               	movlw	2
   209  07EF  00F2               	movwf	??_main+2
   210  07F0  3004               	movlw	4
   211  07F1  00F1               	movwf	??_main+1
   212  07F2  30BA               	movlw	186
   213  07F3  00F0               	movwf	??_main
   214  07F4                     u37:	
   215  07F4  0BF0               	decfsz	??_main,f
   216  07F5  2FF4               	goto	u37
   217  07F6  0BF1               	decfsz	??_main+1,f
   218  07F7  2FF4               	goto	u37
   219  07F8  0BF2               	decfsz	??_main+2,f
   220  07F9  2FF4               	goto	u37
   221  07FA  0000               	nop
   222  07FB  2FC2               	goto	l479
   223  07FC                     __end_of_main:	
   224  007E                     btemp	set	126	;btemp
   225  007E                     wtemp	set	126
   226  007E                     wtemp0	set	126
   227  0080                     wtemp1	set	128
   228  0082                     wtemp2	set	130
   229  0084                     wtemp3	set	132
   230  0086                     wtemp4	set	134
   231  0088                     wtemp5	set	136
   232  007F                     wtemp6	set	127
   233  007E                     ttemp	set	126
   234  007E                     ttemp0	set	126
   235  0081                     ttemp1	set	129
   236  0084                     ttemp2	set	132
   237  0087                     ttemp3	set	135
   238  007F                     ttemp4	set	127
   239  007E                     ltemp	set	126
   240  007E                     ltemp0	set	126
   241  0082                     ltemp1	set	130
   242  0086                     ltemp2	set	134
   243  0080                     ltemp3	set	128
   244                           
   245                           	psect	cinit
   246  07FC                     start_initialization:	
   247  07FC                     __initialization:	
   248  07FC                     end_of_initialization:	
   249                           ;End of C runtime variable initialization code
   250                           
   251  07FC                     __end_of__initialization:	
   252  07FC  0183               	clrf	3
   253  07FD  120A  118A  2FB8   	ljmp	_main	;jump to C main() function
   254                           
   255                           	psect	cstackCOMMON
   256  0070                     __pcstackCOMMON:	
   257  0070                     ?_main:	
   258  0070                     ??_main:	
   259                           ; 0 bytes @ 0x0
   260                           
   261                           
   262                           ; 0 bytes @ 0x0
   263  0070                     	ds	3


Data Sizes:
    Strings     0
    Constant    0
    Data        0
    BSS         0
    Persistent  0
    Stack       0

Auto Spaces:
    Space          Size  Autos    Used
    COMMON           14      3       3
    BANK0            80      0       0
    BANK1            80      0       0
    BANK3            96      0       0
    BANK2            96      0       0

Pointer List with Targets:

    None.

Critical Paths under _main in COMMON

    None.

Critical Paths under _main in BANK0

    None.

Critical Paths under _main in BANK1

    None.

Critical Paths under _main in BANK3

    None.

Critical Paths under _main in BANK2

    None.

Call Graph Tables:

 ---------------------------------------------------------------------------------
 (Depth) Function   	        Calls       Base Space   Used Autos Params    Refs
 ---------------------------------------------------------------------------------
 (0) _main                                                 3     3      0       0
                                              0 COMMON     3     3      0
 ---------------------------------------------------------------------------------
 Estimated maximum stack depth 0
 ---------------------------------------------------------------------------------

 Call Graph Graphs:

 _main (ROOT)

 Address spaces:
Name               Size   Autos  Total    Cost      Usage
BITCOMMON            E      0       0       0        0.0%
EEDATA             100      0       0       0        0.0%
NULL                 0      0       0       0        0.0%
CODE                 0      0       0       0        0.0%
COMMON               E      3       3       1       21.4%
BITSFR0              0      0       0       1        0.0%
SFR0                 0      0       0       1        0.0%
BITSFR1              0      0       0       2        0.0%
SFR1                 0      0       0       2        0.0%
STACK                0      0       0       2        0.0%
ABS                  0      0       0       3        0.0%
BITBANK0            50      0       0       4        0.0%
BITSFR3              0      0       0       4        0.0%
SFR3                 0      0       0       4        0.0%
BANK0               50      0       0       5        0.0%
BITSFR2              0      0       0       5        0.0%
SFR2                 0      0       0       5        0.0%
BITBANK1            50      0       0       6        0.0%
BANK1               50      0       0       7        0.0%
BITBANK3            60      0       0       8        0.0%
BANK3               60      0       0       9        0.0%
BITBANK2            60      0       0      10        0.0%
BANK2               60      0       0      11        0.0%
DATA                 0      0       0      12        0.0%


Microchip Technology PIC Macro Assembler V1.33 build 59893 
Symbol Table                                                                                   Thu Dec 31 04:55:50 2020

            __CFG_CP$OFF 0000                       u17 07CE                       u27 07E1  
                     u37 07F4                      l479 07C2             __CFG_CPD$OFF 0000  
           __CFG_FOSC$XT 0000             __CFG_LVP$OFF 0000             __CFG_WRT$OFF 0000  
                   _main 07B8                     btemp 007E                     ltemp 007E  
                   start 0000                     ttemp 007E                     wtemp 007E  
                  ?_main 0070            __CFG_WDTE$OFF 0000                    _PORTA 0005  
                  _PORTB 0006                    _PORTC 0007                    _TRISA 0085  
                  _TRISB 0086                    _TRISC 0087           __CFG_BOREN$OFF 0000  
                  ltemp0 007E                    ltemp1 0082                    ltemp2 0086  
                  ltemp3 0080                    ttemp0 007E                    ttemp1 0081  
                  ttemp2 0084                    ttemp3 0087                    ttemp4 007F  
                  status 0003                    wtemp0 007E                    wtemp1 0080  
                  wtemp2 0082                    wtemp3 0084                    wtemp4 0086  
                  wtemp5 0088                    wtemp6 007F          __initialization 07FC  
           __end_of_main 07FC                   ??_main 0070           __CFG_PWRTE$OFF 0000  
__end_of__initialization 07FC           __pcstackCOMMON 0070               __pmaintext 07B8  
   end_of_initialization 07FC      start_initialization 07FC                ___latbits 0002  
          __size_of_main 0044  
