

Microchip Technology PIC LITE Macro Assembler V1.33 build 59893 
                                                                                               Fri Jan 15 06:39:23 2021

Microchip Technology Omniscient Code Generator (Lite mode) build 59893
     1                           	processor	16F876A
     2                           	opt	pw 120
     3                           	opt	lm
     4                           	psect	maintext,global,class=CODE,split=1,delta=2
     5                           	psect	cinit,global,class=CODE,merge=1,delta=2
     6                           	psect	cstackCOMMON,global,class=COMMON,space=1,delta=1
     7                           	psect	cstackBANK0,global,class=BANK0,space=1,delta=1
     8                           	dabs	1,0x7E,2
     9  0000                     	;# 
    10  0001                     	;# 
    11  0002                     	;# 
    12  0003                     	;# 
    13  0004                     	;# 
    14  0005                     	;# 
    15  0006                     	;# 
    16  0007                     	;# 
    17  000A                     	;# 
    18  000B                     	;# 
    19  000C                     	;# 
    20  000D                     	;# 
    21  000E                     	;# 
    22  000E                     	;# 
    23  000F                     	;# 
    24  0010                     	;# 
    25  0011                     	;# 
    26  0012                     	;# 
    27  0013                     	;# 
    28  0014                     	;# 
    29  0015                     	;# 
    30  0015                     	;# 
    31  0016                     	;# 
    32  0017                     	;# 
    33  0018                     	;# 
    34  0019                     	;# 
    35  001A                     	;# 
    36  001B                     	;# 
    37  001B                     	;# 
    38  001C                     	;# 
    39  001D                     	;# 
    40  001E                     	;# 
    41  001F                     	;# 
    42  0081                     	;# 
    43  0085                     	;# 
    44  0086                     	;# 
    45  0087                     	;# 
    46  008C                     	;# 
    47  008D                     	;# 
    48  008E                     	;# 
    49  0091                     	;# 
    50  0092                     	;# 
    51  0093                     	;# 
    52  0094                     	;# 
    53  0098                     	;# 
    54  0099                     	;# 
    55  009C                     	;# 
    56  009D                     	;# 
    57  009E                     	;# 
    58  009F                     	;# 
    59  010C                     	;# 
    60  010D                     	;# 
    61  010E                     	;# 
    62  010F                     	;# 
    63  018C                     	;# 
    64  018D                     	;# 
    65  0018                     _RCSTA	set	24
    66  0013                     _SSPBUF	set	19
    67  0014                     _SSPCON	set	20
    68  0019                     _TXREG	set	25
    69  0063                     _SSPIF	set	99
    70  0099                     _SPBRG	set	153
    71  0094                     _SSPSTAT	set	148
    72  0098                     _TXSTA	set	152
    73  043B                     _TRISC3	set	1083
    74  043C                     _TRISC4	set	1084
    75  043D                     _TRISC5	set	1085
    76  04C1                     _TRMT	set	1217
    77                           
    78                           	psect	maintext
    79  077D                     __pmaintext:	
    80                           ; #config settings
    81                           
    82                           
    83                           ;psect for function _main
    84  0000                     
    85 ;;
    86 ;;Main: autosize = 0, tempsize = 3, incstack = 0, save=0
    87 ;;
    88 ;; *************** function _main *****************
    89 ;; Defined at:
    90 ;;		line 16 in file "spi-mas2.c"
    91 ;; Parameters:    Size  Location     Type
    92 ;;		None
    93 ;; Auto vars:     Size  Location     Type
    94 ;;  a              10    0[BANK0 ] unsigned char [10]
    95 ;;  i               2   10[BANK0 ] int 
    96 ;; Return value:  Size  Location     Type
    97 ;;		None               void
    98 ;; Registers used:
    99 ;;		wreg, fsr0l, fsr0h, status,2, status,0
   100 ;; Tracked objects:
   101 ;;		On entry : 17F/0
   102 ;;		On exit  : 0/0
   103 ;;		Unchanged: 0/0
   104 ;; Data sizes:     COMMON   BANK0   BANK1   BANK3   BANK2
   105 ;;      Params:         0       0       0       0       0
   106 ;;      Locals:         0      12       0       0       0
   107 ;;      Temps:          3       0       0       0       0
   108 ;;      Totals:         3      12       0       0       0
   109 ;;Total ram usage:       15 bytes
   110 ;; This function calls:
   111 ;;		Nothing
   112 ;; This function is called by:
   113 ;;		Startup code after reset
   114 ;; This function uses a non-reentrant model
   115 ;;
   116  077D                     _main:	
   117                           
   118                           ;spi-mas2.c: 19: TXSTA=0x24;
   119                           
   120                           ;incstack = 0
   121                           ; Regs used in _main: [wreg-fsr0h+status,2+status,0]
   122  077D  3024               	movlw	36
   123  077E  1683               	bsf	3,5	;RP0=1, select bank1
   124  077F  1303               	bcf	3,6	;RP1=0, select bank1
   125  0780  0098               	movwf	24	;volatile
   126                           
   127                           ;spi-mas2.c: 20: RCSTA=0x90;
   128  0781  3090               	movlw	144
   129  0782  1283               	bcf	3,5	;RP0=0, select bank0
   130  0783  1303               	bcf	3,6	;RP1=0, select bank0
   131  0784  0098               	movwf	24	;volatile
   132                           
   133                           ;spi-mas2.c: 21: SPBRG=25;
   134  0785  3019               	movlw	25
   135  0786  1683               	bsf	3,5	;RP0=1, select bank1
   136  0787  1303               	bcf	3,6	;RP1=0, select bank1
   137  0788  0099               	movwf	25	;volatile
   138                           
   139                           ;spi-mas2.c: 22: SSPCON=0x20;
   140  0789  3020               	movlw	32
   141  078A  1283               	bcf	3,5	;RP0=0, select bank0
   142  078B  1303               	bcf	3,6	;RP1=0, select bank0
   143  078C  0094               	movwf	20	;volatile
   144                           
   145                           ;spi-mas2.c: 23: SSPSTAT=0x00;
   146  078D  1683               	bsf	3,5	;RP0=1, select bank1
   147  078E  1303               	bcf	3,6	;RP1=0, select bank1
   148  078F  0194               	clrf	20	;volatile
   149                           
   150                           ;spi-mas2.c: 24: char a[10];
   151                           ;spi-mas2.c: 25: TRISC5=0;
   152  0790  1287               	bcf	7,5	;volatile
   153                           
   154                           ;spi-mas2.c: 26: TRISC4=1;
   155  0791  1607               	bsf	7,4	;volatile
   156                           
   157                           ;spi-mas2.c: 27: TRISC3=0;
   158  0792  1187               	bcf	7,3	;volatile
   159  0793                     l553:	
   160                           ;spi-mas2.c: 28: int i;
   161                           ;spi-mas2.c: 29: while(1)
   162                           
   163                           
   164                           ;spi-mas2.c: 30: {
   165                           ;spi-mas2.c: 31: _delay((unsigned long)((200)*(4000000/4000.0)));
   166  0793  3002               	movlw	2
   167  0794  00F2               	movwf	??_main+2
   168  0795  3004               	movlw	4
   169  0796  00F1               	movwf	??_main+1
   170  0797  30BA               	movlw	186
   171  0798  00F0               	movwf	??_main
   172  0799                     u137:	
   173  0799  0BF0               	decfsz	??_main,f
   174  079A  2F99               	goto	u137
   175  079B  0BF1               	decfsz	??_main+1,f
   176  079C  2F99               	goto	u137
   177  079D  0BF2               	decfsz	??_main+2,f
   178  079E  2F99               	goto	u137
   179  079F  0000               	nop
   180                           
   181                           ;spi-mas2.c: 32: for(i=0;;i++)
   182  07A0  1283               	bcf	3,5	;RP0=0, select bank0
   183  07A1  1303               	bcf	3,6	;RP1=0, select bank0
   184  07A2  01AA               	clrf	main@i
   185  07A3  01AB               	clrf	main@i+1
   186                           
   187                           ;spi-mas2.c: 42: break;
   188  07A4  2FAB               	goto	l555
   189  07A5                     l565:	
   190  07A5  3001               	movlw	1
   191  07A6  07AA               	addwf	main@i,f
   192  07A7  1803               	skipnc
   193  07A8  0AAB               	incf	main@i+1,f
   194  07A9  3000               	movlw	0
   195  07AA  07AB               	addwf	main@i+1,f
   196  07AB                     l555:	
   197                           
   198                           ;spi-mas2.c: 33: {
   199                           ;spi-mas2.c: 34: SSPBUF='A';
   200  07AB  3041               	movlw	65
   201  07AC  0093               	movwf	19	;volatile
   202  07AD                     l31:	
   203                           ;spi-mas2.c: 35: while(SSPIF==0);
   204                           
   205  07AD  1D8C               	btfss	12,3	;volatile
   206  07AE  2FAD               	goto	l31
   207                           
   208                           ;spi-mas2.c: 36: SSPIF=0;
   209  07AF  118C               	bcf	12,3	;volatile
   210                           
   211                           ;spi-mas2.c: 37: _delay((unsigned long)((200)*(4000000/4000.0)));
   212  07B0  3002               	movlw	2
   213  07B1  00F2               	movwf	??_main+2
   214  07B2  3004               	movlw	4
   215  07B3  00F1               	movwf	??_main+1
   216  07B4  30BA               	movlw	186
   217  07B5  00F0               	movwf	??_main
   218  07B6                     u147:	
   219  07B6  0BF0               	decfsz	??_main,f
   220  07B7  2FB6               	goto	u147
   221  07B8  0BF1               	decfsz	??_main+1,f
   222  07B9  2FB6               	goto	u147
   223  07BA  0BF2               	decfsz	??_main+2,f
   224  07BB  2FB6               	goto	u147
   225  07BC  0000               	nop
   226                           
   227                           ;spi-mas2.c: 38: a[i]=SSPBUF;
   228  07BD  1283               	bcf	3,5	;RP0=0, select bank0
   229  07BE  1303               	bcf	3,6	;RP1=0, select bank0
   230  07BF  0813               	movf	19,w	;volatile
   231  07C0  00F0               	movwf	??_main
   232  07C1  082A               	movf	main@i,w
   233  07C2  3E20               	addlw	main@a& (0+255)
   234  07C3  0084               	movwf	4
   235  07C4  0870               	movf	??_main,w
   236  07C5  1383               	bcf	3,7	;select IRP bank0
   237  07C6  0080               	movwf	0
   238                           
   239                           ;spi-mas2.c: 39: if(a[i]=='\r')
   240  07C7  082A               	movf	main@i,w
   241  07C8  3E20               	addlw	main@a& (0+255)
   242  07C9  0084               	movwf	4
   243  07CA  0800               	movf	0,w
   244  07CB  3A0D               	xorlw	13
   245  07CC  1D03               	skipz
   246  07CD  2FA5               	goto	l565
   247                           
   248                           ;spi-mas2.c: 40: {
   249                           ;spi-mas2.c: 41: a[i]='\0';
   250  07CE  082A               	movf	main@i,w
   251  07CF  3E20               	addlw	main@a& (0+255)
   252  07D0  0084               	movwf	4
   253  07D1  0180               	clrf	0
   254                           
   255                           ;spi-mas2.c: 43: }
   256                           ;spi-mas2.c: 44: }
   257                           ;spi-mas2.c: 45: for(i=0;a[i];i++)
   258  07D2  01AA               	clrf	main@i
   259  07D3  01AB               	clrf	main@i+1
   260  07D4                     l573:	
   261  07D4  082A               	movf	main@i,w
   262  07D5  3E20               	addlw	main@a& (0+255)
   263  07D6  0084               	movwf	4
   264  07D7  1383               	bcf	3,7	;select IRP bank0
   265  07D8  0880               	movf	0,f
   266  07D9  1903               	btfsc	3,2
   267  07DA  2FED               	goto	l575
   268                           
   269                           ;spi-mas2.c: 46: {
   270                           ;spi-mas2.c: 47: TXREG=a[i];
   271  07DB  082A               	movf	main@i,w
   272  07DC  3E20               	addlw	main@a& (0+255)
   273  07DD  0084               	movwf	4
   274  07DE  0800               	movf	0,w
   275  07DF  0099               	movwf	25	;volatile
   276  07E0                     l38:	
   277                           ;spi-mas2.c: 48: while(TRMT==0);
   278                           
   279  07E0  1683               	bsf	3,5	;RP0=1, select bank1
   280  07E1  1303               	bcf	3,6	;RP1=0, select bank1
   281  07E2  1C98               	btfss	24,1	;volatile
   282  07E3  2FE0               	goto	l38
   283  07E4  3001               	movlw	1
   284  07E5  1283               	bcf	3,5	;RP0=0, select bank0
   285  07E6  1303               	bcf	3,6	;RP1=0, select bank0
   286  07E7  07AA               	addwf	main@i,f
   287  07E8  1803               	skipnc
   288  07E9  0AAB               	incf	main@i+1,f
   289  07EA  3000               	movlw	0
   290  07EB  07AB               	addwf	main@i+1,f
   291  07EC  2FD4               	goto	l573
   292  07ED                     l575:	
   293                           
   294                           ;spi-mas2.c: 49: }
   295                           ;spi-mas2.c: 50: TXREG='\r';
   296  07ED  300D               	movlw	13
   297  07EE  0099               	movwf	25	;volatile
   298  07EF                     l42:	
   299                           ;spi-mas2.c: 51: while(TRMT==0);
   300                           
   301  07EF  1683               	bsf	3,5	;RP0=1, select bank1
   302  07F0  1303               	bcf	3,6	;RP1=0, select bank1
   303  07F1  1C98               	btfss	24,1	;volatile
   304  07F2  2FEF               	goto	l42
   305                           
   306                           ;spi-mas2.c: 52: TXREG='\n';
   307  07F3  300A               	movlw	10
   308  07F4  1283               	bcf	3,5	;RP0=0, select bank0
   309  07F5  1303               	bcf	3,6	;RP1=0, select bank0
   310  07F6  0099               	movwf	25	;volatile
   311  07F7                     l45:	
   312                           ;spi-mas2.c: 53: while(TRMT==0);
   313                           
   314  07F7  1683               	bsf	3,5	;RP0=1, select bank1
   315  07F8  1303               	bcf	3,6	;RP1=0, select bank1
   316  07F9  1898               	btfsc	24,1	;volatile
   317  07FA  2F93               	goto	l553
   318  07FB  2FF7               	goto	l45
   319  07FC                     __end_of_main:	
   320  007E                     btemp	set	126	;btemp
   321  007E                     wtemp	set	126
   322  007E                     wtemp0	set	126
   323  0080                     wtemp1	set	128
   324  0082                     wtemp2	set	130
   325  0084                     wtemp3	set	132
   326  0086                     wtemp4	set	134
   327  0088                     wtemp5	set	136
   328  007F                     wtemp6	set	127
   329  007E                     ttemp	set	126
   330  007E                     ttemp0	set	126
   331  0081                     ttemp1	set	129
   332  0084                     ttemp2	set	132
   333  0087                     ttemp3	set	135
   334  007F                     ttemp4	set	127
   335  007E                     ltemp	set	126
   336  007E                     ltemp0	set	126
   337  0082                     ltemp1	set	130
   338  0086                     ltemp2	set	134
   339  0080                     ltemp3	set	128
   340                           
   341                           	psect	cinit
   342  07FC                     start_initialization:	
   343  07FC                     __initialization:	
   344  07FC                     end_of_initialization:	
   345                           ;End of C runtime variable initialization code
   346                           
   347  07FC                     __end_of__initialization:	
   348  07FC  0183               	clrf	3
   349  07FD  120A  118A  2F7D   	ljmp	_main	;jump to C main() function
   350                           
   351                           	psect	cstackCOMMON
   352  0070                     __pcstackCOMMON:	
   353  0070                     ?_main:	
   354  0070                     ??_main:	
   355                           ; 0 bytes @ 0x0
   356                           
   357                           
   358                           ; 0 bytes @ 0x0
   359  0070                     	ds	3
   360                           
   361                           	psect	cstackBANK0
   362  0020                     __pcstackBANK0:	
   363  0020                     main@a:	
   364                           
   365                           ; 10 bytes @ 0x0
   366  0020                     	ds	10
   367  002A                     main@i:	
   368                           
   369                           ; 2 bytes @ 0xA
   370  002A                     	ds	2


Data Sizes:
    Strings     0
    Constant    0
    Data        0
    BSS         0
    Persistent  0
    Stack       0

Auto Spaces:
    Space          Size  Autos    Used
    COMMON           14      3       3
    BANK0            80     12      12
    BANK1            80      0       0
    BANK3            96      0       0
    BANK2            96      0       0

Pointer List with Targets:

    None.

Critical Paths under _main in COMMON

    None.

Critical Paths under _main in BANK0

    None.

Critical Paths under _main in BANK1

    None.

Critical Paths under _main in BANK3

    None.

Critical Paths under _main in BANK2

    None.

Call Graph Tables:

 ---------------------------------------------------------------------------------
 (Depth) Function   	        Calls       Base Space   Used Autos Params    Refs
 ---------------------------------------------------------------------------------
 (0) _main                                                15    15      0     231
                                              0 COMMON     3     3      0
                                              0 BANK0     12    12      0
 ---------------------------------------------------------------------------------
 Estimated maximum stack depth 0
 ---------------------------------------------------------------------------------

 Call Graph Graphs:

 _main (ROOT)

 Address spaces:
Name               Size   Autos  Total    Cost      Usage
BITCOMMON            E      0       0       0        0.0%
EEDATA             100      0       0       0        0.0%
NULL                 0      0       0       0        0.0%
CODE                 0      0       0       0        0.0%
COMMON               E      3       3       1       21.4%
BITSFR0              0      0       0       1        0.0%
SFR0                 0      0       0       1        0.0%
BITSFR1              0      0       0       2        0.0%
SFR1                 0      0       0       2        0.0%
STACK                0      0       0       2        0.0%
ABS                  0      0       0       3        0.0%
BITBANK0            50      0       0       4        0.0%
BITSFR3              0      0       0       4        0.0%
SFR3                 0      0       0       4        0.0%
BANK0               50      C       C       5       15.0%
BITSFR2              0      0       0       5        0.0%
SFR2                 0      0       0       5        0.0%
BITBANK1            50      0       0       6        0.0%
BANK1               50      0       0       7        0.0%
BITBANK3            60      0       0       8        0.0%
BANK3               60      0       0       9        0.0%
BITBANK2            60      0       0      10        0.0%
BANK2               60      0       0      11        0.0%
DATA                 0      0       0      12        0.0%


Microchip Technology PIC Macro Assembler V1.33 build 59893 
Symbol Table                                                                                   Fri Jan 15 06:39:23 2021

            __CFG_CP$OFF 0000                       l31 07AD                       l42 07EF  
                     l45 07F7                       l38 07E0                      l553 0793  
                    l555 07AB                      l573 07D4                      l565 07A5  
                    l575 07ED                      u137 0799                      u147 07B6  
           __CFG_CPD$OFF 0000                      fsr0 0004                      indf 0000  
           __CFG_FOSC$XT 0000             __CFG_LVP$OFF 0000                     _TRMT 04C1  
           __CFG_WRT$OFF 0000                     _main 077D                     btemp 007E  
                   ltemp 007E                     start 0000                     ttemp 007E  
                   wtemp 007E                    ?_main 0070            __CFG_WDTE$OFF 0000  
                  _RCSTA 0018                    _SPBRG 0099                    _SSPIF 0063  
                  _TXREG 0019                    _TXSTA 0098                    main@a 0020  
                  main@i 002A           __CFG_BOREN$OFF 0000                    ltemp0 007E  
                  ltemp1 0082                    ltemp2 0086                    ltemp3 0080  
                  ttemp0 007E                    ttemp1 0081                    ttemp2 0084  
                  ttemp3 0087                    ttemp4 007F                    status 0003  
                  wtemp0 007E                    wtemp1 0080                    wtemp2 0082  
                  wtemp3 0084                    wtemp4 0086                    wtemp5 0088  
                  wtemp6 007F          __initialization 07FC             __end_of_main 07FC  
                 ??_main 0070                   _TRISC3 043B                   _TRISC4 043C  
                 _TRISC5 043D                   _SSPCON 0014                   _SSPBUF 0013  
         __CFG_PWRTE$OFF 0000  __end_of__initialization 07FC           __pcstackCOMMON 0070  
             __pmaintext 077D                  _SSPSTAT 0094     end_of_initialization 07FC  
    start_initialization 07FC                ___latbits 0002            __pcstackBANK0 0020  
          __size_of_main 007F  
