

Microchip Technology PIC LITE Macro Assembler V1.33 build 59893 
                                                                                               Fri Jan 15 05:36:10 2021

Microchip Technology Omniscient Code Generator (Lite mode) build 59893
     1                           	processor	16F876A
     2                           	opt	pw 120
     3                           	opt	lm
     4                           	psect	maintext,global,class=CODE,split=1,delta=2
     5                           	psect	cinit,global,class=CODE,merge=1,delta=2
     6                           	psect	cstackCOMMON,global,class=COMMON,space=1,delta=1
     7                           	dabs	1,0x7E,2
     8  0000                     	;# 
     9  0001                     	;# 
    10  0002                     	;# 
    11  0003                     	;# 
    12  0004                     	;# 
    13  0005                     	;# 
    14  0006                     	;# 
    15  0007                     	;# 
    16  000A                     	;# 
    17  000B                     	;# 
    18  000C                     	;# 
    19  000D                     	;# 
    20  000E                     	;# 
    21  000E                     	;# 
    22  000F                     	;# 
    23  0010                     	;# 
    24  0011                     	;# 
    25  0012                     	;# 
    26  0013                     	;# 
    27  0014                     	;# 
    28  0015                     	;# 
    29  0015                     	;# 
    30  0016                     	;# 
    31  0017                     	;# 
    32  0018                     	;# 
    33  0019                     	;# 
    34  001A                     	;# 
    35  001B                     	;# 
    36  001B                     	;# 
    37  001C                     	;# 
    38  001D                     	;# 
    39  001E                     	;# 
    40  001F                     	;# 
    41  0081                     	;# 
    42  0085                     	;# 
    43  0086                     	;# 
    44  0087                     	;# 
    45  008C                     	;# 
    46  008D                     	;# 
    47  008E                     	;# 
    48  0091                     	;# 
    49  0092                     	;# 
    50  0093                     	;# 
    51  0094                     	;# 
    52  0098                     	;# 
    53  0099                     	;# 
    54  009C                     	;# 
    55  009D                     	;# 
    56  009E                     	;# 
    57  009F                     	;# 
    58  010C                     	;# 
    59  010D                     	;# 
    60  010E                     	;# 
    61  010F                     	;# 
    62  018C                     	;# 
    63  018D                     	;# 
    64  0006                     _PORTB	set	6
    65  0013                     _SSPBUF	set	19
    66  0014                     _SSPCON	set	20
    67  0063                     _SSPIF	set	99
    68  0094                     _SSPSTAT	set	148
    69  0086                     _TRISB	set	134
    70  043B                     _TRISC3	set	1083
    71  043C                     _TRISC4	set	1084
    72  043D                     _TRISC5	set	1085
    73                           
    74                           	psect	maintext
    75  07C8                     __pmaintext:	
    76                           ; #config settings
    77                           
    78                           
    79                           ;psect for function _main
    80  0000                     
    81 ;;
    82 ;;Main: autosize = 0, tempsize = 3, incstack = 0, save=0
    83 ;;
    84 ;; *************** function _main *****************
    85 ;; Defined at:
    86 ;;		line 16 in file "spi-mas3.c"
    87 ;; Parameters:    Size  Location     Type
    88 ;;		None
    89 ;; Auto vars:     Size  Location     Type
    90 ;;  a               1    3[COMMON] unsigned char 
    91 ;; Return value:  Size  Location     Type
    92 ;;		None               void
    93 ;; Registers used:
    94 ;;		wreg, status,2
    95 ;; Tracked objects:
    96 ;;		On entry : 17F/0
    97 ;;		On exit  : 0/0
    98 ;;		Unchanged: 0/0
    99 ;; Data sizes:     COMMON   BANK0   BANK1   BANK3   BANK2
   100 ;;      Params:         0       0       0       0       0
   101 ;;      Locals:         1       0       0       0       0
   102 ;;      Temps:          3       0       0       0       0
   103 ;;      Totals:         4       0       0       0       0
   104 ;;Total ram usage:        4 bytes
   105 ;; This function calls:
   106 ;;		Nothing
   107 ;; This function is called by:
   108 ;;		Startup code after reset
   109 ;; This function uses a non-reentrant model
   110 ;;
   111  07C8                     _main:	
   112                           
   113                           ;spi-mas3.c: 18: char a='A';
   114                           
   115                           ;incstack = 0
   116                           ; Regs used in _main: [wreg+status,2]
   117  07C8  3041               	movlw	65
   118  07C9  00F0               	movwf	??_main
   119  07CA  0870               	movf	??_main,w
   120  07CB  00F3               	movwf	main@a
   121                           
   122                           ;spi-mas3.c: 19: SSPCON=0x20;
   123  07CC  3020               	movlw	32
   124  07CD  1283               	bcf	3,5	;RP0=0, select bank0
   125  07CE  1303               	bcf	3,6	;RP1=0, select bank0
   126  07CF  0094               	movwf	20	;volatile
   127                           
   128                           ;spi-mas3.c: 20: SSPSTAT=0x00;
   129  07D0  1683               	bsf	3,5	;RP0=1, select bank1
   130  07D1  1303               	bcf	3,6	;RP1=0, select bank1
   131  07D2  0194               	clrf	20	;volatile
   132                           
   133                           ;spi-mas3.c: 21: TRISC5=0;
   134  07D3  1287               	bcf	7,5	;volatile
   135                           
   136                           ;spi-mas3.c: 22: TRISC4=1;
   137  07D4  1607               	bsf	7,4	;volatile
   138                           
   139                           ;spi-mas3.c: 23: TRISC3=0;
   140  07D5  1187               	bcf	7,3	;volatile
   141                           
   142                           ;spi-mas3.c: 24: TRISB=0x00;
   143  07D6  0186               	clrf	6	;volatile
   144  07D7                     l23:	
   145                           ;spi-mas3.c: 25: while(1)
   146                           
   147                           
   148                           ;spi-mas3.c: 26: {
   149                           ;spi-mas3.c: 27: SSPBUF=a;
   150  07D7  0873               	movf	main@a,w
   151  07D8  1283               	bcf	3,5	;RP0=0, select bank0
   152  07D9  1303               	bcf	3,6	;RP1=0, select bank0
   153  07DA  0093               	movwf	19	;volatile
   154  07DB                     l24:	
   155                           ;spi-mas3.c: 28: while(SSPIF==0);
   156                           
   157  07DB  1D8C               	btfss	12,3	;volatile
   158  07DC  2FDB               	goto	l24
   159                           
   160                           ;spi-mas3.c: 29: SSPIF=0;
   161  07DD  118C               	bcf	12,3	;volatile
   162                           
   163                           ;spi-mas3.c: 31: _delay((unsigned long)((200)*(4000000/4000.0)));
   164  07DE  3002               	movlw	2
   165  07DF  00F2               	movwf	??_main+2
   166  07E0  3004               	movlw	4
   167  07E1  00F1               	movwf	??_main+1
   168  07E2  30BA               	movlw	186
   169  07E3  00F0               	movwf	??_main
   170  07E4                     u27:	
   171  07E4  0BF0               	decfsz	??_main,f
   172  07E5  2FE4               	goto	u27
   173  07E6  0BF1               	decfsz	??_main+1,f
   174  07E7  2FE4               	goto	u27
   175  07E8  0BF2               	decfsz	??_main+2,f
   176  07E9  2FE4               	goto	u27
   177  07EA  0000               	nop
   178                           
   179                           ;spi-mas3.c: 32: PORTB=SSPBUF;
   180  07EB  1283               	bcf	3,5	;RP0=0, select bank0
   181  07EC  1303               	bcf	3,6	;RP1=0, select bank0
   182  07ED  0813               	movf	19,w	;volatile
   183  07EE  0086               	movwf	6	;volatile
   184                           
   185                           ;spi-mas3.c: 33: _delay((unsigned long)((300)*(4000000/4000.0)));
   186  07EF  3002               	movlw	2
   187  07F0  00F2               	movwf	??_main+2
   188  07F1  3086               	movlw	134
   189  07F2  00F1               	movwf	??_main+1
   190  07F3  3099               	movlw	153
   191  07F4  00F0               	movwf	??_main
   192  07F5                     u37:	
   193  07F5  0BF0               	decfsz	??_main,f
   194  07F6  2FF5               	goto	u37
   195  07F7  0BF1               	decfsz	??_main+1,f
   196  07F8  2FF5               	goto	u37
   197  07F9  0BF2               	decfsz	??_main+2,f
   198  07FA  2FF5               	goto	u37
   199  07FB  2FD7               	goto	l23
   200  07FC                     __end_of_main:	
   201  007E                     btemp	set	126	;btemp
   202  007E                     wtemp	set	126
   203  007E                     wtemp0	set	126
   204  0080                     wtemp1	set	128
   205  0082                     wtemp2	set	130
   206  0084                     wtemp3	set	132
   207  0086                     wtemp4	set	134
   208  0088                     wtemp5	set	136
   209  007F                     wtemp6	set	127
   210  007E                     ttemp	set	126
   211  007E                     ttemp0	set	126
   212  0081                     ttemp1	set	129
   213  0084                     ttemp2	set	132
   214  0087                     ttemp3	set	135
   215  007F                     ttemp4	set	127
   216  007E                     ltemp	set	126
   217  007E                     ltemp0	set	126
   218  0082                     ltemp1	set	130
   219  0086                     ltemp2	set	134
   220  0080                     ltemp3	set	128
   221                           
   222                           	psect	cinit
   223  07FC                     start_initialization:	
   224  07FC                     __initialization:	
   225  07FC                     end_of_initialization:	
   226                           ;End of C runtime variable initialization code
   227                           
   228  07FC                     __end_of__initialization:	
   229  07FC  0183               	clrf	3
   230  07FD  120A  118A  2FC8   	ljmp	_main	;jump to C main() function
   231                           
   232                           	psect	cstackCOMMON
   233  0070                     __pcstackCOMMON:	
   234  0070                     ?_main:	
   235  0070                     ??_main:	
   236                           ; 0 bytes @ 0x0
   237                           
   238                           
   239                           ; 0 bytes @ 0x0
   240  0070                     	ds	3
   241  0073                     main@a:	
   242                           
   243                           ; 1 bytes @ 0x3
   244  0073                     	ds	1


Data Sizes:
    Strings     0
    Constant    0
    Data        0
    BSS         0
    Persistent  0
    Stack       0

Auto Spaces:
    Space          Size  Autos    Used
    COMMON           14      4       4
    BANK0            80      0       0
    BANK1            80      0       0
    BANK3            96      0       0
    BANK2            96      0       0

Pointer List with Targets:

    None.

Critical Paths under _main in COMMON

    None.

Critical Paths under _main in BANK0

    None.

Critical Paths under _main in BANK1

    None.

Critical Paths under _main in BANK3

    None.

Critical Paths under _main in BANK2

    None.

Call Graph Tables:

 ---------------------------------------------------------------------------------
 (Depth) Function   	        Calls       Base Space   Used Autos Params    Refs
 ---------------------------------------------------------------------------------
 (0) _main                                                 4     4      0      15
                                              0 COMMON     4     4      0
 ---------------------------------------------------------------------------------
 Estimated maximum stack depth 0
 ---------------------------------------------------------------------------------

 Call Graph Graphs:

 _main (ROOT)

 Address spaces:
Name               Size   Autos  Total    Cost      Usage
BITCOMMON            E      0       0       0        0.0%
EEDATA             100      0       0       0        0.0%
NULL                 0      0       0       0        0.0%
CODE                 0      0       0       0        0.0%
COMMON               E      4       4       1       28.6%
BITSFR0              0      0       0       1        0.0%
SFR0                 0      0       0       1        0.0%
BITSFR1              0      0       0       2        0.0%
SFR1                 0      0       0       2        0.0%
STACK                0      0       0       2        0.0%
ABS                  0      0       0       3        0.0%
BITBANK0            50      0       0       4        0.0%
BITSFR3              0      0       0       4        0.0%
SFR3                 0      0       0       4        0.0%
BANK0               50      0       0       5        0.0%
BITSFR2              0      0       0       5        0.0%
SFR2                 0      0       0       5        0.0%
BITBANK1            50      0       0       6        0.0%
BANK1               50      0       0       7        0.0%
BITBANK3            60      0       0       8        0.0%
BANK3               60      0       0       9        0.0%
BITBANK2            60      0       0      10        0.0%
BANK2               60      0       0      11        0.0%
DATA                 0      0       0      12        0.0%


Microchip Technology PIC Macro Assembler V1.33 build 59893 
Symbol Table                                                                                   Fri Jan 15 05:36:10 2021

            __CFG_CP$OFF 0000                       l23 07D7                       l24 07DB  
                     u27 07E4                       u37 07F5             __CFG_CPD$OFF 0000  
           __CFG_FOSC$XT 0000             __CFG_LVP$OFF 0000             __CFG_WRT$OFF 0000  
                   _main 07C8                     btemp 007E                     ltemp 007E  
                   start 0000                     ttemp 007E                     wtemp 007E  
                  ?_main 0070            __CFG_WDTE$OFF 0000                    _PORTB 0006  
                  _TRISB 0086                    _SSPIF 0063                    main@a 0073  
         __CFG_BOREN$OFF 0000                    ltemp0 007E                    ltemp1 0082  
                  ltemp2 0086                    ltemp3 0080                    ttemp0 007E  
                  ttemp1 0081                    ttemp2 0084                    ttemp3 0087  
                  ttemp4 007F                    status 0003                    wtemp0 007E  
                  wtemp1 0080                    wtemp2 0082                    wtemp3 0084  
                  wtemp4 0086                    wtemp5 0088                    wtemp6 007F  
        __initialization 07FC             __end_of_main 07FC                   ??_main 0070  
                 _TRISC3 043B                   _TRISC4 043C                   _TRISC5 043D  
                 _SSPCON 0014                   _SSPBUF 0013           __CFG_PWRTE$OFF 0000  
__end_of__initialization 07FC           __pcstackCOMMON 0070               __pmaintext 07C8  
                _SSPSTAT 0094     end_of_initialization 07FC      start_initialization 07FC  
              ___latbits 0002            __size_of_main 0034  
