

Microchip Technology PIC LITE Macro Assembler V1.33 build 59893 
                                                                                               Fri Jan  8 07:44:29 2021

Microchip Technology Omniscient Code Generator (Lite mode) build 59893
     1                           	processor	16F876A
     2                           	opt	pw 120
     3                           	opt	lm
     4                           	psect	idataBANK0,global,class=CODE,delta=2
     5                           	psect	cinit,global,class=CODE,merge=1,delta=2
     6                           	psect	dataBANK0,global,class=BANK0,space=1,delta=1
     7                           	psect	inittext,global,class=CODE,delta=2
     8                           	psect	cstackCOMMON,global,class=COMMON,space=1,delta=1
     9                           	psect	cstackBANK0,global,class=BANK0,space=1,delta=1
    10                           	psect	maintext,global,class=CODE,split=1,delta=2
    11                           	psect	text1,local,class=CODE,merge=1,delta=2
    12                           	psect	text2,local,class=CODE,merge=1,delta=2
    13                           	dabs	1,0x7E,2
    14  0000                     	;# 
    15  0001                     	;# 
    16  0002                     	;# 
    17  0003                     	;# 
    18  0004                     	;# 
    19  0005                     	;# 
    20  0006                     	;# 
    21  0007                     	;# 
    22  000A                     	;# 
    23  000B                     	;# 
    24  000C                     	;# 
    25  000D                     	;# 
    26  000E                     	;# 
    27  000E                     	;# 
    28  000F                     	;# 
    29  0010                     	;# 
    30  0011                     	;# 
    31  0012                     	;# 
    32  0013                     	;# 
    33  0014                     	;# 
    34  0015                     	;# 
    35  0015                     	;# 
    36  0016                     	;# 
    37  0017                     	;# 
    38  0018                     	;# 
    39  0019                     	;# 
    40  001A                     	;# 
    41  001B                     	;# 
    42  001B                     	;# 
    43  001C                     	;# 
    44  001D                     	;# 
    45  001E                     	;# 
    46  001F                     	;# 
    47  0081                     	;# 
    48  0085                     	;# 
    49  0086                     	;# 
    50  0087                     	;# 
    51  008C                     	;# 
    52  008D                     	;# 
    53  008E                     	;# 
    54  0091                     	;# 
    55  0092                     	;# 
    56  0093                     	;# 
    57  0094                     	;# 
    58  0098                     	;# 
    59  0099                     	;# 
    60  009C                     	;# 
    61  009D                     	;# 
    62  009E                     	;# 
    63  009F                     	;# 
    64  010C                     	;# 
    65  010D                     	;# 
    66  010E                     	;# 
    67  010F                     	;# 
    68  018C                     	;# 
    69  018D                     	;# 
    70                           
    71                           	psect	idataBANK0
    72  06FF                     __pidataBANK0:	
    73                           
    74                           ;initializer for main@F994
    75  06FF  3471               	retlw	113
    76  0700  3477               	retlw	119
    77  0701  3465               	retlw	101
    78  0702  3472               	retlw	114
    79  0703  3474               	retlw	116
    80  0704  3479               	retlw	121
    81  0705  3400               	retlw	0
    82  0007                     _PORTC	set	7
    83  0038                     _RC0	set	56
    84  0039                     _RC1	set	57
    85  003A                     _RC2	set	58
    86  0087                     _TRISC	set	135
    87                           
    88                           ; #config settings
    89  0000                     
    90                           	psect	cinit
    91  07F0                     start_initialization:	
    92  07F0                     __initialization:	
    93                           
    94                           ; Initialize objects allocated to BANK0
    95  07F0  1383               	bcf	3,7	;select IRP bank0
    96  07F1  3030               	movlw	low (__pdataBANK0+7)
    97  07F2  00FD               	movwf	btemp+-1
    98  07F3  3006               	movlw	high __pidataBANK0
    99  07F4  00FE               	movwf	btemp
   100  07F5  30FF               	movlw	low __pidataBANK0
   101  07F6  00FF               	movwf	btemp+1
   102  07F7  3029               	movlw	low __pdataBANK0
   103  07F8  0084               	movwf	4
   104  07F9  120A  118A  270A   	fcall	init_ram0
   105  07FC                     end_of_initialization:	
   106                           ;End of C runtime variable initialization code
   107                           
   108  07FC                     __end_of__initialization:	
   109  07FC  0183               	clrf	3
   110  07FD  120A  118A  2F95   	ljmp	_main	;jump to C main() function
   111                           
   112                           	psect	dataBANK0
   113  0029                     __pdataBANK0:	
   114  0029                     main@F994:	
   115  0029                     	ds	7
   116                           
   117                           	psect	inittext
   118  0706                     init_fetch0:	
   119                           ;	Called with low address in FSR and high address in W
   120                           
   121  0706  087E               	movf	126,w
   122  0707  008A               	movwf	10
   123  0708  087F               	movf	127,w
   124  0709  0082               	movwf	2
   125  070A                     init_ram0:	
   126                           ;Called with:
   127                           ;	high address of idata address in btemp 
   128                           ;	low address of idata address in btemp+1 
   129                           ;	low address of data in FSR
   130                           ;	high address + 1 of data in btemp-1
   131                           
   132  070A  2706  120A  118A   	fcall	init_fetch0
   133  070D  0080               	movwf	0
   134  070E  0A84               	incf	4,f
   135  070F  0804               	movf	4,w
   136  0710  067D               	xorwf	125,w
   137  0711  1903               	btfsc	3,2
   138  0712  3400               	retlw	0
   139  0713  0AFF               	incf	127,f
   140  0714  1903               	btfsc	3,2
   141  0715  0AFE               	incf	126,f
   142  0716  2F0A               	goto	init_ram0
   143                           
   144                           	psect	cstackCOMMON
   145  0070                     __pcstackCOMMON:	
   146  0070                     ?_command:	
   147  0070                     ??_command:	
   148                           ; 0 bytes @ 0x0
   149                           
   150  0070                     ?_data:	
   151                           ; 0 bytes @ 0x0
   152                           
   153  0070                     ??_data:	
   154                           ; 0 bytes @ 0x0
   155                           
   156  0070                     ?_main:	
   157                           ; 0 bytes @ 0x0
   158                           
   159                           
   160                           ; 0 bytes @ 0x0
   161  0070                     	ds	2
   162  0072                     command@a:	
   163  0072                     data@a:	
   164                           ; 1 bytes @ 0x2
   165                           
   166                           
   167                           ; 1 bytes @ 0x2
   168  0072                     	ds	1
   169  0073                     command@b:	
   170  0073                     data@b:	
   171                           ; 1 bytes @ 0x3
   172                           
   173                           
   174                           ; 1 bytes @ 0x3
   175  0073                     	ds	1
   176  0074                     ??_main:	
   177                           
   178                           ; 0 bytes @ 0x4
   179  0074                     	ds	4
   180                           
   181                           	psect	cstackBANK0
   182  0020                     __pcstackBANK0:	
   183  0020                     main@a:	
   184                           
   185                           ; 7 bytes @ 0x0
   186  0020                     	ds	7
   187  0027                     main@i:	
   188                           
   189                           ; 2 bytes @ 0x7
   190  0027                     	ds	2
   191                           
   192                           	psect	maintext
   193  0795                     __pmaintext:	
   194 ;;
   195 ;;Main: autosize = 0, tempsize = 4, incstack = 0, save=0
   196 ;;
   197 ;; *************** function _main *****************
   198 ;; Defined at:
   199 ;;		line 62 in file "lcd1.c"
   200 ;; Parameters:    Size  Location     Type
   201 ;;		None
   202 ;; Auto vars:     Size  Location     Type
   203 ;;  a               7    0[BANK0 ] unsigned char [7]
   204 ;;  i               2    7[BANK0 ] int 
   205 ;; Return value:  Size  Location     Type
   206 ;;		None               void
   207 ;; Registers used:
   208 ;;		wreg, fsr0l, fsr0h, status,2, status,0, pclath, cstack
   209 ;; Tracked objects:
   210 ;;		On entry : 17F/0
   211 ;;		On exit  : 0/0
   212 ;;		Unchanged: 0/0
   213 ;; Data sizes:     COMMON   BANK0   BANK1   BANK3   BANK2
   214 ;;      Params:         0       0       0       0       0
   215 ;;      Locals:         0       9       0       0       0
   216 ;;      Temps:          4       0       0       0       0
   217 ;;      Totals:         4       9       0       0       0
   218 ;;Total ram usage:       13 bytes
   219 ;; Hardware stack levels required when called:    1
   220 ;; This function calls:
   221 ;;		_command
   222 ;;		_data
   223 ;; This function is called by:
   224 ;;		Startup code after reset
   225 ;; This function uses a non-reentrant model
   226 ;;
   227                           
   228                           
   229                           ;psect for function _main
   230  0795                     _main:	
   231                           
   232                           ;lcd1.c: 64: TRISC=0x00;
   233                           
   234                           ;incstack = 0
   235                           ; Regs used in _main: [wreg-fsr0h+status,2+status,0+pclath+cstack]
   236  0795  1683               	bsf	3,5	;RP0=1, select bank1
   237  0796  1303               	bcf	3,6	;RP1=0, select bank1
   238  0797  0187               	clrf	7	;volatile
   239                           
   240                           ;lcd1.c: 65: command(0x02);
   241  0798  3002               	movlw	2
   242  0799  120A  118A  2717  120A  118A  	fcall	_command
   243                           
   244                           ;lcd1.c: 66: command(0x0C);
   245  079E  300C               	movlw	12
   246  079F  120A  118A  2717  120A  118A  	fcall	_command
   247                           
   248                           ;lcd1.c: 67: command(0x28);
   249  07A4  3028               	movlw	40
   250  07A5  120A  118A  2717  120A  118A  	fcall	_command
   251                           
   252                           ;lcd1.c: 68: command(0x01);
   253  07AA  3001               	movlw	1
   254  07AB  120A  118A  2717  120A  118A  	fcall	_command
   255                           
   256                           ;lcd1.c: 69: command(0x80);
   257  07B0  3080               	movlw	128
   258  07B1  120A  118A  2717  120A  118A  	fcall	_command
   259                           
   260                           ;lcd1.c: 70: int i;
   261                           ;lcd1.c: 71: char a[]="qwerty";
   262  07B6  3020               	movlw	main@a& (0+255)
   263  07B7  0084               	movwf	4
   264  07B8  3029               	movlw	low main@F994
   265  07B9  00F4               	movwf	??_main
   266  07BA  0804               	movf	4,w
   267  07BB  00F5               	movwf	??_main+1
   268  07BC  3007               	movlw	7
   269  07BD  00F6               	movwf	??_main+2
   270  07BE                     u70:	
   271  07BE  0874               	movf	??_main,w
   272  07BF  0084               	movwf	4
   273  07C0  1383               	bcf	3,7	;select IRP bank0
   274  07C1  0800               	movf	0,w
   275  07C2  00F7               	movwf	??_main+3
   276  07C3  0AF4               	incf	??_main,f
   277  07C4  0875               	movf	??_main+1,w
   278  07C5  0084               	movwf	4
   279  07C6  0877               	movf	??_main+3,w
   280  07C7  0080               	movwf	0
   281  07C8  0AF5               	incf	??_main+1,f
   282  07C9  0BF6               	decfsz	??_main+2,f
   283  07CA  2FBE               	goto	u70
   284  07CB                     l620:	
   285                           ;lcd1.c: 72: while(1)
   286                           
   287                           
   288                           ;lcd1.c: 73: {
   289                           ;lcd1.c: 74: for(i=0;a[i]!='\0';i++)
   290  07CB  1283               	bcf	3,5	;RP0=0, select bank0
   291  07CC  1303               	bcf	3,6	;RP1=0, select bank0
   292  07CD  01A7               	clrf	main@i
   293  07CE  01A8               	clrf	main@i+1
   294  07CF                     l626:	
   295  07CF  0827               	movf	main@i,w
   296  07D0  3E20               	addlw	main@a& (0+255)
   297  07D1  0084               	movwf	4
   298  07D2  1383               	bcf	3,7	;select IRP bank0
   299  07D3  0880               	movf	0,f
   300  07D4  1903               	btfsc	3,2
   301  07D5  2FE9               	goto	l628
   302                           
   303                           ;lcd1.c: 75: {
   304                           ;lcd1.c: 76: data(a[i]);
   305  07D6  0827               	movf	main@i,w
   306  07D7  3E20               	addlw	main@a& (0+255)
   307  07D8  0084               	movwf	4
   308  07D9  1383               	bcf	3,7	;select IRP bank0
   309  07DA  0800               	movf	0,w
   310  07DB  120A  118A  2756  120A  118A  	fcall	_data
   311  07E0  3001               	movlw	1
   312  07E1  1283               	bcf	3,5	;RP0=0, select bank0
   313  07E2  1303               	bcf	3,6	;RP1=0, select bank0
   314  07E3  07A7               	addwf	main@i,f
   315  07E4  1803               	skipnc
   316  07E5  0AA8               	incf	main@i+1,f
   317  07E6  3000               	movlw	0
   318  07E7  07A8               	addwf	main@i+1,f
   319  07E8  2FCF               	goto	l626
   320  07E9                     l628:	
   321                           
   322                           ;lcd1.c: 78: }
   323                           ;lcd1.c: 79: command(0x80);
   324  07E9  3080               	movlw	128
   325  07EA  120A  118A  2717  120A  118A  	fcall	_command
   326  07EF  2FCB               	goto	l620
   327  07F0                     __end_of_main:	
   328                           
   329                           	psect	text1
   330  0756                     __ptext1:	
   331 ;; *************** function _data *****************
   332 ;; Defined at:
   333 ;;		line 41 in file "lcd1.c"
   334 ;; Parameters:    Size  Location     Type
   335 ;;  a               1    wreg     unsigned char 
   336 ;; Auto vars:     Size  Location     Type
   337 ;;  a               1    2[COMMON] unsigned char 
   338 ;;  b               1    3[COMMON] unsigned char 
   339 ;; Return value:  Size  Location     Type
   340 ;;		None               void
   341 ;; Registers used:
   342 ;;		wreg, status,2, status,0
   343 ;; Tracked objects:
   344 ;;		On entry : 0/0
   345 ;;		On exit  : 0/0
   346 ;;		Unchanged: 0/0
   347 ;; Data sizes:     COMMON   BANK0   BANK1   BANK3   BANK2
   348 ;;      Params:         0       0       0       0       0
   349 ;;      Locals:         2       0       0       0       0
   350 ;;      Temps:          2       0       0       0       0
   351 ;;      Totals:         4       0       0       0       0
   352 ;;Total ram usage:        4 bytes
   353 ;; Hardware stack levels used:    1
   354 ;; This function calls:
   355 ;;		Nothing
   356 ;; This function is called by:
   357 ;;		_main
   358 ;; This function uses a non-reentrant model
   359 ;;
   360                           
   361                           
   362                           ;psect for function _data
   363  0756                     _data:	
   364                           
   365                           ;incstack = 0
   366                           ; Regs used in _data: [wreg+status,2+status,0]
   367                           ;data@a stored from wreg
   368  0756  00F2               	movwf	data@a
   369                           
   370                           ;lcd1.c: 43: char b;
   371                           ;lcd1.c: 44: RC0=1;
   372  0757  1283               	bcf	3,5	;RP0=0, select bank0
   373  0758  1303               	bcf	3,6	;RP1=0, select bank0
   374  0759  1407               	bsf	7,0	;volatile
   375                           
   376                           ;lcd1.c: 45: RC1=0;
   377  075A  1087               	bcf	7,1	;volatile
   378                           
   379                           ;lcd1.c: 46: b=a&0xF0;
   380  075B  0872               	movf	data@a,w
   381  075C  39F0               	andlw	240
   382  075D  00F0               	movwf	??_data
   383  075E  0870               	movf	??_data,w
   384  075F  00F3               	movwf	data@b
   385                           
   386                           ;lcd1.c: 47: PORTC=PORTC&0x0F;
   387  0760  0807               	movf	7,w	;volatile
   388  0761  390F               	andlw	15
   389  0762  0087               	movwf	7	;volatile
   390                           
   391                           ;lcd1.c: 48: PORTC=PORTC|b;
   392  0763  0807               	movf	7,w	;volatile
   393  0764  0473               	iorwf	data@b,w
   394  0765  0087               	movwf	7	;volatile
   395                           
   396                           ;lcd1.c: 49: RC2=1;
   397  0766  1507               	bsf	7,2	;volatile
   398                           
   399                           ;lcd1.c: 50: _delay((unsigned long)((25)*(4000000/4000.0)));
   400  0767  3021               	movlw	33
   401  0768  00F1               	movwf	??_data+1
   402  0769  3076               	movlw	118
   403  076A  00F0               	movwf	??_data
   404  076B                     u97:	
   405  076B  0BF0               	decfsz	??_data,f
   406  076C  2F6B               	goto	u97
   407  076D  0BF1               	decfsz	??_data+1,f
   408  076E  2F6B               	goto	u97
   409  076F  0000               	nop
   410                           
   411                           ;lcd1.c: 51: RC2=0;
   412  0770  1283               	bcf	3,5	;RP0=0, select bank0
   413  0771  1303               	bcf	3,6	;RP1=0, select bank0
   414  0772  1107               	bcf	7,2	;volatile
   415                           
   416                           ;lcd1.c: 53: b=a&0x0F;
   417  0773  0872               	movf	data@a,w
   418  0774  390F               	andlw	15
   419  0775  00F0               	movwf	??_data
   420  0776  0870               	movf	??_data,w
   421  0777  00F3               	movwf	data@b
   422                           
   423                           ;lcd1.c: 54: PORTC=PORTC&0x0F;
   424  0778  0807               	movf	7,w	;volatile
   425  0779  390F               	andlw	15
   426  077A  0087               	movwf	7	;volatile
   427                           
   428                           ;lcd1.c: 55: PORTC=PORTC|b<<4;
   429  077B  0873               	movf	data@b,w
   430  077C  00F0               	movwf	??_data
   431  077D  3003               	movlw	3
   432  077E                     u65:	
   433  077E  1003               	clrc
   434  077F  0DF0               	rlf	??_data,f
   435  0780  3EFF               	addlw	-1
   436  0781  1D03               	skipz
   437  0782  2F7E               	goto	u65
   438  0783  1003               	clrc
   439  0784  0D70               	rlf	??_data,w
   440  0785  0407               	iorwf	7,w	;volatile
   441  0786  0087               	movwf	7	;volatile
   442                           
   443                           ;lcd1.c: 56: RC2=1;
   444  0787  1507               	bsf	7,2	;volatile
   445                           
   446                           ;lcd1.c: 57: _delay((unsigned long)((25)*(4000000/4000.0)));
   447  0788  3021               	movlw	33
   448  0789  00F1               	movwf	??_data+1
   449  078A  3076               	movlw	118
   450  078B  00F0               	movwf	??_data
   451  078C                     u107:	
   452  078C  0BF0               	decfsz	??_data,f
   453  078D  2F8C               	goto	u107
   454  078E  0BF1               	decfsz	??_data+1,f
   455  078F  2F8C               	goto	u107
   456  0790  0000               	nop
   457                           
   458                           ;lcd1.c: 58: RC2=0;
   459  0791  1283               	bcf	3,5	;RP0=0, select bank0
   460  0792  1303               	bcf	3,6	;RP1=0, select bank0
   461  0793  1107               	bcf	7,2	;volatile
   462  0794  0008               	return
   463  0795                     __end_of_data:	
   464                           
   465                           	psect	text2
   466  0717                     __ptext2:	
   467 ;; *************** function _command *****************
   468 ;; Defined at:
   469 ;;		line 19 in file "lcd1.c"
   470 ;; Parameters:    Size  Location     Type
   471 ;;  a               1    wreg     unsigned char 
   472 ;; Auto vars:     Size  Location     Type
   473 ;;  a               1    2[COMMON] unsigned char 
   474 ;;  b               1    3[COMMON] unsigned char 
   475 ;; Return value:  Size  Location     Type
   476 ;;		None               void
   477 ;; Registers used:
   478 ;;		wreg, status,2, status,0
   479 ;; Tracked objects:
   480 ;;		On entry : 0/0
   481 ;;		On exit  : 0/0
   482 ;;		Unchanged: 0/0
   483 ;; Data sizes:     COMMON   BANK0   BANK1   BANK3   BANK2
   484 ;;      Params:         0       0       0       0       0
   485 ;;      Locals:         2       0       0       0       0
   486 ;;      Temps:          2       0       0       0       0
   487 ;;      Totals:         4       0       0       0       0
   488 ;;Total ram usage:        4 bytes
   489 ;; Hardware stack levels used:    1
   490 ;; This function calls:
   491 ;;		Nothing
   492 ;; This function is called by:
   493 ;;		_main
   494 ;; This function uses a non-reentrant model
   495 ;;
   496                           
   497                           
   498                           ;psect for function _command
   499  0717                     _command:	
   500                           
   501                           ;incstack = 0
   502                           ; Regs used in _command: [wreg+status,2+status,0]
   503                           ;command@a stored from wreg
   504  0717  00F2               	movwf	command@a
   505                           
   506                           ;lcd1.c: 21: char b;
   507                           ;lcd1.c: 22: RC0=0;
   508  0718  1283               	bcf	3,5	;RP0=0, select bank0
   509  0719  1303               	bcf	3,6	;RP1=0, select bank0
   510  071A  1007               	bcf	7,0	;volatile
   511                           
   512                           ;lcd1.c: 23: RC1=0;
   513  071B  1087               	bcf	7,1	;volatile
   514                           
   515                           ;lcd1.c: 24: b=a&0xF0;
   516  071C  0872               	movf	command@a,w
   517  071D  39F0               	andlw	240
   518  071E  00F0               	movwf	??_command
   519  071F  0870               	movf	??_command,w
   520  0720  00F3               	movwf	command@b
   521                           
   522                           ;lcd1.c: 25: PORTC=PORTC&0x0F;
   523  0721  0807               	movf	7,w	;volatile
   524  0722  390F               	andlw	15
   525  0723  0087               	movwf	7	;volatile
   526                           
   527                           ;lcd1.c: 26: PORTC=PORTC|b;
   528  0724  0807               	movf	7,w	;volatile
   529  0725  0473               	iorwf	command@b,w
   530  0726  0087               	movwf	7	;volatile
   531                           
   532                           ;lcd1.c: 27: RC2=1;
   533  0727  1507               	bsf	7,2	;volatile
   534                           
   535                           ;lcd1.c: 28: _delay((unsigned long)((25)*(4000000/4000.0)));
   536  0728  3021               	movlw	33
   537  0729  00F1               	movwf	??_command+1
   538  072A  3076               	movlw	118
   539  072B  00F0               	movwf	??_command
   540  072C                     u117:	
   541  072C  0BF0               	decfsz	??_command,f
   542  072D  2F2C               	goto	u117
   543  072E  0BF1               	decfsz	??_command+1,f
   544  072F  2F2C               	goto	u117
   545  0730  0000               	nop
   546                           
   547                           ;lcd1.c: 29: RC2=0;
   548  0731  1283               	bcf	3,5	;RP0=0, select bank0
   549  0732  1303               	bcf	3,6	;RP1=0, select bank0
   550  0733  1107               	bcf	7,2	;volatile
   551                           
   552                           ;lcd1.c: 31: b=a&0x0F;
   553  0734  0872               	movf	command@a,w
   554  0735  390F               	andlw	15
   555  0736  00F0               	movwf	??_command
   556  0737  0870               	movf	??_command,w
   557  0738  00F3               	movwf	command@b
   558                           
   559                           ;lcd1.c: 32: PORTC=PORTC&0x0F;
   560  0739  0807               	movf	7,w	;volatile
   561  073A  390F               	andlw	15
   562  073B  0087               	movwf	7	;volatile
   563                           
   564                           ;lcd1.c: 33: PORTC=PORTC|b<<4;
   565  073C  0873               	movf	command@b,w
   566  073D  00F0               	movwf	??_command
   567  073E  3003               	movlw	3
   568  073F                     u55:	
   569  073F  1003               	clrc
   570  0740  0DF0               	rlf	??_command,f
   571  0741  3EFF               	addlw	-1
   572  0742  1D03               	skipz
   573  0743  2F3F               	goto	u55
   574  0744  1003               	clrc
   575  0745  0D70               	rlf	??_command,w
   576  0746  0407               	iorwf	7,w	;volatile
   577  0747  0087               	movwf	7	;volatile
   578                           
   579                           ;lcd1.c: 34: RC2=1;
   580  0748  1507               	bsf	7,2	;volatile
   581                           
   582                           ;lcd1.c: 35: _delay((unsigned long)((25)*(4000000/4000.0)));
   583  0749  3021               	movlw	33
   584  074A  00F1               	movwf	??_command+1
   585  074B  3076               	movlw	118
   586  074C  00F0               	movwf	??_command
   587  074D                     u127:	
   588  074D  0BF0               	decfsz	??_command,f
   589  074E  2F4D               	goto	u127
   590  074F  0BF1               	decfsz	??_command+1,f
   591  0750  2F4D               	goto	u127
   592  0751  0000               	nop
   593                           
   594                           ;lcd1.c: 36: RC2=0;
   595  0752  1283               	bcf	3,5	;RP0=0, select bank0
   596  0753  1303               	bcf	3,6	;RP1=0, select bank0
   597  0754  1107               	bcf	7,2	;volatile
   598  0755  0008               	return
   599  0756                     __end_of_command:	
   600  007E                     btemp	set	126	;btemp
   601  007E                     wtemp	set	126
   602  007E                     wtemp0	set	126
   603  0080                     wtemp1	set	128
   604  0082                     wtemp2	set	130
   605  0084                     wtemp3	set	132
   606  0086                     wtemp4	set	134
   607  0088                     wtemp5	set	136
   608  007F                     wtemp6	set	127
   609  007E                     ttemp	set	126
   610  007E                     ttemp0	set	126
   611  0081                     ttemp1	set	129
   612  0084                     ttemp2	set	132
   613  0087                     ttemp3	set	135
   614  007F                     ttemp4	set	127
   615  007E                     ltemp	set	126
   616  007E                     ltemp0	set	126
   617  0082                     ltemp1	set	130
   618  0086                     ltemp2	set	134
   619  0080                     ltemp3	set	128


Data Sizes:
    Strings     0
    Constant    0
    Data        7
    BSS         0
    Persistent  0
    Stack       0

Auto Spaces:
    Space          Size  Autos    Used
    COMMON           14      8       8
    BANK0            80      9      16
    BANK1            80      0       0
    BANK3            96      0       0
    BANK2            96      0       0

Pointer List with Targets:

    None.

Critical Paths under _main in COMMON

    _main->_command
    _main->_data

Critical Paths under _main in BANK0

    None.

Critical Paths under _main in BANK1

    None.

Critical Paths under _main in BANK3

    None.

Critical Paths under _main in BANK2

    None.

Call Graph Tables:

 ---------------------------------------------------------------------------------
 (Depth) Function   	        Calls       Base Space   Used Autos Params    Refs
 ---------------------------------------------------------------------------------
 (0) _main                                                13    13      0     273
                                              4 COMMON     4     4      0
                                              0 BANK0      9     9      0
                            _command
                               _data
 ---------------------------------------------------------------------------------
 (1) _data                                                 4     4      0      90
                                              0 COMMON     4     4      0
 ---------------------------------------------------------------------------------
 (1) _command                                              4     4      0      90
                                              0 COMMON     4     4      0
 ---------------------------------------------------------------------------------
 Estimated maximum stack depth 1
 ---------------------------------------------------------------------------------

 Call Graph Graphs:

 _main (ROOT)
   _command
   _data

 Address spaces:
Name               Size   Autos  Total    Cost      Usage
BANK3               60      0       0       9        0.0%
BITBANK3            60      0       0       8        0.0%
SFR3                 0      0       0       4        0.0%
BITSFR3              0      0       0       4        0.0%
BANK2               60      0       0      11        0.0%
BITBANK2            60      0       0      10        0.0%
SFR2                 0      0       0       5        0.0%
BITSFR2              0      0       0       5        0.0%
BANK1               50      0       0       7        0.0%
BITBANK1            50      0       0       6        0.0%
SFR1                 0      0       0       2        0.0%
BITSFR1              0      0       0       2        0.0%
BANK0               50      9      10       5       20.0%
BITBANK0            50      0       0       4        0.0%
SFR0                 0      0       0       1        0.0%
BITSFR0              0      0       0       1        0.0%
COMMON               E      8       8       1       57.1%
BITCOMMON            E      0       0       0        0.0%
CODE                 0      0       0       0        0.0%
DATA                 0      0      18      12        0.0%
ABS                  0      0      18       3        0.0%
NULL                 0      0       0       0        0.0%
STACK                0      0       0       2        0.0%
EEDATA             100      0       0       0        0.0%


Microchip Technology PIC Macro Assembler V1.33 build 59893 
Symbol Table                                                                                   Fri Jan  8 07:44:29 2021

                      pc 0002              __CFG_CP$OFF 0000                       u70 07BE  
                     u55 073F                       u65 077E                       u97 076B  
                     fsr 0004                      l620 07CB                      l626 07CF  
                    l628 07E9                      _RC0 0038                      _RC1 0039  
                    _RC2 003A                      u107 078C                      u117 072C  
                    u127 074D             __CFG_CPD$OFF 0000                      fsr0 0004  
                    indf 0000             __CFG_FOSC$XT 0000             __CFG_LVP$OFF 0000  
           __CFG_WRT$OFF 0000                     _data 0756                     _main 0795  
                   btemp 007E                     ltemp 007E                     start 0000  
                   ttemp 007E                     wtemp 007E                    ?_data 0070  
                  ?_main 0070            __CFG_WDTE$OFF 0000                    _PORTC 0007  
                  _TRISC 0087          __end_of_command 0756                    data@a 0072  
                  data@b 0073                    main@a 0020                    main@i 0027  
         __CFG_BOREN$OFF 0000                    pclath 000A                    ltemp0 007E  
                  ltemp1 0082                    ltemp2 0086                    ltemp3 0080  
                  ttemp0 007E                    ttemp1 0081                    ttemp2 0084  
                  ttemp3 0087                    ttemp4 007F                    status 0003  
                  wtemp0 007E                    wtemp1 0080                    wtemp2 0082  
                  wtemp3 0084                    wtemp4 0086                    wtemp5 0088  
                  wtemp6 007F          __initialization 07F0             __end_of_data 0795  
           __end_of_main 07F0                   ??_data 0070                   ??_main 0074  
         __CFG_PWRTE$OFF 0000                ??_command 0070  __end_of__initialization 07FC  
         __pcstackCOMMON 0070             __pidataBANK0 06FF               __pmaintext 0795  
                __ptext1 0756                  __ptext2 0717                  _command 0717  
   end_of_initialization 07FC      start_initialization 07F0               init_fetch0 0706  
            __pdataBANK0 0029                ___latbits 0002            __pcstackBANK0 0020  
               ?_command 0070         __size_of_command 003F            __size_of_data 003F  
          __size_of_main 005B                 main@F994 0029                 command@a 0072  
               command@b 0073                 init_ram0 070A  
