

Microchip Technology PIC LITE Macro Assembler V1.33 build 59893 
                                                                                               Fri Jan 15 05:51:48 2021

Microchip Technology Omniscient Code Generator (Lite mode) build 59893
     1                           	processor	16F876A
     2                           	opt	pw 120
     3                           	opt	lm
     4                           	psect	maintext,global,class=CODE,split=1,delta=2
     5                           	psect	cinit,global,class=CODE,merge=1,delta=2
     6                           	psect	cstackCOMMON,global,class=COMMON,space=1,delta=1
     7                           	dabs	1,0x7E,2
     8  0000                     	;# 
     9  0001                     	;# 
    10  0002                     	;# 
    11  0003                     	;# 
    12  0004                     	;# 
    13  0005                     	;# 
    14  0006                     	;# 
    15  0007                     	;# 
    16  000A                     	;# 
    17  000B                     	;# 
    18  000C                     	;# 
    19  000D                     	;# 
    20  000E                     	;# 
    21  000E                     	;# 
    22  000F                     	;# 
    23  0010                     	;# 
    24  0011                     	;# 
    25  0012                     	;# 
    26  0013                     	;# 
    27  0014                     	;# 
    28  0015                     	;# 
    29  0015                     	;# 
    30  0016                     	;# 
    31  0017                     	;# 
    32  0018                     	;# 
    33  0019                     	;# 
    34  001A                     	;# 
    35  001B                     	;# 
    36  001B                     	;# 
    37  001C                     	;# 
    38  001D                     	;# 
    39  001E                     	;# 
    40  001F                     	;# 
    41  0081                     	;# 
    42  0085                     	;# 
    43  0086                     	;# 
    44  0087                     	;# 
    45  008C                     	;# 
    46  008D                     	;# 
    47  008E                     	;# 
    48  0091                     	;# 
    49  0092                     	;# 
    50  0093                     	;# 
    51  0094                     	;# 
    52  0098                     	;# 
    53  0099                     	;# 
    54  009C                     	;# 
    55  009D                     	;# 
    56  009E                     	;# 
    57  009F                     	;# 
    58  010C                     	;# 
    59  010D                     	;# 
    60  010E                     	;# 
    61  010F                     	;# 
    62  018C                     	;# 
    63  018D                     	;# 
    64  0006                     _PORTB	set	6
    65  0013                     _SSPBUF	set	19
    66  0014                     _SSPCON	set	20
    67  0063                     _SSPIF	set	99
    68  0094                     _SSPSTAT	set	148
    69  0086                     _TRISB	set	134
    70  043B                     _TRISC3	set	1083
    71  043C                     _TRISC4	set	1084
    72  043D                     _TRISC5	set	1085
    73                           
    74                           	psect	maintext
    75  07DB                     __pmaintext:	
    76                           ; #config settings
    77                           
    78                           
    79                           ;psect for function _main
    80  0000                     
    81 ;;
    82 ;;Main: autosize = 0, tempsize = 2, incstack = 0, save=0
    83 ;;
    84 ;; *************** function _main *****************
    85 ;; Defined at:
    86 ;;		line 16 in file "spi-sla3.c"
    87 ;; Parameters:    Size  Location     Type
    88 ;;		None
    89 ;; Auto vars:     Size  Location     Type
    90 ;;  b               1    2[COMMON] unsigned char 
    91 ;; Return value:  Size  Location     Type
    92 ;;		None               void
    93 ;; Registers used:
    94 ;;		wreg, status,2, status,0
    95 ;; Tracked objects:
    96 ;;		On entry : 17F/0
    97 ;;		On exit  : 0/0
    98 ;;		Unchanged: 0/0
    99 ;; Data sizes:     COMMON   BANK0   BANK1   BANK3   BANK2
   100 ;;      Params:         0       0       0       0       0
   101 ;;      Locals:         1       0       0       0       0
   102 ;;      Temps:          2       0       0       0       0
   103 ;;      Totals:         3       0       0       0       0
   104 ;;Total ram usage:        3 bytes
   105 ;; This function calls:
   106 ;;		Nothing
   107 ;; This function is called by:
   108 ;;		Startup code after reset
   109 ;; This function uses a non-reentrant model
   110 ;;
   111  07DB                     _main:	
   112                           
   113                           ;spi-sla3.c: 18: SSPCON=0x25;
   114                           
   115                           ;incstack = 0
   116                           ; Regs used in _main: [wreg+status,2+status,0]
   117  07DB  3025               	movlw	37
   118  07DC  1283               	bcf	3,5	;RP0=0, select bank0
   119  07DD  1303               	bcf	3,6	;RP1=0, select bank0
   120  07DE  0094               	movwf	20	;volatile
   121                           
   122                           ;spi-sla3.c: 19: SSPSTAT=0x00;
   123  07DF  1683               	bsf	3,5	;RP0=1, select bank1
   124  07E0  1303               	bcf	3,6	;RP1=0, select bank1
   125  07E1  0194               	clrf	20	;volatile
   126                           
   127                           ;spi-sla3.c: 20: char b=0x01;
   128  07E2  01F2               	clrf	main@b
   129  07E3  0AF2               	incf	main@b,f
   130                           
   131                           ;spi-sla3.c: 21: TRISC5=0;
   132  07E4  1287               	bcf	7,5	;volatile
   133                           
   134                           ;spi-sla3.c: 22: TRISC4=1;
   135  07E5  1607               	bsf	7,4	;volatile
   136                           
   137                           ;spi-sla3.c: 23: TRISC3=1;
   138  07E6  1587               	bsf	7,3	;volatile
   139                           
   140                           ;spi-sla3.c: 24: TRISB=0x00;
   141  07E7  0186               	clrf	6	;volatile
   142  07E8                     l499:	
   143                           ;spi-sla3.c: 25: while(1)
   144                           
   145                           
   146                           ;spi-sla3.c: 26: {
   147                           ;spi-sla3.c: 27: PORTB=~b;
   148  07E8  0972               	comf	main@b,w
   149  07E9  1283               	bcf	3,5	;RP0=0, select bank0
   150  07EA  0086               	movwf	6	;volatile
   151                           
   152                           ;spi-sla3.c: 28: SSPBUF=b;
   153  07EB  0872               	movf	main@b,w
   154  07EC  0093               	movwf	19	;volatile
   155  07ED                     l22:	
   156                           ;spi-sla3.c: 29: while(SSPIF==0);
   157                           
   158  07ED  1D8C               	btfss	12,3	;volatile
   159  07EE  2FED               	goto	l22
   160                           
   161                           ;spi-sla3.c: 30: SSPIF=0;
   162  07EF  118C               	bcf	12,3	;volatile
   163                           
   164                           ;spi-sla3.c: 31: b=b<<1;
   165  07F0  0872               	movf	main@b,w
   166  07F1  00F0               	movwf	??_main
   167  07F2  0770               	addwf	??_main,w
   168  07F3  00F1               	movwf	??_main+1
   169  07F4  0871               	movf	??_main+1,w
   170  07F5  00F2               	movwf	main@b
   171                           
   172                           ;spi-sla3.c: 32: if(b==0)
   173  07F6  08F2               	movf	main@b,f
   174  07F7  1D03               	skipz
   175  07F8  2FE8               	goto	l499
   176                           
   177                           ;spi-sla3.c: 33: {
   178                           ;spi-sla3.c: 34: b=0x01;
   179  07F9  01F2               	clrf	main@b
   180  07FA  0AF2               	incf	main@b,f
   181  07FB  2FE8               	goto	l499
   182  07FC                     __end_of_main:	
   183  007E                     btemp	set	126	;btemp
   184  007E                     wtemp	set	126
   185  007E                     wtemp0	set	126
   186  0080                     wtemp1	set	128
   187  0082                     wtemp2	set	130
   188  0084                     wtemp3	set	132
   189  0086                     wtemp4	set	134
   190  0088                     wtemp5	set	136
   191  007F                     wtemp6	set	127
   192  007E                     ttemp	set	126
   193  007E                     ttemp0	set	126
   194  0081                     ttemp1	set	129
   195  0084                     ttemp2	set	132
   196  0087                     ttemp3	set	135
   197  007F                     ttemp4	set	127
   198  007E                     ltemp	set	126
   199  007E                     ltemp0	set	126
   200  0082                     ltemp1	set	130
   201  0086                     ltemp2	set	134
   202  0080                     ltemp3	set	128
   203                           
   204                           	psect	cinit
   205  07FC                     start_initialization:	
   206  07FC                     __initialization:	
   207  07FC                     end_of_initialization:	
   208                           ;End of C runtime variable initialization code
   209                           
   210  07FC                     __end_of__initialization:	
   211  07FC  0183               	clrf	3
   212  07FD  120A  118A  2FDB   	ljmp	_main	;jump to C main() function
   213                           
   214                           	psect	cstackCOMMON
   215  0070                     __pcstackCOMMON:	
   216  0070                     ?_main:	
   217  0070                     ??_main:	
   218                           ; 0 bytes @ 0x0
   219                           
   220                           
   221                           ; 0 bytes @ 0x0
   222  0070                     	ds	2
   223  0072                     main@b:	
   224                           
   225                           ; 1 bytes @ 0x2
   226  0072                     	ds	1


Data Sizes:
    Strings     0
    Constant    0
    Data        0
    BSS         0
    Persistent  0
    Stack       0

Auto Spaces:
    Space          Size  Autos    Used
    COMMON           14      3       3
    BANK0            80      0       0
    BANK1            80      0       0
    BANK3            96      0       0
    BANK2            96      0       0

Pointer List with Targets:

    None.

Critical Paths under _main in COMMON

    None.

Critical Paths under _main in BANK0

    None.

Critical Paths under _main in BANK1

    None.

Critical Paths under _main in BANK3

    None.

Critical Paths under _main in BANK2

    None.

Call Graph Tables:

 ---------------------------------------------------------------------------------
 (Depth) Function   	        Calls       Base Space   Used Autos Params    Refs
 ---------------------------------------------------------------------------------
 (0) _main                                                 3     3      0      60
                                              0 COMMON     3     3      0
 ---------------------------------------------------------------------------------
 Estimated maximum stack depth 0
 ---------------------------------------------------------------------------------

 Call Graph Graphs:

 _main (ROOT)

 Address spaces:
Name               Size   Autos  Total    Cost      Usage
BITCOMMON            E      0       0       0        0.0%
EEDATA             100      0       0       0        0.0%
NULL                 0      0       0       0        0.0%
CODE                 0      0       0       0        0.0%
COMMON               E      3       3       1       21.4%
BITSFR0              0      0       0       1        0.0%
SFR0                 0      0       0       1        0.0%
BITSFR1              0      0       0       2        0.0%
SFR1                 0      0       0       2        0.0%
STACK                0      0       0       2        0.0%
ABS                  0      0       0       3        0.0%
BITBANK0            50      0       0       4        0.0%
BITSFR3              0      0       0       4        0.0%
SFR3                 0      0       0       4        0.0%
BANK0               50      0       0       5        0.0%
BITSFR2              0      0       0       5        0.0%
SFR2                 0      0       0       5        0.0%
BITBANK1            50      0       0       6        0.0%
BANK1               50      0       0       7        0.0%
BITBANK3            60      0       0       8        0.0%
BANK3               60      0       0       9        0.0%
BITBANK2            60      0       0      10        0.0%
BANK2               60      0       0      11        0.0%
DATA                 0      0       0      12        0.0%


Microchip Technology PIC Macro Assembler V1.33 build 59893 
Symbol Table                                                                                   Fri Jan 15 05:51:48 2021

            __CFG_CP$OFF 0000                       l22 07ED                      l499 07E8  
           __CFG_CPD$OFF 0000             __CFG_FOSC$XT 0000             __CFG_LVP$OFF 0000  
           __CFG_WRT$OFF 0000                     _main 07DB                     btemp 007E  
                   ltemp 007E                     start 0000                     ttemp 007E  
                   wtemp 007E                    ?_main 0070            __CFG_WDTE$OFF 0000  
                  _PORTB 0006                    _TRISB 0086                    _SSPIF 0063  
                  main@b 0072           __CFG_BOREN$OFF 0000                    ltemp0 007E  
                  ltemp1 0082                    ltemp2 0086                    ltemp3 0080  
                  ttemp0 007E                    ttemp1 0081                    ttemp2 0084  
                  ttemp3 0087                    ttemp4 007F                    status 0003  
                  wtemp0 007E                    wtemp1 0080                    wtemp2 0082  
                  wtemp3 0084                    wtemp4 0086                    wtemp5 0088  
                  wtemp6 007F          __initialization 07FC             __end_of_main 07FC  
                 ??_main 0070                   _TRISC3 043B                   _TRISC4 043C  
                 _TRISC5 043D                   _SSPCON 0014                   _SSPBUF 0013  
         __CFG_PWRTE$OFF 0000  __end_of__initialization 07FC           __pcstackCOMMON 0070  
             __pmaintext 07DB                  _SSPSTAT 0094     end_of_initialization 07FC  
    start_initialization 07FC                ___latbits 0002            __size_of_main 0021  
