

Microchip Technology PIC LITE Macro Assembler V1.33 build 59893 
                                                                                               Mon Jan 18 07:04:11 2021

Microchip Technology Omniscient Code Generator (Lite mode) build 59893
     1                           	processor	16F876A
     2                           	opt	pw 120
     3                           	opt	lm
     4                           	psect	text0,local,class=CODE,merge=1,delta=2
     5                           	psect	cinit,global,class=CODE,merge=1,delta=2
     6                           	psect	bssCOMMON,global,class=COMMON,space=1,delta=1
     7                           	psect	cstackCOMMON,global,class=COMMON,space=1,delta=1
     8                           	psect	maintext,global,class=CODE,split=1,delta=2
     9                           	psect	text1,local,class=CODE,merge=1,delta=2
    10                           	psect	intentry,global,class=CODE,delta=2
    11                           	dabs	1,0x7E,2
    12  0000                     	;# 
    13  0001                     	;# 
    14  0002                     	;# 
    15  0003                     	;# 
    16  0004                     	;# 
    17  0005                     	;# 
    18  0006                     	;# 
    19  0007                     	;# 
    20  000A                     	;# 
    21  000B                     	;# 
    22  000C                     	;# 
    23  000D                     	;# 
    24  000E                     	;# 
    25  000E                     	;# 
    26  000F                     	;# 
    27  0010                     	;# 
    28  0011                     	;# 
    29  0012                     	;# 
    30  0013                     	;# 
    31  0014                     	;# 
    32  0015                     	;# 
    33  0015                     	;# 
    34  0016                     	;# 
    35  0017                     	;# 
    36  0018                     	;# 
    37  0019                     	;# 
    38  001A                     	;# 
    39  001B                     	;# 
    40  001B                     	;# 
    41  001C                     	;# 
    42  001D                     	;# 
    43  001E                     	;# 
    44  001F                     	;# 
    45  0081                     	;# 
    46  0085                     	;# 
    47  0086                     	;# 
    48  0087                     	;# 
    49  008C                     	;# 
    50  008D                     	;# 
    51  008E                     	;# 
    52  0091                     	;# 
    53  0092                     	;# 
    54  0093                     	;# 
    55  0094                     	;# 
    56  0098                     	;# 
    57  0099                     	;# 
    58  009C                     	;# 
    59  009D                     	;# 
    60  009E                     	;# 
    61  009F                     	;# 
    62  010C                     	;# 
    63  010D                     	;# 
    64  010E                     	;# 
    65  010F                     	;# 
    66  018C                     	;# 
    67  018D                     	;# 
    68  0006                     _PORTB	set	6
    69  0012                     _T2CON	set	18
    70  0011                     _TMR2	set	17
    71  005F                     _GIE	set	95
    72  005E                     _PEIE	set	94
    73  0061                     _TMR2IF	set	97
    74  0086                     _TRISB	set	134
    75  0461                     _TMR2IE	set	1121
    76                           
    77                           	psect	text0
    78  0000                     __ptext0:	
    79                           ; #config settings
    80                           
    81                           
    82                           ;psect for function _ISR
    83  0000                     
    84                           	psect	cinit
    85  0015                     start_initialization:	
    86  0015                     __initialization:	
    87                           
    88                           ; Clear objects allocated to COMMON
    89  0015  01F5               	clrf	__pbssCOMMON& (0+127)
    90  0016  01F6               	clrf	(__pbssCOMMON+1)& (0+127)
    91  0017                     end_of_initialization:	
    92                           ;End of C runtime variable initialization code
    93                           
    94  0017                     __end_of__initialization:	
    95  0017  0183               	clrf	3
    96  0018  120A  118A  281B   	ljmp	_main	;jump to C main() function
    97                           
    98                           	psect	bssCOMMON
    99  0075                     __pbssCOMMON:	
   100  0075                     _count:	
   101  0075                     	ds	2
   102                           
   103                           	psect	cstackCOMMON
   104  0070                     __pcstackCOMMON:	
   105  0070                     ?_main:	
   106  0070                     ?_ISR:	
   107                           ; 0 bytes @ 0x0
   108                           
   109  0070                     ??_ISR:	
   110                           ; 0 bytes @ 0x0
   111                           
   112                           
   113                           ; 0 bytes @ 0x0
   114  0070                     	ds	4
   115  0074                     ??_main:	
   116                           
   117                           ; 0 bytes @ 0x4
   118  0074                     	ds	1
   119                           
   120                           	psect	maintext
   121  001B                     __pmaintext:	
   122 ;;
   123 ;;Main: autosize = 0, tempsize = 1, incstack = 0, save=0
   124 ;;
   125 ;; *************** function _main *****************
   126 ;; Defined at:
   127 ;;		line 18 in file "inter3.c"
   128 ;; Parameters:    Size  Location     Type
   129 ;;		None
   130 ;; Auto vars:     Size  Location     Type
   131 ;;		None
   132 ;; Return value:  Size  Location     Type
   133 ;;		None               void
   134 ;; Registers used:
   135 ;;		wreg, status,2, status,0
   136 ;; Tracked objects:
   137 ;;		On entry : 17F/0
   138 ;;		On exit  : 0/0
   139 ;;		Unchanged: 0/0
   140 ;; Data sizes:     COMMON   BANK0   BANK1   BANK3   BANK2
   141 ;;      Params:         0       0       0       0       0
   142 ;;      Locals:         0       0       0       0       0
   143 ;;      Temps:          1       0       0       0       0
   144 ;;      Totals:         1       0       0       0       0
   145 ;;Total ram usage:        1 bytes
   146 ;; Hardware stack levels required when called:    1
   147 ;; This function calls:
   148 ;;		Nothing
   149 ;; This function is called by:
   150 ;;		Startup code after reset
   151 ;; This function uses a non-reentrant model
   152 ;;
   153                           
   154                           
   155                           ;psect for function _main
   156  001B                     _main:	
   157                           
   158                           ;inter3.c: 20: TRISB=0x00;
   159                           
   160                           ;incstack = 0
   161                           ; Regs used in _main: [wreg+status,2+status,0]
   162  001B  1683               	bsf	3,5	;RP0=1, select bank1
   163  001C  1303               	bcf	3,6	;RP1=0, select bank1
   164  001D  0186               	clrf	6	;volatile
   165                           
   166                           ;inter3.c: 21: PORTB=0x00;
   167  001E  1283               	bcf	3,5	;RP0=0, select bank0
   168  001F  1303               	bcf	3,6	;RP1=0, select bank0
   169  0020  0186               	clrf	6	;volatile
   170                           
   171                           ;inter3.c: 22: GIE=1;
   172  0021  178B               	bsf	11,7	;volatile
   173                           
   174                           ;inter3.c: 23: TMR2IE=1;
   175  0022  1683               	bsf	3,5	;RP0=1, select bank1
   176  0023  1303               	bcf	3,6	;RP1=0, select bank1
   177  0024  148C               	bsf	12,1	;volatile
   178                           
   179                           ;inter3.c: 24: T2CON=0x05;
   180  0025  3005               	movlw	5
   181  0026  1283               	bcf	3,5	;RP0=0, select bank0
   182  0027  1303               	bcf	3,6	;RP1=0, select bank0
   183  0028  0092               	movwf	18	;volatile
   184                           
   185                           ;inter3.c: 25: PEIE=1;
   186  0029  170B               	bsf	11,6	;volatile
   187                           
   188                           ;inter3.c: 26: TMR2=5;
   189  002A  3005               	movlw	5
   190  002B  0091               	movwf	17	;volatile
   191  002C                     l497:	
   192                           ;inter3.c: 27: while(1)
   193                           
   194                           
   195                           ;inter3.c: 28: {
   196                           ;inter3.c: 29: if(count==1000)
   197  002C  3003               	movlw	3
   198  002D  0676               	xorwf	_count+1,w
   199  002E  1D03               	skipz
   200  002F  2832               	goto	u15
   201  0030  30E8               	movlw	232
   202  0031  0675               	xorwf	_count,w
   203  0032                     u15:	
   204  0032  1D03               	skipz
   205  0033  282C               	goto	l497
   206                           
   207                           ;inter3.c: 30: {
   208                           ;inter3.c: 31: PORTB^=0xFF;
   209  0034  30FF               	movlw	255
   210  0035  00F4               	movwf	??_main
   211  0036  0874               	movf	??_main,w
   212  0037  1283               	bcf	3,5	;RP0=0, select bank0
   213  0038  1303               	bcf	3,6	;RP1=0, select bank0
   214  0039  0686               	xorwf	6,f	;volatile
   215                           
   216                           ;inter3.c: 32: count=0;
   217  003A  01F5               	clrf	_count
   218  003B  01F6               	clrf	_count+1
   219  003C  282C               	goto	l497
   220  003D                     __end_of_main:	
   221                           
   222                           	psect	text1
   223  003D                     __ptext1:	
   224 ;; *************** function _ISR *****************
   225 ;; Defined at:
   226 ;;		line 37 in file "inter3.c"
   227 ;; Parameters:    Size  Location     Type
   228 ;;		None
   229 ;; Auto vars:     Size  Location     Type
   230 ;;		None
   231 ;; Return value:  Size  Location     Type
   232 ;;		None               void
   233 ;; Registers used:
   234 ;;		wreg
   235 ;; Tracked objects:
   236 ;;		On entry : 0/0
   237 ;;		On exit  : 0/0
   238 ;;		Unchanged: 0/0
   239 ;; Data sizes:     COMMON   BANK0   BANK1   BANK3   BANK2
   240 ;;      Params:         0       0       0       0       0
   241 ;;      Locals:         0       0       0       0       0
   242 ;;      Temps:          4       0       0       0       0
   243 ;;      Totals:         4       0       0       0       0
   244 ;;Total ram usage:        4 bytes
   245 ;; Hardware stack levels used:    1
   246 ;; This function calls:
   247 ;;		Nothing
   248 ;; This function is called by:
   249 ;;		Interrupt level 1
   250 ;; This function uses a non-reentrant model
   251 ;;
   252                           
   253                           
   254                           ;psect for function _ISR
   255  003D                     _ISR:	
   256                           
   257                           ;inter3.c: 39: GIE=0;
   258  003D  138B               	bcf	11,7	;volatile
   259                           
   260                           ;inter3.c: 41: count++;
   261  003E  3001               	movlw	1
   262  003F  07F5               	addwf	_count,f
   263  0040  1803               	skipnc
   264  0041  0AF6               	incf	_count+1,f
   265  0042  3000               	movlw	0
   266  0043  07F6               	addwf	_count+1,f
   267                           
   268                           ;inter3.c: 42: TMR2=5;
   269  0044  3005               	movlw	5
   270  0045  0091               	movwf	17	;volatile
   271                           
   272                           ;inter3.c: 43: TMR2IF=0;
   273  0046  108C               	bcf	12,1	;volatile
   274                           
   275                           ;inter3.c: 45: GIE=1;
   276  0047  178B               	bsf	11,7	;volatile
   277  0048  0873               	movf	??_ISR+3,w
   278  0049  00FF               	movwf	127
   279  004A  0872               	movf	??_ISR+2,w
   280  004B  008A               	movwf	10
   281  004C  0871               	movf	??_ISR+1,w
   282  004D  0084               	movwf	4
   283  004E  0E70               	swapf	??_ISR^(0+-128),w
   284  004F  0083               	movwf	3
   285  0050  0EFE               	swapf	126,f
   286  0051  0E7E               	swapf	126,w
   287  0052  0009               	retfie
   288  0053                     __end_of_ISR:	
   289  007E                     btemp	set	126	;btemp
   290  007E                     wtemp	set	126
   291  007E                     wtemp0	set	126
   292  0080                     wtemp1	set	128
   293  0082                     wtemp2	set	130
   294  0084                     wtemp3	set	132
   295  0086                     wtemp4	set	134
   296  0088                     wtemp5	set	136
   297  007F                     wtemp6	set	127
   298  007E                     ttemp	set	126
   299  007E                     ttemp0	set	126
   300  0081                     ttemp1	set	129
   301  0084                     ttemp2	set	132
   302  0087                     ttemp3	set	135
   303  007F                     ttemp4	set	127
   304  007E                     ltemp	set	126
   305  007E                     ltemp0	set	126
   306  0082                     ltemp1	set	130
   307  0086                     ltemp2	set	134
   308  0080                     ltemp3	set	128
   309                           
   310                           	psect	intentry
   311  0004                     __pintentry:	
   312                           ;incstack = 0
   313                           ; Regs used in _ISR: [wreg]
   314                           
   315  0004                     interrupt_function:	
   316  007E                     saved_w	set	btemp
   317  0004  00FE               	movwf	btemp
   318  0005  0E03               	swapf	3,w
   319  0006  00F0               	movwf	??_ISR
   320  0007  0804               	movf	4,w
   321  0008  00F1               	movwf	??_ISR+1
   322  0009  080A               	movf	10,w
   323  000A  00F2               	movwf	??_ISR+2
   324  000B  1283               	bcf	3,5	;RP0=0, select bank0
   325  000C  1303               	bcf	3,6	;RP1=0, select bank0
   326  000D  087F               	movf	btemp+1,w
   327  000E  00F3               	movwf	??_ISR+3
   328  000F  120A  118A  283D   	ljmp	_ISR


Data Sizes:
    Strings     0
    Constant    0
    Data        0
    BSS         2
    Persistent  0
    Stack       0

Auto Spaces:
    Space          Size  Autos    Used
    COMMON           14      5       7
    BANK0            80      0       0
    BANK1            80      0       0
    BANK3            96      0       0
    BANK2            96      0       0

Pointer List with Targets:

    None.

Critical Paths under _main in COMMON

    None.

Critical Paths under _ISR in COMMON

    None.

Critical Paths under _main in BANK0

    None.

Critical Paths under _ISR in BANK0

    None.

Critical Paths under _main in BANK1

    None.

Critical Paths under _ISR in BANK1

    None.

Critical Paths under _main in BANK3

    None.

Critical Paths under _ISR in BANK3

    None.

Critical Paths under _main in BANK2

    None.

Critical Paths under _ISR in BANK2

    None.

Call Graph Tables:

 ---------------------------------------------------------------------------------
 (Depth) Function   	        Calls       Base Space   Used Autos Params    Refs
 ---------------------------------------------------------------------------------
 (0) _main                                                 1     1      0       0
                                              4 COMMON     1     1      0
 ---------------------------------------------------------------------------------
 Estimated maximum stack depth 0
 ---------------------------------------------------------------------------------
 (Depth) Function   	        Calls       Base Space   Used Autos Params    Refs
 ---------------------------------------------------------------------------------
 (1) _ISR                                                  4     4      0       0
                                              0 COMMON     4     4      0
 ---------------------------------------------------------------------------------
 Estimated maximum stack depth 1
 ---------------------------------------------------------------------------------

 Call Graph Graphs:

 _main (ROOT)

 _ISR (ROOT)

 Address spaces:
Name               Size   Autos  Total    Cost      Usage
BITCOMMON            E      0       0       0        0.0%
EEDATA             100      0       0       0        0.0%
NULL                 0      0       0       0        0.0%
CODE                 0      0       0       0        0.0%
COMMON               E      5       7       1       50.0%
BITSFR0              0      0       0       1        0.0%
SFR0                 0      0       0       1        0.0%
BITSFR1              0      0       0       2        0.0%
SFR1                 0      0       0       2        0.0%
STACK                0      0       0       2        0.0%
ABS                  0      0       7       3        0.0%
BITBANK0            50      0       0       4        0.0%
BITSFR3              0      0       0       4        0.0%
SFR3                 0      0       0       4        0.0%
BANK0               50      0       0       5        0.0%
BITSFR2              0      0       0       5        0.0%
SFR2                 0      0       0       5        0.0%
BITBANK1            50      0       0       6        0.0%
BANK1               50      0       0       7        0.0%
BITBANK3            60      0       0       8        0.0%
BANK3               60      0       0       9        0.0%
BITBANK2            60      0       0      10        0.0%
BANK2               60      0       0      11        0.0%
DATA                 0      0       7      12        0.0%


Microchip Technology PIC Macro Assembler V1.33 build 59893 
Symbol Table                                                                                   Mon Jan 18 07:04:11 2021

            __CFG_CP$OFF 0000                       u15 0032                      l497 002C  
                    _GIE 005F             __CFG_CPD$OFF 0000                      _ISR 003D  
                    fsr0 0004             __CFG_FOSC$XT 0000             __CFG_LVP$OFF 0000  
                   ?_ISR 0070                     _PEIE 005E                     _TMR2 0011  
           __CFG_WRT$OFF 0000                     _main 001B                     btemp 007E  
                   ltemp 007E                     start 0012                     ttemp 007E  
                   wtemp 007E                    ??_ISR 0070                    ?_main 0070  
          __CFG_WDTE$OFF 0000                    _T2CON 0012                    _PORTB 0006  
                  _TRISB 0086                    _count 0075           __CFG_BOREN$OFF 0000  
                  pclath 000A                    ltemp0 007E                    ltemp1 0082  
                  ltemp2 0086                    ltemp3 0080                    ttemp0 007E  
                  ttemp1 0081                    ttemp2 0084                    ttemp3 0087  
                  ttemp4 007F                    status 0003                    wtemp0 007E  
                  wtemp1 0080                    wtemp2 0082                    wtemp3 0084  
                  wtemp4 0086                    wtemp5 0088                    wtemp6 007F  
        __initialization 0015             __end_of_main 003D                   ??_main 0074  
                 _TMR2IE 0461                   _TMR2IF 0061           __CFG_PWRTE$OFF 0000  
                 saved_w 007E  __end_of__initialization 0017           __pcstackCOMMON 0070  
             __pmaintext 001B               __pintentry 0004                  __ptext0 0000  
                __ptext1 003D             __size_of_ISR 0016     end_of_initialization 0017  
    start_initialization 0015              __end_of_ISR 0053              __pbssCOMMON 0075  
              ___latbits 0002        interrupt_function 0004            __size_of_main 0022  
               intlevel1 0000  
