

Microchip Technology PIC LITE Macro Assembler V1.33 build 59893 
                                                                                               Mon Jan  4 07:22:25 2021

Microchip Technology Omniscient Code Generator (Lite mode) build 59893
     1                           	processor	16F876A
     2                           	opt	pw 120
     3                           	opt	lm
     4                           	psect	maintext,global,class=CODE,split=1,delta=2
     5                           	psect	cinit,global,class=CODE,merge=1,delta=2
     6                           	psect	cstackCOMMON,global,class=COMMON,space=1,delta=1
     7                           	dabs	1,0x7E,2
     8  0000                     	;# 
     9  0001                     	;# 
    10  0002                     	;# 
    11  0003                     	;# 
    12  0004                     	;# 
    13  0005                     	;# 
    14  0006                     	;# 
    15  0007                     	;# 
    16  000A                     	;# 
    17  000B                     	;# 
    18  000C                     	;# 
    19  000D                     	;# 
    20  000E                     	;# 
    21  000E                     	;# 
    22  000F                     	;# 
    23  0010                     	;# 
    24  0011                     	;# 
    25  0012                     	;# 
    26  0013                     	;# 
    27  0014                     	;# 
    28  0015                     	;# 
    29  0015                     	;# 
    30  0016                     	;# 
    31  0017                     	;# 
    32  0018                     	;# 
    33  0019                     	;# 
    34  001A                     	;# 
    35  001B                     	;# 
    36  001B                     	;# 
    37  001C                     	;# 
    38  001D                     	;# 
    39  001E                     	;# 
    40  001F                     	;# 
    41  0081                     	;# 
    42  0085                     	;# 
    43  0086                     	;# 
    44  0087                     	;# 
    45  008C                     	;# 
    46  008D                     	;# 
    47  008E                     	;# 
    48  0091                     	;# 
    49  0092                     	;# 
    50  0093                     	;# 
    51  0094                     	;# 
    52  0098                     	;# 
    53  0099                     	;# 
    54  009C                     	;# 
    55  009D                     	;# 
    56  009E                     	;# 
    57  009F                     	;# 
    58  010C                     	;# 
    59  010D                     	;# 
    60  010E                     	;# 
    61  010F                     	;# 
    62  018C                     	;# 
    63  018D                     	;# 
    64  0005                     _PORTA	set	5
    65  0006                     _PORTB	set	6
    66  0007                     _PORTC	set	7
    67  0085                     _TRISA	set	133
    68  0086                     _TRISB	set	134
    69  0087                     _TRISC	set	135
    70                           
    71                           	psect	maintext
    72  07C7                     __pmaintext:	
    73                           ; #config settings
    74                           
    75                           
    76                           ;psect for function _main
    77  0000                     
    78 ;;
    79 ;;Main: autosize = 0, tempsize = 3, incstack = 0, save=0
    80 ;;
    81 ;; *************** function _main *****************
    82 ;; Defined at:
    83 ;;		line 20 in file "bling4.c"
    84 ;; Parameters:    Size  Location     Type
    85 ;;		None
    86 ;; Auto vars:     Size  Location     Type
    87 ;;  i               2    0        int 
    88 ;; Return value:  Size  Location     Type
    89 ;;		None               void
    90 ;; Registers used:
    91 ;;		wreg, status,2
    92 ;; Tracked objects:
    93 ;;		On entry : 17F/0
    94 ;;		On exit  : 0/0
    95 ;;		Unchanged: 0/0
    96 ;; Data sizes:     COMMON   BANK0   BANK1   BANK3   BANK2
    97 ;;      Params:         0       0       0       0       0
    98 ;;      Locals:         0       0       0       0       0
    99 ;;      Temps:          3       0       0       0       0
   100 ;;      Totals:         3       0       0       0       0
   101 ;;Total ram usage:        3 bytes
   102 ;; This function calls:
   103 ;;		Nothing
   104 ;; This function is called by:
   105 ;;		Startup code after reset
   106 ;; This function uses a non-reentrant model
   107 ;;
   108  07C7                     _main:	
   109                           
   110                           ;bling4.c: 22: int i;
   111                           ;bling4.c: 23: TRISA=0x00;
   112                           
   113                           ;incstack = 0
   114                           ; Regs used in _main: [wreg+status,2]
   115  07C7  1683               	bsf	3,5	;RP0=1, select bank1
   116  07C8  1303               	bcf	3,6	;RP1=0, select bank1
   117  07C9  0185               	clrf	5	;volatile
   118                           
   119                           ;bling4.c: 24: TRISB=0x00;
   120  07CA  0186               	clrf	6	;volatile
   121                           
   122                           ;bling4.c: 25: TRISC=0X00;
   123  07CB  0187               	clrf	7	;volatile
   124                           
   125                           ;bling4.c: 26: PORTA=0x00;
   126  07CC  1283               	bcf	3,5	;RP0=0, select bank0
   127  07CD  1303               	bcf	3,6	;RP1=0, select bank0
   128  07CE  0185               	clrf	5	;volatile
   129                           
   130                           ;bling4.c: 27: PORTB=0x00;
   131  07CF  0186               	clrf	6	;volatile
   132                           
   133                           ;bling4.c: 28: PORTC=0x00;
   134  07D0  0187               	clrf	7	;volatile
   135  07D1                     l479:	
   136                           ;bling4.c: 29: while(1)
   137                           
   138                           
   139                           ;bling4.c: 30: {
   140                           ;bling4.c: 31: PORTA=0x33;
   141  07D1  3033               	movlw	51
   142  07D2  1283               	bcf	3,5	;RP0=0, select bank0
   143  07D3  1303               	bcf	3,6	;RP1=0, select bank0
   144  07D4  0085               	movwf	5	;volatile
   145                           
   146                           ;bling4.c: 32: PORTB=0x33;
   147  07D5  3033               	movlw	51
   148  07D6  0086               	movwf	6	;volatile
   149                           
   150                           ;bling4.c: 33: PORTC=0x33;
   151  07D7  3033               	movlw	51
   152  07D8  0087               	movwf	7	;volatile
   153                           
   154                           ;bling4.c: 34: _delay((unsigned long)((500)*(4000000/4000.0)));
   155  07D9  3003               	movlw	3
   156  07DA  00F2               	movwf	??_main+2
   157  07DB  308A               	movlw	138
   158  07DC  00F1               	movwf	??_main+1
   159  07DD  3056               	movlw	86
   160  07DE  00F0               	movwf	??_main
   161  07DF                     u17:	
   162  07DF  0BF0               	decfsz	??_main,f
   163  07E0  2FDF               	goto	u17
   164  07E1  0BF1               	decfsz	??_main+1,f
   165  07E2  2FDF               	goto	u17
   166  07E3  0BF2               	decfsz	??_main+2,f
   167  07E4  2FDF               	goto	u17
   168  07E5  2FE6               	nop2
   169                           
   170                           ;bling4.c: 35: PORTA=0xCC;
   171  07E6  30CC               	movlw	204
   172  07E7  1283               	bcf	3,5	;RP0=0, select bank0
   173  07E8  1303               	bcf	3,6	;RP1=0, select bank0
   174  07E9  0085               	movwf	5	;volatile
   175                           
   176                           ;bling4.c: 36: PORTB=0xCC;
   177  07EA  30CC               	movlw	204
   178  07EB  0086               	movwf	6	;volatile
   179                           
   180                           ;bling4.c: 37: PORTC=0xCC;
   181  07EC  30CC               	movlw	204
   182  07ED  0087               	movwf	7	;volatile
   183                           
   184                           ;bling4.c: 38: _delay((unsigned long)((500)*(4000000/4000.0)));
   185  07EE  3003               	movlw	3
   186  07EF  00F2               	movwf	??_main+2
   187  07F0  308A               	movlw	138
   188  07F1  00F1               	movwf	??_main+1
   189  07F2  3056               	movlw	86
   190  07F3  00F0               	movwf	??_main
   191  07F4                     u27:	
   192  07F4  0BF0               	decfsz	??_main,f
   193  07F5  2FF4               	goto	u27
   194  07F6  0BF1               	decfsz	??_main+1,f
   195  07F7  2FF4               	goto	u27
   196  07F8  0BF2               	decfsz	??_main+2,f
   197  07F9  2FF4               	goto	u27
   198  07FA  2FFB               	nop2
   199  07FB  2FD1               	goto	l479
   200  07FC                     __end_of_main:	
   201  007E                     btemp	set	126	;btemp
   202  007E                     wtemp	set	126
   203  007E                     wtemp0	set	126
   204  0080                     wtemp1	set	128
   205  0082                     wtemp2	set	130
   206  0084                     wtemp3	set	132
   207  0086                     wtemp4	set	134
   208  0088                     wtemp5	set	136
   209  007F                     wtemp6	set	127
   210  007E                     ttemp	set	126
   211  007E                     ttemp0	set	126
   212  0081                     ttemp1	set	129
   213  0084                     ttemp2	set	132
   214  0087                     ttemp3	set	135
   215  007F                     ttemp4	set	127
   216  007E                     ltemp	set	126
   217  007E                     ltemp0	set	126
   218  0082                     ltemp1	set	130
   219  0086                     ltemp2	set	134
   220  0080                     ltemp3	set	128
   221                           
   222                           	psect	cinit
   223  07FC                     start_initialization:	
   224  07FC                     __initialization:	
   225  07FC                     end_of_initialization:	
   226                           ;End of C runtime variable initialization code
   227                           
   228  07FC                     __end_of__initialization:	
   229  07FC  0183               	clrf	3
   230  07FD  120A  118A  2FC7   	ljmp	_main	;jump to C main() function
   231                           
   232                           	psect	cstackCOMMON
   233  0070                     __pcstackCOMMON:	
   234  0070                     ?_main:	
   235  0070                     ??_main:	
   236                           ; 0 bytes @ 0x0
   237                           
   238                           
   239                           ; 0 bytes @ 0x0
   240  0070                     	ds	3


Data Sizes:
    Strings     0
    Constant    0
    Data        0
    BSS         0
    Persistent  0
    Stack       0

Auto Spaces:
    Space          Size  Autos    Used
    COMMON           14      3       3
    BANK0            80      0       0
    BANK1            80      0       0
    BANK3            96      0       0
    BANK2            96      0       0

Pointer List with Targets:

    None.

Critical Paths under _main in COMMON

    None.

Critical Paths under _main in BANK0

    None.

Critical Paths under _main in BANK1

    None.

Critical Paths under _main in BANK3

    None.

Critical Paths under _main in BANK2

    None.

Call Graph Tables:

 ---------------------------------------------------------------------------------
 (Depth) Function   	        Calls       Base Space   Used Autos Params    Refs
 ---------------------------------------------------------------------------------
 (0) _main                                                 5     5      0       0
                                              0 COMMON     3     3      0
 ---------------------------------------------------------------------------------
 Estimated maximum stack depth 0
 ---------------------------------------------------------------------------------

 Call Graph Graphs:

 _main (ROOT)

 Address spaces:
Name               Size   Autos  Total    Cost      Usage
BITCOMMON            E      0       0       0        0.0%
EEDATA             100      0       0       0        0.0%
NULL                 0      0       0       0        0.0%
CODE                 0      0       0       0        0.0%
COMMON               E      3       3       1       21.4%
BITSFR0              0      0       0       1        0.0%
SFR0                 0      0       0       1        0.0%
BITSFR1              0      0       0       2        0.0%
SFR1                 0      0       0       2        0.0%
STACK                0      0       0       2        0.0%
ABS                  0      0       0       3        0.0%
BITBANK0            50      0       0       4        0.0%
BITSFR3              0      0       0       4        0.0%
SFR3                 0      0       0       4        0.0%
BANK0               50      0       0       5        0.0%
BITSFR2              0      0       0       5        0.0%
SFR2                 0      0       0       5        0.0%
BITBANK1            50      0       0       6        0.0%
BANK1               50      0       0       7        0.0%
BITBANK3            60      0       0       8        0.0%
BANK3               60      0       0       9        0.0%
BITBANK2            60      0       0      10        0.0%
BANK2               60      0       0      11        0.0%
DATA                 0      0       0      12        0.0%


Microchip Technology PIC Macro Assembler V1.33 build 59893 
Symbol Table                                                                                   Mon Jan  4 07:22:25 2021

            __CFG_CP$OFF 0000                       u17 07DF                       u27 07F4  
                    l479 07D1             __CFG_CPD$OFF 0000             __CFG_FOSC$XT 0000  
           __CFG_LVP$OFF 0000             __CFG_WRT$OFF 0000                     _main 07C7  
                   btemp 007E                     ltemp 007E                     start 0000  
                   ttemp 007E                     wtemp 007E                    ?_main 0070  
          __CFG_WDTE$OFF 0000                    _PORTA 0005                    _PORTB 0006  
                  _PORTC 0007                    _TRISA 0085                    _TRISB 0086  
                  _TRISC 0087           __CFG_BOREN$OFF 0000                    ltemp0 007E  
                  ltemp1 0082                    ltemp2 0086                    ltemp3 0080  
                  ttemp0 007E                    ttemp1 0081                    ttemp2 0084  
                  ttemp3 0087                    ttemp4 007F                    status 0003  
                  wtemp0 007E                    wtemp1 0080                    wtemp2 0082  
                  wtemp3 0084                    wtemp4 0086                    wtemp5 0088  
                  wtemp6 007F          __initialization 07FC             __end_of_main 07FC  
                 ??_main 0070           __CFG_PWRTE$OFF 0000  __end_of__initialization 07FC  
         __pcstackCOMMON 0070               __pmaintext 07C7     end_of_initialization 07FC  
    start_initialization 07FC                ___latbits 0002            __size_of_main 0035  
