

Microchip Technology PIC LITE Macro Assembler V1.33 build 59893 
                                                                                               Thu Dec 31 04:44:52 2020

Microchip Technology Omniscient Code Generator (Lite mode) build 59893
     1                           	processor	16F876A
     2                           	opt	pw 120
     3                           	opt	lm
     4                           	psect	maintext,global,class=CODE,split=1,delta=2
     5                           	psect	cinit,global,class=CODE,merge=1,delta=2
     6                           	psect	cstackCOMMON,global,class=COMMON,space=1,delta=1
     7                           	dabs	1,0x7E,2
     8  0000                     	;# 
     9  0001                     	;# 
    10  0002                     	;# 
    11  0003                     	;# 
    12  0004                     	;# 
    13  0005                     	;# 
    14  0006                     	;# 
    15  0007                     	;# 
    16  000A                     	;# 
    17  000B                     	;# 
    18  000C                     	;# 
    19  000D                     	;# 
    20  000E                     	;# 
    21  000E                     	;# 
    22  000F                     	;# 
    23  0010                     	;# 
    24  0011                     	;# 
    25  0012                     	;# 
    26  0013                     	;# 
    27  0014                     	;# 
    28  0015                     	;# 
    29  0015                     	;# 
    30  0016                     	;# 
    31  0017                     	;# 
    32  0018                     	;# 
    33  0019                     	;# 
    34  001A                     	;# 
    35  001B                     	;# 
    36  001B                     	;# 
    37  001C                     	;# 
    38  001D                     	;# 
    39  001E                     	;# 
    40  001F                     	;# 
    41  0081                     	;# 
    42  0085                     	;# 
    43  0086                     	;# 
    44  0087                     	;# 
    45  008C                     	;# 
    46  008D                     	;# 
    47  008E                     	;# 
    48  0091                     	;# 
    49  0092                     	;# 
    50  0093                     	;# 
    51  0094                     	;# 
    52  0098                     	;# 
    53  0099                     	;# 
    54  009C                     	;# 
    55  009D                     	;# 
    56  009E                     	;# 
    57  009F                     	;# 
    58  010C                     	;# 
    59  010D                     	;# 
    60  010E                     	;# 
    61  010F                     	;# 
    62  018C                     	;# 
    63  018D                     	;# 
    64  0006                     _PORTB	set	6
    65  0086                     _TRISB	set	134
    66                           
    67                           	psect	maintext
    68  07D4                     __pmaintext:	
    69                           ; #config settings
    70                           
    71                           
    72                           ;psect for function _main
    73  0000                     
    74 ;;
    75 ;;Main: autosize = 0, tempsize = 3, incstack = 0, save=0
    76 ;;
    77 ;; *************** function _main *****************
    78 ;; Defined at:
    79 ;;		line 21 in file "bling.c"
    80 ;; Parameters:    Size  Location     Type
    81 ;;		None
    82 ;; Auto vars:     Size  Location     Type
    83 ;;		None
    84 ;; Return value:  Size  Location     Type
    85 ;;		None               void
    86 ;; Registers used:
    87 ;;		wreg, status,2
    88 ;; Tracked objects:
    89 ;;		On entry : 17F/0
    90 ;;		On exit  : 0/0
    91 ;;		Unchanged: 0/0
    92 ;; Data sizes:     COMMON   BANK0   BANK1   BANK3   BANK2
    93 ;;      Params:         0       0       0       0       0
    94 ;;      Locals:         0       0       0       0       0
    95 ;;      Temps:          3       0       0       0       0
    96 ;;      Totals:         3       0       0       0       0
    97 ;;Total ram usage:        3 bytes
    98 ;; This function calls:
    99 ;;		Nothing
   100 ;; This function is called by:
   101 ;;		Startup code after reset
   102 ;; This function uses a non-reentrant model
   103 ;;
   104  07D4                     _main:	
   105                           
   106                           ;bling.c: 23: TRISB=0x00;
   107                           
   108                           ;incstack = 0
   109                           ; Regs used in _main: [wreg+status,2]
   110  07D4  1683               	bsf	3,5	;RP0=1, select bank1
   111  07D5  1303               	bcf	3,6	;RP1=0, select bank1
   112  07D6  0186               	clrf	6	;volatile
   113                           
   114                           ;bling.c: 24: PORTB=0x00;
   115  07D7  1283               	bcf	3,5	;RP0=0, select bank0
   116  07D8  1303               	bcf	3,6	;RP1=0, select bank0
   117  07D9  0186               	clrf	6	;volatile
   118  07DA                     l471:	
   119                           ;bling.c: 25: while(1)
   120                           
   121                           
   122                           ;bling.c: 26: {
   123                           ;bling.c: 27: PORTB=0xFF;
   124  07DA  30FF               	movlw	255
   125  07DB  1283               	bcf	3,5	;RP0=0, select bank0
   126  07DC  1303               	bcf	3,6	;RP1=0, select bank0
   127  07DD  0086               	movwf	6	;volatile
   128                           
   129                           ;bling.c: 28: _delay((unsigned long)((100)*(40000000/4000.0)));
   130  07DE  3006               	movlw	6
   131  07DF  00F2               	movwf	??_main+2
   132  07E0  3013               	movlw	19
   133  07E1  00F1               	movwf	??_main+1
   134  07E2  30B1               	movlw	177
   135  07E3  00F0               	movwf	??_main
   136  07E4                     u17:	
   137  07E4  0BF0               	decfsz	??_main,f
   138  07E5  2FE4               	goto	u17
   139  07E6  0BF1               	decfsz	??_main+1,f
   140  07E7  2FE4               	goto	u17
   141  07E8  0BF2               	decfsz	??_main+2,f
   142  07E9  2FE4               	goto	u17
   143  07EA  2FEB               	nop2
   144                           
   145                           ;bling.c: 29: PORTB=0x00;
   146  07EB  1283               	bcf	3,5	;RP0=0, select bank0
   147  07EC  1303               	bcf	3,6	;RP1=0, select bank0
   148  07ED  0186               	clrf	6	;volatile
   149                           
   150                           ;bling.c: 30: _delay((unsigned long)((100)*(40000000/4000.0)));
   151  07EE  3006               	movlw	6
   152  07EF  00F2               	movwf	??_main+2
   153  07F0  3013               	movlw	19
   154  07F1  00F1               	movwf	??_main+1
   155  07F2  30B1               	movlw	177
   156  07F3  00F0               	movwf	??_main
   157  07F4                     u27:	
   158  07F4  0BF0               	decfsz	??_main,f
   159  07F5  2FF4               	goto	u27
   160  07F6  0BF1               	decfsz	??_main+1,f
   161  07F7  2FF4               	goto	u27
   162  07F8  0BF2               	decfsz	??_main+2,f
   163  07F9  2FF4               	goto	u27
   164  07FA  2FFB               	nop2
   165  07FB  2FDA               	goto	l471
   166  07FC                     __end_of_main:	
   167  007E                     btemp	set	126	;btemp
   168  007E                     wtemp	set	126
   169  007E                     wtemp0	set	126
   170  0080                     wtemp1	set	128
   171  0082                     wtemp2	set	130
   172  0084                     wtemp3	set	132
   173  0086                     wtemp4	set	134
   174  0088                     wtemp5	set	136
   175  007F                     wtemp6	set	127
   176  007E                     ttemp	set	126
   177  007E                     ttemp0	set	126
   178  0081                     ttemp1	set	129
   179  0084                     ttemp2	set	132
   180  0087                     ttemp3	set	135
   181  007F                     ttemp4	set	127
   182  007E                     ltemp	set	126
   183  007E                     ltemp0	set	126
   184  0082                     ltemp1	set	130
   185  0086                     ltemp2	set	134
   186  0080                     ltemp3	set	128
   187                           
   188                           	psect	cinit
   189  07FC                     start_initialization:	
   190  07FC                     __initialization:	
   191  07FC                     end_of_initialization:	
   192                           ;End of C runtime variable initialization code
   193                           
   194  07FC                     __end_of__initialization:	
   195  07FC  0183               	clrf	3
   196  07FD  120A  118A  2FD4   	ljmp	_main	;jump to C main() function
   197                           
   198                           	psect	cstackCOMMON
   199  0070                     __pcstackCOMMON:	
   200  0070                     ?_main:	
   201  0070                     ??_main:	
   202                           ; 0 bytes @ 0x0
   203                           
   204                           
   205                           ; 0 bytes @ 0x0
   206  0070                     	ds	3


Data Sizes:
    Strings     0
    Constant    0
    Data        0
    BSS         0
    Persistent  0
    Stack       0

Auto Spaces:
    Space          Size  Autos    Used
    COMMON           14      3       3
    BANK0            80      0       0
    BANK1            80      0       0
    BANK3            96      0       0
    BANK2            96      0       0

Pointer List with Targets:

    None.

Critical Paths under _main in COMMON

    None.

Critical Paths under _main in BANK0

    None.

Critical Paths under _main in BANK1

    None.

Critical Paths under _main in BANK3

    None.

Critical Paths under _main in BANK2

    None.

Call Graph Tables:

 ---------------------------------------------------------------------------------
 (Depth) Function   	        Calls       Base Space   Used Autos Params    Refs
 ---------------------------------------------------------------------------------
 (0) _main                                                 3     3      0       0
                                              0 COMMON     3     3      0
 ---------------------------------------------------------------------------------
 Estimated maximum stack depth 0
 ---------------------------------------------------------------------------------

 Call Graph Graphs:

 _main (ROOT)

 Address spaces:
Name               Size   Autos  Total    Cost      Usage
BITCOMMON            E      0       0       0        0.0%
EEDATA             100      0       0       0        0.0%
NULL                 0      0       0       0        0.0%
CODE                 0      0       0       0        0.0%
COMMON               E      3       3       1       21.4%
BITSFR0              0      0       0       1        0.0%
SFR0                 0      0       0       1        0.0%
BITSFR1              0      0       0       2        0.0%
SFR1                 0      0       0       2        0.0%
STACK                0      0       0       2        0.0%
ABS                  0      0       0       3        0.0%
BITBANK0            50      0       0       4        0.0%
BITSFR3              0      0       0       4        0.0%
SFR3                 0      0       0       4        0.0%
BANK0               50      0       0       5        0.0%
BITSFR2              0      0       0       5        0.0%
SFR2                 0      0       0       5        0.0%
BITBANK1            50      0       0       6        0.0%
BANK1               50      0       0       7        0.0%
BITBANK3            60      0       0       8        0.0%
BANK3               60      0       0       9        0.0%
BITBANK2            60      0       0      10        0.0%
BANK2               60      0       0      11        0.0%
DATA                 0      0       0      12        0.0%


Microchip Technology PIC Macro Assembler V1.33 build 59893 
Symbol Table                                                                                   Thu Dec 31 04:44:52 2020

            __CFG_CP$OFF 0000                       u17 07E4                       u27 07F4  
                    l471 07DA             __CFG_CPD$OFF 0000             __CFG_FOSC$XT 0000  
           __CFG_LVP$OFF 0000             __CFG_WRT$OFF 0000                     _main 07D4  
                   btemp 007E                     ltemp 007E                     start 0000  
                   ttemp 007E                     wtemp 007E                    ?_main 0070  
          __CFG_WDTE$OFF 0000                    _PORTB 0006                    _TRISB 0086  
         __CFG_BOREN$OFF 0000                    ltemp0 007E                    ltemp1 0082  
                  ltemp2 0086                    ltemp3 0080                    ttemp0 007E  
                  ttemp1 0081                    ttemp2 0084                    ttemp3 0087  
                  ttemp4 007F                    status 0003                    wtemp0 007E  
                  wtemp1 0080                    wtemp2 0082                    wtemp3 0084  
                  wtemp4 0086                    wtemp5 0088                    wtemp6 007F  
        __initialization 07FC             __end_of_main 07FC                   ??_main 0070  
         __CFG_PWRTE$OFF 0000  __end_of__initialization 07FC           __pcstackCOMMON 0070  
             __pmaintext 07D4     end_of_initialization 07FC      start_initialization 07FC  
              ___latbits 0002            __size_of_main 0028  
