

Microchip Technology PIC LITE Macro Assembler V1.33 build 59893 
                                                                                               Sat Jan  2 04:13:53 2021

Microchip Technology Omniscient Code Generator (Lite mode) build 59893
     1                           	processor	16F876A
     2                           	opt	pw 120
     3                           	opt	lm
     4                           	psect	maintext,global,class=CODE,split=1,delta=2
     5                           	psect	cinit,global,class=CODE,merge=1,delta=2
     6                           	psect	cstackCOMMON,global,class=COMMON,space=1,delta=1
     7                           	dabs	1,0x7E,2
     8  0000                     	;# 
     9  0001                     	;# 
    10  0002                     	;# 
    11  0003                     	;# 
    12  0004                     	;# 
    13  0005                     	;# 
    14  0006                     	;# 
    15  0007                     	;# 
    16  000A                     	;# 
    17  000B                     	;# 
    18  000C                     	;# 
    19  000D                     	;# 
    20  000E                     	;# 
    21  000E                     	;# 
    22  000F                     	;# 
    23  0010                     	;# 
    24  0011                     	;# 
    25  0012                     	;# 
    26  0013                     	;# 
    27  0014                     	;# 
    28  0015                     	;# 
    29  0015                     	;# 
    30  0016                     	;# 
    31  0017                     	;# 
    32  0018                     	;# 
    33  0019                     	;# 
    34  001A                     	;# 
    35  001B                     	;# 
    36  001B                     	;# 
    37  001C                     	;# 
    38  001D                     	;# 
    39  001E                     	;# 
    40  001F                     	;# 
    41  0081                     	;# 
    42  0085                     	;# 
    43  0086                     	;# 
    44  0087                     	;# 
    45  008C                     	;# 
    46  008D                     	;# 
    47  008E                     	;# 
    48  0091                     	;# 
    49  0092                     	;# 
    50  0093                     	;# 
    51  0094                     	;# 
    52  0098                     	;# 
    53  0099                     	;# 
    54  009C                     	;# 
    55  009D                     	;# 
    56  009E                     	;# 
    57  009F                     	;# 
    58  010C                     	;# 
    59  010D                     	;# 
    60  010E                     	;# 
    61  010F                     	;# 
    62  018C                     	;# 
    63  018D                     	;# 
    64  0006                     _PORTB	set	6
    65  0007                     _PORTC	set	7
    66  0086                     _TRISB	set	134
    67  0087                     _TRISC	set	135
    68                           
    69                           	psect	maintext
    70  07BF                     __pmaintext:	
    71                           ; #config settings
    72                           
    73                           
    74                           ;psect for function _main
    75  0000                     
    76 ;;
    77 ;;Main: autosize = 0, tempsize = 3, incstack = 0, save=0
    78 ;;
    79 ;; *************** function _main *****************
    80 ;; Defined at:
    81 ;;		line 17 in file "decoder.c"
    82 ;; Parameters:    Size  Location     Type
    83 ;;		None
    84 ;; Auto vars:     Size  Location     Type
    85 ;;  i               2    6[COMMON] int 
    86 ;;  count           2    3[COMMON] int 
    87 ;;  a               1    5[COMMON] unsigned char 
    88 ;; Return value:  Size  Location     Type
    89 ;;		None               void
    90 ;; Registers used:
    91 ;;		wreg, status,2, status,0
    92 ;; Tracked objects:
    93 ;;		On entry : 17F/0
    94 ;;		On exit  : 0/0
    95 ;;		Unchanged: 0/0
    96 ;; Data sizes:     COMMON   BANK0   BANK1   BANK3   BANK2
    97 ;;      Params:         0       0       0       0       0
    98 ;;      Locals:         5       0       0       0       0
    99 ;;      Temps:          3       0       0       0       0
   100 ;;      Totals:         8       0       0       0       0
   101 ;;Total ram usage:        8 bytes
   102 ;; This function calls:
   103 ;;		Nothing
   104 ;; This function is called by:
   105 ;;		Startup code after reset
   106 ;; This function uses a non-reentrant model
   107 ;;
   108  07BF                     _main:	
   109                           
   110                           ;decoder.c: 19: char a;
   111                           ;decoder.c: 20: int i,count=0;
   112                           
   113                           ;incstack = 0
   114                           ; Regs used in _main: [wreg+status,2+status,0]
   115  07BF  01F3               	clrf	main@count
   116  07C0  01F4               	clrf	main@count+1
   117                           
   118                           ;decoder.c: 21: TRISB=0xFF;
   119  07C1  30FF               	movlw	255
   120  07C2  1683               	bsf	3,5	;RP0=1, select bank1
   121  07C3  1303               	bcf	3,6	;RP1=0, select bank1
   122  07C4  0086               	movwf	6	;volatile
   123                           
   124                           ;decoder.c: 22: TRISC=0x00;
   125  07C5  0187               	clrf	7	;volatile
   126                           
   127                           ;decoder.c: 23: PORTC=0x00;
   128  07C6  1283               	bcf	3,5	;RP0=0, select bank0
   129  07C7  1303               	bcf	3,6	;RP1=0, select bank0
   130  07C8  0187               	clrf	7	;volatile
   131                           
   132                           ;decoder.c: 24: a=(~PORTB)&0xFF;
   133  07C9  0906               	comf	6,w	;volatile
   134  07CA  00F0               	movwf	??_main
   135  07CB  0870               	movf	??_main,w
   136  07CC  00F5               	movwf	main@a
   137                           
   138                           ;decoder.c: 25: for(i=a;i!=0;i=i>>1)
   139  07CD  0875               	movf	main@a,w
   140  07CE  00F0               	movwf	??_main
   141  07CF  01F1               	clrf	??_main+1
   142  07D0  0870               	movf	??_main,w
   143  07D1  00F6               	movwf	main@i
   144  07D2  0871               	movf	??_main+1,w
   145  07D3  00F7               	movwf	main@i+1
   146  07D4  0877               	movf	main@i+1,w
   147  07D5  0476               	iorwf	main@i,w
   148  07D6  1903               	btfsc	3,2
   149  07D7  2FE7               	goto	l490
   150  07D8                     l486:	
   151                           
   152                           ;decoder.c: 26: {
   153                           ;decoder.c: 27: count++;
   154  07D8  3001               	movlw	1
   155  07D9  07F3               	addwf	main@count,f
   156  07DA  1803               	skipnc
   157  07DB  0AF4               	incf	main@count+1,f
   158  07DC  3000               	movlw	0
   159  07DD  07F4               	addwf	main@count+1,f
   160  07DE  0D77               	rlf	main@i+1,w
   161  07DF  0C77               	rrf	main@i+1,w
   162  07E0  00F7               	movwf	main@i+1
   163  07E1  0C76               	rrf	main@i,w
   164  07E2  00F6               	movwf	main@i
   165  07E3  0877               	movf	main@i+1,w
   166  07E4  0476               	iorwf	main@i,w
   167  07E5  1D03               	skipz
   168  07E6  2FD8               	goto	l486
   169  07E7                     l490:	
   170                           
   171                           ;decoder.c: 28: }
   172                           ;decoder.c: 29: PORTC=count;
   173  07E7  0873               	movf	main@count,w
   174  07E8  1283               	bcf	3,5	;RP0=0, select bank0
   175  07E9  1303               	bcf	3,6	;RP1=0, select bank0
   176  07EA  0087               	movwf	7	;volatile
   177                           
   178                           ;decoder.c: 30: _delay((unsigned long)((300)*(4000000/4000.0)));
   179  07EB  3002               	movlw	2
   180  07EC  00F2               	movwf	??_main+2
   181  07ED  3086               	movlw	134
   182  07EE  00F1               	movwf	??_main+1
   183  07EF  3099               	movlw	153
   184  07F0  00F0               	movwf	??_main
   185  07F1                     u37:	
   186  07F1  0BF0               	decfsz	??_main,f
   187  07F2  2FF1               	goto	u37
   188  07F3  0BF1               	decfsz	??_main+1,f
   189  07F4  2FF1               	goto	u37
   190  07F5  0BF2               	decfsz	??_main+2,f
   191  07F6  2FF1               	goto	u37
   192                           
   193                           ;decoder.c: 31: count=0;
   194  07F7  01F3               	clrf	main@count
   195  07F8  01F4               	clrf	main@count+1
   196  07F9  120A  118A  2800   	ljmp	start
   197  07FC                     __end_of_main:	
   198  007E                     btemp	set	126	;btemp
   199  007E                     wtemp	set	126
   200  007E                     wtemp0	set	126
   201  0080                     wtemp1	set	128
   202  0082                     wtemp2	set	130
   203  0084                     wtemp3	set	132
   204  0086                     wtemp4	set	134
   205  0088                     wtemp5	set	136
   206  007F                     wtemp6	set	127
   207  007E                     ttemp	set	126
   208  007E                     ttemp0	set	126
   209  0081                     ttemp1	set	129
   210  0084                     ttemp2	set	132
   211  0087                     ttemp3	set	135
   212  007F                     ttemp4	set	127
   213  007E                     ltemp	set	126
   214  007E                     ltemp0	set	126
   215  0082                     ltemp1	set	130
   216  0086                     ltemp2	set	134
   217  0080                     ltemp3	set	128
   218                           
   219                           	psect	cinit
   220  07FC                     start_initialization:	
   221  07FC                     __initialization:	
   222  07FC                     end_of_initialization:	
   223                           ;End of C runtime variable initialization code
   224                           
   225  07FC                     __end_of__initialization:	
   226  07FC  0183               	clrf	3
   227  07FD  120A  118A  2FBF   	ljmp	_main	;jump to C main() function
   228                           
   229                           	psect	cstackCOMMON
   230  0070                     __pcstackCOMMON:	
   231  0070                     ?_main:	
   232  0070                     ??_main:	
   233                           ; 0 bytes @ 0x0
   234                           
   235                           
   236                           ; 0 bytes @ 0x0
   237  0070                     	ds	3
   238  0073                     main@count:	
   239                           
   240                           ; 2 bytes @ 0x3
   241  0073                     	ds	2
   242  0075                     main@a:	
   243                           
   244                           ; 1 bytes @ 0x5
   245  0075                     	ds	1
   246  0076                     main@i:	
   247                           
   248                           ; 2 bytes @ 0x6
   249  0076                     	ds	2


Data Sizes:
    Strings     0
    Constant    0
    Data        0
    BSS         0
    Persistent  0
    Stack       0

Auto Spaces:
    Space          Size  Autos    Used
    COMMON           14      8       8
    BANK0            80      0       0
    BANK1            80      0       0
    BANK3            96      0       0
    BANK2            96      0       0

Pointer List with Targets:

    None.

Critical Paths under _main in COMMON

    None.

Critical Paths under _main in BANK0

    None.

Critical Paths under _main in BANK1

    None.

Critical Paths under _main in BANK3

    None.

Critical Paths under _main in BANK2

    None.

Call Graph Tables:

 ---------------------------------------------------------------------------------
 (Depth) Function   	        Calls       Base Space   Used Autos Params    Refs
 ---------------------------------------------------------------------------------
 (0) _main                                                 8     8      0      75
                                              0 COMMON     8     8      0
 ---------------------------------------------------------------------------------
 Estimated maximum stack depth 0
 ---------------------------------------------------------------------------------

 Call Graph Graphs:

 _main (ROOT)

 Address spaces:
Name               Size   Autos  Total    Cost      Usage
BITCOMMON            E      0       0       0        0.0%
EEDATA             100      0       0       0        0.0%
NULL                 0      0       0       0        0.0%
CODE                 0      0       0       0        0.0%
COMMON               E      8       8       1       57.1%
BITSFR0              0      0       0       1        0.0%
SFR0                 0      0       0       1        0.0%
BITSFR1              0      0       0       2        0.0%
SFR1                 0      0       0       2        0.0%
STACK                0      0       0       2        0.0%
ABS                  0      0       0       3        0.0%
BITBANK0            50      0       0       4        0.0%
BITSFR3              0      0       0       4        0.0%
SFR3                 0      0       0       4        0.0%
BANK0               50      0       0       5        0.0%
BITSFR2              0      0       0       5        0.0%
SFR2                 0      0       0       5        0.0%
BITBANK1            50      0       0       6        0.0%
BANK1               50      0       0       7        0.0%
BITBANK3            60      0       0       8        0.0%
BANK3               60      0       0       9        0.0%
BITBANK2            60      0       0      10        0.0%
BANK2               60      0       0      11        0.0%
DATA                 0      0       0      12        0.0%


Microchip Technology PIC Macro Assembler V1.33 build 59893 
Symbol Table                                                                                   Sat Jan  2 04:13:53 2021

            __CFG_CP$OFF 0000                       u37 07F1                      l490 07E7  
                    l486 07D8             __CFG_CPD$OFF 0000             __CFG_FOSC$XT 0000  
           __CFG_LVP$OFF 0000             __CFG_WRT$OFF 0000                     _main 07BF  
                   btemp 007E                     ltemp 007E                     start 0000  
                   ttemp 007E                     wtemp 007E                    ?_main 0070  
          __CFG_WDTE$OFF 0000                    _PORTB 0006                    _PORTC 0007  
                  _TRISB 0086                    _TRISC 0087                    main@a 0075  
                  main@i 0076           __CFG_BOREN$OFF 0000                    ltemp0 007E  
                  ltemp1 0082                    ltemp2 0086                    ltemp3 0080  
                  ttemp0 007E                    ttemp1 0081                    ttemp2 0084  
                  ttemp3 0087                    ttemp4 007F                    status 0003  
                  wtemp0 007E                    wtemp1 0080                    wtemp2 0082  
                  wtemp3 0084                    wtemp4 0086                    wtemp5 0088  
                  wtemp6 007F          __initialization 07FC             __end_of_main 07FC  
                 ??_main 0070           __CFG_PWRTE$OFF 0000  __end_of__initialization 07FC  
         __pcstackCOMMON 0070               __pmaintext 07BF     end_of_initialization 07FC  
    start_initialization 07FC                ___latbits 0002                main@count 0073  
          __size_of_main 003D  
