

Microchip Technology PIC LITE Macro Assembler V1.33 build 59893 
                                                                                               Mon Jan 18 05:51:29 2021

Microchip Technology Omniscient Code Generator (Lite mode) build 59893
     1                           	processor	16F876A
     2                           	opt	pw 120
     3                           	opt	lm
     4                           	psect	text0,local,class=CODE,merge=1,delta=2
     5                           	psect	cinit,global,class=CODE,merge=1,delta=2
     6                           	psect	bssCOMMON,global,class=COMMON,space=1,delta=1
     7                           	psect	cstackCOMMON,global,class=COMMON,space=1,delta=1
     8                           	psect	maintext,global,class=CODE,split=1,delta=2
     9                           	psect	text1,local,class=CODE,merge=1,delta=2
    10                           	psect	intentry,global,class=CODE,delta=2
    11                           	dabs	1,0x7E,2
    12  0000                     	;# 
    13  0001                     	;# 
    14  0002                     	;# 
    15  0003                     	;# 
    16  0004                     	;# 
    17  0005                     	;# 
    18  0006                     	;# 
    19  0007                     	;# 
    20  000A                     	;# 
    21  000B                     	;# 
    22  000C                     	;# 
    23  000D                     	;# 
    24  000E                     	;# 
    25  000E                     	;# 
    26  000F                     	;# 
    27  0010                     	;# 
    28  0011                     	;# 
    29  0012                     	;# 
    30  0013                     	;# 
    31  0014                     	;# 
    32  0015                     	;# 
    33  0015                     	;# 
    34  0016                     	;# 
    35  0017                     	;# 
    36  0018                     	;# 
    37  0019                     	;# 
    38  001A                     	;# 
    39  001B                     	;# 
    40  001B                     	;# 
    41  001C                     	;# 
    42  001D                     	;# 
    43  001E                     	;# 
    44  001F                     	;# 
    45  0081                     	;# 
    46  0085                     	;# 
    47  0086                     	;# 
    48  0087                     	;# 
    49  008C                     	;# 
    50  008D                     	;# 
    51  008E                     	;# 
    52  0091                     	;# 
    53  0092                     	;# 
    54  0093                     	;# 
    55  0094                     	;# 
    56  0098                     	;# 
    57  0099                     	;# 
    58  009C                     	;# 
    59  009D                     	;# 
    60  009E                     	;# 
    61  009F                     	;# 
    62  010C                     	;# 
    63  010D                     	;# 
    64  010E                     	;# 
    65  010F                     	;# 
    66  018C                     	;# 
    67  018D                     	;# 
    68  0006                     _PORTB	set	6
    69  0001                     _TMR0	set	1
    70  005F                     _GIE	set	95
    71  005D                     _TMR0IE	set	93
    72  005A                     _TMR0IF	set	90
    73  0081                     _OPTION_REG	set	129
    74  0086                     _TRISB	set	134
    75                           
    76                           	psect	text0
    77  0000                     __ptext0:	
    78                           ; #config settings
    79                           
    80                           
    81                           ;psect for function _ISR
    82  0000                     
    83                           	psect	cinit
    84  0015                     start_initialization:	
    85  0015                     __initialization:	
    86                           
    87                           ; Clear objects allocated to COMMON
    88  0015  01F5               	clrf	__pbssCOMMON& (0+127)
    89  0016  01F6               	clrf	(__pbssCOMMON+1)& (0+127)
    90  0017                     end_of_initialization:	
    91                           ;End of C runtime variable initialization code
    92                           
    93  0017                     __end_of__initialization:	
    94  0017  0183               	clrf	3
    95  0018  120A  118A  281B   	ljmp	_main	;jump to C main() function
    96                           
    97                           	psect	bssCOMMON
    98  0075                     __pbssCOMMON:	
    99  0075                     _count:	
   100  0075                     	ds	2
   101                           
   102                           	psect	cstackCOMMON
   103  0070                     __pcstackCOMMON:	
   104  0070                     ?_main:	
   105  0070                     ?_ISR:	
   106                           ; 0 bytes @ 0x0
   107                           
   108  0070                     ??_ISR:	
   109                           ; 0 bytes @ 0x0
   110                           
   111                           
   112                           ; 0 bytes @ 0x0
   113  0070                     	ds	4
   114  0074                     ??_main:	
   115                           
   116                           ; 0 bytes @ 0x4
   117  0074                     	ds	1
   118                           
   119                           	psect	maintext
   120  001B                     __pmaintext:	
   121 ;;
   122 ;;Main: autosize = 0, tempsize = 1, incstack = 0, save=0
   123 ;;
   124 ;; *************** function _main *****************
   125 ;; Defined at:
   126 ;;		line 18 in file "inter1.c"
   127 ;; Parameters:    Size  Location     Type
   128 ;;		None
   129 ;; Auto vars:     Size  Location     Type
   130 ;;		None
   131 ;; Return value:  Size  Location     Type
   132 ;;		None               void
   133 ;; Registers used:
   134 ;;		wreg, status,2, status,0
   135 ;; Tracked objects:
   136 ;;		On entry : 17F/0
   137 ;;		On exit  : 0/0
   138 ;;		Unchanged: 0/0
   139 ;; Data sizes:     COMMON   BANK0   BANK1   BANK3   BANK2
   140 ;;      Params:         0       0       0       0       0
   141 ;;      Locals:         0       0       0       0       0
   142 ;;      Temps:          1       0       0       0       0
   143 ;;      Totals:         1       0       0       0       0
   144 ;;Total ram usage:        1 bytes
   145 ;; Hardware stack levels required when called:    1
   146 ;; This function calls:
   147 ;;		Nothing
   148 ;; This function is called by:
   149 ;;		Startup code after reset
   150 ;; This function uses a non-reentrant model
   151 ;;
   152                           
   153                           
   154                           ;psect for function _main
   155  001B                     _main:	
   156                           
   157                           ;inter1.c: 20: TRISB=0x00;
   158                           
   159                           ;incstack = 0
   160                           ; Regs used in _main: [wreg+status,2+status,0]
   161  001B  1683               	bsf	3,5	;RP0=1, select bank1
   162  001C  1303               	bcf	3,6	;RP1=0, select bank1
   163  001D  0186               	clrf	6	;volatile
   164                           
   165                           ;inter1.c: 21: PORTB=0x00;
   166  001E  1283               	bcf	3,5	;RP0=0, select bank0
   167  001F  1303               	bcf	3,6	;RP1=0, select bank0
   168  0020  0186               	clrf	6	;volatile
   169                           
   170                           ;inter1.c: 22: GIE=1;
   171  0021  178B               	bsf	11,7	;volatile
   172                           
   173                           ;inter1.c: 23: TMR0IE=1;
   174  0022  168B               	bsf	11,5	;volatile
   175                           
   176                           ;inter1.c: 24: OPTION_REG=0x01;
   177  0023  3001               	movlw	1
   178  0024  1683               	bsf	3,5	;RP0=1, select bank1
   179  0025  1303               	bcf	3,6	;RP1=0, select bank1
   180  0026  0081               	movwf	1	;volatile
   181                           
   182                           ;inter1.c: 25: TMR0=5;
   183  0027  3005               	movlw	5
   184  0028  1283               	bcf	3,5	;RP0=0, select bank0
   185  0029  1303               	bcf	3,6	;RP1=0, select bank0
   186  002A  0081               	movwf	1	;volatile
   187  002B                     l493:	
   188                           ;inter1.c: 26: while(1)
   189                           
   190                           
   191                           ;inter1.c: 27: {
   192                           ;inter1.c: 28: if(count==1000)
   193  002B  3003               	movlw	3
   194  002C  0676               	xorwf	_count+1,w
   195  002D  1D03               	skipz
   196  002E  2831               	goto	u15
   197  002F  30E8               	movlw	232
   198  0030  0675               	xorwf	_count,w
   199  0031                     u15:	
   200  0031  1D03               	skipz
   201  0032  282B               	goto	l493
   202                           
   203                           ;inter1.c: 29: {
   204                           ;inter1.c: 30: PORTB^=0xFF;
   205  0033  30FF               	movlw	255
   206  0034  00F4               	movwf	??_main
   207  0035  0874               	movf	??_main,w
   208  0036  1283               	bcf	3,5	;RP0=0, select bank0
   209  0037  1303               	bcf	3,6	;RP1=0, select bank0
   210  0038  0686               	xorwf	6,f	;volatile
   211                           
   212                           ;inter1.c: 31: count=0;
   213  0039  01F5               	clrf	_count
   214  003A  01F6               	clrf	_count+1
   215  003B  282B               	goto	l493
   216  003C                     __end_of_main:	
   217                           
   218                           	psect	text1
   219  003C                     __ptext1:	
   220 ;; *************** function _ISR *****************
   221 ;; Defined at:
   222 ;;		line 36 in file "inter1.c"
   223 ;; Parameters:    Size  Location     Type
   224 ;;		None
   225 ;; Auto vars:     Size  Location     Type
   226 ;;		None
   227 ;; Return value:  Size  Location     Type
   228 ;;		None               void
   229 ;; Registers used:
   230 ;;		wreg
   231 ;; Tracked objects:
   232 ;;		On entry : 0/0
   233 ;;		On exit  : 0/0
   234 ;;		Unchanged: 0/0
   235 ;; Data sizes:     COMMON   BANK0   BANK1   BANK3   BANK2
   236 ;;      Params:         0       0       0       0       0
   237 ;;      Locals:         0       0       0       0       0
   238 ;;      Temps:          4       0       0       0       0
   239 ;;      Totals:         4       0       0       0       0
   240 ;;Total ram usage:        4 bytes
   241 ;; Hardware stack levels used:    1
   242 ;; This function calls:
   243 ;;		Nothing
   244 ;; This function is called by:
   245 ;;		Interrupt level 1
   246 ;; This function uses a non-reentrant model
   247 ;;
   248                           
   249                           
   250                           ;psect for function _ISR
   251  003C                     _ISR:	
   252                           
   253                           ;inter1.c: 38: GIE=0;
   254  003C  138B               	bcf	11,7	;volatile
   255                           
   256                           ;inter1.c: 39: count++;
   257  003D  3001               	movlw	1
   258  003E  07F5               	addwf	_count,f
   259  003F  1803               	skipnc
   260  0040  0AF6               	incf	_count+1,f
   261  0041  3000               	movlw	0
   262  0042  07F6               	addwf	_count+1,f
   263                           
   264                           ;inter1.c: 40: TMR0=5;
   265  0043  3005               	movlw	5
   266  0044  0081               	movwf	1	;volatile
   267                           
   268                           ;inter1.c: 41: TMR0IF=0;
   269  0045  110B               	bcf	11,2	;volatile
   270                           
   271                           ;inter1.c: 42: GIE=1;
   272  0046  178B               	bsf	11,7	;volatile
   273  0047  0873               	movf	??_ISR+3,w
   274  0048  00FF               	movwf	127
   275  0049  0872               	movf	??_ISR+2,w
   276  004A  008A               	movwf	10
   277  004B  0871               	movf	??_ISR+1,w
   278  004C  0084               	movwf	4
   279  004D  0E70               	swapf	??_ISR^(0+-128),w
   280  004E  0083               	movwf	3
   281  004F  0EFE               	swapf	126,f
   282  0050  0E7E               	swapf	126,w
   283  0051  0009               	retfie
   284  0052                     __end_of_ISR:	
   285  007E                     btemp	set	126	;btemp
   286  007E                     wtemp	set	126
   287  007E                     wtemp0	set	126
   288  0080                     wtemp1	set	128
   289  0082                     wtemp2	set	130
   290  0084                     wtemp3	set	132
   291  0086                     wtemp4	set	134
   292  0088                     wtemp5	set	136
   293  007F                     wtemp6	set	127
   294  007E                     ttemp	set	126
   295  007E                     ttemp0	set	126
   296  0081                     ttemp1	set	129
   297  0084                     ttemp2	set	132
   298  0087                     ttemp3	set	135
   299  007F                     ttemp4	set	127
   300  007E                     ltemp	set	126
   301  007E                     ltemp0	set	126
   302  0082                     ltemp1	set	130
   303  0086                     ltemp2	set	134
   304  0080                     ltemp3	set	128
   305                           
   306                           	psect	intentry
   307  0004                     __pintentry:	
   308                           ;incstack = 0
   309                           ; Regs used in _ISR: [wreg]
   310                           
   311  0004                     interrupt_function:	
   312  007E                     saved_w	set	btemp
   313  0004  00FE               	movwf	btemp
   314  0005  0E03               	swapf	3,w
   315  0006  00F0               	movwf	??_ISR
   316  0007  0804               	movf	4,w
   317  0008  00F1               	movwf	??_ISR+1
   318  0009  080A               	movf	10,w
   319  000A  00F2               	movwf	??_ISR+2
   320  000B  1283               	bcf	3,5	;RP0=0, select bank0
   321  000C  1303               	bcf	3,6	;RP1=0, select bank0
   322  000D  087F               	movf	btemp+1,w
   323  000E  00F3               	movwf	??_ISR+3
   324  000F  120A  118A  283C   	ljmp	_ISR


Data Sizes:
    Strings     0
    Constant    0
    Data        0
    BSS         2
    Persistent  0
    Stack       0

Auto Spaces:
    Space          Size  Autos    Used
    COMMON           14      5       7
    BANK0            80      0       0
    BANK1            80      0       0
    BANK3            96      0       0
    BANK2            96      0       0

Pointer List with Targets:

    None.

Critical Paths under _main in COMMON

    None.

Critical Paths under _ISR in COMMON

    None.

Critical Paths under _main in BANK0

    None.

Critical Paths under _ISR in BANK0

    None.

Critical Paths under _main in BANK1

    None.

Critical Paths under _ISR in BANK1

    None.

Critical Paths under _main in BANK3

    None.

Critical Paths under _ISR in BANK3

    None.

Critical Paths under _main in BANK2

    None.

Critical Paths under _ISR in BANK2

    None.

Call Graph Tables:

 ---------------------------------------------------------------------------------
 (Depth) Function   	        Calls       Base Space   Used Autos Params    Refs
 ---------------------------------------------------------------------------------
 (0) _main                                                 1     1      0       0
                                              4 COMMON     1     1      0
 ---------------------------------------------------------------------------------
 Estimated maximum stack depth 0
 ---------------------------------------------------------------------------------
 (Depth) Function   	        Calls       Base Space   Used Autos Params    Refs
 ---------------------------------------------------------------------------------
 (1) _ISR                                                  4     4      0       0
                                              0 COMMON     4     4      0
 ---------------------------------------------------------------------------------
 Estimated maximum stack depth 1
 ---------------------------------------------------------------------------------

 Call Graph Graphs:

 _main (ROOT)

 _ISR (ROOT)

 Address spaces:
Name               Size   Autos  Total    Cost      Usage
BITCOMMON            E      0       0       0        0.0%
EEDATA             100      0       0       0        0.0%
NULL                 0      0       0       0        0.0%
CODE                 0      0       0       0        0.0%
COMMON               E      5       7       1       50.0%
BITSFR0              0      0       0       1        0.0%
SFR0                 0      0       0       1        0.0%
BITSFR1              0      0       0       2        0.0%
SFR1                 0      0       0       2        0.0%
STACK                0      0       0       2        0.0%
ABS                  0      0       7       3        0.0%
BITBANK0            50      0       0       4        0.0%
BITSFR3              0      0       0       4        0.0%
SFR3                 0      0       0       4        0.0%
BANK0               50      0       0       5        0.0%
BITSFR2              0      0       0       5        0.0%
SFR2                 0      0       0       5        0.0%
BITBANK1            50      0       0       6        0.0%
BANK1               50      0       0       7        0.0%
BITBANK3            60      0       0       8        0.0%
BANK3               60      0       0       9        0.0%
BITBANK2            60      0       0      10        0.0%
BANK2               60      0       0      11        0.0%
DATA                 0      0       7      12        0.0%


Microchip Technology PIC Macro Assembler V1.33 build 59893 
Symbol Table                                                                                   Mon Jan 18 05:51:29 2021

            __CFG_CP$OFF 0000                       u15 0031                      l493 002B  
                    _GIE 005F             __CFG_CPD$OFF 0000                      _ISR 003C  
                    fsr0 0004             __CFG_FOSC$XT 0000             __CFG_LVP$OFF 0000  
                   ?_ISR 0070                     _TMR0 0001             __CFG_WRT$OFF 0000  
                   _main 001B                     btemp 007E                     ltemp 007E  
                   start 0012                     ttemp 007E                     wtemp 007E  
                  ??_ISR 0070                    ?_main 0070            __CFG_WDTE$OFF 0000  
                  _PORTB 0006                    _TRISB 0086                    _count 0075  
         __CFG_BOREN$OFF 0000                    pclath 000A                    ltemp0 007E  
                  ltemp1 0082                    ltemp2 0086                    ltemp3 0080  
                  ttemp0 007E                    ttemp1 0081                    ttemp2 0084  
                  ttemp3 0087                    ttemp4 007F                    status 0003  
                  wtemp0 007E                    wtemp1 0080                    wtemp2 0082  
                  wtemp3 0084                    wtemp4 0086                    wtemp5 0088  
                  wtemp6 007F          __initialization 0015             __end_of_main 003C  
                 ??_main 0074                   _TMR0IE 005D                   _TMR0IF 005A  
         __CFG_PWRTE$OFF 0000                   saved_w 007E  __end_of__initialization 0017  
         __pcstackCOMMON 0070               __pmaintext 001B               __pintentry 0004  
                __ptext0 0000                  __ptext1 003C             __size_of_ISR 0016  
   end_of_initialization 0017      start_initialization 0015              __end_of_ISR 0052  
            __pbssCOMMON 0075                ___latbits 0002        interrupt_function 0004  
          __size_of_main 0021                 intlevel1 0000               _OPTION_REG 0081  
