

Microchip Technology PIC LITE Macro Assembler V1.33 build 59893 
                                                                                               Fri Jan  8 05:15:26 2021

Microchip Technology Omniscient Code Generator (Lite mode) build 59893
     1                           	processor	16F876A
     2                           	opt	pw 120
     3                           	opt	lm
     4                           	psect	maintext,global,class=CODE,split=1,delta=2
     5                           	psect	cinit,global,class=CODE,merge=1,delta=2
     6                           	psect	cstackCOMMON,global,class=COMMON,space=1,delta=1
     7                           	dabs	1,0x7E,2
     8  0000                     	;# 
     9  0001                     	;# 
    10  0002                     	;# 
    11  0003                     	;# 
    12  0004                     	;# 
    13  0005                     	;# 
    14  0006                     	;# 
    15  0007                     	;# 
    16  000A                     	;# 
    17  000B                     	;# 
    18  000C                     	;# 
    19  000D                     	;# 
    20  000E                     	;# 
    21  000E                     	;# 
    22  000F                     	;# 
    23  0010                     	;# 
    24  0011                     	;# 
    25  0012                     	;# 
    26  0013                     	;# 
    27  0014                     	;# 
    28  0015                     	;# 
    29  0015                     	;# 
    30  0016                     	;# 
    31  0017                     	;# 
    32  0018                     	;# 
    33  0019                     	;# 
    34  001A                     	;# 
    35  001B                     	;# 
    36  001B                     	;# 
    37  001C                     	;# 
    38  001D                     	;# 
    39  001E                     	;# 
    40  001F                     	;# 
    41  0081                     	;# 
    42  0085                     	;# 
    43  0086                     	;# 
    44  0087                     	;# 
    45  008C                     	;# 
    46  008D                     	;# 
    47  008E                     	;# 
    48  0091                     	;# 
    49  0092                     	;# 
    50  0093                     	;# 
    51  0094                     	;# 
    52  0098                     	;# 
    53  0099                     	;# 
    54  009C                     	;# 
    55  009D                     	;# 
    56  009E                     	;# 
    57  009F                     	;# 
    58  010C                     	;# 
    59  010D                     	;# 
    60  010E                     	;# 
    61  010F                     	;# 
    62  018C                     	;# 
    63  018D                     	;# 
    64  000E                     _TMR1	set	14
    65  0006                     _PORTB	set	6
    66  0010                     _T1CON	set	16
    67  0060                     _TMR1IF	set	96
    68  0086                     _TRISB	set	134
    69                           
    70                           	psect	maintext
    71  07D1                     __pmaintext:	
    72                           ; #config settings
    73                           
    74                           
    75                           ;psect for function _main
    76  0000                     
    77 ;;
    78 ;;Main: autosize = 0, tempsize = 1, incstack = 0, save=0
    79 ;;
    80 ;; *************** function _main *****************
    81 ;; Defined at:
    82 ;;		line 15 in file "timer.c"
    83 ;; Parameters:    Size  Location     Type
    84 ;;		None
    85 ;; Auto vars:     Size  Location     Type
    86 ;;  i               2    1[COMMON] int 
    87 ;; Return value:  Size  Location     Type
    88 ;;		None               void
    89 ;; Registers used:
    90 ;;		wreg, status,2, status,0, btemp+1
    91 ;; Tracked objects:
    92 ;;		On entry : 17F/0
    93 ;;		On exit  : 0/0
    94 ;;		Unchanged: 0/0
    95 ;; Data sizes:     COMMON   BANK0   BANK1   BANK3   BANK2
    96 ;;      Params:         0       0       0       0       0
    97 ;;      Locals:         2       0       0       0       0
    98 ;;      Temps:          1       0       0       0       0
    99 ;;      Totals:         3       0       0       0       0
   100 ;;Total ram usage:        3 bytes
   101 ;; This function calls:
   102 ;;		Nothing
   103 ;; This function is called by:
   104 ;;		Startup code after reset
   105 ;; This function uses a non-reentrant model
   106 ;;
   107  07D1                     _main:	
   108                           
   109                           ;timer.c: 17: TRISB=0x00;
   110                           
   111                           ;incstack = 0
   112                           ; Regs used in _main: [wreg+status,2+status,0+btemp+1]
   113  07D1  1683               	bsf	3,5	;RP0=1, select bank1
   114  07D2  1303               	bcf	3,6	;RP1=0, select bank1
   115  07D3  0186               	clrf	6	;volatile
   116                           
   117                           ;timer.c: 19: T1CON=0x11;
   118  07D4  3011               	movlw	17
   119  07D5  1283               	bcf	3,5	;RP0=0, select bank0
   120  07D6  1303               	bcf	3,6	;RP1=0, select bank0
   121  07D7  0090               	movwf	16	;volatile
   122                           
   123                           ;timer.c: 22: PORTB=0x00;
   124  07D8  0186               	clrf	6	;volatile
   125  07D9                     l484:	
   126                           ;timer.c: 23: int i;
   127                           ;timer.c: 24: while(1)
   128                           
   129                           
   130                           ;timer.c: 25: {
   131                           ;timer.c: 27: PORTB^=0xFF;
   132  07D9  30FF               	movlw	255
   133  07DA  00F0               	movwf	??_main
   134  07DB  0870               	movf	??_main,w
   135  07DC  1283               	bcf	3,5	;RP0=0, select bank0
   136  07DD  1303               	bcf	3,6	;RP1=0, select bank0
   137  07DE  0686               	xorwf	6,f	;volatile
   138                           
   139                           ;timer.c: 50: for(i=0;i<1000;i++)
   140  07DF  01F1               	clrf	main@i
   141  07E0  01F2               	clrf	main@i+1
   142  07E1                     L1:	
   143  07E1  0872               	movf	main@i+1,w
   144  07E2  3A80               	xorlw	128
   145  07E3  00FF               	movwf	127
   146  07E4  3083               	movlw	131
   147  07E5  027F               	subwf	127,w
   148  07E6  1D03               	skipz
   149  07E7  2FEA               	goto	u15
   150  07E8  30E8               	movlw	232
   151  07E9  0271               	subwf	main@i,w
   152  07EA                     u15:	
   153  07EA  1803               	btfsc	3,0
   154  07EB  2FD9               	goto	l484
   155  07EC                     l16:	
   156                           ;timer.c: 51: {
   157                           ;timer.c: 52: while(TMR1IF==0);
   158                           
   159  07EC  1283               	bcf	3,5	;RP0=0, select bank0
   160  07ED  1303               	bcf	3,6	;RP1=0, select bank0
   161  07EE  1C0C               	btfss	12,0	;volatile
   162  07EF  2FEC               	goto	l16
   163                           
   164                           ;timer.c: 53: TMR1=65036;
   165  07F0  30FE               	movlw	254
   166  07F1  008F               	movwf	15	;volatile
   167  07F2  300C               	movlw	12
   168  07F3  008E               	movwf	14	;volatile
   169                           
   170                           ;timer.c: 54: TMR1IF=0;
   171  07F4  100C               	bcf	12,0	;volatile
   172  07F5  3001               	movlw	1
   173  07F6  07F1               	addwf	main@i,f
   174  07F7  1803               	skipnc
   175  07F8  0AF2               	incf	main@i+1,f
   176  07F9  3000               	movlw	0
   177  07FA  07F2               	addwf	main@i+1,f
   178  07FB  2FE1               	goto	L1
   179  07FC                     __end_of_main:	
   180  007E                     btemp	set	126	;btemp
   181  007E                     wtemp	set	126
   182  007E                     wtemp0	set	126
   183  0080                     wtemp1	set	128
   184  0082                     wtemp2	set	130
   185  0084                     wtemp3	set	132
   186  0086                     wtemp4	set	134
   187  0088                     wtemp5	set	136
   188  007F                     wtemp6	set	127
   189  007E                     ttemp	set	126
   190  007E                     ttemp0	set	126
   191  0081                     ttemp1	set	129
   192  0084                     ttemp2	set	132
   193  0087                     ttemp3	set	135
   194  007F                     ttemp4	set	127
   195  007E                     ltemp	set	126
   196  007E                     ltemp0	set	126
   197  0082                     ltemp1	set	130
   198  0086                     ltemp2	set	134
   199  0080                     ltemp3	set	128
   200                           
   201                           	psect	cinit
   202  07FC                     start_initialization:	
   203  07FC                     __initialization:	
   204  07FC                     end_of_initialization:	
   205                           ;End of C runtime variable initialization code
   206                           
   207  07FC                     __end_of__initialization:	
   208  07FC  0183               	clrf	3
   209  07FD  120A  118A  2FD1   	ljmp	_main	;jump to C main() function
   210                           
   211                           	psect	cstackCOMMON
   212  0070                     __pcstackCOMMON:	
   213  0070                     ?_main:	
   214  0070                     ??_main:	
   215                           ; 0 bytes @ 0x0
   216                           
   217                           
   218                           ; 0 bytes @ 0x0
   219  0070                     	ds	1
   220  0071                     main@i:	
   221                           
   222                           ; 2 bytes @ 0x1
   223  0071                     	ds	2


Data Sizes:
    Strings     0
    Constant    0
    Data        0
    BSS         0
    Persistent  0
    Stack       0

Auto Spaces:
    Space          Size  Autos    Used
    COMMON           14      3       3
    BANK0            80      0       0
    BANK1            80      0       0
    BANK3            96      0       0
    BANK2            96      0       0

Pointer List with Targets:

    None.

Critical Paths under _main in COMMON

    None.

Critical Paths under _main in BANK0

    None.

Critical Paths under _main in BANK1

    None.

Critical Paths under _main in BANK3

    None.

Critical Paths under _main in BANK2

    None.

Call Graph Tables:

 ---------------------------------------------------------------------------------
 (Depth) Function   	        Calls       Base Space   Used Autos Params    Refs
 ---------------------------------------------------------------------------------
 (0) _main                                                 3     3      0      30
                                              0 COMMON     3     3      0
 ---------------------------------------------------------------------------------
 Estimated maximum stack depth 0
 ---------------------------------------------------------------------------------

 Call Graph Graphs:

 _main (ROOT)

 Address spaces:
Name               Size   Autos  Total    Cost      Usage
BITCOMMON            E      0       0       0        0.0%
EEDATA             100      0       0       0        0.0%
NULL                 0      0       0       0        0.0%
CODE                 0      0       0       0        0.0%
COMMON               E      3       3       1       21.4%
BITSFR0              0      0       0       1        0.0%
SFR0                 0      0       0       1        0.0%
BITSFR1              0      0       0       2        0.0%
SFR1                 0      0       0       2        0.0%
STACK                0      0       0       2        0.0%
ABS                  0      0       0       3        0.0%
BITBANK0            50      0       0       4        0.0%
BITSFR3              0      0       0       4        0.0%
SFR3                 0      0       0       4        0.0%
BANK0               50      0       0       5        0.0%
BITSFR2              0      0       0       5        0.0%
SFR2                 0      0       0       5        0.0%
BITBANK1            50      0       0       6        0.0%
BANK1               50      0       0       7        0.0%
BITBANK3            60      0       0       8        0.0%
BANK3               60      0       0       9        0.0%
BITBANK2            60      0       0      10        0.0%
BANK2               60      0       0      11        0.0%
DATA                 0      0       0      12        0.0%


Microchip Technology PIC Macro Assembler V1.33 build 59893 
Symbol Table                                                                                   Fri Jan  8 05:15:26 2021

            __CFG_CP$OFF 0000                       l16 07EC                       u15 07EA  
                    l484 07D9             __CFG_CPD$OFF 0000             __CFG_FOSC$XT 0000  
           __CFG_LVP$OFF 0000                     _TMR1 000E             __CFG_WRT$OFF 0000  
                   _main 07D1                     btemp 007E                     ltemp 007E  
                   start 0000                     ttemp 007E                     wtemp 007E  
                  ?_main 0070            __CFG_WDTE$OFF 0000                    _T1CON 0010  
                  _PORTB 0006                    _TRISB 0086                    main@i 0071  
         __CFG_BOREN$OFF 0000                    ltemp0 007E                    ltemp1 0082  
                  ltemp2 0086                    ltemp3 0080                    ttemp0 007E  
                  ttemp1 0081                    ttemp2 0084                    ttemp3 0087  
                  ttemp4 007F                    status 0003                    wtemp0 007E  
                  wtemp1 0080                    wtemp2 0082                    wtemp3 0084  
                  wtemp4 0086                    wtemp5 0088                    wtemp6 007F  
        __initialization 07FC             __end_of_main 07FC                   ??_main 0070  
                 _TMR1IF 0060           __CFG_PWRTE$OFF 0000  __end_of__initialization 07FC  
         __pcstackCOMMON 0070               __pmaintext 07D1     end_of_initialization 07FC  
    start_initialization 07FC                ___latbits 0002            __size_of_main 002B  
