

Microchip Technology PIC LITE Macro Assembler V1.33 build 59893 
                                                                                               Thu Jan 14 07:08:33 2021

Microchip Technology Omniscient Code Generator (Lite mode) build 59893
     1                           	processor	16F876A
     2                           	opt	pw 120
     3                           	opt	lm
     4                           	psect	idataBANK0,global,class=CODE,delta=2
     5                           	psect	cinit,global,class=CODE,merge=1,delta=2
     6                           	psect	dataBANK0,global,class=BANK0,space=1,delta=1
     7                           	psect	inittext,global,class=CODE,delta=2
     8                           	psect	cstackCOMMON,global,class=COMMON,space=1,delta=1
     9                           	psect	cstackBANK0,global,class=BANK0,space=1,delta=1
    10                           	psect	maintext,global,class=CODE,split=1,delta=2
    11                           	dabs	1,0x7E,2
    12  0000                     	;# 
    13  0001                     	;# 
    14  0002                     	;# 
    15  0003                     	;# 
    16  0004                     	;# 
    17  0005                     	;# 
    18  0006                     	;# 
    19  0007                     	;# 
    20  000A                     	;# 
    21  000B                     	;# 
    22  000C                     	;# 
    23  000D                     	;# 
    24  000E                     	;# 
    25  000E                     	;# 
    26  000F                     	;# 
    27  0010                     	;# 
    28  0011                     	;# 
    29  0012                     	;# 
    30  0013                     	;# 
    31  0014                     	;# 
    32  0015                     	;# 
    33  0015                     	;# 
    34  0016                     	;# 
    35  0017                     	;# 
    36  0018                     	;# 
    37  0019                     	;# 
    38  001A                     	;# 
    39  001B                     	;# 
    40  001B                     	;# 
    41  001C                     	;# 
    42  001D                     	;# 
    43  001E                     	;# 
    44  001F                     	;# 
    45  0081                     	;# 
    46  0085                     	;# 
    47  0086                     	;# 
    48  0087                     	;# 
    49  008C                     	;# 
    50  008D                     	;# 
    51  008E                     	;# 
    52  0091                     	;# 
    53  0092                     	;# 
    54  0093                     	;# 
    55  0094                     	;# 
    56  0098                     	;# 
    57  0099                     	;# 
    58  009C                     	;# 
    59  009D                     	;# 
    60  009E                     	;# 
    61  009F                     	;# 
    62  010C                     	;# 
    63  010D                     	;# 
    64  010E                     	;# 
    65  010F                     	;# 
    66  018C                     	;# 
    67  018D                     	;# 
    68                           
    69                           	psect	idataBANK0
    70  078D                     __pidataBANK0:	
    71                           
    72                           ;initializer for main@F983
    73  078D  3441               	retlw	65
    74  078E  3442               	retlw	66
    75  078F  3443               	retlw	67
    76  0790  3444               	retlw	68
    77  0791  3445               	retlw	69
    78  0792  340D               	retlw	13
    79  0793  340A               	retlw	10
    80  0794  3400               	retlw	0
    81  0795  3400               	retlw	0
    82  0796  3400               	retlw	0
    83  0013                     _SSPBUF	set	19
    84  0014                     _SSPCON	set	20
    85  0063                     _SSPIF	set	99
    86  0094                     _SSPSTAT	set	148
    87  043B                     _TRISC3	set	1083
    88  043C                     _TRISC4	set	1084
    89  043D                     _TRISC5	set	1085
    90                           
    91                           ; #config settings
    92  0000                     
    93                           	psect	cinit
    94  07F0                     start_initialization:	
    95  07F0                     __initialization:	
    96                           
    97                           ; Initialize objects allocated to BANK0
    98  07F0  1383               	bcf	3,7	;select IRP bank0
    99  07F1  3036               	movlw	low (__pdataBANK0+10)
   100  07F2  00FD               	movwf	btemp+-1
   101  07F3  3007               	movlw	high __pidataBANK0
   102  07F4  00FE               	movwf	btemp
   103  07F5  308D               	movlw	low __pidataBANK0
   104  07F6  00FF               	movwf	btemp+1
   105  07F7  302C               	movlw	low __pdataBANK0
   106  07F8  0084               	movwf	4
   107  07F9  120A  118A  279B   	fcall	init_ram0
   108  07FC                     end_of_initialization:	
   109                           ;End of C runtime variable initialization code
   110                           
   111  07FC                     __end_of__initialization:	
   112  07FC  0183               	clrf	3
   113  07FD  120A  118A  2FA8   	ljmp	_main	;jump to C main() function
   114                           
   115                           	psect	dataBANK0
   116  002C                     __pdataBANK0:	
   117  002C                     main@F983:	
   118  002C                     	ds	10
   119                           
   120                           	psect	inittext
   121  0797                     init_fetch0:	
   122                           ;	Called with low address in FSR and high address in W
   123                           
   124  0797  087E               	movf	126,w
   125  0798  008A               	movwf	10
   126  0799  087F               	movf	127,w
   127  079A  0082               	movwf	2
   128  079B                     init_ram0:	
   129                           ;Called with:
   130                           ;	high address of idata address in btemp 
   131                           ;	low address of idata address in btemp+1 
   132                           ;	low address of data in FSR
   133                           ;	high address + 1 of data in btemp-1
   134                           
   135  079B  2797  120A  118A   	fcall	init_fetch0
   136  079E  0080               	movwf	0
   137  079F  0A84               	incf	4,f
   138  07A0  0804               	movf	4,w
   139  07A1  067D               	xorwf	125,w
   140  07A2  1903               	btfsc	3,2
   141  07A3  3400               	retlw	0
   142  07A4  0AFF               	incf	127,f
   143  07A5  1903               	btfsc	3,2
   144  07A6  0AFE               	incf	126,f
   145  07A7  2F9B               	goto	init_ram0
   146                           
   147                           	psect	cstackCOMMON
   148  0070                     __pcstackCOMMON:	
   149  0070                     ?_main:	
   150  0070                     ??_main:	
   151                           ; 0 bytes @ 0x0
   152                           
   153                           
   154                           ; 0 bytes @ 0x0
   155  0070                     	ds	4
   156                           
   157                           	psect	cstackBANK0
   158  0020                     __pcstackBANK0:	
   159  0020                     main@a:	
   160                           
   161                           ; 10 bytes @ 0x0
   162  0020                     	ds	10
   163  002A                     main@i:	
   164                           
   165                           ; 2 bytes @ 0xA
   166  002A                     	ds	2
   167                           
   168                           	psect	maintext
   169  07A8                     __pmaintext:	
   170 ;;
   171 ;;Main: autosize = 0, tempsize = 4, incstack = 0, save=0
   172 ;;
   173 ;; *************** function _main *****************
   174 ;; Defined at:
   175 ;;		line 16 in file "spi-mas.c"
   176 ;; Parameters:    Size  Location     Type
   177 ;;		None
   178 ;; Auto vars:     Size  Location     Type
   179 ;;  a              10    0[BANK0 ] unsigned char [10]
   180 ;;  i               2   10[BANK0 ] int 
   181 ;; Return value:  Size  Location     Type
   182 ;;		None               void
   183 ;; Registers used:
   184 ;;		wreg, fsr0l, fsr0h, status,2, status,0
   185 ;; Tracked objects:
   186 ;;		On entry : 17F/0
   187 ;;		On exit  : 0/0
   188 ;;		Unchanged: 0/0
   189 ;; Data sizes:     COMMON   BANK0   BANK1   BANK3   BANK2
   190 ;;      Params:         0       0       0       0       0
   191 ;;      Locals:         0      12       0       0       0
   192 ;;      Temps:          4       0       0       0       0
   193 ;;      Totals:         4      12       0       0       0
   194 ;;Total ram usage:       16 bytes
   195 ;; This function calls:
   196 ;;		Nothing
   197 ;; This function is called by:
   198 ;;		Startup code after reset
   199 ;; This function uses a non-reentrant model
   200 ;;
   201                           
   202                           
   203                           ;psect for function _main
   204  07A8                     _main:	
   205                           
   206                           ;spi-mas.c: 18: SSPCON=0x20;
   207                           
   208                           ;incstack = 0
   209                           ; Regs used in _main: [wreg-fsr0h+status,2+status,0]
   210  07A8  3020               	movlw	32
   211  07A9  1283               	bcf	3,5	;RP0=0, select bank0
   212  07AA  1303               	bcf	3,6	;RP1=0, select bank0
   213  07AB  0094               	movwf	20	;volatile
   214                           
   215                           ;spi-mas.c: 19: SSPSTAT=0x00;
   216  07AC  1683               	bsf	3,5	;RP0=1, select bank1
   217  07AD  1303               	bcf	3,6	;RP1=0, select bank1
   218  07AE  0194               	clrf	20	;volatile
   219                           
   220                           ;spi-mas.c: 20: char a[10]="ABCDE\r\n";
   221  07AF  3020               	movlw	main@a& (0+255)
   222  07B0  0084               	movwf	4
   223  07B1  302C               	movlw	low main@F983
   224  07B2  00F0               	movwf	??_main
   225  07B3  0804               	movf	4,w
   226  07B4  00F1               	movwf	??_main+1
   227  07B5  300A               	movlw	10
   228  07B6  00F2               	movwf	??_main+2
   229  07B7                     u40:	
   230  07B7  0870               	movf	??_main,w
   231  07B8  0084               	movwf	4
   232  07B9  1383               	bcf	3,7	;select IRP bank0
   233  07BA  0800               	movf	0,w
   234  07BB  00F3               	movwf	??_main+3
   235  07BC  0AF0               	incf	??_main,f
   236  07BD  0871               	movf	??_main+1,w
   237  07BE  0084               	movwf	4
   238  07BF  0873               	movf	??_main+3,w
   239  07C0  0080               	movwf	0
   240  07C1  0AF1               	incf	??_main+1,f
   241  07C2  0BF2               	decfsz	??_main+2,f
   242  07C3  2FB7               	goto	u40
   243                           
   244                           ;spi-mas.c: 21: TRISC5=0;
   245  07C4  1287               	bcf	7,5	;volatile
   246                           
   247                           ;spi-mas.c: 22: TRISC4=1;
   248  07C5  1607               	bsf	7,4	;volatile
   249                           
   250                           ;spi-mas.c: 23: TRISC3=0;
   251  07C6  1187               	bcf	7,3	;volatile
   252  07C7                     l521:	
   253                           ;spi-mas.c: 24: int i;
   254                           ;spi-mas.c: 26: while(1)
   255                           
   256                           
   257                           ;spi-mas.c: 27: {
   258                           ;spi-mas.c: 29: for(i=0;a[i]!='\0';i++)
   259  07C7  1283               	bcf	3,5	;RP0=0, select bank0
   260  07C8  1303               	bcf	3,6	;RP1=0, select bank0
   261  07C9  01AA               	clrf	main@i
   262  07CA  01AB               	clrf	main@i+1
   263  07CB                     l527:	
   264  07CB  082A               	movf	main@i,w
   265  07CC  3E20               	addlw	main@a& (0+255)
   266  07CD  0084               	movwf	4
   267  07CE  1383               	bcf	3,7	;select IRP bank0
   268  07CF  0880               	movf	0,f
   269  07D0  1903               	btfsc	3,2
   270  07D1  2FE2               	goto	l529
   271                           
   272                           ;spi-mas.c: 30: {
   273                           ;spi-mas.c: 31: SSPBUF=a[i];
   274  07D2  082A               	movf	main@i,w
   275  07D3  3E20               	addlw	main@a& (0+255)
   276  07D4  0084               	movwf	4
   277  07D5  1383               	bcf	3,7	;select IRP bank0
   278  07D6  0800               	movf	0,w
   279  07D7  0093               	movwf	19	;volatile
   280  07D8                     l24:	
   281                           ;spi-mas.c: 32: while(SSPIF==0);
   282                           
   283  07D8  1D8C               	btfss	12,3	;volatile
   284  07D9  2FD8               	goto	l24
   285                           
   286                           ;spi-mas.c: 33: SSPIF=0;
   287  07DA  118C               	bcf	12,3	;volatile
   288  07DB  3001               	movlw	1
   289  07DC  07AA               	addwf	main@i,f
   290  07DD  1803               	skipnc
   291  07DE  0AAB               	incf	main@i+1,f
   292  07DF  3000               	movlw	0
   293  07E0  07AB               	addwf	main@i+1,f
   294  07E1  2FCB               	goto	l527
   295  07E2                     l529:	
   296                           
   297                           ;spi-mas.c: 34: }
   298                           ;spi-mas.c: 40: _delay((unsigned long)((500)*(4000000/4000.0)));
   299  07E2  3003               	movlw	3
   300  07E3  00F2               	movwf	??_main+2
   301  07E4  308A               	movlw	138
   302  07E5  00F1               	movwf	??_main+1
   303  07E6  3056               	movlw	86
   304  07E7  00F0               	movwf	??_main
   305  07E8                     u77:	
   306  07E8  0BF0               	decfsz	??_main,f
   307  07E9  2FE8               	goto	u77
   308  07EA  0BF1               	decfsz	??_main+1,f
   309  07EB  2FE8               	goto	u77
   310  07EC  0BF2               	decfsz	??_main+2,f
   311  07ED  2FE8               	goto	u77
   312  07EE  2FEF               	nop2
   313  07EF  2FC7               	goto	l521
   314  07F0                     __end_of_main:	
   315  007E                     btemp	set	126	;btemp
   316  007E                     wtemp	set	126
   317  007E                     wtemp0	set	126
   318  0080                     wtemp1	set	128
   319  0082                     wtemp2	set	130
   320  0084                     wtemp3	set	132
   321  0086                     wtemp4	set	134
   322  0088                     wtemp5	set	136
   323  007F                     wtemp6	set	127
   324  007E                     ttemp	set	126
   325  007E                     ttemp0	set	126
   326  0081                     ttemp1	set	129
   327  0084                     ttemp2	set	132
   328  0087                     ttemp3	set	135
   329  007F                     ttemp4	set	127
   330  007E                     ltemp	set	126
   331  007E                     ltemp0	set	126
   332  0082                     ltemp1	set	130
   333  0086                     ltemp2	set	134
   334  0080                     ltemp3	set	128


Data Sizes:
    Strings     0
    Constant    0
    Data        10
    BSS         0
    Persistent  0
    Stack       0

Auto Spaces:
    Space          Size  Autos    Used
    COMMON           14      4       4
    BANK0            80     12      22
    BANK1            80      0       0
    BANK3            96      0       0
    BANK2            96      0       0

Pointer List with Targets:

    None.

Critical Paths under _main in COMMON

    None.

Critical Paths under _main in BANK0

    None.

Critical Paths under _main in BANK1

    None.

Critical Paths under _main in BANK3

    None.

Critical Paths under _main in BANK2

    None.

Call Graph Tables:

 ---------------------------------------------------------------------------------
 (Depth) Function   	        Calls       Base Space   Used Autos Params    Refs
 ---------------------------------------------------------------------------------
 (0) _main                                                16    16      0      93
                                              0 COMMON     4     4      0
                                              0 BANK0     12    12      0
 ---------------------------------------------------------------------------------
 Estimated maximum stack depth 0
 ---------------------------------------------------------------------------------

 Call Graph Graphs:

 _main (ROOT)

 Address spaces:
Name               Size   Autos  Total    Cost      Usage
BANK3               60      0       0       9        0.0%
BITBANK3            60      0       0       8        0.0%
SFR3                 0      0       0       4        0.0%
BITSFR3              0      0       0       4        0.0%
BANK2               60      0       0      11        0.0%
BITBANK2            60      0       0      10        0.0%
SFR2                 0      0       0       5        0.0%
BITSFR2              0      0       0       5        0.0%
BANK1               50      0       0       7        0.0%
BITBANK1            50      0       0       6        0.0%
SFR1                 0      0       0       2        0.0%
BITSFR1              0      0       0       2        0.0%
BANK0               50      C      16       5       27.5%
BITBANK0            50      0       0       4        0.0%
SFR0                 0      0       0       1        0.0%
BITSFR0              0      0       0       1        0.0%
COMMON               E      4       4       1       28.6%
BITCOMMON            E      0       0       0        0.0%
CODE                 0      0       0       0        0.0%
DATA                 0      0      1A      12        0.0%
ABS                  0      0      1A       3        0.0%
NULL                 0      0       0       0        0.0%
STACK                0      0       0       2        0.0%
EEDATA             100      0       0       0        0.0%


Microchip Technology PIC Macro Assembler V1.33 build 59893 
Symbol Table                                                                                   Thu Jan 14 07:08:33 2021

                      pc 0002              __CFG_CP$OFF 0000                       l24 07D8  
                     u40 07B7                       u77 07E8                       fsr 0004  
                    l521 07C7                      l527 07CB                      l529 07E2  
           __CFG_CPD$OFF 0000                      fsr0 0004                      indf 0000  
           __CFG_FOSC$XT 0000             __CFG_LVP$OFF 0000             __CFG_WRT$OFF 0000  
                   _main 07A8                     btemp 007E                     ltemp 007E  
                   start 0000                     ttemp 007E                     wtemp 007E  
                  ?_main 0070            __CFG_WDTE$OFF 0000                    _SSPIF 0063  
                  main@a 0020                    main@i 002A           __CFG_BOREN$OFF 0000  
                  pclath 000A                    ltemp0 007E                    ltemp1 0082  
                  ltemp2 0086                    ltemp3 0080                    ttemp0 007E  
                  ttemp1 0081                    ttemp2 0084                    ttemp3 0087  
                  ttemp4 007F                    status 0003                    wtemp0 007E  
                  wtemp1 0080                    wtemp2 0082                    wtemp3 0084  
                  wtemp4 0086                    wtemp5 0088                    wtemp6 007F  
        __initialization 07F0             __end_of_main 07F0                   ??_main 0070  
                 _TRISC3 043B                   _TRISC4 043C                   _TRISC5 043D  
                 _SSPCON 0014                   _SSPBUF 0013           __CFG_PWRTE$OFF 0000  
__end_of__initialization 07FC           __pcstackCOMMON 0070             __pidataBANK0 078D  
             __pmaintext 07A8                  _SSPSTAT 0094     end_of_initialization 07FC  
    start_initialization 07F0               init_fetch0 0797              __pdataBANK0 002C  
              ___latbits 0002            __pcstackBANK0 0020            __size_of_main 0048  
               main@F983 002C                 init_ram0 079B  
