

Microchip Technology PIC LITE Macro Assembler V1.33 build 59893 
                                                                                               Thu Jan 14 07:07:16 2021

Microchip Technology Omniscient Code Generator (Lite mode) build 59893
     1                           	processor	16F876A
     2                           	opt	pw 120
     3                           	opt	lm
     4                           	psect	maintext,global,class=CODE,split=1,delta=2
     5                           	psect	cinit,global,class=CODE,merge=1,delta=2
     6                           	psect	cstackCOMMON,global,class=COMMON,space=1,delta=1
     7                           	psect	cstackBANK0,global,class=BANK0,space=1,delta=1
     8                           	dabs	1,0x7E,2
     9  0000                     	;# 
    10  0001                     	;# 
    11  0002                     	;# 
    12  0003                     	;# 
    13  0004                     	;# 
    14  0005                     	;# 
    15  0006                     	;# 
    16  0007                     	;# 
    17  000A                     	;# 
    18  000B                     	;# 
    19  000C                     	;# 
    20  000D                     	;# 
    21  000E                     	;# 
    22  000E                     	;# 
    23  000F                     	;# 
    24  0010                     	;# 
    25  0011                     	;# 
    26  0012                     	;# 
    27  0013                     	;# 
    28  0014                     	;# 
    29  0015                     	;# 
    30  0015                     	;# 
    31  0016                     	;# 
    32  0017                     	;# 
    33  0018                     	;# 
    34  0019                     	;# 
    35  001A                     	;# 
    36  001B                     	;# 
    37  001B                     	;# 
    38  001C                     	;# 
    39  001D                     	;# 
    40  001E                     	;# 
    41  001F                     	;# 
    42  0081                     	;# 
    43  0085                     	;# 
    44  0086                     	;# 
    45  0087                     	;# 
    46  008C                     	;# 
    47  008D                     	;# 
    48  008E                     	;# 
    49  0091                     	;# 
    50  0092                     	;# 
    51  0093                     	;# 
    52  0094                     	;# 
    53  0098                     	;# 
    54  0099                     	;# 
    55  009C                     	;# 
    56  009D                     	;# 
    57  009E                     	;# 
    58  009F                     	;# 
    59  010C                     	;# 
    60  010D                     	;# 
    61  010E                     	;# 
    62  010F                     	;# 
    63  018C                     	;# 
    64  018D                     	;# 
    65  0018                     _RCSTA	set	24
    66  0013                     _SSPBUF	set	19
    67  0014                     _SSPCON	set	20
    68  0019                     _TXREG	set	25
    69  0063                     _SSPIF	set	99
    70  0099                     _SPBRG	set	153
    71  0094                     _SSPSTAT	set	148
    72  0098                     _TXSTA	set	152
    73  043B                     _TRISC3	set	1083
    74  043C                     _TRISC4	set	1084
    75  043D                     _TRISC5	set	1085
    76  04C1                     _TRMT	set	1217
    77                           
    78                           	psect	maintext
    79  07AB                     __pmaintext:	
    80                           ; #config settings
    81                           
    82                           
    83                           ;psect for function _main
    84  0000                     
    85 ;;
    86 ;;Main: autosize = 0, tempsize = 1, incstack = 0, save=0
    87 ;;
    88 ;; *************** function _main *****************
    89 ;; Defined at:
    90 ;;		line 16 in file "spi-sla.c"
    91 ;; Parameters:    Size  Location     Type
    92 ;;		None
    93 ;; Auto vars:     Size  Location     Type
    94 ;;  a              12    0[BANK0 ] unsigned char [12]
    95 ;;  i               2   12[BANK0 ] int 
    96 ;; Return value:  Size  Location     Type
    97 ;;		None               void
    98 ;; Registers used:
    99 ;;		wreg, fsr0l, fsr0h, status,2, status,0
   100 ;; Tracked objects:
   101 ;;		On entry : 17F/0
   102 ;;		On exit  : 0/0
   103 ;;		Unchanged: 0/0
   104 ;; Data sizes:     COMMON   BANK0   BANK1   BANK3   BANK2
   105 ;;      Params:         0       0       0       0       0
   106 ;;      Locals:         0      14       0       0       0
   107 ;;      Temps:          1       0       0       0       0
   108 ;;      Totals:         1      14       0       0       0
   109 ;;Total ram usage:       15 bytes
   110 ;; This function calls:
   111 ;;		Nothing
   112 ;; This function is called by:
   113 ;;		Startup code after reset
   114 ;; This function uses a non-reentrant model
   115 ;;
   116  07AB                     _main:	
   117                           
   118                           ;spi-sla.c: 18: TXSTA=0x24;
   119                           
   120                           ;incstack = 0
   121                           ; Regs used in _main: [wreg-fsr0h+status,2+status,0]
   122  07AB  3024               	movlw	36
   123  07AC  1683               	bsf	3,5	;RP0=1, select bank1
   124  07AD  1303               	bcf	3,6	;RP1=0, select bank1
   125  07AE  0098               	movwf	24	;volatile
   126                           
   127                           ;spi-sla.c: 19: RCSTA=0x90;
   128  07AF  3090               	movlw	144
   129  07B0  1283               	bcf	3,5	;RP0=0, select bank0
   130  07B1  1303               	bcf	3,6	;RP1=0, select bank0
   131  07B2  0098               	movwf	24	;volatile
   132                           
   133                           ;spi-sla.c: 20: SPBRG=25;
   134  07B3  3019               	movlw	25
   135  07B4  1683               	bsf	3,5	;RP0=1, select bank1
   136  07B5  1303               	bcf	3,6	;RP1=0, select bank1
   137  07B6  0099               	movwf	25	;volatile
   138                           
   139                           ;spi-sla.c: 21: SSPCON=0x25;
   140  07B7  3025               	movlw	37
   141  07B8  1283               	bcf	3,5	;RP0=0, select bank0
   142  07B9  1303               	bcf	3,6	;RP1=0, select bank0
   143  07BA  0094               	movwf	20	;volatile
   144                           
   145                           ;spi-sla.c: 22: SSPSTAT=0x00;
   146  07BB  1683               	bsf	3,5	;RP0=1, select bank1
   147  07BC  1303               	bcf	3,6	;RP1=0, select bank1
   148  07BD  0194               	clrf	20	;volatile
   149                           
   150                           ;spi-sla.c: 23: char a[12];
   151                           ;spi-sla.c: 24: TRISC5=0;
   152  07BE  1287               	bcf	7,5	;volatile
   153                           
   154                           ;spi-sla.c: 25: TRISC4=1;
   155  07BF  1607               	bsf	7,4	;volatile
   156                           
   157                           ;spi-sla.c: 26: TRISC3=1;
   158  07C0  1587               	bsf	7,3	;volatile
   159  07C1                     l535:	
   160                           ;spi-sla.c: 27: int i;
   161                           ;spi-sla.c: 29: while(1)
   162                           
   163                           
   164                           ;spi-sla.c: 30: {
   165                           ;spi-sla.c: 31: for(i=0;;i++)
   166  07C1  1283               	bcf	3,5	;RP0=0, select bank0
   167  07C2  01AC               	clrf	main@i
   168  07C3  01AD               	clrf	main@i+1
   169                           
   170                           ;spi-sla.c: 39: break;
   171  07C4  2FCB               	goto	l29
   172  07C5                     l541:	
   173  07C5  3001               	movlw	1
   174  07C6  07AC               	addwf	main@i,f
   175  07C7  1803               	skipnc
   176  07C8  0AAD               	incf	main@i+1,f
   177  07C9  3000               	movlw	0
   178  07CA  07AD               	addwf	main@i+1,f
   179  07CB                     l29:	
   180                           ;spi-sla.c: 32: {
   181                           ;spi-sla.c: 33: while(SSPIF==0);
   182                           
   183  07CB  1D8C               	btfss	12,3	;volatile
   184  07CC  2FCB               	goto	l29
   185                           
   186                           ;spi-sla.c: 34: SSPIF=0;
   187  07CD  118C               	bcf	12,3	;volatile
   188                           
   189                           ;spi-sla.c: 35: a[i]=SSPBUF;
   190  07CE  0813               	movf	19,w	;volatile
   191  07CF  00F0               	movwf	??_main
   192  07D0  082C               	movf	main@i,w
   193  07D1  3E20               	addlw	main@a& (0+255)
   194  07D2  0084               	movwf	4
   195  07D3  0870               	movf	??_main,w
   196  07D4  1383               	bcf	3,7	;select IRP bank0
   197  07D5  0080               	movwf	0
   198                           
   199                           ;spi-sla.c: 36: if(a[i]=='\r')
   200  07D6  082C               	movf	main@i,w
   201  07D7  3E20               	addlw	main@a& (0+255)
   202  07D8  0084               	movwf	4
   203  07D9  0800               	movf	0,w
   204  07DA  3A0D               	xorlw	13
   205  07DB  1D03               	skipz
   206  07DC  2FC5               	goto	l541
   207                           
   208                           ;spi-sla.c: 37: {
   209                           ;spi-sla.c: 38: a[i]='\0';
   210  07DD  082C               	movf	main@i,w
   211  07DE  3E20               	addlw	main@a& (0+255)
   212  07DF  0084               	movwf	4
   213  07E0  0180               	clrf	0
   214                           
   215                           ;spi-sla.c: 40: }
   216                           ;spi-sla.c: 41: }
   217                           ;spi-sla.c: 42: for(i=0;a[i]!='\0';i++)
   218  07E1  01AC               	clrf	main@i
   219  07E2  01AD               	clrf	main@i+1
   220  07E3                     l549:	
   221  07E3  082C               	movf	main@i,w
   222  07E4  3E20               	addlw	main@a& (0+255)
   223  07E5  0084               	movwf	4
   224  07E6  1383               	bcf	3,7	;select IRP bank0
   225  07E7  0880               	movf	0,f
   226  07E8  1903               	btfsc	3,2
   227  07E9  2FC1               	goto	l535
   228                           
   229                           ;spi-sla.c: 43: {
   230                           ;spi-sla.c: 44: TXREG=a[i];
   231  07EA  082C               	movf	main@i,w
   232  07EB  3E20               	addlw	main@a& (0+255)
   233  07EC  0084               	movwf	4
   234  07ED  0800               	movf	0,w
   235  07EE  0099               	movwf	25	;volatile
   236  07EF                     l36:	
   237                           ;spi-sla.c: 45: while(TRMT==0);
   238                           
   239  07EF  1683               	bsf	3,5	;RP0=1, select bank1
   240  07F0  1303               	bcf	3,6	;RP1=0, select bank1
   241  07F1  1C98               	btfss	24,1	;volatile
   242  07F2  2FEF               	goto	l36
   243  07F3  3001               	movlw	1
   244  07F4  1283               	bcf	3,5	;RP0=0, select bank0
   245  07F5  1303               	bcf	3,6	;RP1=0, select bank0
   246  07F6  07AC               	addwf	main@i,f
   247  07F7  1803               	skipnc
   248  07F8  0AAD               	incf	main@i+1,f
   249  07F9  3000               	movlw	0
   250  07FA  07AD               	addwf	main@i+1,f
   251  07FB  2FE3               	goto	l549
   252  07FC                     __end_of_main:	
   253  007E                     btemp	set	126	;btemp
   254  007E                     wtemp	set	126
   255  007E                     wtemp0	set	126
   256  0080                     wtemp1	set	128
   257  0082                     wtemp2	set	130
   258  0084                     wtemp3	set	132
   259  0086                     wtemp4	set	134
   260  0088                     wtemp5	set	136
   261  007F                     wtemp6	set	127
   262  007E                     ttemp	set	126
   263  007E                     ttemp0	set	126
   264  0081                     ttemp1	set	129
   265  0084                     ttemp2	set	132
   266  0087                     ttemp3	set	135
   267  007F                     ttemp4	set	127
   268  007E                     ltemp	set	126
   269  007E                     ltemp0	set	126
   270  0082                     ltemp1	set	130
   271  0086                     ltemp2	set	134
   272  0080                     ltemp3	set	128
   273                           
   274                           	psect	cinit
   275  07FC                     start_initialization:	
   276  07FC                     __initialization:	
   277  07FC                     end_of_initialization:	
   278                           ;End of C runtime variable initialization code
   279                           
   280  07FC                     __end_of__initialization:	
   281  07FC  0183               	clrf	3
   282  07FD  120A  118A  2FAB   	ljmp	_main	;jump to C main() function
   283                           
   284                           	psect	cstackCOMMON
   285  0070                     __pcstackCOMMON:	
   286  0070                     ?_main:	
   287  0070                     ??_main:	
   288                           ; 0 bytes @ 0x0
   289                           
   290                           
   291                           ; 0 bytes @ 0x0
   292  0070                     	ds	1
   293                           
   294                           	psect	cstackBANK0
   295  0020                     __pcstackBANK0:	
   296  0020                     main@a:	
   297                           
   298                           ; 12 bytes @ 0x0
   299  0020                     	ds	12
   300  002C                     main@i:	
   301                           
   302                           ; 2 bytes @ 0xC
   303  002C                     	ds	2


Data Sizes:
    Strings     0
    Constant    0
    Data        0
    BSS         0
    Persistent  0
    Stack       0

Auto Spaces:
    Space          Size  Autos    Used
    COMMON           14      1       1
    BANK0            80     14      14
    BANK1            80      0       0
    BANK3            96      0       0
    BANK2            96      0       0

Pointer List with Targets:

    None.

Critical Paths under _main in COMMON

    None.

Critical Paths under _main in BANK0

    None.

Critical Paths under _main in BANK1

    None.

Critical Paths under _main in BANK3

    None.

Critical Paths under _main in BANK2

    None.

Call Graph Tables:

 ---------------------------------------------------------------------------------
 (Depth) Function   	        Calls       Base Space   Used Autos Params    Refs
 ---------------------------------------------------------------------------------
 (0) _main                                                15    15      0     231
                                              0 COMMON     1     1      0
                                              0 BANK0     14    14      0
 ---------------------------------------------------------------------------------
 Estimated maximum stack depth 0
 ---------------------------------------------------------------------------------

 Call Graph Graphs:

 _main (ROOT)

 Address spaces:
Name               Size   Autos  Total    Cost      Usage
BITCOMMON            E      0       0       0        0.0%
EEDATA             100      0       0       0        0.0%
NULL                 0      0       0       0        0.0%
CODE                 0      0       0       0        0.0%
COMMON               E      1       1       1        7.1%
BITSFR0              0      0       0       1        0.0%
SFR0                 0      0       0       1        0.0%
BITSFR1              0      0       0       2        0.0%
SFR1                 0      0       0       2        0.0%
STACK                0      0       0       2        0.0%
ABS                  0      0       0       3        0.0%
BITBANK0            50      0       0       4        0.0%
BITSFR3              0      0       0       4        0.0%
SFR3                 0      0       0       4        0.0%
BANK0               50      E       E       5       17.5%
BITSFR2              0      0       0       5        0.0%
SFR2                 0      0       0       5        0.0%
BITBANK1            50      0       0       6        0.0%
BANK1               50      0       0       7        0.0%
BITBANK3            60      0       0       8        0.0%
BANK3               60      0       0       9        0.0%
BITBANK2            60      0       0      10        0.0%
BANK2               60      0       0      11        0.0%
DATA                 0      0       0      12        0.0%


Microchip Technology PIC Macro Assembler V1.33 build 59893 
Symbol Table                                                                                   Thu Jan 14 07:07:16 2021

            __CFG_CP$OFF 0000                       l36 07EF                       l29 07CB  
                    l541 07C5                      l535 07C1                      l549 07E3  
           __CFG_CPD$OFF 0000                      fsr0 0004                      indf 0000  
           __CFG_FOSC$XT 0000             __CFG_LVP$OFF 0000                     _TRMT 04C1  
           __CFG_WRT$OFF 0000                     _main 07AB                     btemp 007E  
                   ltemp 007E                     start 0000                     ttemp 007E  
                   wtemp 007E                    ?_main 0070            __CFG_WDTE$OFF 0000  
                  _RCSTA 0018                    _SPBRG 0099                    _SSPIF 0063  
                  _TXREG 0019                    _TXSTA 0098                    main@a 0020  
                  main@i 002C           __CFG_BOREN$OFF 0000                    ltemp0 007E  
                  ltemp1 0082                    ltemp2 0086                    ltemp3 0080  
                  ttemp0 007E                    ttemp1 0081                    ttemp2 0084  
                  ttemp3 0087                    ttemp4 007F                    status 0003  
                  wtemp0 007E                    wtemp1 0080                    wtemp2 0082  
                  wtemp3 0084                    wtemp4 0086                    wtemp5 0088  
                  wtemp6 007F          __initialization 07FC             __end_of_main 07FC  
                 ??_main 0070                   _TRISC3 043B                   _TRISC4 043C  
                 _TRISC5 043D                   _SSPCON 0014                   _SSPBUF 0013  
         __CFG_PWRTE$OFF 0000  __end_of__initialization 07FC           __pcstackCOMMON 0070  
             __pmaintext 07AB                  _SSPSTAT 0094     end_of_initialization 07FC  
    start_initialization 07FC                ___latbits 0002            __pcstackBANK0 0020  
          __size_of_main 0051  
