

Microchip Technology PIC LITE Macro Assembler V1.33 build 59893 
                                                                                               Thu Dec 31 06:37:22 2020

Microchip Technology Omniscient Code Generator (Lite mode) build 59893
     1                           	processor	16F876A
     2                           	opt	pw 120
     3                           	opt	lm
     4                           	psect	maintext,global,class=CODE,split=1,delta=2
     5                           	psect	cinit,global,class=CODE,merge=1,delta=2
     6                           	psect	cstackCOMMON,global,class=COMMON,space=1,delta=1
     7                           	dabs	1,0x7E,2
     8  0000                     	;# 
     9  0001                     	;# 
    10  0002                     	;# 
    11  0003                     	;# 
    12  0004                     	;# 
    13  0005                     	;# 
    14  0006                     	;# 
    15  0007                     	;# 
    16  000A                     	;# 
    17  000B                     	;# 
    18  000C                     	;# 
    19  000D                     	;# 
    20  000E                     	;# 
    21  000E                     	;# 
    22  000F                     	;# 
    23  0010                     	;# 
    24  0011                     	;# 
    25  0012                     	;# 
    26  0013                     	;# 
    27  0014                     	;# 
    28  0015                     	;# 
    29  0015                     	;# 
    30  0016                     	;# 
    31  0017                     	;# 
    32  0018                     	;# 
    33  0019                     	;# 
    34  001A                     	;# 
    35  001B                     	;# 
    36  001B                     	;# 
    37  001C                     	;# 
    38  001D                     	;# 
    39  001E                     	;# 
    40  001F                     	;# 
    41  0081                     	;# 
    42  0085                     	;# 
    43  0086                     	;# 
    44  0087                     	;# 
    45  008C                     	;# 
    46  008D                     	;# 
    47  008E                     	;# 
    48  0091                     	;# 
    49  0092                     	;# 
    50  0093                     	;# 
    51  0094                     	;# 
    52  0098                     	;# 
    53  0099                     	;# 
    54  009C                     	;# 
    55  009D                     	;# 
    56  009E                     	;# 
    57  009F                     	;# 
    58  010C                     	;# 
    59  010D                     	;# 
    60  010E                     	;# 
    61  010F                     	;# 
    62  018C                     	;# 
    63  018D                     	;# 
    64  0007                     _PORTC	set	7
    65  0030                     _RB0	set	48
    66  0087                     _TRISC	set	135
    67  0430                     _TRISB0	set	1072
    68                           
    69                           	psect	maintext
    70  07EF                     __pmaintext:	
    71                           ; #config settings
    72                           
    73                           
    74                           ;psect for function _main
    75  0000                     
    76                           ; 0 bytes @ 0x0
    77 ;;
    78 ;;Main: autosize = 0, tempsize = 0, incstack = 0, save=0
    79 ;;
    80 ;; *************** function _main *****************
    81 ;; Defined at:
    82 ;;		line 21 in file "switch1.c"
    83 ;; Parameters:    Size  Location     Type
    84 ;;		None
    85 ;; Auto vars:     Size  Location     Type
    86 ;;		None
    87 ;; Return value:  Size  Location     Type
    88 ;;		None               void
    89 ;; Registers used:
    90 ;;		status,2
    91 ;; Tracked objects:
    92 ;;		On entry : 17F/0
    93 ;;		On exit  : 0/0
    94 ;;		Unchanged: 0/0
    95 ;; Data sizes:     COMMON   BANK0   BANK1   BANK3   BANK2
    96 ;;      Params:         0       0       0       0       0
    97 ;;      Locals:         0       0       0       0       0
    98 ;;      Temps:          0       0       0       0       0
    99 ;;      Totals:         0       0       0       0       0
   100 ;;Total ram usage:        0 bytes
   101 ;; This function calls:
   102 ;;		Nothing
   103 ;; This function is called by:
   104 ;;		Startup code after reset
   105 ;; This function uses a non-reentrant model
   106 ;;
   107  07EF                     _main:	
   108                           
   109                           ;switch1.c: 23: TRISB0=1;
   110                           
   111                           ;incstack = 0
   112                           ; Regs used in _main: [status,2]
   113  07EF  1683               	bsf	3,5	;RP0=1, select bank1
   114  07F0  1303               	bcf	3,6	;RP1=0, select bank1
   115  07F1  1406               	bsf	6,0	;volatile
   116                           
   117                           ;switch1.c: 24: TRISC=0x00;
   118  07F2  0187               	clrf	7	;volatile
   119                           
   120                           ;switch1.c: 25: PORTC=0x00;
   121  07F3  1283               	bcf	3,5	;RP0=0, select bank0
   122  07F4  1303               	bcf	3,6	;RP1=0, select bank0
   123  07F5  0187               	clrf	7	;volatile
   124  07F6                     l479:	
   125                           ;switch1.c: 26: while(1)
   126                           
   127                           
   128                           ;switch1.c: 27: {
   129                           ;switch1.c: 28: if(RB0==0)
   130  07F6  1806               	btfsc	6,0	;volatile
   131  07F7  2FF6               	goto	l479
   132  07F8                     l13:	
   133                           ;switch1.c: 29: {
   134                           ;switch1.c: 30: while(RB0==0);
   135                           
   136  07F8  1C06               	btfss	6,0	;volatile
   137  07F9  2FF8               	goto	l13
   138                           
   139                           ;switch1.c: 31: PORTC=~PORTC;
   140  07FA  0987               	comf	7,f	;volatile
   141  07FB  2FF6               	goto	l479
   142  07FC                     __end_of_main:	
   143  007E                     btemp	set	126	;btemp
   144  007E                     wtemp	set	126
   145  007E                     wtemp0	set	126
   146  0080                     wtemp1	set	128
   147  0082                     wtemp2	set	130
   148  0084                     wtemp3	set	132
   149  0086                     wtemp4	set	134
   150  0088                     wtemp5	set	136
   151  007F                     wtemp6	set	127
   152  007E                     ttemp	set	126
   153  007E                     ttemp0	set	126
   154  0081                     ttemp1	set	129
   155  0084                     ttemp2	set	132
   156  0087                     ttemp3	set	135
   157  007F                     ttemp4	set	127
   158  007E                     ltemp	set	126
   159  007E                     ltemp0	set	126
   160  0082                     ltemp1	set	130
   161  0086                     ltemp2	set	134
   162  0080                     ltemp3	set	128
   163                           
   164                           	psect	cinit
   165  07FC                     start_initialization:	
   166  07FC                     __initialization:	
   167  07FC                     end_of_initialization:	
   168                           ;End of C runtime variable initialization code
   169                           
   170  07FC                     __end_of__initialization:	
   171  07FC  0183               	clrf	3
   172  07FD  120A  118A  2FEF   	ljmp	_main	;jump to C main() function
   173                           
   174                           	psect	cstackCOMMON
   175  0000                     __pcstackCOMMON:	
   176  0000                     ?_main:	
   177  0000                     ??_main:	
   178                           ; 0 bytes @ 0x0
   179                           


Data Sizes:
    Strings     0
    Constant    0
    Data        0
    BSS         0
    Persistent  0
    Stack       0

Auto Spaces:
    Space          Size  Autos    Used
    COMMON           14      0       0
    BANK0            80      0       0
    BANK1            80      0       0
    BANK3            96      0       0
    BANK2            96      0       0

Pointer List with Targets:

    None.

Critical Paths under _main in COMMON

    None.

Critical Paths under _main in BANK0

    None.

Critical Paths under _main in BANK1

    None.

Critical Paths under _main in BANK3

    None.

Critical Paths under _main in BANK2

    None.

Call Graph Tables:

 ---------------------------------------------------------------------------------
 (Depth) Function   	        Calls       Base Space   Used Autos Params    Refs
 ---------------------------------------------------------------------------------
 (0) _main                                                 0     0      0       0
 ---------------------------------------------------------------------------------
 Estimated maximum stack depth 0
 ---------------------------------------------------------------------------------

 Call Graph Graphs:

 _main (ROOT)

 Address spaces:
Name               Size   Autos  Total    Cost      Usage
BITCOMMON            E      0       0       0        0.0%
EEDATA             100      0       0       0        0.0%
NULL                 0      0       0       0        0.0%
CODE                 0      0       0       0        0.0%
COMMON               E      0       0       1        0.0%
BITSFR0              0      0       0       1        0.0%
SFR0                 0      0       0       1        0.0%
BITSFR1              0      0       0       2        0.0%
SFR1                 0      0       0       2        0.0%
STACK                0      0       0       2        0.0%
ABS                  0      0       0       3        0.0%
BITBANK0            50      0       0       4        0.0%
BITSFR3              0      0       0       4        0.0%
SFR3                 0      0       0       4        0.0%
BANK0               50      0       0       5        0.0%
BITSFR2              0      0       0       5        0.0%
SFR2                 0      0       0       5        0.0%
BITBANK1            50      0       0       6        0.0%
BANK1               50      0       0       7        0.0%
BITBANK3            60      0       0       8        0.0%
BANK3               60      0       0       9        0.0%
BITBANK2            60      0       0      10        0.0%
BANK2               60      0       0      11        0.0%
DATA                 0      0       0      12        0.0%


Microchip Technology PIC Macro Assembler V1.33 build 59893 
Symbol Table                                                                                   Thu Dec 31 06:37:22 2020

            __CFG_CP$OFF 0000                       l13 07F8                      l479 07F6  
                    _RB0 0030             __CFG_CPD$OFF 0000             __CFG_FOSC$XT 0000  
           __CFG_LVP$OFF 0000             __CFG_WRT$OFF 0000                     _main 07EF  
                   btemp 007E                     ltemp 007E                     start 0000  
                   ttemp 007E                     wtemp 007E                    ?_main 0000  
          __CFG_WDTE$OFF 0000                    _PORTC 0007                    _TRISC 0087  
         __CFG_BOREN$OFF 0000                    ltemp0 007E                    ltemp1 0082  
                  ltemp2 0086                    ltemp3 0080                    ttemp0 007E  
                  ttemp1 0081                    ttemp2 0084                    ttemp3 0087  
                  ttemp4 007F                    status 0003                    wtemp0 007E  
                  wtemp1 0080                    wtemp2 0082                    wtemp3 0084  
                  wtemp4 0086                    wtemp5 0088                    wtemp6 007F  
        __initialization 07FC             __end_of_main 07FC                   ??_main 0000  
                 _TRISB0 0430           __CFG_PWRTE$OFF 0000  __end_of__initialization 07FC  
         __pcstackCOMMON 0000               __pmaintext 07EF     end_of_initialization 07FC  
    start_initialization 07FC                ___latbits 0002            __size_of_main 000D  
