

Microchip Technology PIC LITE Macro Assembler V1.33 build 59893 
                                                                                               Mon Jan 11 06:33:59 2021

Microchip Technology Omniscient Code Generator (Lite mode) build 59893
     1                           	processor	16F876A
     2                           	opt	pw 120
     3                           	opt	lm
     4                           	psect	maintext,global,class=CODE,split=1,delta=2
     5                           	psect	cinit,global,class=CODE,merge=1,delta=2
     6                           	psect	cstackCOMMON,global,class=COMMON,space=1,delta=1
     7                           	dabs	1,0x7E,2
     8  0000                     	;# 
     9  0001                     	;# 
    10  0002                     	;# 
    11  0003                     	;# 
    12  0004                     	;# 
    13  0005                     	;# 
    14  0006                     	;# 
    15  0007                     	;# 
    16  000A                     	;# 
    17  000B                     	;# 
    18  000C                     	;# 
    19  000D                     	;# 
    20  000E                     	;# 
    21  000E                     	;# 
    22  000F                     	;# 
    23  0010                     	;# 
    24  0011                     	;# 
    25  0012                     	;# 
    26  0013                     	;# 
    27  0014                     	;# 
    28  0015                     	;# 
    29  0015                     	;# 
    30  0016                     	;# 
    31  0017                     	;# 
    32  0018                     	;# 
    33  0019                     	;# 
    34  001A                     	;# 
    35  001B                     	;# 
    36  001B                     	;# 
    37  001C                     	;# 
    38  001D                     	;# 
    39  001E                     	;# 
    40  001F                     	;# 
    41  0081                     	;# 
    42  0085                     	;# 
    43  0086                     	;# 
    44  0087                     	;# 
    45  008C                     	;# 
    46  008D                     	;# 
    47  008E                     	;# 
    48  0091                     	;# 
    49  0092                     	;# 
    50  0093                     	;# 
    51  0094                     	;# 
    52  0098                     	;# 
    53  0099                     	;# 
    54  009C                     	;# 
    55  009D                     	;# 
    56  009E                     	;# 
    57  009F                     	;# 
    58  010C                     	;# 
    59  010D                     	;# 
    60  010E                     	;# 
    61  010F                     	;# 
    62  018C                     	;# 
    63  018D                     	;# 
    64  0017                     _CCP1CON	set	23
    65  0015                     _CCPR1L	set	21
    66  001A                     _RCREG	set	26
    67  0018                     _RCSTA	set	24
    68  0012                     _T2CON	set	18
    69  0065                     _RCIF	set	101
    70  0092                     _PR2	set	146
    71  0099                     _SPBRG	set	153
    72  0098                     _TXSTA	set	152
    73  043A                     _TRISC2	set	1082
    74                           
    75                           	psect	maintext
    76  07A2                     __pmaintext:	
    77                           ; #config settings
    78                           
    79                           
    80                           ;psect for function _main
    81  0000                     
    82 ;;
    83 ;;Main: autosize = 0, tempsize = 1, incstack = 0, save=0
    84 ;;
    85 ;; *************** function _main *****************
    86 ;; Defined at:
    87 ;;		line 16 in file "pwm2.c"
    88 ;; Parameters:    Size  Location     Type
    89 ;;		None
    90 ;; Auto vars:     Size  Location     Type
    91 ;;  i               2    2[COMMON] int 
    92 ;;  a               1    1[COMMON] unsigned char 
    93 ;; Return value:  Size  Location     Type
    94 ;;		None               void
    95 ;; Registers used:
    96 ;;		wreg, status,2, status,0, btemp+1
    97 ;; Tracked objects:
    98 ;;		On entry : 17F/0
    99 ;;		On exit  : 0/0
   100 ;;		Unchanged: 0/0
   101 ;; Data sizes:     COMMON   BANK0   BANK1   BANK3   BANK2
   102 ;;      Params:         0       0       0       0       0
   103 ;;      Locals:         3       0       0       0       0
   104 ;;      Temps:          1       0       0       0       0
   105 ;;      Totals:         4       0       0       0       0
   106 ;;Total ram usage:        4 bytes
   107 ;; This function calls:
   108 ;;		Nothing
   109 ;; This function is called by:
   110 ;;		Startup code after reset
   111 ;; This function uses a non-reentrant model
   112 ;;
   113  07A2                     _main:	
   114                           
   115                           ;pwm2.c: 18: TRISC2=0;
   116                           
   117                           ;incstack = 0
   118                           ; Regs used in _main: [wreg+status,2+status,0+btemp+1]
   119  07A2  1683               	bsf	3,5	;RP0=1, select bank1
   120  07A3  1303               	bcf	3,6	;RP1=0, select bank1
   121  07A4  1107               	bcf	7,2	;volatile
   122                           
   123                           ;pwm2.c: 19: T2CON=0x05;
   124  07A5  3005               	movlw	5
   125  07A6  1283               	bcf	3,5	;RP0=0, select bank0
   126  07A7  1303               	bcf	3,6	;RP1=0, select bank0
   127  07A8  0092               	movwf	18	;volatile
   128                           
   129                           ;pwm2.c: 20: CCP1CON=0x0F;
   130  07A9  300F               	movlw	15
   131  07AA  0097               	movwf	23	;volatile
   132                           
   133                           ;pwm2.c: 21: PR2=249;
   134  07AB  30F9               	movlw	249
   135  07AC  1683               	bsf	3,5	;RP0=1, select bank1
   136  07AD  1303               	bcf	3,6	;RP1=0, select bank1
   137  07AE  0092               	movwf	18	;volatile
   138                           
   139                           ;pwm2.c: 22: TXSTA=0x24;
   140  07AF  3024               	movlw	36
   141  07B0  0098               	movwf	24	;volatile
   142                           
   143                           ;pwm2.c: 23: RCSTA=0x90;
   144  07B1  3090               	movlw	144
   145  07B2  1283               	bcf	3,5	;RP0=0, select bank0
   146  07B3  1303               	bcf	3,6	;RP1=0, select bank0
   147  07B4  0098               	movwf	24	;volatile
   148                           
   149                           ;pwm2.c: 24: SPBRG=25;
   150  07B5  3019               	movlw	25
   151  07B6  1683               	bsf	3,5	;RP0=1, select bank1
   152  07B7  1303               	bcf	3,6	;RP1=0, select bank1
   153  07B8  0099               	movwf	25	;volatile
   154                           
   155                           ;pwm2.c: 25: int i=127;
   156  07B9  307F               	movlw	127
   157  07BA  00F2               	movwf	main@i
   158  07BB  3000               	movlw	0
   159  07BC  00F3               	movwf	main@i+1
   160  07BD                     l23:	
   161                           ;pwm2.c: 26: char a;
   162                           ;pwm2.c: 27: while(1)
   163                           
   164                           
   165                           ;pwm2.c: 28: {
   166                           ;pwm2.c: 29: CCPR1L=i;
   167  07BD  0872               	movf	main@i,w
   168  07BE  1283               	bcf	3,5	;RP0=0, select bank0
   169  07BF  1303               	bcf	3,6	;RP1=0, select bank0
   170  07C0  0095               	movwf	21	;volatile
   171  07C1                     l24:	
   172                           ;pwm2.c: 30: while(RCIF==0);
   173                           
   174  07C1  1E8C               	btfss	12,5	;volatile
   175  07C2  2FC1               	goto	l24
   176                           
   177                           ;pwm2.c: 31: a=RCREG;
   178  07C3  081A               	movf	26,w	;volatile
   179  07C4  00F0               	movwf	??_main
   180  07C5  0870               	movf	??_main,w
   181  07C6  00F1               	movwf	main@a
   182                           
   183                           ;pwm2.c: 32: if(a=='+')
   184  07C7  0871               	movf	main@a,w
   185  07C8  3A2B               	xorlw	43
   186  07C9  1D03               	skipz
   187  07CA  2FE2               	goto	l27
   188                           
   189                           ;pwm2.c: 33: {
   190                           ;pwm2.c: 36: i=i+20;
   191  07CB  0872               	movf	main@i,w
   192  07CC  3E14               	addlw	20
   193  07CD  00F2               	movwf	main@i
   194  07CE  0873               	movf	main@i+1,w
   195  07CF  1803               	skipnc
   196  07D0  3E01               	addlw	1
   197  07D1  3E00               	addlw	0
   198  07D2  00F3               	movwf	main@i+1
   199                           
   200                           ;pwm2.c: 37: if(i>=255)
   201  07D3  0873               	movf	main@i+1,w
   202  07D4  3A80               	xorlw	128
   203  07D5  00FF               	movwf	127
   204  07D6  3080               	movlw	128
   205  07D7  027F               	subwf	127,w
   206  07D8  1D03               	skipz
   207  07D9  2FDC               	goto	u35
   208  07DA  30FF               	movlw	255
   209  07DB  0272               	subwf	main@i,w
   210  07DC                     u35:	
   211  07DC  1C03               	skipc
   212  07DD  2FE2               	goto	l27
   213                           
   214                           ;pwm2.c: 38: {
   215                           ;pwm2.c: 39: i=255;
   216  07DE  30FF               	movlw	255
   217  07DF  00F2               	movwf	main@i
   218  07E0  3000               	movlw	0
   219  07E1  00F3               	movwf	main@i+1
   220  07E2                     l27:	
   221                           
   222                           ;pwm2.c: 40: }
   223                           ;pwm2.c: 43: }
   224                           ;pwm2.c: 45: if(a=='-')
   225  07E2  0871               	movf	main@a,w
   226  07E3  3A2D               	xorlw	45
   227  07E4  1D03               	skipz
   228  07E5  2FBD               	goto	l23
   229                           
   230                           ;pwm2.c: 46: {
   231                           ;pwm2.c: 49: i=i-20;
   232  07E6  0872               	movf	main@i,w
   233  07E7  3EEC               	addlw	236
   234  07E8  00F2               	movwf	main@i
   235  07E9  0873               	movf	main@i+1,w
   236  07EA  1803               	skipnc
   237  07EB  3E01               	addlw	1
   238  07EC  3EFF               	addlw	255
   239  07ED  00F3               	movwf	main@i+1
   240                           
   241                           ;pwm2.c: 50: if(i<=0)
   242  07EE  0873               	movf	main@i+1,w
   243  07EF  3A80               	xorlw	128
   244  07F0  00FF               	movwf	127
   245  07F1  3080               	movlw	128
   246  07F2  027F               	subwf	127,w
   247  07F3  1D03               	skipz
   248  07F4  2FF7               	goto	u55
   249  07F5  3001               	movlw	1
   250  07F6  0272               	subwf	main@i,w
   251  07F7                     u55:	
   252  07F7  1803               	skipnc
   253  07F8  2FBD               	goto	l23
   254                           
   255                           ;pwm2.c: 51: {
   256                           ;pwm2.c: 52: i=0;
   257  07F9  01F2               	clrf	main@i
   258  07FA  01F3               	clrf	main@i+1
   259  07FB  2FBD               	goto	l23
   260  07FC                     __end_of_main:	
   261  007E                     btemp	set	126	;btemp
   262  007E                     wtemp	set	126
   263  007E                     wtemp0	set	126
   264  0080                     wtemp1	set	128
   265  0082                     wtemp2	set	130
   266  0084                     wtemp3	set	132
   267  0086                     wtemp4	set	134
   268  0088                     wtemp5	set	136
   269  007F                     wtemp6	set	127
   270  007E                     ttemp	set	126
   271  007E                     ttemp0	set	126
   272  0081                     ttemp1	set	129
   273  0084                     ttemp2	set	132
   274  0087                     ttemp3	set	135
   275  007F                     ttemp4	set	127
   276  007E                     ltemp	set	126
   277  007E                     ltemp0	set	126
   278  0082                     ltemp1	set	130
   279  0086                     ltemp2	set	134
   280  0080                     ltemp3	set	128
   281                           
   282                           	psect	cinit
   283  07FC                     start_initialization:	
   284  07FC                     __initialization:	
   285  07FC                     end_of_initialization:	
   286                           ;End of C runtime variable initialization code
   287                           
   288  07FC                     __end_of__initialization:	
   289  07FC  0183               	clrf	3
   290  07FD  120A  118A  2FA2   	ljmp	_main	;jump to C main() function
   291                           
   292                           	psect	cstackCOMMON
   293  0070                     __pcstackCOMMON:	
   294  0070                     ?_main:	
   295  0070                     ??_main:	
   296                           ; 0 bytes @ 0x0
   297                           
   298                           
   299                           ; 0 bytes @ 0x0
   300  0070                     	ds	1
   301  0071                     main@a:	
   302                           
   303                           ; 1 bytes @ 0x1
   304  0071                     	ds	1
   305  0072                     main@i:	
   306                           
   307                           ; 2 bytes @ 0x2
   308  0072                     	ds	2


Data Sizes:
    Strings     0
    Constant    0
    Data        0
    BSS         0
    Persistent  0
    Stack       0

Auto Spaces:
    Space          Size  Autos    Used
    COMMON           14      4       4
    BANK0            80      0       0
    BANK1            80      0       0
    BANK3            96      0       0
    BANK2            96      0       0

Pointer List with Targets:

    None.

Critical Paths under _main in COMMON

    None.

Critical Paths under _main in BANK0

    None.

Critical Paths under _main in BANK1

    None.

Critical Paths under _main in BANK3

    None.

Critical Paths under _main in BANK2

    None.

Call Graph Tables:

 ---------------------------------------------------------------------------------
 (Depth) Function   	        Calls       Base Space   Used Autos Params    Refs
 ---------------------------------------------------------------------------------
 (0) _main                                                 4     4      0     105
                                              0 COMMON     4     4      0
 ---------------------------------------------------------------------------------
 Estimated maximum stack depth 0
 ---------------------------------------------------------------------------------

 Call Graph Graphs:

 _main (ROOT)

 Address spaces:
Name               Size   Autos  Total    Cost      Usage
BITCOMMON            E      0       0       0        0.0%
EEDATA             100      0       0       0        0.0%
NULL                 0      0       0       0        0.0%
CODE                 0      0       0       0        0.0%
COMMON               E      4       4       1       28.6%
BITSFR0              0      0       0       1        0.0%
SFR0                 0      0       0       1        0.0%
BITSFR1              0      0       0       2        0.0%
SFR1                 0      0       0       2        0.0%
STACK                0      0       0       2        0.0%
ABS                  0      0       0       3        0.0%
BITBANK0            50      0       0       4        0.0%
BITSFR3              0      0       0       4        0.0%
SFR3                 0      0       0       4        0.0%
BANK0               50      0       0       5        0.0%
BITSFR2              0      0       0       5        0.0%
SFR2                 0      0       0       5        0.0%
BITBANK1            50      0       0       6        0.0%
BANK1               50      0       0       7        0.0%
BITBANK3            60      0       0       8        0.0%
BANK3               60      0       0       9        0.0%
BITBANK2            60      0       0      10        0.0%
BANK2               60      0       0      11        0.0%
DATA                 0      0       0      12        0.0%


Microchip Technology PIC Macro Assembler V1.33 build 59893 
Symbol Table                                                                                   Mon Jan 11 06:33:59 2021

            __CFG_CP$OFF 0000                       l23 07BD                       l24 07C1  
                     l27 07E2                       u35 07DC                       u55 07F7  
                    _PR2 0092             __CFG_CPD$OFF 0000             __CFG_FOSC$XT 0000  
           __CFG_LVP$OFF 0000                     _RCIF 0065             __CFG_WRT$OFF 0000  
                   _main 07A2                     btemp 007E                     ltemp 007E  
                   start 0000                     ttemp 007E                     wtemp 007E  
                  ?_main 0070            __CFG_WDTE$OFF 0000                    _T2CON 0012  
                  _RCREG 001A                    _RCSTA 0018                    _SPBRG 0099  
                  _TXSTA 0098                    main@a 0071                    main@i 0072  
         __CFG_BOREN$OFF 0000                    ltemp0 007E                    ltemp1 0082  
                  ltemp2 0086                    ltemp3 0080                    ttemp0 007E  
                  ttemp1 0081                    ttemp2 0084                    ttemp3 0087  
                  ttemp4 007F                    status 0003                    wtemp0 007E  
                  wtemp1 0080                    wtemp2 0082                    wtemp3 0084  
                  wtemp4 0086                    wtemp5 0088                    wtemp6 007F  
        __initialization 07FC             __end_of_main 07FC                   ??_main 0070  
                 _CCPR1L 0015                   _TRISC2 043A           __CFG_PWRTE$OFF 0000  
__end_of__initialization 07FC           __pcstackCOMMON 0070               __pmaintext 07A2  
                _CCP1CON 0017     end_of_initialization 07FC      start_initialization 07FC  
              ___latbits 0002            __size_of_main 005A  
