

Microchip Technology PIC LITE Macro Assembler V1.33 build 59893 
                                                                                               Tue Jan  5 04:33:51 2021

Microchip Technology Omniscient Code Generator (Lite mode) build 59893
     1                           	processor	16F876A
     2                           	opt	pw 120
     3                           	opt	lm
     4                           	psect	idataBANK0,global,class=CODE,delta=2
     5                           	psect	cinit,global,class=CODE,merge=1,delta=2
     6                           	psect	dataBANK0,global,class=BANK0,space=1,delta=1
     7                           	psect	inittext,global,class=CODE,delta=2
     8                           	psect	cstackCOMMON,global,class=COMMON,space=1,delta=1
     9                           	psect	cstackBANK0,global,class=BANK0,space=1,delta=1
    10                           	psect	maintext,global,class=CODE,split=1,delta=2
    11                           	dabs	1,0x7E,2
    12  0000                     	;# 
    13  0001                     	;# 
    14  0002                     	;# 
    15  0003                     	;# 
    16  0004                     	;# 
    17  0005                     	;# 
    18  0006                     	;# 
    19  0007                     	;# 
    20  000A                     	;# 
    21  000B                     	;# 
    22  000C                     	;# 
    23  000D                     	;# 
    24  000E                     	;# 
    25  000E                     	;# 
    26  000F                     	;# 
    27  0010                     	;# 
    28  0011                     	;# 
    29  0012                     	;# 
    30  0013                     	;# 
    31  0014                     	;# 
    32  0015                     	;# 
    33  0015                     	;# 
    34  0016                     	;# 
    35  0017                     	;# 
    36  0018                     	;# 
    37  0019                     	;# 
    38  001A                     	;# 
    39  001B                     	;# 
    40  001B                     	;# 
    41  001C                     	;# 
    42  001D                     	;# 
    43  001E                     	;# 
    44  001F                     	;# 
    45  0081                     	;# 
    46  0085                     	;# 
    47  0086                     	;# 
    48  0087                     	;# 
    49  008C                     	;# 
    50  008D                     	;# 
    51  008E                     	;# 
    52  0091                     	;# 
    53  0092                     	;# 
    54  0093                     	;# 
    55  0094                     	;# 
    56  0098                     	;# 
    57  0099                     	;# 
    58  009C                     	;# 
    59  009D                     	;# 
    60  009E                     	;# 
    61  009F                     	;# 
    62  010C                     	;# 
    63  010D                     	;# 
    64  010E                     	;# 
    65  010F                     	;# 
    66  018C                     	;# 
    67  018D                     	;# 
    68                           
    69                           	psect	idataBANK0
    70  078C                     __pidataBANK0:	
    71                           
    72                           ;initializer for main@F984
    73  078C  3461               	retlw	97
    74  078D  3462               	retlw	98
    75  078E  3463               	retlw	99
    76  078F  3464               	retlw	100
    77  0790  3465               	retlw	101
    78  0791  3466               	retlw	102
    79  0792  3467               	retlw	103
    80  0793  340A               	retlw	10
    81  0794  3400               	retlw	0
    82  0795  3400               	retlw	0
    83  0018                     _RCSTA	set	24
    84  0019                     _TXREG	set	25
    85  0099                     _SPBRG	set	153
    86  0098                     _TXSTA	set	152
    87  04C1                     _TRMT	set	1217
    88                           
    89                           ; #config settings
    90  0000                     
    91                           	psect	cinit
    92  07F1                     start_initialization:	
    93  07F1                     __initialization:	
    94                           
    95                           ; Initialize objects allocated to BANK0
    96  07F1  3036               	movlw	low (__pdataBANK0+10)
    97  07F2  00FD               	movwf	btemp+-1
    98  07F3  3007               	movlw	high __pidataBANK0
    99  07F4  00FE               	movwf	btemp
   100  07F5  308C               	movlw	low __pidataBANK0
   101  07F6  00FF               	movwf	btemp+1
   102  07F7  302C               	movlw	low __pdataBANK0
   103  07F8  0084               	movwf	4
   104  07F9  120A  118A  279A   	fcall	init_ram0
   105  07FC                     end_of_initialization:	
   106                           ;End of C runtime variable initialization code
   107                           
   108  07FC                     __end_of__initialization:	
   109  07FC  0183               	clrf	3
   110  07FD  120A  118A  2FA7   	ljmp	_main	;jump to C main() function
   111                           
   112                           	psect	dataBANK0
   113  002C                     __pdataBANK0:	
   114  002C                     main@F984:	
   115  002C                     	ds	10
   116                           
   117                           	psect	inittext
   118  0796                     init_fetch0:	
   119                           ;	Called with low address in FSR and high address in W
   120                           
   121  0796  087E               	movf	126,w
   122  0797  008A               	movwf	10
   123  0798  087F               	movf	127,w
   124  0799  0082               	movwf	2
   125  079A                     init_ram0:	
   126                           ;Called with:
   127                           ;	high address of idata address in btemp 
   128                           ;	low address of idata address in btemp+1 
   129                           ;	low address of data in FSR
   130                           ;	high address + 1 of data in btemp-1
   131                           
   132  079A  2796  120A  118A   	fcall	init_fetch0
   133  079D  0080               	movwf	0
   134  079E  0A84               	incf	4,f
   135  079F  0804               	movf	4,w
   136  07A0  067D               	xorwf	125,w
   137  07A1  1903               	btfsc	3,2
   138  07A2  3400               	retlw	0
   139  07A3  0AFF               	incf	127,f
   140  07A4  1903               	btfsc	3,2
   141  07A5  0AFE               	incf	126,f
   142  07A6  2F9A               	goto	init_ram0
   143                           
   144                           	psect	cstackCOMMON
   145  0070                     __pcstackCOMMON:	
   146  0070                     ?_main:	
   147  0070                     ??_main:	
   148                           ; 0 bytes @ 0x0
   149                           
   150                           
   151                           ; 0 bytes @ 0x0
   152  0070                     	ds	4
   153                           
   154                           	psect	cstackBANK0
   155  0020                     __pcstackBANK0:	
   156  0020                     main@a:	
   157                           
   158                           ; 10 bytes @ 0x0
   159  0020                     	ds	10
   160  002A                     main@i:	
   161                           
   162                           ; 2 bytes @ 0xA
   163  002A                     	ds	2
   164                           
   165                           	psect	maintext
   166  07A7                     __pmaintext:	
   167 ;;
   168 ;;Main: autosize = 0, tempsize = 4, incstack = 0, save=0
   169 ;;
   170 ;; *************** function _main *****************
   171 ;; Defined at:
   172 ;;		line 15 in file "usar1.c"
   173 ;; Parameters:    Size  Location     Type
   174 ;;		None
   175 ;; Auto vars:     Size  Location     Type
   176 ;;  a              10    0[BANK0 ] unsigned char [10]
   177 ;;  i               2   10[BANK0 ] int 
   178 ;; Return value:  Size  Location     Type
   179 ;;		None               void
   180 ;; Registers used:
   181 ;;		wreg, fsr0l, fsr0h, status,2, status,0
   182 ;; Tracked objects:
   183 ;;		On entry : 17F/0
   184 ;;		On exit  : 0/0
   185 ;;		Unchanged: 0/0
   186 ;; Data sizes:     COMMON   BANK0   BANK1   BANK3   BANK2
   187 ;;      Params:         0       0       0       0       0
   188 ;;      Locals:         0      12       0       0       0
   189 ;;      Temps:          4       0       0       0       0
   190 ;;      Totals:         4      12       0       0       0
   191 ;;Total ram usage:       16 bytes
   192 ;; This function calls:
   193 ;;		Nothing
   194 ;; This function is called by:
   195 ;;		Startup code after reset
   196 ;; This function uses a non-reentrant model
   197 ;;
   198                           
   199                           
   200                           ;psect for function _main
   201  07A7                     _main:	
   202                           
   203                           ;usar1.c: 17: TXSTA=0x24;
   204                           
   205                           ;incstack = 0
   206                           ; Regs used in _main: [wreg-fsr0h+status,2+status,0]
   207  07A7  3024               	movlw	36
   208  07A8  1683               	bsf	3,5	;RP0=1, select bank1
   209  07A9  1303               	bcf	3,6	;RP1=0, select bank1
   210  07AA  0098               	movwf	24	;volatile
   211                           
   212                           ;usar1.c: 18: RCSTA=0x90;
   213  07AB  3090               	movlw	144
   214  07AC  1283               	bcf	3,5	;RP0=0, select bank0
   215  07AD  1303               	bcf	3,6	;RP1=0, select bank0
   216  07AE  0098               	movwf	24	;volatile
   217                           
   218                           ;usar1.c: 19: SPBRG=25;
   219  07AF  3019               	movlw	25
   220  07B0  1683               	bsf	3,5	;RP0=1, select bank1
   221  07B1  1303               	bcf	3,6	;RP1=0, select bank1
   222  07B2  0099               	movwf	25	;volatile
   223                           
   224                           ;usar1.c: 20: int i;
   225                           ;usar1.c: 22: char a[10]="abcdefg\n";
   226  07B3  3020               	movlw	main@a& (0+255)
   227  07B4  0084               	movwf	4
   228  07B5  302C               	movlw	low main@F984
   229  07B6  00F0               	movwf	??_main
   230  07B7  0804               	movf	4,w
   231  07B8  00F1               	movwf	??_main+1
   232  07B9  300A               	movlw	10
   233  07BA  00F2               	movwf	??_main+2
   234  07BB                     u40:	
   235  07BB  0870               	movf	??_main,w
   236  07BC  0084               	movwf	4
   237  07BD  1383               	bcf	3,7	;select IRP bank0
   238  07BE  0800               	movf	0,w
   239  07BF  00F3               	movwf	??_main+3
   240  07C0  0AF0               	incf	??_main,f
   241  07C1  0871               	movf	??_main+1,w
   242  07C2  0084               	movwf	4
   243  07C3  0873               	movf	??_main+3,w
   244  07C4  0080               	movwf	0
   245  07C5  0AF1               	incf	??_main+1,f
   246  07C6  0BF2               	decfsz	??_main+2,f
   247  07C7  2FBB               	goto	u40
   248  07C8                     l499:	
   249                           ;usar1.c: 23: while(1)
   250                           
   251                           
   252                           ;usar1.c: 24: {
   253                           ;usar1.c: 28: for(i=0;a[i]!='\n';i++)
   254  07C8  1283               	bcf	3,5	;RP0=0, select bank0
   255  07C9  01AA               	clrf	main@i
   256  07CA  01AB               	clrf	main@i+1
   257  07CB                     l505:	
   258  07CB  082A               	movf	main@i,w
   259  07CC  3E20               	addlw	main@a& (0+255)
   260  07CD  0084               	movwf	4
   261  07CE  1383               	bcf	3,7	;select IRP bank0
   262  07CF  0800               	movf	0,w
   263  07D0  3A0A               	xorlw	10
   264  07D1  1903               	btfsc	3,2
   265  07D2  2FC8               	goto	l499
   266                           
   267                           ;usar1.c: 29: {
   268                           ;usar1.c: 30: TXREG=a[i];
   269  07D3  082A               	movf	main@i,w
   270  07D4  3E20               	addlw	main@a& (0+255)
   271  07D5  0084               	movwf	4
   272  07D6  0800               	movf	0,w
   273  07D7  0099               	movwf	25	;volatile
   274  07D8                     l20:	
   275                           ;usar1.c: 31: while(TRMT==0);
   276                           
   277  07D8  1683               	bsf	3,5	;RP0=1, select bank1
   278  07D9  1303               	bcf	3,6	;RP1=0, select bank1
   279  07DA  1C98               	btfss	24,1	;volatile
   280  07DB  2FD8               	goto	l20
   281                           
   282                           ;usar1.c: 32: _delay((unsigned long)((300)*(4000000/4000.0)));
   283  07DC  3002               	movlw	2
   284  07DD  00F2               	movwf	??_main+2
   285  07DE  3086               	movlw	134
   286  07DF  00F1               	movwf	??_main+1
   287  07E0  3099               	movlw	153
   288  07E1  00F0               	movwf	??_main
   289  07E2                     u77:	
   290  07E2  0BF0               	decfsz	??_main,f
   291  07E3  2FE2               	goto	u77
   292  07E4  0BF1               	decfsz	??_main+1,f
   293  07E5  2FE2               	goto	u77
   294  07E6  0BF2               	decfsz	??_main+2,f
   295  07E7  2FE2               	goto	u77
   296  07E8  3001               	movlw	1
   297  07E9  1283               	bcf	3,5	;RP0=0, select bank0
   298  07EA  1303               	bcf	3,6	;RP1=0, select bank0
   299  07EB  07AA               	addwf	main@i,f
   300  07EC  1803               	skipnc
   301  07ED  0AAB               	incf	main@i+1,f
   302  07EE  3000               	movlw	0
   303  07EF  07AB               	addwf	main@i+1,f
   304  07F0  2FCB               	goto	l505
   305  07F1                     __end_of_main:	
   306  007E                     btemp	set	126	;btemp
   307  007E                     wtemp	set	126
   308  007E                     wtemp0	set	126
   309  0080                     wtemp1	set	128
   310  0082                     wtemp2	set	130
   311  0084                     wtemp3	set	132
   312  0086                     wtemp4	set	134
   313  0088                     wtemp5	set	136
   314  007F                     wtemp6	set	127
   315  007E                     ttemp	set	126
   316  007E                     ttemp0	set	126
   317  0081                     ttemp1	set	129
   318  0084                     ttemp2	set	132
   319  0087                     ttemp3	set	135
   320  007F                     ttemp4	set	127
   321  007E                     ltemp	set	126
   322  007E                     ltemp0	set	126
   323  0082                     ltemp1	set	130
   324  0086                     ltemp2	set	134
   325  0080                     ltemp3	set	128


Data Sizes:
    Strings     0
    Constant    0
    Data        10
    BSS         0
    Persistent  0
    Stack       0

Auto Spaces:
    Space          Size  Autos    Used
    COMMON           14      4       4
    BANK0            80     12      22
    BANK1            80      0       0
    BANK3            96      0       0
    BANK2            96      0       0

Pointer List with Targets:

    None.

Critical Paths under _main in COMMON

    None.

Critical Paths under _main in BANK0

    None.

Critical Paths under _main in BANK1

    None.

Critical Paths under _main in BANK3

    None.

Critical Paths under _main in BANK2

    None.

Call Graph Tables:

 ---------------------------------------------------------------------------------
 (Depth) Function   	        Calls       Base Space   Used Autos Params    Refs
 ---------------------------------------------------------------------------------
 (0) _main                                                16    16      0      93
                                              0 COMMON     4     4      0
                                              0 BANK0     12    12      0
 ---------------------------------------------------------------------------------
 Estimated maximum stack depth 0
 ---------------------------------------------------------------------------------

 Call Graph Graphs:

 _main (ROOT)

 Address spaces:
Name               Size   Autos  Total    Cost      Usage
BANK3               60      0       0       9        0.0%
BITBANK3            60      0       0       8        0.0%
SFR3                 0      0       0       4        0.0%
BITSFR3              0      0       0       4        0.0%
BANK2               60      0       0      11        0.0%
BITBANK2            60      0       0      10        0.0%
SFR2                 0      0       0       5        0.0%
BITSFR2              0      0       0       5        0.0%
BANK1               50      0       0       7        0.0%
BITBANK1            50      0       0       6        0.0%
SFR1                 0      0       0       2        0.0%
BITSFR1              0      0       0       2        0.0%
BANK0               50      C      16       5       27.5%
BITBANK0            50      0       0       4        0.0%
SFR0                 0      0       0       1        0.0%
BITSFR0              0      0       0       1        0.0%
COMMON               E      4       4       1       28.6%
BITCOMMON            E      0       0       0        0.0%
CODE                 0      0       0       0        0.0%
DATA                 0      0      1A      12        0.0%
ABS                  0      0      1A       3        0.0%
NULL                 0      0       0       0        0.0%
STACK                0      0       0       2        0.0%
EEDATA             100      0       0       0        0.0%


Microchip Technology PIC Macro Assembler V1.33 build 59893 
Symbol Table                                                                                   Tue Jan  5 04:33:51 2021

                      pc 0002              __CFG_CP$OFF 0000                       l20 07D8  
                     u40 07BB                       u77 07E2                       fsr 0004  
                    l505 07CB                      l499 07C8             __CFG_CPD$OFF 0000  
                    fsr0 0004                      indf 0000             __CFG_FOSC$XT 0000  
           __CFG_LVP$OFF 0000                     _TRMT 04C1             __CFG_WRT$OFF 0000  
                   _main 07A7                     btemp 007E                     ltemp 007E  
                   start 0000                     ttemp 007E                     wtemp 007E  
                  ?_main 0070            __CFG_WDTE$OFF 0000                    _RCSTA 0018  
                  _SPBRG 0099                    _TXREG 0019                    _TXSTA 0098  
                  main@a 0020                    main@i 002A           __CFG_BOREN$OFF 0000  
                  pclath 000A                    ltemp0 007E                    ltemp1 0082  
                  ltemp2 0086                    ltemp3 0080                    ttemp0 007E  
                  ttemp1 0081                    ttemp2 0084                    ttemp3 0087  
                  ttemp4 007F                    status 0003                    wtemp0 007E  
                  wtemp1 0080                    wtemp2 0082                    wtemp3 0084  
                  wtemp4 0086                    wtemp5 0088                    wtemp6 007F  
        __initialization 07F1             __end_of_main 07F1                   ??_main 0070  
         __CFG_PWRTE$OFF 0000  __end_of__initialization 07FC           __pcstackCOMMON 0070  
           __pidataBANK0 078C               __pmaintext 07A7     end_of_initialization 07FC  
    start_initialization 07F1               init_fetch0 0796              __pdataBANK0 002C  
              ___latbits 0002            __pcstackBANK0 0020            __size_of_main 004A  
               main@F984 002C                 init_ram0 079A  
