

Microchip Technology PIC LITE Macro Assembler V1.33 build 59893 
                                                                                               Sat Jan  2 07:58:07 2021

Microchip Technology Omniscient Code Generator (Lite mode) build 59893
     1                           	processor	16F876A
     2                           	opt	pw 120
     3                           	opt	lm
     4                           	psect	maintext,global,class=CODE,split=1,delta=2
     5                           	psect	cinit,global,class=CODE,merge=1,delta=2
     6                           	psect	cstackCOMMON,global,class=COMMON,space=1,delta=1
     7                           	dabs	1,0x7E,2
     8  0000                     	;# 
     9  0001                     	;# 
    10  0002                     	;# 
    11  0003                     	;# 
    12  0004                     	;# 
    13  0005                     	;# 
    14  0006                     	;# 
    15  0007                     	;# 
    16  000A                     	;# 
    17  000B                     	;# 
    18  000C                     	;# 
    19  000D                     	;# 
    20  000E                     	;# 
    21  000E                     	;# 
    22  000F                     	;# 
    23  0010                     	;# 
    24  0011                     	;# 
    25  0012                     	;# 
    26  0013                     	;# 
    27  0014                     	;# 
    28  0015                     	;# 
    29  0015                     	;# 
    30  0016                     	;# 
    31  0017                     	;# 
    32  0018                     	;# 
    33  0019                     	;# 
    34  001A                     	;# 
    35  001B                     	;# 
    36  001B                     	;# 
    37  001C                     	;# 
    38  001D                     	;# 
    39  001E                     	;# 
    40  001F                     	;# 
    41  0081                     	;# 
    42  0085                     	;# 
    43  0086                     	;# 
    44  0087                     	;# 
    45  008C                     	;# 
    46  008D                     	;# 
    47  008E                     	;# 
    48  0091                     	;# 
    49  0092                     	;# 
    50  0093                     	;# 
    51  0094                     	;# 
    52  0098                     	;# 
    53  0099                     	;# 
    54  009C                     	;# 
    55  009D                     	;# 
    56  009E                     	;# 
    57  009F                     	;# 
    58  010C                     	;# 
    59  010D                     	;# 
    60  010E                     	;# 
    61  010F                     	;# 
    62  018C                     	;# 
    63  018D                     	;# 
    64  001A                     _RCREG	set	26
    65  0018                     _RCSTA	set	24
    66  0019                     _TXREG	set	25
    67  0065                     _RCIF	set	101
    68  0099                     _SPBRG	set	153
    69  0098                     _TXSTA	set	152
    70  04C1                     _TRMT	set	1217
    71                           
    72                           	psect	maintext
    73  07B9                     __pmaintext:	
    74                           ; #config settings
    75                           
    76                           
    77                           ;psect for function _main
    78  0000                     
    79 ;;
    80 ;;Main: autosize = 0, tempsize = 1, incstack = 0, save=0
    81 ;;
    82 ;; *************** function _main *****************
    83 ;; Defined at:
    84 ;;		line 16 in file "usar2.c"
    85 ;; Parameters:    Size  Location     Type
    86 ;;		None
    87 ;; Auto vars:     Size  Location     Type
    88 ;;  a              10    1[COMMON] unsigned char [10]
    89 ;;  i               2   11[COMMON] int 
    90 ;; Return value:  Size  Location     Type
    91 ;;		None               void
    92 ;; Registers used:
    93 ;;		wreg, fsr0l, fsr0h, status,2, status,0
    94 ;; Tracked objects:
    95 ;;		On entry : 17F/0
    96 ;;		On exit  : 0/0
    97 ;;		Unchanged: 0/0
    98 ;; Data sizes:     COMMON   BANK0   BANK1   BANK3   BANK2
    99 ;;      Params:         0       0       0       0       0
   100 ;;      Locals:        12       0       0       0       0
   101 ;;      Temps:          1       0       0       0       0
   102 ;;      Totals:        13       0       0       0       0
   103 ;;Total ram usage:       13 bytes
   104 ;; This function calls:
   105 ;;		Nothing
   106 ;; This function is called by:
   107 ;;		Startup code after reset
   108 ;; This function uses a non-reentrant model
   109 ;;
   110  07B9                     _main:	
   111                           
   112                           ;usar2.c: 18: TXSTA=0x24;
   113                           
   114                           ;incstack = 0
   115                           ; Regs used in _main: [wreg-fsr0h+status,2+status,0]
   116  07B9  3024               	movlw	36
   117  07BA  1683               	bsf	3,5	;RP0=1, select bank1
   118  07BB  1303               	bcf	3,6	;RP1=0, select bank1
   119  07BC  0098               	movwf	24	;volatile
   120                           
   121                           ;usar2.c: 19: RCSTA=0x90;
   122  07BD  3090               	movlw	144
   123  07BE  1283               	bcf	3,5	;RP0=0, select bank0
   124  07BF  1303               	bcf	3,6	;RP1=0, select bank0
   125  07C0  0098               	movwf	24	;volatile
   126                           
   127                           ;usar2.c: 20: SPBRG=25;
   128  07C1  3019               	movlw	25
   129  07C2  1683               	bsf	3,5	;RP0=1, select bank1
   130  07C3  1303               	bcf	3,6	;RP1=0, select bank1
   131  07C4  0099               	movwf	25	;volatile
   132  07C5                     l491:	
   133                           ;usar2.c: 21: char a[10];
   134                           ;usar2.c: 22: int i;
   135                           ;usar2.c: 23: while(1)
   136                           
   137                           
   138                           ;usar2.c: 24: {
   139                           ;usar2.c: 25: for(i=0;;i++)
   140  07C5  01FB               	clrf	main@i
   141  07C6  01FC               	clrf	main@i+1
   142                           
   143                           ;usar2.c: 32: break;
   144  07C7  2FCE               	goto	l19
   145  07C8                     l497:	
   146  07C8  3001               	movlw	1
   147  07C9  07FB               	addwf	main@i,f
   148  07CA  1803               	skipnc
   149  07CB  0AFC               	incf	main@i+1,f
   150  07CC  3000               	movlw	0
   151  07CD  07FC               	addwf	main@i+1,f
   152  07CE                     l19:	
   153                           ;usar2.c: 26: {
   154                           ;usar2.c: 27: while(RCIF==0);
   155                           
   156  07CE  1283               	bcf	3,5	;RP0=0, select bank0
   157  07CF  1E8C               	btfss	12,5	;volatile
   158  07D0  2FCE               	goto	l19
   159                           
   160                           ;usar2.c: 28: a[i]=RCREG;
   161  07D1  081A               	movf	26,w	;volatile
   162  07D2  00F0               	movwf	??_main
   163  07D3  087B               	movf	main@i,w
   164  07D4  3E71               	addlw	main@a& (0+255)
   165  07D5  0084               	movwf	4
   166  07D6  0870               	movf	??_main,w
   167  07D7  0080               	movwf	0
   168                           
   169                           ;usar2.c: 29: if(a[i]=='\r')
   170  07D8  087B               	movf	main@i,w
   171  07D9  3E71               	addlw	main@a& (0+255)
   172  07DA  0084               	movwf	4
   173  07DB  0800               	movf	0,w
   174  07DC  3A0D               	xorlw	13
   175  07DD  1D03               	skipz
   176  07DE  2FC8               	goto	l497
   177                           
   178                           ;usar2.c: 30: {
   179                           ;usar2.c: 31: a[i]='\0';
   180  07DF  087B               	movf	main@i,w
   181  07E0  3E71               	addlw	main@a& (0+255)
   182  07E1  0084               	movwf	4
   183  07E2  0180               	clrf	0
   184                           
   185                           ;usar2.c: 33: }
   186                           ;usar2.c: 34: }
   187                           ;usar2.c: 36: for(i=0;a[i]!='\0';i++)
   188  07E3  01FB               	clrf	main@i
   189  07E4  01FC               	clrf	main@i+1
   190  07E5                     l505:	
   191  07E5  087B               	movf	main@i,w
   192  07E6  3E71               	addlw	main@a& (0+255)
   193  07E7  0084               	movwf	4
   194  07E8  0880               	movf	0,f
   195  07E9  1903               	btfsc	3,2
   196  07EA  2FC5               	goto	l491
   197                           
   198                           ;usar2.c: 37: {
   199                           ;usar2.c: 38: TXREG=a[i];
   200  07EB  087B               	movf	main@i,w
   201  07EC  3E71               	addlw	main@a& (0+255)
   202  07ED  0084               	movwf	4
   203  07EE  0800               	movf	0,w
   204  07EF  1283               	bcf	3,5	;RP0=0, select bank0
   205  07F0  0099               	movwf	25	;volatile
   206  07F1                     l26:	
   207                           ;usar2.c: 39: while(TRMT==0);
   208                           
   209  07F1  1683               	bsf	3,5	;RP0=1, select bank1
   210  07F2  1303               	bcf	3,6	;RP1=0, select bank1
   211  07F3  1C98               	btfss	24,1	;volatile
   212  07F4  2FF1               	goto	l26
   213  07F5  3001               	movlw	1
   214  07F6  07FB               	addwf	main@i,f
   215  07F7  1803               	skipnc
   216  07F8  0AFC               	incf	main@i+1,f
   217  07F9  3000               	movlw	0
   218  07FA  07FC               	addwf	main@i+1,f
   219  07FB  2FE5               	goto	l505
   220  07FC                     __end_of_main:	
   221  007E                     btemp	set	126	;btemp
   222  007E                     wtemp	set	126
   223  007E                     wtemp0	set	126
   224  0080                     wtemp1	set	128
   225  0082                     wtemp2	set	130
   226  0084                     wtemp3	set	132
   227  0086                     wtemp4	set	134
   228  0088                     wtemp5	set	136
   229  007F                     wtemp6	set	127
   230  007E                     ttemp	set	126
   231  007E                     ttemp0	set	126
   232  0081                     ttemp1	set	129
   233  0084                     ttemp2	set	132
   234  0087                     ttemp3	set	135
   235  007F                     ttemp4	set	127
   236  007E                     ltemp	set	126
   237  007E                     ltemp0	set	126
   238  0082                     ltemp1	set	130
   239  0086                     ltemp2	set	134
   240  0080                     ltemp3	set	128
   241                           
   242                           	psect	cinit
   243  07FC                     start_initialization:	
   244  07FC                     __initialization:	
   245  07FC                     end_of_initialization:	
   246                           ;End of C runtime variable initialization code
   247                           
   248  07FC                     __end_of__initialization:	
   249  07FC  0183               	clrf	3
   250  07FD  120A  118A  2FB9   	ljmp	_main	;jump to C main() function
   251                           
   252                           	psect	cstackCOMMON
   253  0070                     __pcstackCOMMON:	
   254  0070                     ?_main:	
   255  0070                     ??_main:	
   256                           ; 0 bytes @ 0x0
   257                           
   258                           
   259                           ; 0 bytes @ 0x0
   260  0070                     	ds	1
   261  0071                     main@a:	
   262                           
   263                           ; 10 bytes @ 0x1
   264  0071                     	ds	10
   265  007B                     main@i:	
   266                           
   267                           ; 2 bytes @ 0xB
   268  007B                     	ds	2


Data Sizes:
    Strings     0
    Constant    0
    Data        0
    BSS         0
    Persistent  0
    Stack       0

Auto Spaces:
    Space          Size  Autos    Used
    COMMON           14     13      13
    BANK0            80      0       0
    BANK1            80      0       0
    BANK3            96      0       0
    BANK2            96      0       0

Pointer List with Targets:

    None.

Critical Paths under _main in COMMON

    None.

Critical Paths under _main in BANK0

    None.

Critical Paths under _main in BANK1

    None.

Critical Paths under _main in BANK3

    None.

Critical Paths under _main in BANK2

    None.

Call Graph Tables:

 ---------------------------------------------------------------------------------
 (Depth) Function   	        Calls       Base Space   Used Autos Params    Refs
 ---------------------------------------------------------------------------------
 (0) _main                                                13    13      0     150
                                              0 COMMON    13    13      0
 ---------------------------------------------------------------------------------
 Estimated maximum stack depth 0
 ---------------------------------------------------------------------------------

 Call Graph Graphs:

 _main (ROOT)

 Address spaces:
Name               Size   Autos  Total    Cost      Usage
BITCOMMON            E      0       0       0        0.0%
EEDATA             100      0       0       0        0.0%
NULL                 0      0       0       0        0.0%
CODE                 0      0       0       0        0.0%
COMMON               E      D       D       1       92.9%
BITSFR0              0      0       0       1        0.0%
SFR0                 0      0       0       1        0.0%
BITSFR1              0      0       0       2        0.0%
SFR1                 0      0       0       2        0.0%
STACK                0      0       0       2        0.0%
ABS                  0      0       0       3        0.0%
BITBANK0            50      0       0       4        0.0%
BITSFR3              0      0       0       4        0.0%
SFR3                 0      0       0       4        0.0%
BANK0               50      0       0       5        0.0%
BITSFR2              0      0       0       5        0.0%
SFR2                 0      0       0       5        0.0%
BITBANK1            50      0       0       6        0.0%
BANK1               50      0       0       7        0.0%
BITBANK3            60      0       0       8        0.0%
BANK3               60      0       0       9        0.0%
BITBANK2            60      0       0      10        0.0%
BANK2               60      0       0      11        0.0%
DATA                 0      0       0      12        0.0%


Microchip Technology PIC Macro Assembler V1.33 build 59893 
Symbol Table                                                                                   Sat Jan  2 07:58:07 2021

            __CFG_CP$OFF 0000                       l26 07F1                       l19 07CE  
                    l505 07E5                      l491 07C5                      l497 07C8  
           __CFG_CPD$OFF 0000                      fsr0 0004                      indf 0000  
           __CFG_FOSC$XT 0000             __CFG_LVP$OFF 0000                     _RCIF 0065  
                   _TRMT 04C1             __CFG_WRT$OFF 0000                     _main 07B9  
                   btemp 007E                     ltemp 007E                     start 0000  
                   ttemp 007E                     wtemp 007E                    ?_main 0070  
          __CFG_WDTE$OFF 0000                    _RCREG 001A                    _RCSTA 0018  
                  _SPBRG 0099                    _TXREG 0019                    _TXSTA 0098  
                  main@a 0071                    main@i 007B           __CFG_BOREN$OFF 0000  
                  ltemp0 007E                    ltemp1 0082                    ltemp2 0086  
                  ltemp3 0080                    ttemp0 007E                    ttemp1 0081  
                  ttemp2 0084                    ttemp3 0087                    ttemp4 007F  
                  status 0003                    wtemp0 007E                    wtemp1 0080  
                  wtemp2 0082                    wtemp3 0084                    wtemp4 0086  
                  wtemp5 0088                    wtemp6 007F          __initialization 07FC  
           __end_of_main 07FC                   ??_main 0070           __CFG_PWRTE$OFF 0000  
__end_of__initialization 07FC           __pcstackCOMMON 0070               __pmaintext 07B9  
   end_of_initialization 07FC      start_initialization 07FC                ___latbits 0002  
          __size_of_main 0043  
