GAS LISTING C:\users\student\Temp/ccelfhyB.s 			page 1


   1               		.file	"adc.c"
   2               	__SREG__ = 0x3f
   3               	__SP_H__ = 0x3e
   4               	__SP_L__ = 0x3d
   5               	__tmp_reg__ = 0
   6               	__zero_reg__ = 1
   7               		.global __do_copy_data
   8               		.global __do_clear_bss
   9               		.text
  10               	.global	uart
  11               		.type	uart, @function
  12               	uart:
  13               	/* prologue: frame size=2 */
  14 0000 CF93      		push r28
  15 0002 DF93      		push r29
  16 0004 CDB7      		in r28,__SP_L__
  17 0006 DEB7      		in r29,__SP_H__
  18 0008 2297      		sbiw r28,2
  19 000a 0FB6      		in __tmp_reg__,__SREG__
  20 000c F894      		cli
  21 000e DEBF      		out __SP_H__,r29
  22 0010 0FBE      		out __SREG__,__tmp_reg__
  23 0012 CDBF      		out __SP_L__,r28
  24               	/* prologue end (size=10) */
  25               	.L2:
  26 0014 1A82      		std Y+2,__zero_reg__
  27 0016 1982      		std Y+1,__zero_reg__
  28 0018 00C0      		rjmp .L3
  29               	.L4:
  30 001a ACE2      		ldi r26,lo8(44)
  31 001c B0E0      		ldi r27,hi8(44)
  32 001e 8981      		ldd r24,Y+1
  33 0020 9A81      		ldd r25,Y+2
  34 0022 FC01      		movw r30,r24
  35 0024 E050      		subi r30,lo8(-(a))
  36 0026 F040      		sbci r31,hi8(-(a))
  37 0028 8081      		ld r24,Z
  38 002a 8C93      		st X,r24
  39               	.L5:
  40 002c EBE2      		ldi r30,lo8(43)
  41 002e F0E0      		ldi r31,hi8(43)
  42 0030 8081      		ld r24,Z
  43 0032 882F      		mov r24,r24
  44 0034 90E0      		ldi r25,lo8(0)
  45 0036 8072      		andi r24,lo8(32)
  46 0038 9070      		andi r25,hi8(32)
  47 003a 0097      		sbiw r24,0
  48 003c 01F0      		breq .L5
  49 003e 8981      		ldd r24,Y+1
  50 0040 9A81      		ldd r25,Y+2
  51 0042 0196      		adiw r24,1
  52 0044 9A83      		std Y+2,r25
  53 0046 8983      		std Y+1,r24
  54               	.L3:
  55 0048 8981      		ldd r24,Y+1
  56 004a 9A81      		ldd r25,Y+2
  57 004c FC01      		movw r30,r24
GAS LISTING C:\users\student\Temp/ccelfhyB.s 			page 2


  58 004e E050      		subi r30,lo8(-(a))
  59 0050 F040      		sbci r31,hi8(-(a))
  60 0052 8081      		ld r24,Z
  61 0054 8823      		tst r24
  62 0056 01F4      		brne .L4
  63 0058 24EF      		ldi r18,lo8(500)
  64 005a 31E0      		ldi r19,hi8(500)
  65 005c 40E0      		ldi r20,lo8(0)
  66 005e 60E0      		ldi r22,lo8(0)
  67 0060 80E0      		ldi r24,lo8(0)
  68 0062 0E94 0000 		call OSTimeDlyHMSM
  69 0066 85E0      		ldi r24,lo8(5)
  70 0068 0E94 0000 		call OSTaskResume
  71 006c 86E0      		ldi r24,lo8(6)
  72 006e 0E94 0000 		call OSTaskSuspend
  73 0072 00C0      		rjmp .L2
  74               	/* epilogue: frame size=2 */
  75               	/* epilogue: noreturn */
  76               	/* epilogue end (size=0) */
  77               	/* function uart size 58 (48) */
  78               		.size	uart, .-uart
  79               		.data
  80               	.LC0:
  81 0000 4144 433D 		.string	"ADC=%d\r\n"
  81      2564 0D0A 
  81      00
  82               		.text
  83               	.global	adc
  84               		.type	adc, @function
  85               	adc:
  86               	/* prologue: frame size=0 */
  87 0074 CF93      		push r28
  88 0076 DF93      		push r29
  89 0078 CDB7      		in r28,__SP_L__
  90 007a DEB7      		in r29,__SP_H__
  91               	/* prologue end (size=4) */
  92               	.L10:
  93 007c A6E2      		ldi r26,lo8(38)
  94 007e B0E0      		ldi r27,hi8(38)
  95 0080 E6E2      		ldi r30,lo8(38)
  96 0082 F0E0      		ldi r31,hi8(38)
  97 0084 8081      		ld r24,Z
  98 0086 8064      		ori r24,lo8(64)
  99 0088 8C93      		st X,r24
 100               	.L11:
 101 008a E6E2      		ldi r30,lo8(38)
 102 008c F0E0      		ldi r31,hi8(38)
 103 008e 8081      		ld r24,Z
 104 0090 882F      		mov r24,r24
 105 0092 90E0      		ldi r25,lo8(0)
 106 0094 8071      		andi r24,lo8(16)
 107 0096 9070      		andi r25,hi8(16)
 108 0098 0097      		sbiw r24,0
 109 009a 01F0      		breq .L11
 110 009c E4E2      		ldi r30,lo8(36)
 111 009e F0E0      		ldi r31,hi8(36)
 112 00a0 8081      		ld r24,Z
GAS LISTING C:\users\student\Temp/ccelfhyB.s 			page 3


 113 00a2 282F      		mov r18,r24
 114 00a4 30E0      		ldi r19,lo8(0)
 115 00a6 E5E2      		ldi r30,lo8(37)
 116 00a8 F0E0      		ldi r31,hi8(37)
 117 00aa 8081      		ld r24,Z
 118 00ac 882F      		mov r24,r24
 119 00ae 90E0      		ldi r25,lo8(0)
 120 00b0 982F      		mov r25,r24
 121 00b2 8827      		clr r24
 122 00b4 822B      		or r24,r18
 123 00b6 932B      		or r25,r19
 124 00b8 9093 0000 		sts (x)+1,r25
 125 00bc 8093 0000 		sts x,r24
 126 00c0 8091 0000 		lds r24,x
 127 00c4 9091 0000 		lds r25,(x)+1
 128 00c8 9F93      		push r25
 129 00ca 8F93      		push r24
 130 00cc 80E0      		ldi r24,lo8(.LC0)
 131 00ce 90E0      		ldi r25,hi8(.LC0)
 132 00d0 9F93      		push r25
 133 00d2 8F93      		push r24
 134 00d4 80E0      		ldi r24,lo8(a)
 135 00d6 90E0      		ldi r25,hi8(a)
 136 00d8 9F93      		push r25
 137 00da 8F93      		push r24
 138 00dc 0E94 0000 		call sprintf
 139 00e0 8DB7      		in r24,__SP_L__
 140 00e2 9EB7      		in r25,__SP_H__
 141 00e4 0696      		adiw r24,6
 142 00e6 0FB6      		in __tmp_reg__,__SREG__
 143 00e8 F894      		cli
 144 00ea 9EBF      		out __SP_H__,r25
 145 00ec 0FBE      		out __SREG__,__tmp_reg__
 146 00ee 8DBF      		out __SP_L__,r24
 147 00f0 24EF      		ldi r18,lo8(500)
 148 00f2 31E0      		ldi r19,hi8(500)
 149 00f4 40E0      		ldi r20,lo8(0)
 150 00f6 60E0      		ldi r22,lo8(0)
 151 00f8 80E0      		ldi r24,lo8(0)
 152 00fa 0E94 0000 		call OSTimeDlyHMSM
 153 00fe 86E0      		ldi r24,lo8(6)
 154 0100 0E94 0000 		call OSTaskResume
 155 0104 85E0      		ldi r24,lo8(5)
 156 0106 0E94 0000 		call OSTaskSuspend
 157 010a 00C0      		rjmp .L10
 158               	/* epilogue: frame size=0 */
 159               	/* epilogue: noreturn */
 160               	/* epilogue end (size=0) */
 161               	/* function adc size 76 (72) */
 162               		.size	adc, .-adc
 163               	.global	main
 164               		.type	main, @function
 165               	main:
 166               	/* prologue: frame size=0 */
 167 010c CF93      		push r28
 168 010e DF93      		push r29
 169 0110 CDB7      		in r28,__SP_L__
GAS LISTING C:\users\student\Temp/ccelfhyB.s 			page 4


 170 0112 DEB7      		in r29,__SP_H__
 171               	/* prologue end (size=4) */
 172 0114 E6E2      		ldi r30,lo8(38)
 173 0116 F0E0      		ldi r31,hi8(38)
 174 0118 87E8      		ldi r24,lo8(-121)
 175 011a 8083      		st Z,r24
 176 011c E7E2      		ldi r30,lo8(39)
 177 011e F0E0      		ldi r31,hi8(39)
 178 0120 1082      		st Z,__zero_reg__
 179 0122 EBE2      		ldi r30,lo8(43)
 180 0124 F0E0      		ldi r31,hi8(43)
 181 0126 1082      		st Z,__zero_reg__
 182 0128 EAE2      		ldi r30,lo8(42)
 183 012a F0E0      		ldi r31,hi8(42)
 184 012c 88E1      		ldi r24,lo8(24)
 185 012e 8083      		st Z,r24
 186 0130 E5E9      		ldi r30,lo8(149)
 187 0132 F0E0      		ldi r31,hi8(149)
 188 0134 86E0      		ldi r24,lo8(6)
 189 0136 8083      		st Z,r24
 190 0138 E9E2      		ldi r30,lo8(41)
 191 013a F0E0      		ldi r31,hi8(41)
 192 013c 87E6      		ldi r24,lo8(103)
 193 013e 8083      		st Z,r24
 194 0140 E3E5      		ldi r30,lo8(83)
 195 0142 F0E0      		ldi r31,hi8(83)
 196 0144 87E0      		ldi r24,lo8(7)
 197 0146 8083      		st Z,r24
 198 0148 E7E5      		ldi r30,lo8(87)
 199 014a F0E0      		ldi r31,hi8(87)
 200 014c 81E0      		ldi r24,lo8(1)
 201 014e 8083      		st Z,r24
 202 0150 0E94 0000 		call OSInit
 203 0154 80E0      		ldi r24,lo8(s1+127)
 204 0156 90E0      		ldi r25,hi8(s1+127)
 205 0158 E0E0      		ldi r30,lo8(gs(adc))
 206 015a F0E0      		ldi r31,hi8(gs(adc))
 207 015c 25E0      		ldi r18,lo8(5)
 208 015e AC01      		movw r20,r24
 209 0160 6FEF      		ldi r22,lo8(255)
 210 0162 70E0      		ldi r23,hi8(255)
 211 0164 CF01      		movw r24,r30
 212 0166 0E94 0000 		call OSTaskCreate
 213 016a 80E0      		ldi r24,lo8(s2+127)
 214 016c 90E0      		ldi r25,hi8(s2+127)
 215 016e E0E0      		ldi r30,lo8(gs(uart))
 216 0170 F0E0      		ldi r31,hi8(gs(uart))
 217 0172 26E0      		ldi r18,lo8(6)
 218 0174 AC01      		movw r20,r24
 219 0176 6FEF      		ldi r22,lo8(255)
 220 0178 70E0      		ldi r23,hi8(255)
 221 017a CF01      		movw r24,r30
 222 017c 0E94 0000 		call OSTaskCreate
 223 0180 0E94 0000 		call OSStart
 224               	/* epilogue: frame size=0 */
 225 0184 DF91      		pop r29
 226 0186 CF91      		pop r28
GAS LISTING C:\users\student\Temp/ccelfhyB.s 			page 5


 227 0188 0895      		ret
 228               	/* epilogue end (size=3) */
 229               	/* function main size 63 (56) */
 230               		.size	main, .-main
 231               		.comm s1,128,1
 232               		.comm s2,128,1
 233               		.comm x,2,1
 234               		.comm a,20,1
 235               	/* File "adc.c": code  197 = 0x00c5 ( 176), prologues  18, epilogues   3 */
GAS LISTING C:\users\student\Temp/ccelfhyB.s 			page 6


DEFINED SYMBOLS
                            *ABS*:00000000 adc.c
C:\users\student\Temp/ccelfhyB.s:2      *ABS*:0000003f __SREG__
C:\users\student\Temp/ccelfhyB.s:3      *ABS*:0000003e __SP_H__
C:\users\student\Temp/ccelfhyB.s:4      *ABS*:0000003d __SP_L__
C:\users\student\Temp/ccelfhyB.s:5      *ABS*:00000000 __tmp_reg__
C:\users\student\Temp/ccelfhyB.s:6      *ABS*:00000001 __zero_reg__
C:\users\student\Temp/ccelfhyB.s:12     .text:00000000 uart
                            *COM*:00000014 a
C:\users\student\Temp/ccelfhyB.s:85     .text:00000074 adc
                            *COM*:00000002 x
C:\users\student\Temp/ccelfhyB.s:165    .text:0000010c main
                            *COM*:00000080 s1
                            *COM*:00000080 s2

UNDEFINED SYMBOLS
__do_copy_data
__do_clear_bss
OSTimeDlyHMSM
OSTaskResume
OSTaskSuspend
sprintf
OSInit
OSTaskCreate
OSStart
